ARM GAS  C:\Users\RAKIBU~1\AppData\Local\Temp\ccfYthcd.s 			page 1


   1              		.cpu cortex-m4
   2              		.eabi_attribute 20, 1
   3              		.eabi_attribute 21, 1
   4              		.eabi_attribute 23, 3
   5              		.eabi_attribute 24, 1
   6              		.eabi_attribute 25, 1
   7              		.eabi_attribute 26, 1
   8              		.eabi_attribute 30, 2
   9              		.eabi_attribute 34, 1
  10              		.eabi_attribute 18, 4
  11              		.file	"board.c"
  12              		.section	.gnu.lto_.profile.e8101ae1,"",%progbits
  13 0000 789C6363 		.ascii	"x\234cc```\001bF\206\364 \000\001\230\000\305"
  13      60606001 
  13      624686F4 
  13      20000198 
  13      00C5
  14              		.text
  15              		.section	.gnu.lto_.icf.e8101ae1,"",%progbits
  16 0000 789C6363 		.ascii	"x\234cc``\020a@\000f\206}\253\036\036be\354^\265\343"
  16      60601061 
  16      40006686 
  16      7DAB1E1E 
  16      6265EC5E 
  17 0016 12135353 		.ascii	"\022\023SSC\353&>\006\000\\s\0109"
  17      43EB263E 
  17      06005C73 
  17      0839
  18              		.text
  19              		.section	.gnu.lto_.jmpfuncs.e8101ae1,"",%progbits
  20 0000 789C6363 		.ascii	"x\234cc``\340e@\000f f\0041\230\200\030\000\002H\000"
  20      6060E065 
  20      40006620 
  20      66043198 
  20      80180002 
  21 0016 1A       		.ascii	"\032"
  22              		.text
  23              		.section	.gnu.lto_.inline.e8101ae1,"",%progbits
  24 0000 789C6363 		.ascii	"x\234cc``pg@\000f\006\206\013\014\347\031\030\031\230"
  24      60607067 
  24      40006606 
  24      860B0CE7 
  24      19181998 
  25 0014 66314ED8 		.ascii	"f1N\330\314\311\300\266@\236\011$\316\310\300*\006\024"
  25      CCC9C0B6 
  25      409E0924 
  25      CEC8C02A 
  25      0614
  26 0026 04B2E022 		.ascii	"\004\262\340\"\\0\202\211\201\231\011U\216\001\000L"
  26      5C308289 
  26      81990955 
  26      8E01004C 
  27 0036 52066E   		.ascii	"R\006n"
  28              		.text
  29              		.section	.gnu.lto_.pureconst.e8101ae1,"",%progbits
  30 0000 789C6363 		.ascii	"x\234cc```\007bf\006)F\011&\006\000\001\235\000F"
  30      60606007 
ARM GAS  C:\Users\RAKIBU~1\AppData\Local\Temp\ccfYthcd.s 			page 2


  30      62660629 
  30      46092606 
  30      00019D00 
  31              		.text
  32              		.section	.gnu.lto_stm32_gpio_init.e8101ae1,"",%progbits
  33 0000 789CA59A 		.ascii	"x\234\245\232\331ST\331\035\307\357\271\247\273\001"
  33      D95354D9 
  33      1DC7EFB9 
  33      A7BB01
  34 000f D966F264 		.ascii	"\331f\362d%S\025_|\230T\305N\315\3441UyH&U\251T2Uq*"
  34      2553155F 
  34      7C9854C5 
  34      4ECDE431 
  34      55794826 
  35 002a 953CA4A6 		.ascii	"\225<\244\246F\223\314X\225\012S\361\017\360\262\250"
  35      4693CC58 
  35      950A53F1 
  35      0FF0B2A8 
  36 003a 2C2EA86C 		.ascii	",.\250lB+\255\250,-\266\270\200\300 -\330\014.\240b"
  36      422BADA8 
  36      2C2DB6B8 
  36      80C0202D 
  36      D80C2EA0 
  37 004f 830EDBB0 		.ascii	"\203\016\333\260(\250,\212\250\303\3369\277\337=\247"
  37      28A82C8A 
  37      A8C3DE39 
  37      BFDF3DA7 
  38 005f E9DBB79B 		.ascii	"\351\333\267\233\364\001k\274\003M\337\317\367w\316"
  38      F4016BBC 
  38      034DDFCF 
  38      F777CE
  39 006e EF7C7EC8 		.ascii	"\357|~\310U\233\242(\256\255\212\362\007\366\377\237"
  39      559BA228 
  39      AEAD8AF2 
  39      07F6FF9F 
  40 007e B0DF842A 		.ascii	"\260\337\204*D\315\355T\224\324X\225\020\370@\213%\312"
  40      44CDED54 
  40      94D45895 
  40      10F8408B 
  40      25CA
  41 0090 1E95EC21 		.ascii	"\036\225\354!\007h\036%-\373\307\352\325\017\3135\366"
  41      07681E25 
  41      2DFBC7EA 
  41      D50FCB35 
  41      F6
  42 00a1 CB53F866 		.ascii	"\313S\370f\323\011\355\276F\035TQ\012\330o\370E.\223"
  42      D309EDBE 
  42      461D5451 
  42      0AD86FF8 
  42      452E93
  43 00b4 0F15F6BE 		.ascii	"\017\025\366\276\221\232\225\374D\233E\177\235\\!6\205"
  43      919A95FC 
  43      449B457F 
  43      9D5C2136 
  43      85
  44 00c5 B00FDC5D 		.ascii	"\260\017\334]V\217\266\342\337\257y\372\317\220\302"
  44      568FB6E2 
ARM GAS  C:\Users\RAKIBU~1\AppData\Local\Temp\ccfYthcd.s 			page 3


  44      DFAF79FA 
  44      CF90C2
  45 00d4 3F7D4A14 		.ascii	"?}J\024\007%*\\(\\,p\261\302\305\006\227\030\270\304"
  45      07252A5C 
  45      285C2C70 
  45      B1C2C506 
  45      9718B8C4 
  46 00e8 C225012E 		.ascii	"\302%\001.\311pQ\224LFdui\036%\213\252\360Q\272GyAZ"
  46      C9705194 
  46      4C466475 
  46      691E258B 
  46      AAF051BA 
  47 0100 1A9E5FFF 		.ascii	"\032\236_\377'\344\024S\302\342\013\366\266\334\213"
  47      27E41453 
  47      C2E20BF6 
  47      B6DC8B
  48 010f C96195A9 		.ascii	"\311a\225\251\004\252\3118\341\035\213\323?\325^ej\026"
  48      04AAC938 
  48      E11D8BD3 
  48      3FD55E65 
  48      6A16
  49 0121 F6525FE3 		.ascii	"\366R_\343\310\240\315IN\246\262\225lqPJj\311\007\344"
  49      C8A0CD49 
  49      4EA6B295 
  49      6C71504A 
  49      6AC907E4 
  50 0135 2AF94081 		.ascii	"*\371@\201\367O<\271\325\224d\257\3262\210\203ZH\035"
  50      F74F3CB9 
  50      D59464AF 
  50      D6328883 
  50      5A481D
  51 0148 71927C5C 		.ascii	"q\222|\\\037\271F\354,,}n\037\321\263T=.\267\373\316"
  51      1FB946EC 
  51      2C2C7D6E 
  51      1FD1B354 
  51      3D2EB7FB 
  52 015d 410BF009 		.ascii	"A\013\360\011\361SR\317(\254\"_6\276I.\253a5\253\221"
  52      F15352CF 
  52      28AC225F 
  52      36BE492E 
  52      AB6135AB 
  53 0172 D85900AE 		.ascii	"\330Y\000\256-NO\243r\254oVYMz\335K\242n\213\016{\332"
  53      2D4E4FA3 
  53      72AC6F56 
  53      594D7ADD 
  53      4BA26E8B 
  54 0189 D07D2D51 		.ascii	"\320}-Q\257[[\362\373\223\311\365\015\224\336\274\032"
  54      AF5B5BF2 
  54      FB93C9F5 
  54      0D94DEBC 
  54      1A
  55 019a E781D22D 		.ascii	"\347\201\322-\301\245'D\315J\205\257Y\310\215UZ\013"
  55      C1A52744 
  55      CD4A85AF 
  55      59C88D55 
  55      5A0B
  56 01ac 16DFD250 		.ascii	"\026\337\322P\331l\325aV\271\302Z\021\005\347\217\334"
ARM GAS  C:\Users\RAKIBU~1\AppData\Local\Temp\ccfYthcd.s 			page 4


  56      D96CD561 
  56      56B9C25A 
  56      1105E78F 
  56      DC
  57 01bd 0CE91FC0 		.ascii	"\014\351\037\3006\324/\357*\273\015\026m\013^t\214\034"
  57      36D42FEF 
  57      2ABB0D16 
  57      6D0B5E74 
  57      8C1C
  58 01cf EB5B64A9 		.ascii	"\353[d\251\300j\017\2513\226\3016T\347\255U\366m\250"
  58      C06A0FA9 
  58      3396C136 
  58      54E7AD55 
  58      F66DA8
  59 01e2 3336B8CE 		.ascii	"36\270\316d\331\346\334Y\245\335e\225\216\221\264-\274"
  59      64D9E6DC 
  59      59A5DD65 
  59      958E91B4 
  59      2DBC
  60 01f4 A4071917 		.ascii	"\244\007\031\027\035\024N\224\225\200e3\035\305\243"
  60      1D144E94 
  60      95806533 
  60      1DC5A3
  61 0203 49F0A98D 		.ascii	"I\360\251\215la\237\346<\255HU\351\257\321\311\332\231"
  61      6C619FE6 
  61      3CAD4855 
  61      E9AFD1C9 
  61      DA99
  62 0215 C26AB2B5 		.ascii	"\302j\262\265L\323\3224O\217\353\307\247\322\265v\315"
  62      4CD3D234 
  62      4F8FEBC7 
  62      A7D2B576 
  62      CD
  63 0226 E260CBBC 		.ascii	"\342`\313\274G(\233\032\244\223\345w@>\244\334'[\331"
  63      47289B1A 
  63      A493E577 
  63      403EA4DC 
  63      275BD9
  64 0239 2D6FFA46 		.ascii	"-o\372F:\011\320b\210\2461\215\311\003\366u\026\356"
  64      3A09D062 
  64      88A6318D 
  64      C903F675 
  64      16EE
  65 024b F4B316E8 		.ascii	"\364\263\026\350\371\317W\334\343\026\372\011&\370\257"
  65      F9CF57DC 
  65      E316FA09 
  65      26F8AF
  66 025a 97BEB598 		.ascii	"\227\276\265\230\023bIW\230\204\207\230\020\230\033"
  66      13624957 
  66      98848798 
  66      10981B
  67 0269 7148485F 		.ascii	"qHH_h\236M\332\263\254mf/8\3410\262\327\346\037Le\306"
  67      689E4DDA 
  67      B3AC6D66 
  67      2F38E130 
  67      B2D7E61F 
  68 0280 C346BDE7 		.ascii	"\303F\275\347\240\233H7\033\214>\276K\255\305\376W\011"
ARM GAS  C:\Users\RAKIBU~1\AppData\Local\Temp\ccfYthcd.s 			page 5


  68      A09B4837 
  68      1B8C3EBE 
  68      4BADC5FE 
  68      5709
  69 0292 6C977235 		.ascii	"l\227r5\315\351.\370\253\203\306\223\036\334(~\347\342"
  69      CDE92EF8 
  69      AB83C693 
  69      1EDC287E 
  69      E7E2
  70 02a4 D9A3B5B1 		.ascii	"\331\243\265\261\214V\304\276\236\004u<\"v}4>&{\364"
  70      8C56C4BE 
  70      9E04753C 
  70      22767D34 
  70      3E267BF4 
  71 02b8 CE9EE8AE 		.ascii	"\316\236\350\256 \201\351\231\201Sv\360\274\015\212"
  71      2081E999 
  71      815376F0 
  71      BC0D8A
  72 02c7 832DC041 		.ascii	"\203-\300AZ@I\360\200%\337\021\033\351\005H/n@`\005"
  72      5A4049F0 
  72      8025DF11 
  72      1BE90548 
  72      2F6E4060 
  73 02dc 31F8B65B 		.ascii	"1\370\266[\305M\003\224U\313\016A\002l\027\351\343\305"
  73      C54D0394 
  73      55CB0E41 
  73      026C17E9 
  73      E3C5
  74 02ee 5E5DF40E 		.ascii	"^]\364\016\306\352-u\226\347o\206\256\366c\261:R!\003"
  74      C6EA2D75 
  74      96E76F86 
  74      AEF663B1 
  74      3A522103 
  75 0302 C4CEDEE6 		.ascii	"\304\316\336\346\236\254\237\347\023B!\203\342\000V"
  75      9EAC9FE7 
  75      13422183 
  75      E20056
  76 0311 B332795E 		.ascii	"\2632y^T\001;\000\377=\342\255\034?\204\370\356\343"
  76      54013B00 
  76      FF3DE2AD 
  76      1C3F84F8 
  76      EEE3
  77 0323 73DD2A1F 		.ascii	"s\335*\037\234\217V\330\000\032\026\021M\353\211\030"
  77      9C8F56D8 
  77      001A1611 
  77      4DEB8918 
  78 0333 C1081B8F 		.ascii	"\301\010\033\217\030\305\210\371\362\225\334$=\302\247"
  78      18C588F9 
  78      F295DC24 
  78      3DC2A7
  79 0342 65B043F3 		.ascii	"e\260C\363DDt\254'\342)F\304\360\2101\2148\273\260\370"
  79      444474AC 
  79      27E22946 
  79      C4F08831 
  79      8C38BBB0 
  80 0357 8AF255B0 		.ascii	"\212\362U\260\371?.\002\006\326\023\360\014\003by\300"
  80      F93F2E02 
ARM GAS  C:\Users\RAKIBU~1\AppData\Local\Temp\ccfYthcd.s 			page 6


  80      06D613F0 
  80      0C036279 
  80      C0
  81 0368 730C2829 		.ascii	"s\014()z\351\341k\320\264\307UV\362BDL\255'b\002#\342"
  81      7AE9E16B 
  81      D0B4C755 
  81      56F24244 
  81      4CAD2762 
  82 037f 78C42446 		.ascii	"x\304$F\314]*nN\340\021\276\237\221)\021\260\274\236"
  82      CC5D2A6E 
  82      4EE011BE 
  82      9F912911 
  82      B0BC9E
  83 0392 80690CD8 		.ascii	"\200i\014\330\304\003^b@\372\220\367\020\021\001i\335"
  83      C4035E62 
  83      40FA90F7 
  83      10110169 
  83      DD
  84 03a3 2A79C5E5 		.ascii	"*y\305\345u\027\240\274x\300\003\243\004\216\274\022"
  84      7517A0BC 
  84      78C003A3 
  84      048EBC12 
  85 03b3 3C58A4C6 		.ascii	"<X\244\306\305\014\312\\\334\262\330\032\307\307E&\214"
  85      C50CCA5C 
  85      DCB2D81A 
  85      C7C74526 
  85      8C
  86 03c4 8BD7C644 		.ascii	"\213\327\306D\331\0211\213\324\377?\023\336D\230\011"
  86      D911318B 
  86      D4FF3F13 
  86      DE449809 
  87 03d4 8DFA4C78 		.ascii	"\215\372Lx\213\233\023\037a&\274\0233\341\2075f\302"
  87      8B9B131F 
  87      6126BC13 
  87      33E18735 
  87      66C2
  88 03e6 3B361358 		.ascii	";6\023X5\260\316\2603a\216m\340<@\346q\2257\272\346"
  88      35B0CEB0 
  88      33618E6D 
  88      E03C40E6 
  88      719537BA 
  89 03fb 16ACA271 		.ascii	"\026\254\242q\257\203\032\327^T\332\031o\034\002\013"
  89      AF831AD7 
  89      5E54DA19 
  89      6F1C020B 
  90 040b 6208CCC1 		.ascii	"b\010\314\301\375\213\330\272\266\341\262\3428\275u"
  90      FD8BD8BA 
  90      B6E1B2E2 
  90      38BD75
  91 041a 1E0B5932 		.ascii	"\036\013Y2L\001\211\004<\032\313b\012 \177\005\371\003"
  91      4C018904 
  91      3C1ACB62 
  91      0A207F05 
  91      F903
  92 042c ED95AE80 		.ascii	"\355\225\256\200?\360\307\020\277a\012\310Fh*\237\002"
  92      3FF0C710 
  92      BF610AC8 
ARM GAS  C:\Users\RAKIBU~1\AppData\Local\Temp\ccfYthcd.s 			page 7


  92      46682A9F 
  92      02
  93 043d 1891AA42 		.ascii	"\030\221\252B\304\221s\367~\256'\344g{\231@ij\360\020"
  93      C49173F7 
  93      7EAE27E4 
  93      677B9940 
  93      696AF010 
  94 0451 904D4857 		.ascii	"\220MHW\371\020\300\204\014\325\036\342\274,o\257\312"
  94      F910C084 
  94      0CD51EE2 
  94      BC2C6FAF 
  94      CA
  95 0462 9D47DE3E 		.ascii	"\235G\336>\254x\262\307=m\023\316k[\310~5Xy\331\204"
  95      AC78B2C7 
  95      3D6D13CE 
  95      6B5BC87E 
  95      355879D9 
  96 0477 4C952B8F 		.ascii	"L\225+\217\011Y\230P7\355\252\343\263\335\243\220l5"
  96      09599850 
  96      37EDAAE3 
  96      B3DDA390 
  96      6C35
  97 0489 D878597E 		.ascii	"\330xY~\216\312\215G\376\001\344k\32375+_\301\215-\344"
  97      8ECA8D47 
  97      FE01E46B 
  97      D337352B 
  97      5FC18D2D 
  98 049e A0AADBD7 		.ascii	"\240\252\333\327\310}\2371\370>\273\021\337\017\251"
  98      C87D9F31 
  98      F83EBB11 
  98      DF0FA9
  99 04ad 60665ECB 		.ascii	"`f^\313q_\"\367=\027|?lL\224\365=W\215\316\367#jx\337"
  99      715F22F7 
  99      3D177C3F 
  99      6C4C94F5 
  99      3D578DCE 
 100 04c6 C775DF8F 		.ascii	"\307u\337\217\342\326$D\360\375\230\312}\317S#\373\336"
 100      E2D62444 
 100      F0FD98CA 
 100      7DCF5323 
 100      FBDE
 101 04d8 596D836A 		.ascii	"Ym\203j`\235a}\317Wm\244@e\020va\2577\224=\033\013\014"
 101      609D617D 
 101      CF576DA4 
 101      40651076 
 101      61AF3794 
 102 04f0 6AB60981 		.ascii	"j\266\011\201\266\365\365\325\367&\033}/T\271\357\371"
 102      B6F5F5D5 
 102      F7261B7D 
 102      2F54B9EF 
 102      F9
 103 0501 707F11AB 		.ascii	"p\177\021\253\306\370]^\202\210\007\341\270\312\375"
 103      C6F85D5E 
 103      828807E1 
 103      B8CAFD
 104 0510 465E31E3 		.ascii	"F^1\343\031e\226\345\225\010\231\221\347\300\203\225"
 104      196596E5 
ARM GAS  C:\Users\RAKIBU~1\AppData\Local\Temp\ccfYthcd.s 			page 8


 104      95089991 
 104      E7C08395 
 105 0520 76AC2063 		.ascii	"v\254 c\023\377\226^\225w\332JN\030l\226\2158)l\306"
 105      13FF965E 
 105      9577DA4A 
 105      4E186C96 
 105      8D38296C 
 106 0535 885293CD 		.ascii	"\210R\223\315\262<\247\260\031y\247\260d\327\341\241"
 106      B23CA7B0 
 106      1979A7B0 
 106      64D7E1A1 
 107 0545 ACB880CD 		.ascii	"\254\270\200\315\232\215\2346\350,\033Q&t\306\2103\030"
 107      9A8D9C36 
 107      E82C1B51 
 107      2674C688 
 107      3318
 108 0557 F164AEE6 		.ascii	"\361d\256\346n<\2178\260\231\2345\370,\033pN\370\214"
 108      6E3C8F38 
 108      B0999C35 
 108      F82C1B70 
 108      4EF88C
 109 056a 01E51850 		.ascii	"\001\345\030P5\266T\317\307t\252\226\366>\251\340z\215"
 109      35B654CF 
 109      C774AA96 
 109      F63EA9E0 
 109      7A8D
 110 057c 73A1E174 		.ascii	"s\241\341t\256\012\235\253n@\350JT/\323\225WF\271\320"
 110      AE0A9DAB 
 110      6E40E84A 
 110      542FD395 
 110      5746B9D0 
 111 0590 45207495 		.ascii	"E t\2251QVhW\224B\237\217 \364\254.t5\356Mb\004\241"
 111      31515668 
 111      5794429F 
 111      8F20F4AC 
 111      2E7435EE 
 112 05a8 2F08A1DD 		.ascii	"/\010\241\335k\010=\306\204f\325\300:\303\012}\221\011"
 112      6B083DC6 
 112      8466D5C0 
 112      3AC30A7D 
 112      9109
 113 05ba 5D033B5F 		.ascii	"]\003;_\203}{\374\316};Q\364\255*\250o\256,_S\210\320"
 113      837D7BFC 
 113      CE7D3B51 
 113      F4AD2AA8 
 113      6FAE2C5F 
 114 05d1 9784D017 		.ascii	"\227\204\320\027\341\376\313&\241%\210x\022\256\010"
 114      E1FECB26 
 114      A1258878 
 114      12AE08
 115 05e0 A19177D5 		.ascii	"\241\221w\325$\264,\257V\010\215\274:<Y\255\313m\373"
 115      24B42CAF 
 115      56088DBC 
 115      3A3C59AD 
 115      CB6DFB
 116 05f3 62F493D5 		.ascii	"b\364\223\325\355d\1774\274f\360Y6\241^\370\214\011"
 116      ED647F34 
ARM GAS  C:\Users\RAKIBU~1\AppData\Local\Temp\ccfYthcd.s 			page 9


 116      BC66F059 
 116      36A15EF8 
 116      8C09
 117 0605 0D9850E9 		.ascii	"\015\230P\351\353x\301G\206\377\247\244Q\015\366[\226"
 117      EB78C147 
 117      86FFA7A4 
 117      510DF65B 
 117      96
 118 0616 FF8DF01B 		.ascii	"\377\215\360\033\371M\301;<\265\036\336u!3\362\232\203"
 118      F94DC13B 
 118      3CB51EDE 
 118      752133F2 
 118      9A83
 119 0628 79CBEBE1 		.ascii	"y\313\353\341y\204\273\310\273\201\353\177\332\371z"
 119      7984BBC8 
 119      BB81EB7F 
 119      DAF97A
 120 0637 96AF9FA9 		.ascii	"\226\257\237\251Ra%-\\\245Y.o\245A^\327F\344mE\315\372"
 120      5261252D 
 120      5CA5592E 
 120      6FA5415E 
 120      D746E46D 
 121 064e DC1D13B1 		.ascii	"\334\035\023\261\\^'\310{\323\230(+\2577Jy\333\"\310"
 121      5C5E27C8 
 121      7BD39828 
 121      2BAF374A 
 121      79DB22C8 
 122 0662 EBD7E5FD 		.ascii	"\353\327\345\375\0267')\202\274\355B\336[k\310\273\302"
 122      16372729 
 122      82BCED42 
 122      DE5B6BC8 
 122      BBC2
 123 0674 E465D5C0 		.ascii	"\344e\325\300:\303\312{\233\311{\007\266\376\0166\356"
 123      3AC3CA7B 
 123      9BC97B07 
 123      B6FE0E36 
 123      EE
 124 0685 8CBBA684 		.ascii	"\214\273\246\204\210\306\335\014j\334\321\313\276\277"
 124      88C6DD0C 
 124      6ADCD1CB 
 124      BEBF
 125 0693 1BDDBD2B 		.ascii	"\033\335\275+\334\275\015\267w\230\334\215\036\210\007"
 125      DCBD0DB7 
 125      7798DC8D 
 125      1E8807
 126 06a2 A153A88B 		.ascii	"\241S\250\213\270{&u%q\367\205\271\210{\020\\]\307:"
 126      B87B2675 
 126      2571F785 
 126      B9887B10 
 126      5C5DC73A 
 127 06b6 705D4253 		.ascii	"p]BS\304=4}\333\225\304\371\204\225\210\3536Y)\211\353"
 127      C43D347D 
 127      DB95C4F9 
 127      849588EB 
 127      36592989 
 128 06cb 115222EE 		.ascii	"\021R\"\356\221IJI\334c\341$\342\276c\270l\256\203\237"
 128      91494A49 
ARM GAS  C:\Users\RAKIBU~1\AppData\Local\Temp\ccfYthcd.s 			page 10


 128      DC63E124 
 128      E2BE63B8 
 128      6CAE839F 
 129 06df 0BD86A10 		.ascii	"\013\330j\020\320\273\021\001{Q\225\373\345\343\231"
 129      D0BB1101 
 129      7B5195FB 
 129      E5E399
 130 06ee 562E6005 		.ascii	"V.`\005\010\330gL\224\025\260?J\001\007\"\010\350*D"
 130      08D8674C 
 130      9415B03F 
 130      4A010722 
 130      08E82A44 
 131 0702 01077127 		.ascii	"\001\007q'\222#\010\370\275\020ph\015\001{.\330\240"
 131      922308F8 
 131      BD107068 
 131      0D017B2E 
 131      D8A0
 132 0714 1A586758 		.ascii	"\032XgX\001\207\231\200#\260\317#\330\244\214\302\322"
 132      01879980 
 132      23B0CF23 
 132      D8A48CC2 
 132      D2
 133 0725 AEC04F31 		.ascii	"\256\300O1}AMrf\234\356\2173\0328*\014\034\206\373\237"
 133      7D414D72 
 133      669CEE8F 
 133      331A382A 
 133      0C1C86FB 
 134 073a 980C9420 		.ascii	"\230\014\224 \352\217\213\204\202\310\0333)(\313\033"
 134      EA8F8B84 
 134      82C81B33 
 134      2928CB1B 
 135 074a 170E22EF 		.ascii	"\027\016\"\357\231\311AY\336s!!\362^\230$\224\345M\010"
 135      99C94159 
 135      DE732121 
 135      F25E9824 
 135      94E54D08 
 136 075e 0B913769 		.ascii	"\013\2217i\262P\2267%4D\336\264ICY\336K\341!\362^q\036"
 136      B2509637 
 136      253444DE 
 136      B4494359 
 136      DE4BE121 
 137 0776 58E12AD4 		.ascii	"X\341*\324=\3545x\330\277\021\017g\320\230co\313\207"
 137      3DEC3578 
 137      D8BF110F 
 137      67D09863 
 137      6FCB87
 138 0789 858717F1 		.ascii	"\205\207\027\3611\224jH\224~\014\025\245\207o\"xX\247"
 138      31946A48 
 138      947E0C15 
 138      A5876F22 
 138      7858A7
 139 079c 7BF81677 		.ascii	"{\370\026w\342\275H\217\241\204\207?\254\341\3414\363"
 139      E2BD488F 
 139      A184873F 
 139      ACE1E134 
 139      F3
 140 07ad 905503EB 		.ascii	"\220U\003\353\014\377\030\212y8\017\373<\217]\252\355"
ARM GAS  C:\Users\RAKIBU~1\AppData\Local\Temp\ccfYthcd.s 			page 11


 140      0CFF188A 
 140      79380FFB 
 140      3C8F5DAA 
 140      ED
 141 07be 3FE50B0C 		.ascii	"?\345\013\014\313\327A]\252\253z8\245\206<\206\022\036"
 141      CBD7415D 
 141      AAAB7A38 
 141      A5863C86 
 141      121E
 142 07d0 CEC1FD8B 		.ascii	"\316\301\375\213&\017%\210\330\367%\341!\362\226M\036"
 142      260F2588 
 142      D8F725E1 
 142      21F2964D 
 142      1E
 143 07e1 CAF25602 		.ascii	"\312\362V\002\317\230\200\3477y(\313\323\250x\242\004"
 143      CF9880E7 
 143      377928CB 
 143      D3A878A2 
 143      04
 144 07f2 BC546A7A 		.ascii	"\274Tjz\242$\311K\243\342\211\022\360\322i\250\207\262"
 144      A224C94B 
 144      A3E28912 
 144      F0D269A8 
 144      87B2
 145 0804 BC0C2A9E 		.ascii	"\274\014*\236\037\001o/\015\365P\226\267\217\212\347"
 145      1F016F2F 
 145      0DF55096 
 145      B78F8AE7 
 146 0814 45C0DB4F 		.ascii	"E\300\333OW=\254\343\036\316\030<\234\335\210\207\231"
 146      573DACE3 
 146      1ECE183C 
 146      9CDD8887 
 146      99
 147 0825 148CF15E 		.ascii	"\024\214\361^q\371\204\207\327\300\303,jH\224\3650\233"
 147      71F98487 
 147      D7C0C32C 
 147      6A4894F5 
 147      309B
 148 0837 46E7610E 		.ascii	"F\347a\016\015\357\341\250\356\341\001\334\211\367#"
 148      0DEFE1A8 
 148      EEE101DC 
 148      89F723
 149 0846 78789072 		.ascii	"xx\220r\017\017\321\310\036\266\271mP\015\2543\254\207"
 149      0F0FD1C8 
 149      1EB6B96D 
 149      500DAC33 
 149      AC87
 150 0858 8729FB71 		.ascii	"\207)\373q\034\016+\273\260\327\313&\237\017\307\213"
 150      1C0E2BBB 
 150      B0D7CB26 
 150      9F0FC78B 
 151 0868 2EB14D08 		.ascii	".\261M\010t\311?\364\246%\344\373\341\021\312=<\014"
 151      74C93FF4 
 151      A625E4FB 
 151      E111CA3D 
 151      3C0C
 152 087a F71FA5A1 		.ascii	"\367\037\245\241\036J\020\261\357\307(\367\020yy4\324"
ARM GAS  C:\Users\RAKIBU~1\AppData\Local\Temp\ccfYthcd.s 			page 12


 152      1E4A10B1 
 152      EFC728F7 
 152      10797934 
 152      D4
 153 088b 43595E3E 		.ascii	"CY^>\345\036\"\257\200\206z(\313+\024\036\"\257\310"
 153      E51E22AF 
 153      80867A28 
 153      CB2B141E 
 153      22AFC8
 154 089e E4A12CEF 		.ascii	"\344\241,\357\270\360\020y\305&\017ey%\302C\3449L\036"
 154      B8F01079 
 154      C5260F65 
 154      7925C243 
 154      E4394C1E 
 155 08b2 CAF24E08 		.ascii	"\312\362N\010\017\221w2\310\303Q\356!\034\252U\017\263"
 155      0F917732 
 155      C8C351EE 
 155      211CAA55 
 155      0FB3
 156 08c4 E9063C2C 		.ascii	"\351\006<,Ec\026\236zs\304\017\206\036\360\320I\015"
 156      4563169E 
 156      7A73C40F 
 156      861EF0D0 
 156      490D
 157 08d6 89B21E9E 		.ascii	"\211\262\036\236\212\322\303\323\021<|\251{X\206;\361"
 157      8AD2C3D3 
 157      113C7CA9 
 157      7B58863B 
 157      F1
 158 08e7 A3081E9E 		.ascii	"\243\010\036\236\021\036\236]\303\303A\346!\253\006"
 158      111E9E5D 
 158      C3C341E6 
 158      21AB06
 159 08f6 D619D6C3 		.ascii	"\326\031\326\303s\314\303r\330\347r\354\322DI\365@\234"
 159      73CCC372 
 159      D8E772EC 
 159      D24449F5 
 159      409C
 160 0908 E89233A8 		.ascii	"\350\2223\250K\365\313\336\320\247:\025\302\303sp\177"
 160      4BF5CBDE 
 160      D0A73A15 
 160      C2C37370 
 160      7F
 161 0919 A5C94309 		.ascii	"\245\311C\011\"\366\275Jx\210<\227\311CY\336y\341!\362"
 161      22F6BD4A 
 161      78883C97 
 161      C94359DE 
 161      79E121F2 
 162 092d AA4D1ECA 		.ascii	"\252M\036\312\362.\010\017\221\3476y(\313\273(<D^\215"
 162      F22E080F 
 162      91E73679 
 162      28CBBB28 
 162      3C445E8D 
 163 0941 C94359DE 		.ascii	"\311CY\336%\341!\362.\233<\224\345]\021\036\"\357j\220"
 163      25E121F2 
 163      2E9B3C94 
 163      E55D111E 
ARM GAS  C:\Users\RAKIBU~1\AppData\Local\Temp\ccfYthcd.s 			page 13


 163      22EF6A90 
 164 0955 872FB987 		.ascii	"\207/\271\207\245\006\017O\301g\323\360w\231\016\374"
 164      A5060F4F 
 164      C167D3F0 
 164      77990EFC 
 165 0965 D720A842 		.ascii	"\327 \250B&;o\271\235\212\252(\277\332\266\315\316\376"
 165      263B6FB9 
 165      9D8AAA28 
 165      BFDAB6CD 
 165      CEFE
 166 0977 DBF9D5AE 		.ascii	"\333\371\325\256\035\273Rv\177\364\213\217\355)\273"
 166      1DBB5276 
 166      7FF48B8F 
 166      ED29BB
 167 0986 ED5F7DF1 		.ascii	"\355_}\361o\373\216\224/\376\373\217\335\366\355\237"
 167      6FFB8E94 
 167      2FFEFB8F 
 167      DDF6ED9F 
 168 0996 7DBEFDB3 		.ascii	"}\276\375\263?~\374\321\357~\371\371o\177\277\3757\237"
 168      3F7EFCD1 
 168      EF7EF9F9 
 168      6F7FBFFD 
 168      379F
 169 09a8 FEE5933F 		.ascii	"\376\345\223?\377M\377\332\266\235\212\365\313\257w"
 169      FF4DFFDA 
 169      B69D8AF5 
 169      CBAF77
 170 09b7 A57C6DDB 		.ascii	"\245|m\333\231\362\237\177\355\372\362\177\365\306\212"
 170      99F29F7F 
 170      EDFAF27F 
 170      F5C68A
 171 09c6 35       		.ascii	"5"
 172              		.text
 173              		.section	.gnu.lto___early_init.e8101ae1,"",%progbits
 174 0000 789C6363 		.ascii	"x\234cc``\270\004\304v@,\015\304\214\314\014\214L\023"
 174      6060B804 
 174      C476402C 
 174      0DC48CCC 
 174      0C8C4C13 
 175 0014 CE313034 		.ascii	"\316104r012\202\030\015\034\214\014\365L\214\365\214"
 175      72303132 
 175      82180D1C 
 175      8C0CF54C 
 175      8CF58C
 176 0027 3DCC5398 		.ascii	"=\314S\230\031\017\265?\333\311\244\271\274\001\010"
 176      190FB53F 
 176      DBC9A4B9 
 176      BC0108
 177 0036 0E4CBFC2 		.ascii	"\016L\277\302\327\326\320*1\207\231\201a\032\020\203"
 177      D7D6D02A 
 177      31879981 
 177      611A1083 
 178 0046 00E36646 		.ascii	"\000\343fFM\006\240\262G\033\377M\345ec\201\2103nad"
 178      4D06A0B2 
 178      471BFF4D 
 178      E5656381 
 178      88336E61 
ARM GAS  C:\Users\RAKIBU~1\AppData\Local\Temp\ccfYthcd.s 			page 14


 179 005b 63600432 		.ascii	"c`\0042\326_b=\320\360\357\177{\303\2013\213\031\357"
 179      D65F623D 
 179      D0F0EF7F 
 179      7BC38133 
 179      8B19EF
 180 006e FAB13030 		.ascii	"\372\26100t\000\345\201\2264\034`\350df\002\261\232"
 180      7400E581 
 180      96341C60 
 180      E8646602 
 180      B19A
 181 0080 0F30BC61 		.ascii	"\0170\274al^\260y.3X\027\320\250\235;\337\334f\257\377"
 181      6C5EB079 
 181      2E335817 
 181      D0A89D3B 
 181      DFDC66AF 
 182 0095 DBC03187 		.ascii	"\333\3001\207\231q\0323\320\030\306\255\214\365\014"
 182      99711A33 
 182      D018C6AD 
 182      8CF50C
 183 00a4 7380CA41 		.ascii	"s\200\312A\012\267\312bW\307\004T\267\015\252\356\035"
 183      0AB7CA62 
 183      57C70454 
 183      B70DAAEE 
 183      1D
 184 00b5 63D382DD 		.ascii	"c\323\202\335s\031\301\012A\240\003h\012\320*\240\022"
 184      7319C10A 
 184      41A00368 
 184      0AD02AA0 
 184      12
 185 00c6 1B3D3D7D 		.ascii	"\033==} J\316\310L\312\314/620\326\317/\326\317H\314"
 185      204ACEC8 
 185      4CCACC2F 
 185      363230D6 
 185      CF2FD6CF 
 186 00dc D14FCA4F 		.ascii	"\321O\312O,J)\326\017\016\211\017\016\36156r3\211w\361"
 186      2C4A29D6 
 186      0F0E890F 
 186      0EF13536 
 186      72338977 
 187 00f1 0C76F60F 		.ascii	"\014v\366\017s\015\212\204\310\351%3\000\000\030'Z\005"
 187      730D8A84 
 187      C8E92533 
 187      00001827 
 187      5A05
 188              		.text
 189              		.section	.gnu.lto_boardInit.e8101ae1,"",%progbits
 190 0000 789C6363 		.ascii	"x\234cc``\250\003b; \226\006bFf\006F\246\011\347\030"
 190      6060A803 
 190      623B2096 
 190      06624666 
 190      0646A609 
 191 0016 181A3998 		.ascii	"\030\0329\230\030\031A\214\006\016F\206z&\306z\306\036"
 191      1819418C 
 191      060E4686 
 191      7A26C67A 
 191      C61E
 192 0028 E629CC8C 		.ascii	"\346)\314\214\207\332\237\355d\322\\\336\000\004\007"
ARM GAS  C:\Users\RAKIBU~1\AppData\Local\Temp\ccfYthcd.s 			page 15


 192      87DA9FED 
 192      64D25CDE 
 192      000407
 193 0037 A66F106A 		.ascii	"\246o\020jkh\225\230\303\314\3000\015\210A\200q3\243"
 193      6B689598 
 193      C3CCC030 
 193      0D884180 
 193      7133A3
 194 004a 260350D9 		.ascii	"&\003P\331\243\215\377\246\362\262\261@\304\031\267"
 194      A38DFFA6 
 194      F2B2B140 
 194      C419B7
 195 0059 30B23130 		.ascii	"0\26210\002\031\353/\261\036h\370\367\277\275\341\300"
 195      0219EB2F 
 195      B11E68F8 
 195      F7BFBDE1 
 195      C0
 196 006a 97458C5B 		.ascii	"\227E\214[\203\230\030\030:\200\362@K\032\0160t23\201"
 196      83981818 
 196      3A80F240 
 196      4B1A0E30 
 196      74323381 
 197 007e 58CD0718 		.ascii	"X\315\007\030\33616)\200\265\200@\0073#H\030\250\324"
 197      DE313629 
 197      80B58040 
 197      07332348 
 197      18A8D4
 198 0091 464F4F1F 		.ascii	"FOO\037\210\22232\2232\363\213\215\014\214\365\363\213"
 198      88923332 
 198      9332F38B 
 198      8D0C8CF5 
 198      F38B
 199 00a3 F5331273 		.ascii	"\3653\022s\364\223\362\023\213R\212\365\203C\342\203"
 199      F493F213 
 199      8B528AF5 
 199      8343E283 
 200 00b3 437C8D8D 		.ascii	"C|\215\215\334L\342]<\203\235\375\303\\\203\"!rz\311"
 200      DC4CE25D 
 200      3C839DFD 
 200      C35C8322 
 200      21727AC9 
 201 00c7 0C00F5A1 		.ascii	"\014\000\365\241> "
 201      3E20
 202              		.text
 203              		.section	.gnu.lto_.symbol_nodes.e8101ae1,"",%progbits
 204 0000 789C55C8 		.ascii	"x\234U\310\313\011\200@\014\000\321I\002[\227\326a1"
 204      CB098040 
 204      0C00D149 
 204      025B97D6 
 204      6131
 205 0012 4909D6B0 		.ascii	"I\011\326\260]\350M\360l\015\342\247\015\331 x\3600"
 205      5DE84DF0 
 205      6C0DE2A7 
 205      0DD92078 
 205      F030
 206 0024 0CBC020C 		.ascii	"\014\274\002\014\031z\250\303\270An\212%J\332\251.\237"
 206      197AA8C3 
ARM GAS  C:\Users\RAKIBU~1\AppData\Local\Temp\ccfYthcd.s 			page 16


 206      B8416E8A 
 206      254ADAA9 
 206      2E9F
 207 0036 CDD1A75C 		.ascii	"\315\321\247\\\352\372\023\271\325\355\025\210\350\300"
 207      EAFA13B9 
 207      D5ED1588 
 207      E8C0
 208 0044 04EAFE88 		.ascii	"\004\352\376\210\211\261\346i\206\261\030\333"
 208      89B1E669 
 208      86B118DB 
 209              		.text
 210              		.section	.gnu.lto_.refs.e8101ae1,"",%progbits
 211 0000 789C6363 		.ascii	"x\234cc```\004b\006\000\000D\000\010"
 211      60606004 
 211      62060000 
 211      440008
 212              		.text
 213              		.section	.gnu.lto_.decls.e8101ae1,"",%progbits
 214 0000 789CCD59 		.ascii	"x\234\315Y}TTG\226\357z\325\3374\350\001\317\254;q\317"
 214      7D545447 
 214      96EF7AD5 
 214      DF34E801 
 214      CFAC3B71 
 215 0015 61B319C3 		.ascii	"a\263\031\303?#\202N\262gv\316\234I\200\210\263&r\032"
 215      3F23824E 
 215      B26776CE 
 215      9C498088 
 215      B326721A 
 216 0029 67667396 		.ascii	"gfs\226\263\204\000&\314\"\355B\273kvvw\036\037\212"
 216      B3840026 
 216      CC22ED42 
 216      BB6B7676 
 216      771E1F8A 
 217 003d A0A80824 		.ascii	"\240\250\010$\001\024D\320@`\320$\"\362%-\010\012\212"
 217      011444D0 
 217      4060D024 
 217      22F2252D 
 217      080A8A
 218 0050 418C880A 		.ascii	"A\214\210\012\362aD\374F\210\200\200\262\267\252^\367"
 218      F26144FC 
 218      46888080 
 218      B2B7AA5E 
 218      F7
 219 0061 AB7E3467 		.ascii	"\253~4g2\263\373\307\364\341Ru\253~\357\336[\267\356"
 219      32B3FBC7 
 219      F4E15275 
 219      AB7EEFDE 
 219      5BB7EE
 220 0074 ADBAAF5B 		.ascii	"\255\272\257[\253R\251^\377\033\225\352\237\324*\325"
 220      AB52A95E 
 220      FF1B95EA 
 220      9FD42AD5 
 221 0084 2F904A35 		.ascii	"/\220J5\007\037\350\252N\253\344\017\341\353\200\032"
 221      071FE8AA 
 221      4EABE40F 
 221      E1EB801A 
 222 0094 801A1573 		.ascii	"\200\032\025s\366\317\177\300\263\356\320\276\007\364"
ARM GAS  C:\Users\RAKIBU~1\AppData\Local\Temp\ccfYthcd.s 			page 17


 222      F6CF7FC0 
 222      B3EED0BE 
 222      07F4
 223 00a2 2AD0DF01 		.ascii	"*\320\337\001\377\267@\027\241\357\011\264\004(\024"
 223      FFB74017 
 223      A1EF09B4 
 223      042814
 224 00b1 F8DF02ED 		.ascii	"\370\337\002\355\000J\005J\0032\003y\301\234\000\355"
 224      004A054A 
 224      03320379 
 224      C19C00ED 
 225 00c1 4BA40FF4 		.ascii	"K\244\017\364{\240@\240w\200\326\000\005\001\375\022"
 225      7BA040A0 
 225      7780D600 
 225      0501FD12 
 226 00d1 E86DA075 		.ascii	"\350m\240u@\377\005\364\337@\311@\377\011\364?@\211"
 226      40FF05F4 
 226      DF40C940 
 226      FF09F43F 
 226      4089
 227 00e3 401F0125 		.ascii	"@\037\001%\001\011\222\275\273\241\017\177\252\275\310"
 227      010992BD 
 227      BBA10F7F 
 227      AABDC8
 228 00f2 D9D6DF01 		.ascii	"\331\326\337\001\217%[3\241_+\215ci\215u\013\254\361"
 228      8F255B33 
 228      A15F2B8D 
 228      63698D75 
 228      0BACF1
 229 0105 F792BCF7 		.ascii	"\367\222\274\367$\036I\376P~\2621\252=\335\320\350\326"
 229      241E49FE 
 229      507EB231 
 229      AA3DDDD0 
 229      E8D6
 230 0117 8FFA10D8 		.ascii	"\217\372\020\330\202\02634b\377\241%D\3719\373\007\261"
 230      82163334 
 230      62FFA125 
 230      44F939FB 
 230      07B1
 231 0129 71181558 		.ascii	"q\030\025X#A\011c\177\0049F\004I\206`\227K\377$\001"
 231      23410963 
 231      7F043946 
 231      04498660 
 231      974BFF24 
 232 013e 8897CAE6 		.ascii	"\210\227\312\346\231:\373\207Y\316:\334slH\220\225q"
 232      993AFB87 
 232      59CE3ADC 
 232      736C4890 
 232      9571
 233 0150 8FCCB355 		.ascii	"\217\314\263U\345\230v\030%/\022IN\270\362`W\245i\000"
 233      E5987618 
 233      252F1249 
 233      4EB8F260 
 233      57A56900 
 234 0164 DD84D977 		.ascii	"\335\204\331wa\027\364\233\020\031}<{\365$\306\002\355"
 234      6117F49B 
 234      10197D3C 
ARM GAS  C:\Users\RAKIBU~1\AppData\Local\Temp\ccfYthcd.s 			page 18


 234      7BF524C6 
 234      02ED
 235 0176 CF8D9E4C 		.ascii	"\317\215\236L\325aO\332\037~\261-\307\264\242Bd\037"
 235      D5614FDA 
 235      1F7EB12D 
 235      C7B4A242 
 235      641F
 236 0188 7D0156A1 		.ascii	"}\001V\241\023\010\333\035\33227i[\264\023#O#\022\200"
 236      1308DB1D 
 236      DA323769 
 236      5BB41323 
 236      4F231280 
 237 019c ED1ABD70 		.ascii	"\355\032\275p\300\015\330%F\264\030\330\212]s\331\232"
 237      C00DD825 
 237      46B418D8 
 237      8A5D73D9 
 237      9A
 238 01ad A51F9307 		.ascii	"\245\037\223\007\367&\213\213\005\364\336\017P\015Z"
 238      F7268B8B 
 238      05F4DE0F 
 238      500D5A
 239 01bc 864EA265 		.ascii	"\206N\242e`N-Z\012\377\343\324LROR\367\003\367\227\017"
 239      604E2D5A 
 239      0AFFE3D4 
 239      4C524F52 
 239      F703F797 
 240 01d1 8AB601D1 		.ascii	"\212\266\001\3216\227\347S^;\"\212F5\001\241*\204Q5"
 240      3697E753 
 240      5E3B228A 
 240      463501A1 
 240      2A845135 
 241 01e5 5A419650 		.ascii	"ZA\226PET\243\343h\000\241\257P?\254\240\016\275\014"
 241      4554A3E3 
 241      6800A1AF 
 241      503FACA0 
 241      0EBD0C
 242 01f8 0F3F79B8 		.ascii	"\017?y\270\347\342\"\234\215\250\305\355w\346l:\220"
 242      E7E2229C 
 242      8DA8C5ED 
 242      77E66C3A 
 242      90
 243 0209 74102475 		.ascii	"t\020$u\327\232\362D[\022\030 PQ\365\262\250z\245\250"
 243      D79AF244 
 243      5B121820 
 243      5051F5B2 
 243      A87AA5A8 
 244 021d 062AEAC2 		.ascii	"\006*\352\302p\337\357p\021\223tzd\347)-H:\006\222\232"
 244      70DFEF70 
 244      1193747A 
 244      64E7292D 
 244      483A0692 
 245 0232 D63A093A 		.ascii	"\326:\011:%\013:\245\024\324H\005\211#u\275\213p9\223"
 245      250B3AA5 
 245      14D44805 
 245      892375BD 
 245      8B703993 
 246 0246 B4E7F3F4 		.ascii	"\264\347\363\364S\006\2204 \212\266;GWO\245n\317\020"
ARM GAS  C:\Users\RAKIBU~1\AppData\Local\Temp\ccfYthcd.s 			page 19


 246      53069034 
 246      208AB63B 
 246      47574FA5 
 246      6ECF10
 247 0259 8B10F501 		.ascii	"\213\020\365\001\262\311\242l\222g\321i*\342R\312\261"
 247      B2C9A26C 
 247      9267D169 
 247      2AE252CA 
 247      B1
 248 026a FD987957 		.ascii	"\375\230yWMV\331\221w\313\203y\327\033\330\023\303m"
 248      4D56D991 
 248      77CB8379 
 248      D71BD813 
 248      C36D
 249 027c AD46362B 		.ascii	"\255F6+\"\340m\255\273\036\"<\303\024\366\235++'\217"
 249      22E06DAD 
 249      BB1E223C 
 249      C314F69D 
 249      2B2B278F 
 250 0290 BE6A4424 		.ascii	"\276jD$8\026\301\320\321\0075\317\334\331\020At\355"
 250      3816C1D0 
 250      D10735CF 
 250      DCD91041 
 250      74ED
 251 02a2 192BD1E1 		.ascii	"\031+\321\341D\272\343B\377\265\231^\017d\364\331!\212"
 251      44BAE342 
 251      FFB5995E 
 251      0F64F4D9 
 251      218A
 252 02b4 49E2C164 		.ascii	"I\342\301d\321\020\254B\315\260SM\260S\250\035\371\220"
 252      D110AC42 
 252      CDB0534D 
 252      B053A81D 
 252      F990
 253 02c6 87888DE8 		.ascii	"\207\210\215\350,\014\266\302\340\021\262\251\266;m"
 253      2C0CB6C2 
 253      E011B2A9 
 253      B63B6D
 254 02d5 3FCF1D13 		.ascii	"?\317\035\023Eo\324\206\214\350\234\274\216W\215lS\313"
 254      456FD486 
 254      8CE89CBC 
 254      8E578D6C 
 254      53CB
 255 02e7 4A320F69 		.ascii	"J2\017i\3618\323Q\227\177\273EXHG\307\302:\372_n\335"
 255      F138D351 
 255      977FBB45 
 255      584847C7 
 255      C23AFA5F 
 256 02fd 46DC7E01 		.ascii	"F\334~\001t\234\227u\200J\246\344\323\256/\202\214 "
 256      749C9775 
 256      804AA6E4 
 256      D3AE2F82 
 256      8C20
 257 030f 34F97B09 		.ascii	"4\371{\011\205\007v\014\246^\226\0347E\370\274\272\357"
 257      8507760C 
 257      A65E961C 
 257      3745F8BC 
ARM GAS  C:\Users\RAKIBU~1\AppData\Local\Temp\ccfYthcd.s 			page 20


 257      BAEF
 258 0321 DA358CD7 		.ascii	"\3325\214\327\003[\375\250\274\332\235\271\331F\263"
 258      035BFDA8 
 258      BCDA9DB9 
 258      D946B3
 259 0330 A169B2C7 		.ascii	"\241i\262\307\035\367`\352\265\314\321\261,-\321&2m"
 259      1DF760EA 
 259      B5CCD1B1 
 259      2C2DD126 
 259      326D
 260 0342 E421BB3E 		.ascii	"\344!\273>\025\272LlB\276\313\320J\252\250\272\252\370"
 260      15BA4C6C 
 260      42BECBD0 
 260      4AAAA8BA 
 260      AAF8
 261 0354 B1DE732F 		.ascii	"\261\336s/\215\177Q\374\205\232.\341\022\240;)\372\033"
 261      8D7F51FC 
 261      859A2EE1 
 261      12A03B29 
 261      FA1B
 262 0366 E4697F86 		.ascii	"\344i\177\206\352\271{\255\330\300\314\030%\374'5C\243"
 262      EAB97BAD 
 262      D8C0CC18 
 262      25FC2735 
 262      43A3
 263 0378 1E7848D2 		.ascii	"\036xH\322\333\374t\334\015\0173\246\367P\366a5C\216"
 263      DBFC74DC 
 263      0D0F33A6 
 263      F750F661 
 263      35438E
 264 038b 10FEC0EC 		.ascii	"\020\376\300\354l\212\032\337g\223Iu\3272\245\224\034"
 264      6C8A1ADF 
 264      67934975 
 264      D732A594 
 264      1C
 265 039c A0FB9C94 		.ascii	"\240\373\234\224U\242\305O\331\344\314\243\317F\265"
 265      55A2C54F 
 265      D9E4CCA3 
 265      CF46B5
 266 03ab 788E31D5 		.ascii	"x\2161\325\2039\215\222\302\036\3027\217\357\177b\302"
 266      83398D92 
 266      C21EC237 
 266      8FEF7F62 
 266      C2
 267 03bc 696A3AB9 		.ascii	"ij:\271\255\344\233]:\234\305\230\313\303E)&\206\354"
 267      ADE49B5D 
 267      3A9CC598 
 267      CBC34529 
 267      2686EC
 268 03cf 24FCF88D 		.ascii	"$\374\370\215\214V\023>\300&\317\234\273uY\217?c\314"
 268      8C56133E 
 268      C026CF9C 
 268      BB75598F 
 268      3F63CC
 269 03e2 CE96AA56 		.ascii	"\316\226\252V)d\317\021>q\344X*\306_\260I\273g=%\317"
 269      2964CF11 
 269      3E71E458 
ARM GAS  C:\Users\RAKIBU~1\AppData\Local\Temp\ccfYthcd.s 			page 21


 269      2AC65FB0 
 269      49BB673D 
 270 03f8 3EE96C4E 		.ascii	">\351lN7\340:6\331\221\266/G\300\315\214)\035\336\277"
 270      37E03A36 
 270      D991B62F 
 270      47C0CD8C 
 270      291DDEBF 
 271 040c 5B52F8F7 		.ascii	"[R\370\367\3045\371\243\007L\370<\233\253/\336V\246"
 271      C435F9A3 
 271      074CF83C 
 271      9BAB2FDE 
 271      56A6
 272 041e C7571853 		.ascii	"\307W\030SW]\337*\355\335J`S.f\364\232p\037\233\253"
 272      575DDF2A 
 272      EDDD4A60 
 272      532E66F4 
 272      9A701F9B 
 273 0433 1C49B5E9 		.ascii	"\034I\265\351\360m\306\344\217\367\335\225\026\353C"
 273      F06DC6E4 
 273      8FF7DD95 
 273      16EB43
 274 0442 84743CAB 		.ascii	"\204t<\253\360\300\017\331\234=\261<Yb\325\337\250\362"
 274      F0C00FD9 
 274      9C3DB13C 
 274      5962D5DF 
 274      A8F2
 275 0454 C5936CAA 		.ascii	"\305\223l\252h\244&k\021\0265\224y\224r{\300\215\341"
 275      68A4266B 
 275      11163594 
 275      7994727B 
 275      C08DE1
 276 0467 96023BD8 		.ascii	"\226\002;\330w'\335\003\247\261\271\355\2159\015\006"
 276      7727DD03 
 276      A7B1B9ED 
 276      8D390D06 
 277 0477 9CC518FB 		.ascii	"\234\305\030\3739\350\311\316\3013\0037\021\336\317"
 277      39E8C9CE 
 277      C1330337 
 277      11DECF
 278 0486 A6EEA7DB 		.ascii	"\246\356\247\333\256\011\3700c\312j2\0065\270\2221\267"
 278      AE09F830 
 278      63CA6A32 
 278      0635B892 
 278      31B7
 279 0498 AA5326D4 		.ascii	"\252S&\324\370K\306\224\317\026t\032p5c:k\007n{\340"
 279      F84BC694 
 279      CF16741A 
 279      7035633A 
 279      6B076E7B 
 280 04ad 46C65474 		.ascii	"F\306Tt\234\355\225<\274\203\244}Ei\337\260N\012W\022"
 280      9CED953C 
 280      BC83A47D 
 280      4569DFB0 
 280      4E0A5712 
 281 04c1 BE252707 		.ascii	"\276%'\007f\021n\242`\357\023O\263\313\265\350\225y"
 281      66116EA2 
 281      60EF134F 
ARM GAS  C:\Users\RAKIBU~1\AppData\Local\Temp\ccfYthcd.s 			page 22


 281      B3CBB5E8 
 281      9579
 282 04d3 1F2FFADF 		.ascii	"\037/\372\337G\342\016\211)\311\242\355q\015\236\371"
 282      47E20E89 
 282      29C9A2ED 
 282      710D9EF9 
 283 04e3 AAE452A2 		.ascii	"\252\344R\242X\262\024]\204@\355\207\\\333'x\311\351"
 283      58B2145D 
 283      8440ED87 
 283      5CDB2778 
 283      C9E9
 284 04f5 D447A3D6 		.ascii	"\324G\243\326\017\376\251\016\221\034\266\215\035\300"
 284      0FFEA90E 
 284      911CB68D 
 284      1DC0
 285 0503 7028A660 		.ascii	"p(\246`\032\327\337)\341\343\024\336\214\030\236h\270"
 285      1AD7DF29 
 285      E1E314DE 
 285      8C189E68 
 285      B8
 286 0514 6EC713F1 		.ascii	"n\307\023\361SJ\374\004/\236\300\233x\370\214\022\356"
 286      534AFC04 
 286      2F9EC09B 
 286      78F88C12 
 286      EE
 287 0525 CB4B2707 		.ascii	"\313K'\007\305t!N\244p\310+tM\202\333\263\015\365\314"
 287      C574214E 
 287      A470C82B 
 287      744D82DB 
 287      B30DF5CC 
 288 0539 935EC049 		.ascii	"\223^\300I\177\242\224>:\317\370i\036?\254\304\337\236"
 288      7FA2943E 
 288      3ACFF869 
 288      1E3FACC4 
 288      DF9E
 289 054b 8FE7AD1F 		.ascii	"\217\347\255\037s-\337O\266\276\211\267\376[\245\365"
 289      732DDF4F 
 289      B6BE89B7 
 289      FE5BA5F5 
 290 055b B794F0AE 		.ascii	"\267\224\360\256R\016\336\245\204\177\255\\\354\364"
 290      520EDEA5 
 290      847FAD5C 
 290      ECF4
 291 0569 7ECE9859 		.ascii	"~\316\230Y\227\256\344\366\365^\001\267\257w\225\350"
 291      97AEE4F6 
 291      F55E01B7 
 291      AF7795E8 
 292 0579 11A4F47C 		.ascii	"\021\244\364|{\001g\314c\2451\217\224\306t\361\236y"
 292      7B0167CC 
 292      63A5318F 
 292      94C674F1 
 292      9E79
 293 058b A614DF39 		.ascii	"\246\024\3379\317\223\367x\374S\327a\306\211\277\316"
 293      CF93F778 
 293      FC53D761 
 293      C689BFCE 
 294 059b 6FD40325 		.ascii	"o\324\003%\374\376<\361C<\376\236\353\325\362qS\312"
ARM GAS  C:\Users\RAKIBU~1\AppData\Local\Temp\ccfYthcd.s 			page 23


 294      FCFE3CF1 
 294      433CFE9E 
 294      EBD5F271 
 294      53CA
 295 05ad C1AF2AE1 		.ascii	"\301\257*\341Wdx\246t\356\213H\255B/\000\360\234\316"
 295      576478A6 
 295      74EE8B48 
 295      AD422F00 
 295      F09CCE
 296 05c0 1138DC48 		.ascii	"\0218\334H\350S\301\007\245\013\257\240d\240\217\201"
 296      E853C107 
 296      A50BAFA0 
 296      64A08F81 
 297 05d0 32809280 		.ascii	"2\200\222\200\262\201v\003%\002\245\002m\003\332\005"
 297      B2817603 
 297      2502A502 
 297      6D03DA05 
 298 05e0 940FB407 		.ascii	"\224\017\264\007h/\320N\240\375@\333\201v\000e\001\025"
 298      682FD04E 
 298      A0FD40DB 
 298      81760065 
 298      0115
 299 05f2 00894039 		.ascii	"\000\211@9@\237\000\345\002\245\000e\002\025\002\245"
 299      409F00E5 
 299      02A50065 
 299      021502A5 
 300 0602 011D00CA 		.ascii	"\001\035\000\312\023^\2415\006[M{!\267\232!\345j\006"
 300      135EA135 
 300      065B4D7B 
 300      21B79A21 
 300      E56A06
 301 0615 948B1FE2 		.ascii	"\224\213\037\342\267b\322u\006;\"\003\"i\250\220\213"
 301      B762D275 
 301      063B2203 
 301      2269A890 
 301      8B
 302 0626 A49BAE0F 		.ascii	"\244\233\256\017\024~/\332y\371\323\256C\2033\347\036"
 302      147E2FDA 
 302      79F9D3AE 
 302      438333E7 
 302      1E
 303 0637 6F7DAF12 		.ascii	"o}\257\022~]\206\263R\342\321~\234+\212\213\011J%\225"
 303      7E5D86B3 
 303      52E2D17E 
 303      9C2B8A8B 
 303      094A2595 
 304 064b 11B22726 		.ascii	"\021\262'&\012q\331qQL\323Ra7\\\013s\212\033>\020\346"
 304      0A71D971 
 304      514CD352 
 304      61375C0B 
 304      738A1B3E 
 305 0661 94F833F3 		.ascii	"\224\3703\363\360]|\234=t\035\227\334\332\306x\370\035"
 305      F05D7C9C 
 305      3D741D97 
 305      DCDAC678 
 305      F81D
 306 0673 D7E70D1F 		.ascii	"\327\347\015\037\365\2745-\256\255\341s\220\367\334"
ARM GAS  C:\Users\RAKIBU~1\AppData\Local\Temp\ccfYthcd.s 			page 24


 306      F5BC352D 
 306      AEADE173 
 306      90F7DC
 307 0682 A0EB7D77 		.ascii	"\240\353}w\332\030^|\267\353\250gx\270\202\236VT\364"
 307      DA185E7C 
 307      B7EBA867 
 307      78B8829E 
 307      5654F4
 308 0695 B9E11D5A 		.ascii	"\271\341\035ZZ\366\015N\326\344\013\310\313\307e:\240"
 308      5AF60D4E 
 308      D6E40BC8 
 308      CBC7653A 
 308      A0
 309 06a6 4390057F 		.ascii	"C\220\005\177)\031!\005I)N\006#Q\021XuPp\224\233$f\350"
 309      29192105 
 309      49294E06 
 309      23511158 
 309      75507094 
 310 06be E21ABB2F 		.ascii	"\342\032\273/t\353L\351\216\"\226\002\345\022\260X0"
 310      74EB4CE9 
 310      8E229602 
 310      E512B058 
 310      30
 311 06cf D10A1E5A 		.ascii	"\321\012\036Z\000\037\233\313\036p\307\331\324\023h"
 311      001F9BCB 
 311      1E70C7D9 
 311      D41368
 312 06de 28E9F839 		.ascii	"(\351\3709w\234\313\230\214\354\246&5.dLqnf\252\006"
 312      779CCB98 
 312      8CECA626 
 312      352E644C 
 312      716E66AA 
 313 06f3 9730A66C 		.ascii	"\2270\246l\337\336cF|\2041\237~~u\332\200K\031sxzf\224"
 313      DFDE6346 
 313      7C84319F 
 313      7E7E75DA 
 313      804B1973 
 314 070b 5CFDCB49 		.ascii	"\\\375\313IQ\217\271\222~9+\351\033\317\267\0351\341"
 314      518FB992 
 314      7E392BE9 
 314      1BCFB71D 
 314      31E1
 315 071d 4AE6F7CA 		.ascii	"J\346\367\312\274\331\331E\366r\033^\2774>*\307\313"
 315      BCD9D945 
 315      F6721B5E 
 315      BF343E2A 
 315      C7CB
 316 072f 17AA0457 		.ascii	"\027\252\004W/\227*\343ra\031\372\\\220K\372\345\237"
 316      2F972AE3 
 316      726119FA 
 316      5C904BFA 
 316      E59F
 317 0741 A49272FB 		.ascii	"\244\222r\373\017\202\021U\310\353_.U\251\2472o\014"
 317      0F821155 
 317      C8EB5F2E 
 317      55A9A732 
 317      6F0C
ARM GAS  C:\Users\RAKIBU~1\AppData\Local\Temp\ccfYthcd.s 			page 25


 318 0753 1B710DD3 		.ascii	"\033q\015\323\221\324\2313\276\240\216/\026\326\321"
 318      91D49933 
 318      BEA08E2F 
 318      16D6D1
 319 0762 EF7F8696 		.ascii	"\357\177\206\226\364\307@\307QY\007\250dJ\222\246\016"
 319      F4C740C7 
 319      515907A8 
 319      644A92A6 
 319      0E
 320 0773 D5EB7113 		.ascii	"\325\353q\023U\242\236(\255\352\366@P\261p!$\2508\227"
 320      55A29E28 
 320      ADEAF640 
 320      50B17021 
 320      24A83897 
 321 0787 7F25C5CF 		.ascii	"\177%\305\317\011Px\034\366\263\312q\302\221#h\262\007"
 321      0950781C 
 321      F6B3CA71 
 321      C2912368 
 321      B207
 322 0799 D7175FDC 		.ascii	"\327\027_\334%\036<\215\250\276/A\037y\302a\347\274"
 322      251E3C8D 
 322      A8BE2F41 
 322      1F79C261 
 322      E7BC
 323 07ab DBEFA55C 		.ascii	"\333\357\245\\x\323\303\024\\\346\022\\\203\3443\345"
 323      78D3C314 
 323      5CE6125C 
 323      83E433E5 
 324 07bb 66BE115E 		.ascii	"f\276\021^\213\011\210?R\300\354\263M\367\217\033\241"
 324      8B09883F 
 324      52C0ECB3 
 324      4DF78F1B 
 324      A1
 325 07cc F45AE2C3 		.ascii	"\364Z\342\303"
 326 07d0 C476E77B 		.ascii	"\304v\347{\026'\213\347V\322\243\3603\220[#,Y\340\012"
 326      16278BE7 
 326      56D2A3F0 
 326      33905B23 
 326      2C59E00A 
 327 07e4 06B113F9 		.ascii	"\006\261\023\371\036\211\324\012\242\275ta\364>\351"
 327      1E89D40A 
 327      A2BD7461 
 327      F43EE9
 328 07f3 4D846695 		.ascii	"M\204f\225\354\022\202&.\251\005\227T\203KN:\205\370"
 328      EC128226 
 328      2EA90597 
 328      54834B4E 
 328      3A85F8
 329 0806 C5FCA589 		.ascii	"\305\374\245\211$\304\001\345l4\352\250\335w\334\260"
 329      24C401E5 
 329      6C34EAA8 
 329      DD77DCB0 
 330 0816 0484262E 		.ascii	"\004\204&.,T\345$\221\024\335\315W\252L8YGc\360\366"
 330      2C54E524 
 330      9114DDCD 
 330      57AA4C38 
 330      594763F0 
ARM GAS  C:\Users\RAKIBU~1\AppData\Local\Temp\ccfYthcd.s 			page 26


 331 082b F9A3497A 		.ascii	"\371\243Iz\234\312\230\202\216\312\363\032\274\2231"
 331      9CCA9882 
 331      8ECAF31A 
 331      BC9331
 332 083a 75E5955D 		.ascii	"u\345\225]\002\316dLE\315\350N\204s\031\363$\365\250"
 332      02CE644C 
 332      45CDE84E 
 332      847319F3 
 332      24F5A8
 333 084d 151F64FD 		.ascii	"\025\037d\375=\235\2057\364R9K\276R\230*\372v\237\200"
 333      3D9D8537 
 333      F452394B 
 333      BE52982A 
 333      FA769F80 
 334 0861 8FD049D3 		.ascii	"\217\320I\323\256\316\344\2575H\252`}\344\322u8O\362"
 334      AECEE4AF 
 334      3548AA60 
 334      7DE4D275 
 334      384FF2
 335 0874 2D399D6C 		.ascii	"-9\235l\340\255\266\005+Ez\205\277$\237e\365J\364\304"
 335      E0ADB605 
 335      2B457A85 
 335      BF249F65 
 335      F54AF4C4 
 336 0888 BCB36FFA 		.ascii	"\274\263o\372\2072\274\3015\234?\2679\364)%z~q\323\264"
 336      8732BCC1 
 336      359C3FB7 
 336      39F42925 
 336      7A7E71D3 
 337 089d 4C861F56 		.ascii	"L\206\037V\302\371\022\332\351\374l\202|buU\233\024"
 337      C2F912DA 
 337      E9FC6C82 
 337      7C627555 
 337      9B14
 338 08af FCE761A7 		.ascii	"\374\347a\247/\300\276\234\001\272\010t\026\250\025"
 338      2FC0BE9C 
 338      01BA0874 
 338      16A815
 339 08be A805E86B 		.ascii	"\250\005\350k\240s@\355@\035\316\327?\247\275D\251\235"
 339      A07340ED 
 339      401DCED7 
 339      3FA7BD44 
 339      A99D
 340 08d0 AB51A5B8 		.ascii	"\253Q\245\270\311\363\244q\323\346\352\376\274\311\357"
 340      C9F3A471 
 340      D3E6EAFE 
 340      BCC9EF
 341 08df C169977B 		.ascii	"\301i\227{\300\337?\234\342f\327\212\235J@\316\251\215"
 341      C0DF3F9C 
 341      E266D78A 
 341      9D4A40CE 
 341      A98D
 342 08f1 AE9D6A17 		.ascii	"\256\235j\027\016i\363\"\337\310\340u\020\261G\\;\325"
 342      0E69F322 
 342      DFC8E075 
 342      10B1475C 
 342      3BD5
ARM GAS  C:\Users\RAKIBU~1\AppData\Local\Temp\ccfYthcd.s 			page 27


 343 0903 4FBAAB6C 		.ascii	"O\272\253l\035S\3075\270\234\306\227p\352\304\341\006"
 343      1D53C735 
 343      B89CC697 
 343      70EAC4E1 
 343      06
 344 0914 1DF2F192 		.ascii	"\035\362\361\222R{\277\226\244v\027<\334)\037Rm\364"
 344      527BBF96 
 344      A476173C 
 344      DC291F52 
 344      6DF4
 345 0926 2270B91B 		.ascii	"\"p\271\033\350\022l\302\237\273!\344=\276\262\362\011"
 345      E8126CC2 
 345      9FBB21E4 
 345      3DBEB2F2 
 345      09
 346 0937 E6AF962E 		.ascii	"\346\257\226.\247\253\345\262`\262\033q\231\336.\275"
 346      A7ABE5B2 
 346      60B21B71 
 346      99DE2EBD 
 347 0947 69DB0BB4 		.ascii	"i\333\013\264\370$K\234\241\332\336D\00170\346qVK\207"
 347      F8244B9C 
 347      A1DADE44 
 347      013730E6 
 347      71564B87 
 348 095b 804F3366 		.ascii	"\200O3f\270'9W\213\3172f\357\363k\242\026\177\315\230"
 348      B8273957 
 348      8BCF3266 
 348      EFF36BA2 
 348      167FCD98 
 349 096f 8CC75345 		.ascii	"\214\307SEj\334\315\230\223\015\017\375\331{\3452\362"
 349      6ADCCD98 
 349      930D0FFD 
 349      D97BE532 
 349      F2
 350 0980 5569DF13 		.ascii	"Ui\337\023\233\364U\336\000y\315\274\226<\331\355\216"
 350      9BF455DE 
 350      0079CDBC 
 350      963CD9ED 
 350      8E
 351 0991 7B29D490 		.ascii	"{)\324\220\3243\321L\362\320\213\275D\262\003n.\357"
 351      D433D14C 
 351      F2D08BBD 
 351      44B2036E 
 351      2EEF
 352 09a3 673967B7 		.ascii	"g9g\267\213{#\350\011\327\013\036\353_\260N\247\347"
 352      8B7B23E8 
 352      09D70B1E 
 352      EB5FB04E 
 352      A7E7
 353 09b5 EC614C5E 		.ascii	"\354aL^5\011\370\212\022\314e\225\223\247o\200\247\257"
 353      3509F88A 
 353      12CC6595 
 353      93A76F80 
 353      A7AF
 354 09c7 0B64AE5F 		.ascii	"\013d\256_r\363-p\363 \270\3616\320\000\320\020\320"
 354      72F32D70 
 354      F320B8F1 
ARM GAS  C:\Users\RAKIBU~1\AppData\Local\Temp\ccfYthcd.s 			page 28


 354      36D000D0 
 354      10D0
 355 09d9 4DA06F81 		.ascii	"M\240o\201\372\234.\202\353\262\276\253J}\235J\343\332"
 355      FA9C2E82 
 355      EBB2BEAB 
 355      4A7D9D4A 
 355      E3DA
 356 09eb 65F03525 		.ascii	"e\3605%Xya\014\311\330n\327\202\233\271\013\2435\007"
 356      5879610C 
 356      C9D86ED7 
 356      829BB90B 
 356      A33507
 357 09fe 93A8EA57 		.ascii	"\223\250\352W\346\020\2214\221\243\223\313\345o\\;\205"
 357      E6109134 
 357      91A393CB 
 357      E56F5C3B 
 357      85
 358 0a0f 2FAFBB64 		.ascii	"/\257\273d\315=.\255t\224d\315M\271/tx\220\205y\305"
 358      CD3D2EAD 
 358      749464CD 
 358      4DB92F74 
 358      78908579 
 359 0a24 818629A3 		.ascii	"\201\206)\243\262$\263\273\026\215\200G\377\024\357"
 359      B224B3BB 
 359      168D8047 
 359      FF14EF
 360 0a33 4ACB7A8D 		.ascii	"J\313z\215\254\352\016<7,\347J\277\275h\352\333W\376"
 360      ACEA0E3C 
 360      372CE74A 
 360      BFBD68EA 
 360      DB57FE
 361 0a46 C0C34BD2 		.ascii	"\300\303K\322\267cA}\252?\252\214Dbfk\245\201\317\222"
 361      B763417D 
 361      AA3FAA8C 
 361      4462666B 
 361      A581CF92 
 362 0a5a BB4E5972 		.ascii	"\273NYrO*\300\356\321\024\261\207\261\247\024\306\307"
 362      4F2AC0EE 
 362      D114B187 
 362      B1A714C6 
 362      C7
 363 0a6b EA531E4A 		.ascii	"\352S\036J_\365\330\010\277s\333\2364\035~\3042`\274"
 363      5FF5D808 
 363      BF73DB9E 
 363      341D7EC4 
 363      3260BC
 364 0a7e F4CB023D 		.ascii	"\364\313\002=\233,%\223w\237\267\336\327\340\247l\362"
 364      9B2C2593 
 364      779FB7DE 
 364      D7E0A76C 
 364      F2
 365 0a8f F26467AA 		.ascii	"\362dg\252\021\3172&\275*\253x\021N\326Sf\367\236\257"
 365      11CF3226 
 365      BD2AAB78 
 365      114ED653 
 365      66F79EAF 
 366 0aa3 BE30E274 		.ascii	"\2760\342t\306Tu\234\274\251\301\231\214\351\035\353"
ARM GAS  C:\Users\RAKIBU~1\AppData\Local\Temp\ccfYthcd.s 			page 29


 366      C654759C 
 366      BCA9C199 
 366      8CE91DEB 
 367 0ab3 4E75C39F 		.ascii	"Nu\303\2372\346\350l\366gZ\\\310\230\366\336\251A\035"
 367      32E6E86C 
 367      F6675A5C 
 367      C898F6DE 
 367      A9411D
 368 0ac6 53354B54 		.ascii	"S5KT\335\313\230\3535I\351F\276\254M\355x\0125\302\021"
 368      DDCB98EB 
 368      3549E946 
 368      BEAC4DED 
 368      780A35C2 
 369 0adb 0A76BB7D 		.ascii	"\012v\273}\366\333J$\245\033\275\366X\2150\234\353\231"
 369      F6DB4A24 
 369      A51BBDF6 
 369      588D309C 
 369      EB99
 370 0aed 25921397 		.ascii	"%\222\023\227x\375!x}\006Z\207[\037\010\312\327\364"
 370      78FD2178 
 370      7D065A87 
 370      5B1F08CA 
 370      D7F4
 371 0aff EB4BD95B 		.ascii	"\353K\331[:\201?Q\302\027zq\235\004\300\004\0255#\305"
 371      3A813F51 
 371      C2177A71 
 371      9D04C004 
 371      153523C5 
 372 0b13 84887DD0 		.ascii	"\204\210}\320\034l\311,\320sR\256\343W\3204\264/H\211"
 372      1C6CC92C 
 372      D07352AE 
 372      E357D034 
 372      B42F4889 
 373 0b27 0EFD67A4 		.ascii	"\016\375g\244l\307\216\314#_V\374\025\211R\242\366;"
 373      6CC78ECC 
 373      235F56FC 
 373      158952A2 
 373      F63B
 374 0b39 A55AE72F 		.ascii	"\245Z\347/\211\010\370\236\003<\256\004;\275\213\023"
 374      8908F89E 
 374      033CAE04 
 374      3BBD8B13 
 375 0b49 EC18B7A2 		.ascii	"\354\030\267\242Q%\372\371<\321\323?\260\213~\252\004"
 375      5125FAF9 
 375      3CD1D33F 
 375      B08B7EAA 
 375      04
 376 0b5a CB392DBD 		.ascii	"\3139-\275\005|L\263tf^\226\222k\220\367\373c\245\244"
 376      057C4CB3 
 376      74665E96 
 376      926B90F7 
 376      FB63A5A4 
 377 0b6e 4782C2C8 		.ascii	"G\202\302\310\351\277\226\215\234R\242\357+\321M\334"
 377      E9BF968D 
 377      9C52A2EF 
 377      2BD14DDC 
 378 0b7e 92C69468 		.ascii	"\222\306\224h\376\275\014\202\244\365\362\325\347j\374"
ARM GAS  C:\Users\RAKIBU~1\AppData\Local\Temp\ccfYthcd.s 			page 30


 378      FEBD0C82 
 378      A4F5F2D5 
 378      E76AFC
 379 0b8d 071A24C2 		.ascii	"\007\032$\302\245\262\214\357<\224Im\337=\264\0356\355"
 379      A5B28CEF 
 379      3C94496D 
 379      DF3DB41D 
 379      36ED
 380 0b9f CFD940E6 		.ascii	"\317\331@\346\215\027y\364&\334\206\275P\012vd\367\214"
 380      8D1779F4 
 380      26DC86BD 
 380      500A7664 
 380      F78C
 381 0bb1 3DBBBF99 		.ascii	"=\273\277\231\270\322\246q\316nW\212U\337[+\310\274"
 381      B8D2A671 
 381      CE6E578A 
 381      55DF5B2B 
 381      C8BC
 382 0bc3 91F5B0C2 		.ascii	"\221\365\260\302\235\317\362T\314g\371\016\314\262\034"
 382      9DCFF254 
 382      CC67F90E 
 382      CCB21C
 383 0bd2 5A62C09D 		.ascii	"Zb\300\235\2446\203\353\343E\365\375\317\026\224\206"
 383      A43683EB 
 383      E345F5FD 
 383      CF169486 
 384 0be2 BD40D833 		.ascii	"\275@\3303\333@\213\200\353X\236\236\276q\266\311\244"
 384      DB408B80 
 384      EB589E9E 
 384      BE71B6C9 
 384      A4
 385 0bf3 16D87942 		.ascii	"\026\330yB~\254\202\261\356\324m\327\015t\214\334\310"
 385      7EAC82B1 
 385      EED46DD7 
 385      0D748CDC 
 385      C8
 386 0c04 3B311DBC 		.ascii	";1\035\274\223\371 |\301\237\27220\371\251k\027\226"
 386      93F9207C 
 386      C19FBA32 
 386      30F9A96B 
 386      1796
 387 0c16 7EEB2AEA 		.ascii	"~\353*\352\377\244\313M\372\255\353E\331\017\213\222"
 387      FFA4CB4D 
 387      FAADEB45 
 387      D90F8B92 
 388 0c26 C55278CC 		.ascii	"\305Rx\314\233\300P\272\354_\350:\377\260\264\033\223"
 388      9BC050BA 
 388      EC5FE83A 
 388      FFB0B41B 
 388      93
 389 0c37 5F855A0E 		.ascii	"_\205Z\016$6\270\341\026f\337\231\234\226\\\375\217"
 389      2436B8E1 
 389      1666DF99 
 389      9C965CFD 
 389      8F
 390 0c48 8AC54E1B 		.ascii	"\212\305N\033\234\007\371K!.\231\247\36601\\\372\222"
 390      9C07F94B 
ARM GAS  C:\Users\RAKIBU~1\AppData\Local\Temp\ccfYthcd.s 			page 31


 390      212E99A7 
 390      F630315C 
 390      FA92
 391 0c5a 917F81F7 		.ascii	"\221\177\201\367\246\275\370G\360\\\341\354L\256\007"
 391      A6BDF847 
 391      F05CE1EC 
 391      4CAE07
 392 0c69 EF5EF24B 		.ascii	"\357^\362K\224\354\336L\311\275\244]\224`\335\264\312"
 392      94ECDE4C 
 392      C9BDA45D 
 392      9460DDB4 
 392      CA
 393 0c7a 3FFC83CD 		.ascii	"?\374\203\3151\226\360\230\270\030\353?\254X\341\013"
 393      3196F098 
 393      B818EB3F 
 393      AC58E10B 
 394 0c8a 7F911FC6 		.ascii	"\177\221\037\306\274\037cI\360_\271\312\327\222\340"
 394      BC1F6349 
 394      F05FB9CA 
 394      D792E0
 395 0c99 FB6144AC 		.ascii	"\373aD\254\357\373\226\210\370\250\004\337\320\015\341"
 395      EFFB9688 
 395      F8A804DF 
 395      D00DE1
 396 0ca8 A11BDE5E 		.ascii	"\241\033\336^\345\377\326\352\360\300\265\241\001\353"
 396      E5FFD6EA 
 396      F0C0B5A1 
 396      01EB
 397 0cb6 7F1D647E 		.ascii	"\177\035d~\227\315\255\210\324\257y\347W\336\001~~\252"
 397      97CDAD88 
 397      D4AF79E7 
 397      57DE017E 
 397      7EAA
 398 0cc8 9FFD1F84 		.ascii	"\237\375\037\204\250L\341\341\321\021\361\261\037Qs"
 398      A84CE1E1 
 398      D111F1B1 
 398      1F5173
 399 0cd7 0C74742D 		.ascii	"\014tt-\364\0263C#c-\221\377J\247~\276\220\222\315\226"
 399      F4163343 
 399      23632D91 
 399      FF4AA77E 
 399      BE9092CD 
 400 0cec 782BD101 		.ascii	"x+\321\001\012|%5[\267\222\231\360\330\330\250p\353"
 400      0A7C2535 
 400      5BB79299 
 400      F0D8D8A8 
 400      70EB
 401 0cfe 479BA3FD 		.ascii	"G\233\243\375V|\250\322\204\206\006\2541\033\303\303"
 401      567CA8D2 
 401      848606AC 
 401      311BC3C3 
 402 0d0e B7C4C459 		.ascii	"\267\304\304YA\260uc\344O\303\250\260\004\353\226\250"
 402      41B07563 
 402      E44FC3A8 
 402      B004EB96 
 402      A8
 403 0d1f 184B98D5 		.ascii	"\030K\230\325b\211M\010\373 n\2137\355yG\304o\362\216"
ARM GAS  C:\Users\RAKIBU~1\AppData\Local\Temp\ccfYthcd.s 			page 32


 403      62894D08 
 403      FB206E8B 
 403      37ED7947 
 403      C46FF28E 
 404 0d33 DEF47E74 		.ascii	"\336\364~tTTtT\330\353+Vz\373\257\364{\375\337V\207"
 404      54547454 
 404      D8EB2B56 
 404      7AFBAFF4 
 404      7BFDDF56 
 405 0d48 C1F88FE3 		.ascii	"\301\370\217\343,q\321?\216\216x?&,&.2vKTt\330\246\010"
 405      2C71D13F 
 405      8E8E783F 
 405      262C262E 
 405      32764B54 
 406 0d60 9015171D 		.ascii	"\220\025\027\035\026\036\025\2751bK\254\225\352M\000"
 406      161E15BD 
 406      31624BAC 
 406      95EA4D00 
 407 0d70 BD7ABBBE 		.ascii	"\275z\273\276\177\376\177\325\227\360QBXx\2025\012\204"
 407      7FFE7FD5 
 407      97F05142 
 407      58788235 
 407      0A84
 408 0d82 83128339 		.ascii	"\203\022\2039(4\310\374\353\240\300\327p@\250Y\375f"
 408      2834C8FC 
 408      EBA0C0D7 
 408      7040A859 
 408      FD66
 409 0d94 6080D931 		.ascii	"`\200\3311\364\023\303\033!o\372\257\013\011z\307Lz"
 409      F413C31B 
 409      216FFAAF 
 409      0B097AC7 
 409      4C7A
 410 0da6 7EAC679F 		.ascii	"~\254g\237]mx#\370\315U\322l\260\003\027\254\304\255"
 410      5D6D7823 
 410      F8CD55D2 
 410      6CB00317 
 410      ACC4AD
 411 0db9 D2112930 		.ascii	"\322\021)0BZ?~\306_G$\320\231`\011\021\354\214\360\323"
 411      425A3F7E 
 411      C65F4724 
 411      D0996009 
 411      11EC8CF0 
 412 0dce 9367CDA1 		.ascii	"\223g\315\241\033\314\244\343G:\216\271\225z\3624\233"
 412      1BCCA4E3 
 412      473A8EB9 
 412      957AF234 
 412      9B
 413 0ddf 0BB68382 		.ascii	"\013\266\203\202\031\010\007\2545\253\003\336Zc\326"
 413      190807AC 
 413      35AB03DE 
 413      5A63D6
 414 0dee 85AC5B47 		.ascii	"\205\254[GZ!\300l\204\356Z\377P\302\375\324U@DZ6m\262"
 414      5A21C06C 
 414      84EE5AFF 
 414      50C2FDD4 
 414      5540445A 
ARM GAS  C:\Users\RAKIBU~1\AppData\Local\Temp\ccfYthcd.s 			page 33


 415 0e05 C4F9466F 		.ascii	"\304\371Fo\265B,p\341@\243i\343\352\225\257o\335\012"
 415      B5422C70 
 415      E140A369 
 415      E3EA95AF 
 415      6FDD0A
 416 0e18 FE723307 		.ascii	"\376r3\007\004\204o\200\035\012\214\336\250~\343-\363"
 416      04846F80 
 416      1D0A8CDE 
 416      A87EE32D 
 416      F3
 417 0e29 3ACDBAF5 		.ascii	":\315\272\365\001\377\010\216\0135\233\321oP\260&2\026"
 417      01FF088E 
 417      0B359BD1 
 417      6F50B026 
 417      3216
 418 0e3b 62520A16 		.ascii	"bR\012\026\277\327\302\255z{\007'D[\027\014w>\022\327"
 418      BFD7C2AD 
 418      7A7B0727 
 418      445B170C 
 418      773E12D7 
 419 0e4f AD0BF45D 		.ascii	"\255\013\364]\023\262v\375\277\373\373\312)\007\252"
 419      13B276FD 
 419      BFFBFBCA 
 419      2907AA
 420 0e5e F1FA4033 		.ascii	"\361\372@3^\033h\326\204\374*$\320\254[\037\032\022"
 420      5E1B68D6 
 420      84FC2A24 
 420      D0AC5B1F 
 420      1A12
 421 0e70 141468D6 		.ascii	"\024\024h\326\256\337\360nH\220Y\363\366\372\300 3\261"
 421      AEDFF06E 
 421      489059F3 
 421      F6FAC020 
 421      33B1
 422 0e82 28D8C425 		.ascii	"(\330\304%\252U\035\2611>\026[\242\3425\233\267l\216"
 422      AA551DB1 
 422      313E165B 
 422      A2E2359B 
 422      B76C8E
 423 0e95 8AD75912 		.ascii	"\212\327Y\0226GGG\305k-$\312\3425\233,Q\321\361\004"
 423      36474747 
 423      C56B2D24 
 423      CAE2359B 
 423      2C51D1F1 
 424 0eaa F3A189E2 		.ascii	"\363\241\211\342\301\306-\233\303\255\332\220\340\300"
 424      C1C62D9B 
 424      C3ADDA90 
 424      E0C0
 425 0eb8 086B8436 		.ascii	"\010k\2046d\015k\336bM\020k\002Y\023\300\2327Y\363\006"
 425      640D6BDE 
 425      624D106B 
 425      025913C0 
 425      9A3759F3 
 426 0ecd 6BD692C6 		.ascii	"k\326\222\306\235\312\212\264\304m\214\371 \334jp\034"
 426      9DCA8AB4 
 426      C46D8CF9 
 426      20DC6A70 
ARM GAS  C:\Users\RAKIBU~1\AppData\Local\Temp\ccfYthcd.s 			page 34


 426      1C
 427 0ede 195EB467 		.ascii	"\031^\264g\217s6\377\277^\363\213\267"
 427      8F7336FF 
 427      BF5EF38B 
 427      B7
 428              		.text
 429              		.section	.gnu.lto_.symtab.e8101ae1,"",%progbits
 430 0000 5F5F6561 		.ascii	"__early_init\000"
 430      726C795F 
 430      696E6974 
 430      00
 431 000d 00       		.ascii	"\000"
 432 000e 00       		.ascii	"\000"
 433 000f 00       		.ascii	"\000"
 434 0010 00000000 		.ascii	"\000\000\000\000\000\000\000\000"
 434      00000000 
 435 0018 BD000000 		.ascii	"\275\000\000\000"
 436 001c 626F6172 		.ascii	"boardInit\000"
 436      64496E69 
 436      7400
 437 0026 00       		.ascii	"\000"
 438 0027 00       		.ascii	"\000"
 439 0028 00       		.ascii	"\000"
 440 0029 00000000 		.ascii	"\000\000\000\000\000\000\000\000"
 440      00000000 
 441 0031 BF000000 		.ascii	"\277\000\000\000"
 442 0035 73746D33 		.ascii	"stm32_clock_init\000"
 442      325F636C 
 442      6F636B5F 
 442      696E6974 
 442      00
 443 0046 00       		.ascii	"\000"
 444 0047 02       		.ascii	"\002"
 445 0048 00       		.ascii	"\000"
 446 0049 00000000 		.ascii	"\000\000\000\000\000\000\000\000"
 446      00000000 
 447 0051 C1000000 		.ascii	"\301\000\000\000"
 448              		.text
 449              		.section	.gnu.lto_.opts,"",%progbits
 450 0000 272D666D 		.ascii	"'-fmath-errno' '-fsigned-zeros' '-ftrapping-math' '"
 450      6174682D 
 450      6572726E 
 450      6F272027 
 450      2D667369 
 451 0033 2D666E6F 		.ascii	"-fno-trapv' '-fno-openmp' '-fno-openacc' '-mcpu=cor"
 451      2D747261 
 451      70762720 
 451      272D666E 
 451      6F2D6F70 
 452 0066 7465782D 		.ascii	"tex-m4' '-mthumb' '-O2' '-fomit-frame-pointer' '-fa"
 452      6D342720 
 452      272D6D74 
 452      68756D62 
 452      2720272D 
 453 0099 6C69676E 		.ascii	"lign-functions=16' '-ffunction-sections' '-fdata-se"
 453      2D66756E 
 453      6374696F 
ARM GAS  C:\Users\RAKIBU~1\AppData\Local\Temp\ccfYthcd.s 			page 35


 453      6E733D31 
 453      36272027 
 454 00cc 6374696F 		.ascii	"ctions' '-fno-common' '-flto'\000"
 454      6E732720 
 454      272D666E 
 454      6F2D636F 
 454      6D6D6F6E 
 455              		.text
 456              		.comm	__gnu_lto_v1,1,1
 457              		.comm	__gnu_lto_slim,1,1
 458              		.ident	"GCC: (GNU Tools for Arm Embedded Processors 7-2017-q4-major) 7.2.1 20170904 (release) [ARM
ARM GAS  C:\Users\RAKIBU~1\AppData\Local\Temp\ccfYthcd.s 			page 36


DEFINED SYMBOLS
                            *ABS*:00000000 board.c
                            *COM*:00000001 __gnu_lto_v1
                            *COM*:00000001 __gnu_lto_slim

NO UNDEFINED SYMBOLS
