ARM GAS  C:\Users\RAKIBU~1\AppData\Local\Temp\ccpgALe7.s 			page 1


   1              		.cpu cortex-m4
   2              		.eabi_attribute 20, 1
   3              		.eabi_attribute 21, 1
   4              		.eabi_attribute 23, 3
   5              		.eabi_attribute 24, 1
   6              		.eabi_attribute 25, 1
   7              		.eabi_attribute 26, 1
   8              		.eabi_attribute 30, 2
   9              		.eabi_attribute 34, 1
  10              		.eabi_attribute 18, 4
  11              		.file	"chdynamic.c"
  12              		.section	.gnu.lto_.profile.eb29e585,"",%progbits
  13 0000 789C6363 		.ascii	"x\234cc```\001bF\206\014\003\000\001x\000\244"
  13      60606001 
  13      6246860C 
  13      03000178 
  13      00A4
  14              		.text
  15              		.section	.gnu.lto_.icf.eb29e585,"",%progbits
  16 0000 789C6363 		.ascii	"x\234cc``\340c@\000&\206g\357/<ef\274\330\326\374\231"
  16      6060E063 
  16      40002686 
  16      67EF2F3C 
  16      6566BCD8 
  17 0017 83010034 		.ascii	"\203\001\0004,\006z"
  17      2C067A
  18              		.text
  19              		.section	.gnu.lto_.jmpfuncs.eb29e585,"",%progbits
  20 0000 789C858F 		.ascii	"x\234\205\217=\012\302P\020\204g\336\313\317S\220\\"
  20      3D0AC250 
  20      108467DE 
  20      CBCF5390 
  20      5C
  21 0011 20E0513C 		.ascii	" \340Q<\207GIe\245\010\266b!\271\203\205\177\210M\020"
  21      87474965 
  21      A508B662 
  21      21B98385 
  21      7F884D10 
  22 0025 45B0F122 		.ascii	"E\260\361\"\226\202\010B\334\215& Q\\\230bavf\277\000"
  22      96820842 
  22      DC8D2620 
  22      515C9862 
  22      617666BF 
  23 003a 4097A8C6 		.ascii	"@\227\250\306 `1\035\246\026\275\324RdDV\344\211|\017"
  23      2060311D 
  23      A616BDD4 
  23      52644456 
  23      E4897C0F 
  24 004e E4D08C2D 		.ascii	"\344\320\214-\027\373\343\300\215lj\365b\316\230\231"
  24      17FBE3C0 
  24      8D6C6AF5 
  24      62CE9899 
  25 005e 47887299 		.ascii	"G\210r\231\010\024\307\354\262\271\267\324\021\022\\"
  25      0814C7EC 
  25      B2B9B7D4 
  25      11125C
  26 006d 304669D1 		.ascii	"0Fi\321\236jy\250\237\2328\351\357\316\241\372\235\370"
ARM GAS  C:\Users\RAKIBU~1\AppData\Local\Temp\ccpgALe7.s 			page 2


  26      9E6A79A8 
  26      9F9A38E9 
  26      EFCEA1FA 
  26      9DF8
  27 007f 9792280A 		.ascii	"\227\222(\012L\002\3423\333$\004\352u\323\355\365\344"
  27      4C02E233 
  27      DB2404EA 
  27      75D3EDF5 
  27      E4
  28 0090 EB79838E 		.ascii	"\353y\203\216\253w\235+\352\350\027Pm\001h\376\004:"
  28      AB779D2B 
  28      EAE81750 
  28      6D0168FE 
  28      043A
  29 00a2 E4B72C7A 		.ascii	"\344\267,z\001\031\256k@\177\011\312\227\315\227\227"
  29      0119AE6B 
  29      407F09CA 
  29      97CD9797 
  30 00b2 F104A81A 		.ascii	"\361\004\250\032[$"
  30      5B24
  31              		.text
  32              		.section	.gnu.lto_.inline.eb29e585,"",%progbits
  33 0000 789C6363 		.ascii	"x\234cc``\010g@\000&\006\011)CF\006&\211\206\365\214"
  33      60600867 
  33      40002606 
  33      09294346 
  33      06268986 
  34 0016 0C6C0BE4 		.ascii	"\014l\013\344\231@\202\314<@\211\011~`\232\221\201\225"
  34      994082CC 
  34      3C408909 
  34      7E609A91 
  34      8195
  35 0028 0F2832C1 		.ascii	"\017(2\301\017\310g\204\250\225>q\204\221\201}\207\032"
  35      0FC86784 
  35      A8953E71 
  35      8491817D 
  35      871A
  36 003a 16B56012 		.ascii	"\026\265`\022\310\003\000\347\203\012\211"
  36      C80300E7 
  36      830A89
  37              		.text
  38              		.section	.gnu.lto_.pureconst.eb29e585,"",%progbits
  39 0000 789C6363 		.ascii	"x\234cc```\007b&\206]\214\214\273\030\001\005\342\001"
  39      60606007 
  39      6226865D 
  39      8C8CBB18 
  39      0105E201 
  40 0014 87       		.ascii	"\207"
  41              		.text
  42              		.section	.gnu.lto_chThdCreateFromHeap.eb29e585,"",%progbits
  43 0000 789C7D55 		.ascii	"x\234}UkLSg\030\376\336\363\235\266\247\224z\033s\316"
  43      6B4C5367 
  43      18FEDEF3 
  43      9DB6A794 
  43      7A1B73CE 
  44 0014 1887D908 		.ascii	"\030\207\331\010sq\324l\232\231\375Y\246\3112\177\220"
  44      7371D46C 
ARM GAS  C:\Users\RAKIBU~1\AppData\Local\Temp\ccpgALe7.s 			page 3


  44      9A99FD59 
  44      A6C9327F 
  44      90
  45 0025 2CFA7789 		.ascii	",\372w\211\301\332i\263\3256-n\272?\034\001/\3100\352"
  45      C1DA69B3 
  45      D5362D6E 
  45      BA3F1C01 
  45      2FC830EA 
  46 0039 B4B2D229 		.ascii	"\264\262\322)\352\030,\316\353\020E.VP\300\013\212\014"
  46      EA182CCE 
  46      EB10452E 
  46      5650C00B 
  46      8A0C
  47 004b 9D0A2250 		.ascii	"\235\012\"PA\201\322\251!F\215\227\275\357w\016\013"
  47      4181D2A9 
  47      21468D97 
  47      BDEF770E 
  47      0B
  48 005c 14B481E6 		.ascii	"\024\264\201\346\234\357}\236\367\372\274_\215\2141"
  48      9CEF7D9E 
  48      F7FABC5F 
  48      8D8C31
  49 006b 87C25802 		.ascii	"\207\302X\00206\027\237\301\300@\332r\211\261\265\212"
  49      3036179F 
  49      C1C040DA 
  49      7289B1B5 
  49      8A
  50 007c 24C9F946 		.ascii	"$\311\371F\246\306\361\307\365\214\251\361\034d\355"
  50      A6C6F1C7 
  50      F58CA9F1 
  50      1C64ED
  51 008b 5C06A007 		.ascii	"\\\006\240\007U\001\226!q\0312\340'\276\235\303\225"
  51      55019621 
  51      711932E0 
  51      27BE9DC3 
  51      95
  52 009c ECC3419E 		.ascii	"\354\303A\236\313\203\234\201\214\257\017\032\003\341"
  52      CB839C81 
  52      8CAF0F1A 
  52      03E1
  53 00aa 71F40A90 		.ascii	"q\364\012\220\210\257\221h]i\374\314bU\315TC;[\214\005"
  53      88AF9168 
  53      5D69FCCC 
  53      6255CD54 
  53      433B5B8C 
  54 00bf A54DAA39 		.ascii	"\245M\2529\310%\346Gx)L\203\277`\032E?\0063\021\\\032"
  54      C825E647 
  54      78294C83 
  54      BF601A45 
  54      3F063311 
  55 00d5 CD7F68E6 		.ascii	"\315\177h\346\037\000\303\347\033\215\365\317\307%\027"
  55      1F00C3E7 
  55      1B8DF5CF 
  55      C72517
  56 00e4 09E26011 		.ascii	"\011\342`\021W\337\013r\016e\300\207\023\361\210\301"
  56      57DF0B72 
  56      0E65C087 
ARM GAS  C:\Users\RAKIBU~1\AppData\Local\Temp\ccpgALe7.s 			page 4


  56      13F188C1 
  57 00f4 714846F8 		.ascii	"qHF\370\336\265W/X\371lA\355\3109\220'\353\324;\305"
  57      DEB5572F 
  57      58F96C41 
  57      EDC83990 
  57      27EBD43B 
  58 0109 822AC389 		.ascii	"\202*\303\211X\252\314\240\\P3\273\312\256\001\237+"
  58      58AACCA0 
  58      5C5033BB 
  58      CAAE019F 
  58      2B
  59 011a A8674F97 		.ascii	"\250gO\227<\265\352\324\366\300\344\242,\365\313 7\300"
  59      3CB5EAD4 
  59      F6C0E4A2 
  59      2CF5CB20 
  59      37C0
  60 012c C9583276 		.ascii	"\311X2v\253B\220\367g\336\035\340\374SA\356j\350\334"
  60      AB4290F7 
  60      67DE1DE0 
  60      FC5341EE 
  60      6AE8DC
  61 013f 6ED0C917 		.ascii	"n\320\311\027\265\270F\250\214\245\032\031T\011\352"
  61      B5B846A8 
  61      8CA51A19 
  61      5409EA
  62 014e C5BE8A63 		.ascii	"\305\276\212c\012\377LP\2375U\237\210\327\251=\201\351"
  62      0AFF4C50 
  62      9F35559F 
  62      88D7A93D 
  62      81E9
  63 0160 BF89B826 		.ascii	"\277\211\270&\250\216%\233\030\234\022\344~5\267\012"
  63      A88E259B 
  63      189C12E4 
  63      7E35B70A 
  64 0170 F87C412E 		.ascii	"\370|A.\332\374\370\2104\024\367w\021W\201P,Uap\032"
  64      DAFCF888 
  64      3414F777 
  64      11578150 
  64      2C556170 
  65 0185 92091FCD 		.ascii	"\222\011\037\315\356\356\260h\023\233\202\257\207+\263"
  65      EEEEB068 
  65      139B82AF 
  65      872BB3
  66 0194 07F48985 		.ascii	"\007\364\211\205\200:\337Y\031\215\343_\010\327\007"
  66      803ADF59 
  66      198DE35F 
  66      08D707
  67 01a3 EEB4AD4A 		.ascii	"\356\264\255J\332\247\206T5\024-\230\276MU\033T9\310"
  67      DAA78654 
  67      35142D98 
  67      BE4D551B 
  67      5439C8
  68 01b6 CD7046F3 		.ascii	"\315pF\363^\213\336k\304\004\031\241C\375\341\3752_"
  68      5E8BDE6B 
  68      C40419A1 
  68      43FDE1FD 
  68      325F
ARM GAS  C:\Users\RAKIBU~1\AppData\Local\Temp\ccpgALe7.s 			page 5


  69 01c8 28987F6C 		.ascii	"(\230\177l\375\265\314\210TJ\352Q`\322\236,\215\252"
  69      FDB5CC88 
  69      544AEA51 
  69      60D29E2C 
  69      8DAA
  70 01da 40DDC8C4 		.ascii	"@\335\310\304t\352\231\356g\315\026\236*\250\375\033"
  70      74EA99EE 
  70      67CD169E 
  70      2AA8FD1B 
  71 01ea 1B8A159D 		.ascii	"\033\212\025\235\032\015L\035\242J\3200&\265\353\310"
  71      1A0D4C1D 
  71      A24AD030 
  71      26B5EBC8 
  72 01fa 8B1D56A3 		.ascii	"\213\035V\243\014\347 \011\352\361\377,$\221\274PU\347"
  72      0CE72009 
  72      EAF1FF2C 
  72      2491BC50 
  72      55E7
  73 020c C108FF03 		.ascii	"\301\010\377\003\262U\374\204\352v\031\305\271\237\303"
  73      B255FC84 
  73      EA7619C5 
  73      B99FC3
  74 021b 302E830B 		.ascii	"0.\203\013\010\275\010F\026\003\257\015\274\277\204"
  74      08BD0846 
  74      1603AF0D 
  74      BCBF84
  75 022a 91C18F9A 		.ascii	"\221\301\217\232\245V\237o>e\341\253\265\012\017\356"
  75      A5569F6F 
  75      3E65E1AB 
  75      B50A0FEE 
  76 023a C98FD7D3 		.ascii	"\311\217\327\323\254/\231s0\2749O-\314\234\020\344q"
  76      AC2F9973 
  76      30BC394F 
  76      2DCC9C10 
  76      E471
  77 024c 70E93589 		.ascii	"p\3515\211\352y\034B9_\306L\241\221\234\363\021\311"
  77      EA791C42 
  77      395FC64C 
  77      A1919CF3 
  77      11C9
  78 025e 34613257 		.ascii	"4a2W0\031\372\302\375\344\303K;\324l\010\251/^n\300"
  78      3019FAC2 
  78      FDE4C34B 
  78      3BD46C08 
  78      A92F5E6E 
  79 0273 759A1268 		.ascii	"u\232\022h\353\355\177w*\340p-\022~I\006\240m0\002\011"
  79      EBED7F77 
  79      2AE0702D 
  79      127E4906 
  79      A06D3002 
  80 0288 1BC78D0C 		.ascii	"\033\307\215\0143\220N\255@\222\033\017\244\235\211"
  80      33904EAD 
  80      40921B0F 
  80      A49D89
  81 0297 40324860 		.ascii	"@2H`\344\223\261\215\330'\\j5\304r\260@|\312\012\261"
  81      E493B18D 
  81      D8275C6A 
ARM GAS  C:\Users\RAKIBU~1\AppData\Local\Temp\ccpgALe7.s 			page 6


  81      35C472B0 
  81      407CCA0A 
  82 02ac 08AC2F0C 		.ascii	"\010\254/\014\347\231\250K\001\256`^\345\345\221VS\306"
  82      E799A84B 
  82      01AE605E 
  82      E5E59156 
  82      53C6
  83 02be 735509F2 		.ascii	"sU\011\362x?\356\015\203f\310`\001n\010p#\232\003\025"
  83      783FEE0D 
  83      8366C860 
  83      016E0870 
  83      239A0315 
  84 02d2 83E70DA4 		.ascii	"\203\347\015\244\037+(\3607L\013\362q\254\0072\023E"
  84      1F2B28F0 
  84      374C0BF2 
  84      71AC0732 
  84      1345
  85 02e4 FB310774 		.ascii	"\3731\007t\302\272!\373f\355\245\202x\335)\244hM\311"
  85      C2BA21FB 
  85      66EDA582 
  85      78DD29A4 
  85      684DC9
  86 02f7 C1C2F196 		.ascii	"\301\302\361\226\301\240}\220\031\350\255\012[\010\200"
  86      C1A07D90 
  86      19E8AD0A 
  86      5B0880
  87 0306 3EB7F877 		.ascii	">\267\370w\345\232l\037\322\356a\315;h\232\014Z\300"
  87      E59A6C1F 
  87      D2EE61CD 
  87      3B689A0C 
  87      5AC0
  88 0318 16E06682 		.ascii	"\026\340f\202\372\315\2618\213\206\003\302]%\234\202"
  88      FACDB138 
  88      8B8603C2 
  88      5D259C82 
  89 0328 B8ACE0FA 		.ascii	"\270\254\340\372\274\362\004-&\340\021\346K\354\226"
  89      BCF2042D 
  89      26E011E6 
  89      4BEC96
  90 0337 4DB78E57 		.ascii	"M\267\216W\302+<H\344\341\032y\000\221\324\250HF\015"
  90      C22B3C48 
  90      E4E11A79 
  90      0091D4A8 
  90      48460D
  91 034a 2704F60F 		.ascii	"'\004\366\017\341\254c\343L\032N&\334u\302\215\037\201"
  91      E1AC63E3 
  91      4C1A4E26 
  91      DC75C28D 
  91      1F81
  92 035c 1B2C79D0 		.ascii	"\033,y\320\012\204S4\234\201p7\0107\021\273'\215!\260"
  92      0A845334 
  92      9C817037 
  92      083711BB 
  92      278D21B0 
  93 0370 FDAF1718 		.ascii	"\375\257\027\030\334\204$$m\350U\253d\232F\034$B+\332"
  93      DC842424 
  93      6DE855AB 
ARM GAS  C:\Users\RAKIBU~1\AppData\Local\Temp\ccpgALe7.s 			page 7


  93      649A461C 
  93      24422BDA 
  94 0384 FAF182AB 		.ascii	"\372\361\202\253\330y\362v\354&\374|\302\244o\202a\264"
  94      D879F276 
  94      EC26FC7C 
  94      C2A46F82 
  94      61B4
  95 0396 EA677DCD 		.ascii	"\352g}\315\240\215l\2437\242d\316\237\234b1\2705Z\271"
  95      A08D6CA3 
  95      37A264CE 
  95      9F9C6231 
  95      B8355AB9 
  96 03aa ED38F2DB 		.ascii	"\3558\362\333\244\334\333\244\\`O(\352\336\335G\037"
  96      A4DCDBA4 
  96      5C604F28 
  96      EADEDD47 
  96      1F
  97 03bb C7CDD824 		.ascii	"\307\315\330$\355V\363\023\203\330\006\272W\302\025"
  97      ED56F313 
  97      83D806BA 
  97      57C215
  98 03ca AA2263AF 		.ascii	"\252\"c\257\241\003f\210\345\270\037ii\225\360\004:"
  98      A1036688 
  98      E5B81F69 
  98      6995F004 
  98      3A
  99 03db 41167933 		.ascii	"A\026y3\350\022?(%\325\265\335\3613\362t\366\004\302"
  99      E8123F28 
  99      25D5B5DD 
  99      F133F274 
  99      F604C2
 100 03ee 3E3C78F4 		.ascii	"><x\364\252E\260\303\304\206; \013\305\211\0360\024"
 100      AA45B0C3 
 100      C4863B20 
 100      0BC5891E 
 100      3014
 101 0400 707647EE 		.ascii	"pvG\356\255Z\320\006\2370R\301\023\375x\2112\350F\005"
 101      AD5AD006 
 101      9F3052C1 
 101      13FD7889 
 101      32E84605 
 102 0414 A3A167EB 		.ascii	"\243\241g\353\326\034\216\006\374\024>\205 \237D\303"
 102      D61C8E06 
 102      FC143E85 
 102      209F44C3 
 103 0424 201E831E 		.ascii	" \036\203\036\310\010\3627\310o\341T!\345s$\345\004"
 103      C808F237 
 103      C86FE154 
 103      21E57324 
 103      E504
 104 0436 1AE2E0BD 		.ascii	"\032\342\340\275\366}&}\216\376u5\227M\324oI\\\012\225"
 104      F67D267D 
 104      8EFE7535 
 104      974DD46F 
 104      495C0A95 
 105 044a 358D75C6 		.ascii	"5\215u\306B\330\265\226<N\016\362\004\244\300]*\007"
 105      42D8B596 
ARM GAS  C:\Users\RAKIBU~1\AppData\Local\Temp\ccpgALe7.s 			page 8


 105      3C4E0EF2 
 105      04A4C05D 
 105      2A07
 106 045c 8D2D1BAE 		.ascii	"\215-\033\256\267[l\007(\032\226\362&\334\203B\330\201"
 106      B75B6C07 
 106      281A96F2 
 106      26DC8342 
 106      D881
 107 046e 2DC67C7A 		.ascii	"-\306|z\301F?\200g\352\327+\344l2\000\364!+\002\353"
 107      C1463F80 
 107      67EAD72B 
 107      E46C3200 
 107      F4212B02 
 108 0483 0A5F6EE6 		.ascii	"\012_n\346\"\243\221u\274\345G\2113\350\027\233H5\036"
 108      22A39175 
 108      BCE54789 
 108      33E8179B 
 108      48351E
 109 0496 8A943FB1 		.ascii	"\212\224?\261\022w\0126>Bk\370\266\020\022\3352\303"
 109      12770A36 
 109      3E426BF8 
 109      B61012DD 
 109      32C3
 110 04a8 F38C43F3 		.ascii	"\363\214C\363\200\256\213\362\235'\337\321.\031}T/v"
 110      80AE8BF2 
 110      9D27DFD1 
 110      2E197D54 
 110      2F76
 111 04ba 77565B86 		.ascii	"wV[\206\2460 \246\020\025S\210m\371\277Z\313;\366l\277"
 111      A63020A6 
 111      10155388 
 111      6DF9BF5A 
 111      CB3BF66C 
 112 04cf FFAD08A1 		.ascii	"\377\255\010\241\255\263\254\337!}P\323&\372O\375D\372"
 112      ADB3ACDF 
 112      217D50D3 
 112      26FA4FFD 
 112      44FA
 113 04e1 2F1DA16D 		.ascii	"/\035\241m\206ye\352F\354\261\231\301}\230\307\242\230"
 113      867965EA 
 113      46ECB199 
 113      C17D98C7 
 113      A298
 114 04f3 5B40ACDB 		.ascii	"[@\254\333#\220\250ER{S\301<\254\205\337|\332\004x3"
 114      2390A845 
 114      527B53C1 
 114      3CAC85DF 
 114      7CDA0478 
 115 0508 01F9427B 		.ascii	"\001\371B{rJ\212\015\377\354+\234K\235n\337G\263?\266"
 115      724A8A0D 
 115      FFEC2B9C 
 115      4B9D6EDF 
 115      47B33FB6 
 116 051c B97D366F 		.ascii	"\271}6o\272\315\347\265\343\341\2625+\323\\N{\212\235"
 116      BACDE7B5 
 116      E3E1B235 
 116      2BD35C4E 
ARM GAS  C:\Users\RAKIBU~1\AppData\Local\Temp\ccpgALe7.s 			page 9


 116      7B8A9D
 117 052f 195638D2 		.ascii	"\031V8\322<\036\331\347\374\321!\343\231C\366x\235n"
 117      3C1ED9E7 
 117      FCD121E3 
 117      9943F678 
 117      9D6E
 118 0541 C9F30D4F 		.ascii	"\311\363\015O\363.\227\322\227\361\037|\036)\335\363"
 118      F32E97D2 
 118      97F11F7C 
 118      1E29DDF3 
 119 0551 2A6FCE95 		.ascii	"*o\316\225\366\357V-s\240\301\267\306\227\262\202\231"
 119      F6EF562D 
 119      73A0C1B7 
 119      C697B282 
 119      99
 120 0562 96A6F91C 		.ascii	"\226\246\371\034_y\235s\307\302\333\335.\227{\245\315"
 120      5F799D73 
 120      C7C2DBDD 
 120      2E977BA5 
 120      CD
 121 0573 E3F6A6FB 		.ascii	"\343\366\246\373l\237/J]\220\272\032\021v\267\327\261"
 121      6C9F2F4A 
 121      5D90BA1A 
 121      1176B7D7 
 121      B1
 122 0584 E4FB4F5C 		.ascii	"\344\373O\\\310\236\377\032\226cu:ql\013R\027/\\l[\200"
 122      C89EFF1A 
 122      9663753A 
 122      716C0B52 
 122      172F5C6C 
 123 059a 24DBC2A1 		.ascii	"$\333\302\241\340.\237\323\267d\271\335\216.&\244.^"
 123      E02E9FD3 
 123      B764B9DD 
 123      8E2E26A4 
 123      2E5E
 124 05ac 94484960 		.ascii	"\224HI`\031\263\022\223f3\311\313L.\207\313\355]\303"
 124      19B31293 
 124      6633C9CB 
 124      4C2E87CB 
 124      ED5DC3
 125 05bf FE030DF9 		.ascii	"\376\003\015\371\375\361"
 125      FDF1
 126              		.text
 127              		.section	.gnu.lto_chThdCreateFromMemoryPool.eb29e585,"",%progbits
 128 0000 789C7D55 		.ascii	"x\234}UkL\024W\024\276g\356\354\354.\273\210\017j-5"
 128      6B4C1457 
 128      14BE67EE 
 128      ECEC2EBB 
 128      880F6A2D 
 129 0015 2D2625D4 		.ascii	"-&%\324FYc5\232\376hbM\223\372\203\244\321_ML\214\256"
 129      46596335 
 129      9AFE6862 
 129      4D93FA83 
 129      A4D15F4D 
 130 002c 5449BB2E 		.ascii	"TI\273.\331\305V\1771\002*\226\326\252\225U\351T\326"
 130      D9C5567F 
 130      31022A96 
ARM GAS  C:\Users\RAKIBU~1\AppData\Local\Temp\ccpgALe7.s 			page 10


 130      D6AA9555 
 130      E954D6
 131 003f 1AAA42C5 		.ascii	"\032\252B\305G\221\002\002\256\240@\255 R|\362\006A"
 131      47910202 
 131      AEA040AD 
 131      20527CF2 
 131      0641
 132 0051 7988628C 		.ascii	"y\210b\214\365U\3559w\006\"\013\262\331Lf\346~\337\271"
 132      F555ED39 
 132      7706220B 
 132      B2D94C66 
 132      E67EDFB9 
 133 0065 E79CEF3B 		.ascii	"\347\234\357;w\024\306\330\031\013cv`l>\336\203\211"
 133      7714C6D8 
 133      190B6376 
 133      606C3EDE 
 133      8389
 134 0077 81B4A396 		.ascii	"\201\264\243\226\261M\026I\222\367*L\015\341\217\253"
 134      B14D1649 
 134      92F72A4C 
 134      0DE18FAB 
 135 0087 1853ED1C 		.ascii	"\030S\355\034d\375\275\014@7\252\005X\222\304eH\202"
 135      64FDBD0C 
 135      4037AA05 
 135      5892C465 
 135      4882
 136 0099 EFF96E0E 		.ascii	"\357\371n\016\227S\217k<\235k\234\201\214\217\2035\231"
 136      97538F6B 
 136      3C9D6B9C 
 136      818C8F83 
 136      3599
 137 00ab 9D13E811 		.ascii	"\235\023\350\021 \022\037\373\007*\363\3553\017\251"
 137      20121FFB 
 137      072AF3ED 
 137      330FA9
 138 00ba 6AB21AD8 		.ascii	"j\262\032\330S\037\362s~\235j\325\270\304|\010\317\207"
 138      531FF273 
 138      7E9D6AD5 
 138      B8C47C08 
 138      CF87
 139 00cc E9F0074C 		.ascii	"\351\360\007L\247\335O\301L\004\337)\254L\263\360\017"
 139      A7DD4FC1 
 139      4C04DF29 
 139      AC4CB3F0 
 139      0F
 140 00dd 80E1FDB3 		.ascii	"\200\341\375\263M-G&Dg\013\342\255\337\270\372\236\306"
 140      4D2D4726 
 140      44670BE2 
 140      ADDFB8FA 
 140      9EC6
 141 00ef 3914007F 		.ascii	"9\024\000\177\225\210\257\030\374\011\321\010O\356("
 141      9588AF18 
 141      FC09D108 
 141      4FEE28
 142 00fe B80A7CB6 		.ascii	"\270\012|\266\240\236?{\370i\350\020uZ\246\032\2205"
 142      A09E3F7B 
 142      F869E810 
ARM GAS  C:\Users\RAKIBU~1\AppData\Local\Temp\ccpgALe7.s 			page 11


 142      755AA61A 
 142      9035
 143 0110 4CB73098 		.ascii	"L\2670\230+3(\022\334\334\344\333w9\237+\270\035\325"
 143      2B332812 
 143      DCDCE4DB 
 143      77399F2B 
 143      B81DD5
 144 0123 EDBB4D06 		.ascii	"\355\273M\006\367jNDv\212\372\231\306MP\034L\306v\235"
 144      F76A4E44 
 144      768AFA99 
 144      C64D501C 
 144      4CC6769D 
 145 0137 16E48BBD 		.ascii	"\026\344\213\275\247OY\370\002A~^WVh7\310M\207D\316"
 145      A74F59F8 
 145      02417E5E 
 145      57566837 
 145      C84D8744 
 146 014c 0A940453 		.ascii	"\012\224\004S\025\006\245\202\332\247\246\227\002\377"
 146      1506A582 
 146      DAA7A697 
 146      02FF
 147 015a 4850B3B7 		.ascii	"HP\263\267?>!\031\324~#g3\224\005s\315\014\316@4\021"
 147      3F3E2119 
 147      D47E2367 
 147      33940573 
 147      CD0CCE40 
 148 0170 0652BBDA 		.ascii	"\006R\273\332lz\333\247\341\343\361\222\324\273F\333"
 148      6C7ADBA7 
 148      E1E3F192 
 148      D4BB46DB 
 149 0180 0380CF37 		.ascii	"\003\200\3177\332K\006B\370\307\"\366\321[M\353\243"
 149      DA4B0642 
 149      F8C722F6 
 149      D15B4DEB 
 149      A3
 150 0191 0EAA0155 		.ascii	"\016\252\001U\015\014\344\276\263KU\253U\214n\201r="
 150      0D0CE4BE 
 150      B34B55AB 
 150      558C6E81 
 150      723D
 151 01a3 FA598C1E 		.ascii	"\372Y\214\036\02020B\007\372:se\276H0\217\354\374\245"
 151      10323042 
 151      07FA3A73 
 151      65BE4830 
 151      8FECFCA5 
 152 01b7 40412A65 		.ascii	"@A*e\325\2353\371@\212N5\303\271\221\211\031\324s]\317"
 152      D59D33F9 
 152      408A4E35 
 152      C3B99189 
 152      19D4735D 
 153 01cc EB6DFC53 		.ascii	"\353m\374SA\355K\253>d1\250-9\021CT\011*\307\244v\234"
 153      41ED4BAB 
 153      3E6431A8 
 153      2D391143 
 153      54092AC7 
 154 01e3 789111AA 		.ascii	"x\221\021\252\310P\005Qp\036\242\374\210\250\200(\262"
 154      C8500551 
ARM GAS  C:\Users\RAKIBU~1\AppData\Local\Temp\ccpgALe7.s 			page 12


 154      701EA2FC 
 154      88A88028 
 154      B2
 155 01f4 09BAA31A 		.ascii	"\011\272\243\032\024\030\306\244\252\370\013\324\346"
 155      1418C6A4 
 155      AAF80BD4 
 155      E6
 156 0201 29E2BD8F 		.ascii	")\342\275\217\303+t\006\177!\364\002(,\010^\261\357"
 156      C32B7406 
 156      7F21F402 
 156      282C085E 
 156      B1EF
 157 0213 FD158C16 		.ascii	"\375\025\214\026|\350=j\367\205\37236\236\240\027\231"
 157      7CE83D6A 
 157      F785FA33 
 157      369EA017 
 157      99
 158 0224 7760AFDD 		.ascii	"w`\257\335\310\264*k^^\347\366\037T\177\362D\215[\341"
 158      C8B42A6B 
 158      5E5EE7F6 
 158      1F547FF2 
 158      448D5BE1 
 159 0238 E238B9EA 		.ascii	"\3428\271\352\201+\217\241-k0S\370\233\202\363\021\311"
 159      812B8FA1 
 159      2D6B3053 
 159      F89B82F3 
 159      11C9
 160 024a D4623297 		.ascii	"\324b2\2270\031\272\340\234\361\241\352\250\264c\365"
 160      3019BAE0 
 160      9CF1A1EA 
 160      A8B463F5 
 161 025a A680FAE2 		.ascii	"\246\200\372\342\345V\034\213\360\234\374-5\315\362"
 161      E5561C8B 
 161      F09CFC2D 
 161      35CDF2
 162 0269 DB800287 		.ascii	"\333\200\002\207Hx\261q\274H\012\220\267-\214\030V "
 162      4878B171 
 162      BC480A90 
 162      B72D8C18 
 162      5620
 163 027b AF860299 		.ascii	"\257\206\002\231.\014\310?\223\200\234\020\316(&ci\330"
 163      2E0CC83F 
 163      93809C10 
 163      CE282663 
 163      69D8
 164 028d 271C4E35 		.ascii	"'\034N5\300\266a\201x\227\022`\375\220\352\357\3140"
 164      C0B66181 
 164      78971260 
 164      FD90EAEF 
 164      CC30
 165 029f 539732B9 		.ascii	"S\2272\271\005\363**\352o4'\375\247Z4n\367\241\375\031"
 165      05F32A2A 
 165      EA6F3427 
 165      FDA75A34 
 165      6EF7A1FD 
 166 02b4 D44112CB 		.ascii	"\324A\022\313\344\212\306CY7$G\212F\343n\010g]\220z"
 166      E48AC643 
ARM GAS  C:\Users\RAKIBU~1\AppData\Local\Temp\ccpgALe7.s 			page 13


 166      59372447 
 166      8A46E36E 
 166      08675D90 
 167 02c9 B3A236D7 		.ascii	"\263\2426\327n\320!F/\177\033\226\210\347\002\206\357"
 167      6ED02146 
 167      2F7F1B96 
 167      88E70286 
 167      EF
 168 02da 85E4CC9E 		.ascii	"\205\344\314\236\322.\033\0010\370\016\337\376t\263"
 168      D22E1B01 
 168      30F80EDF 
 168      FE74B3
 169 02e9 63364D1A 		.ascii	"c6M\032V\227A\2721\270\014\216Ln%\250\317\032\214\263"
 169      569741BA 
 169      31B80C8E 
 169      4C6E25A8 
 169      CF1A8CB3 
 170 02fd E938205C 		.ascii	"\3518 \\=\341,\204+\356\251\356\232\242\357I\222\373"
 170      3DE12C84 
 170      2BEEA9EE 
 170      9AA2EF49 
 170      92FB
 171 030f 36975F32 		.ascii	"6\227_2\223\255u\231K\312k*\025?\354\337\204\255\217"
 171      93AD7599 
 171      4BCA6B2A 
 171      153FECDF 
 171      84AD8F
 172 0322 D4F804CC 		.ascii	"\324\370\004\314\035\376!ap\255a\353\365\026\233\343"
 172      1DFE2161 
 172      70AD61EB 
 172      F5169BE3 
 173 0332 A8AA2F85 		.ascii	"\250\252/\205A\003\370!\003\233\201\341\257\200\003"
 173      4103F821 
 173      039B81E1 
 173      AF8003
 174 0341 63A7685B 		.ascii	"c\247h[\276\320#K\270\031\306\247\375\032\276k\276V"
 174      BED0234B 
 174      B819C6A7 
 174      FD1ABE6B 
 174      BE56
 175 0353 02AFC94D 		.ascii	"\002\257\311M\230\357*\345&\211rG\325`\322q2\341\256"
 175      98EF2AE5 
 175      26897247 
 175      D560D271 
 175      32E1AE
 176 0366 112E746C 		.ascii	"\021.tl\234\242\343L\204\273N\270\260\021\270\207\207"
 176      9CA2E34C 
 176      84BB4EB8 
 176      B011B887 
 176      87
 177 0377 071B8170 		.ascii	"\007\033\201pf\035\247\020\356\006\341&\241.\322\030"
 177      661DA710 
 177      EE06E126 
 177      A12ED218 
 178 0387 26CD1DDF 		.ascii	"&\315\035\337\244p\023\242\220\264\265G-\225\251{V\210"
 178      A47013A2 
 178      90B4B547 
ARM GAS  C:\Users\RAKIBU~1\AppData\Local\Temp\ccpgALe7.s 			page 14


 178      2D95A97B 
 178      5688
 179 0399 84465CEB 		.ascii	"\204F\\\353\303s\362\231\257\2705x\232~*\264\031\323"
 179      C373F299 
 179      AFB83578 
 179      9A7E2AB4 
 179      19D3
 180 03ab 641A3D39 		.ascii	"d\032=9\263\2263h\242\265\321S\2255\357wN{1h\036\355"
 180      B3963368 
 180      A2B5D153 
 180      9535EF77 
 180      4E7B3168 
 181 03c1 FE163453 		.ascii	"\376\0264S+\271\277\225\334\017l\220v\3755\353\344\343"
 181      2BB9BF95 
 181      DC0F6C90 
 181      76FD35EB 
 181      E4E3
 182 03d3 9019C952 		.ascii	"\220\031\311R\226\272\027U\232(\216\247\316\323\252"
 182      96BA1755 
 182      9A288EA7 
 182      CED3AA
 183 03e2 4546A1A0 		.ascii	"EF\241\240\015f\010)\357\36774J\370\006\332A\026y3\350"
 183      0D660829 
 183      EFF73734 
 183      4AF806DA 
 183      41167933 
 184 03f7 101F97C3 		.ascii	"\020\037\227\303e\025]\366\031\233\015\366$\302>\310"
 184      65155DF6 
 184      199B0DF6 
 184      24C23EC8 
 185 0407 3B79C526 		.ascii	";y\305&\330\235\304\206[ \013/\213\0360\032\202\266"
 185      D89DC486 
 185      5B200B2F 
 185      8B1E301A 
 185      82B6
 186 0419 F4E6F3A0 		.ascii	"\364\346\363\240\013\037>r\012&\373\360@e\320\205S\200"
 186      0B1F3E72 
 186      0A26FBF0 
 186      4065D085 
 186      5380
 187 042b 0BDD3B77 		.ascii	"\013\335;wn\343\270\200?\377S\320\370\024\022\203x\014"
 187      6EE3B880 
 187      3FFF53D0 
 187      F8141283 
 187      780C
 188 043d BA2149E3 		.ascii	"\272!I\343\341\024\327\037!\206\244\212\206$\234D|x"
 188      E114D71F 
 188      2186A48A 
 188      86249C44 
 188      7C78
 189 044f A725DB6C 		.ascii	"\247%\333l\3508\354Vi\224[\375S5\376\006R\340\366\230"
 189      E838EC56 
 189      69945BFD 
 189      5335FE06 
 189      52E0F698 
 190 0463 769D0A77 		.ascii	"v\235\012w\204]\315$^\0178\350+\366\362\337@\030\005"
 190      845DCD24 
ARM GAS  C:\Users\RAKIBU~1\AppData\Local\Temp\ccpgALe7.s 			page 15


 190      5E0F38E8 
 190      2BF6F2DF 
 190      401805
 191 0476 7B1324E8 		.ascii	"{\023$\350E\226\030\270\326\341\315\306\215\236[\366"
 191      459618B8 
 191      D6E1CDC6 
 191      8D9E5BF6 
 192 0486 F0916938 		.ascii	"\360\221i8\272\031\372Dt\013E\357'_)\330\230\315\376"
 192      BA19FA44 
 192      740B45EF 
 192      275F29D8 
 192      98CDFE
 193 0499 837BB8A8 		.ascii	"\203{\270\250odW\246\371\010\010w\305\331@\035;\326"
 193      6F6457A6 
 193      F9080877 
 193      C5D9401D 
 193      3BD6
 194 04ab 5FF42494 		.ascii	"_\364$\2242y\013e\034\200\351\032\217\020\266\244s\357"
 194      32790B65 
 194      1C80E91A 
 194      8F10B6A4 
 194      73EF
 195 04bd D5AAADB8 		.ascii	"\325\252\255\270|\317p\331\023_\361\273\372\261g\010"
 195      7CCF70D9 
 195      135FF1BB 
 195      FAB16708 
 196 04cd FF22ABBD 		.ascii	"\377\"\253\275\3146\244\351=\241\351}\241i\260\200\203"
 196      CC36A4E9 
 196      3DA1E97D 
 196      A169B080 
 196      83
 197 04de BA806DED 		.ascii	"\272\200m\355?\336\377Jl\241\037;\262q\252\365By\223"
 197      3FDEFF4A 
 197      6CA11F3B 
 197      B271AAF5 
 197      427993
 198 04f1 5093D441 		.ascii	"P\223\324A\372\276\266\300.\323\302\0025\015\025\303"
 198      FABEB6C0 
 198      2ED3C202 
 198      350D15C3 
 199 0501 B3F2012C 		.ascii	"\263\362\001,d\003\230[\246\030\336G\300\251%RK]\356"
 199      6403985B 
 199      A618DE47 
 199      C0A92552 
 199      4B5DEE
 200 0514 42AC853F 		.ascii	"B\254\205?-\276\014xV\002\305\302\035\243cb\034\370"
 200      2DBE0C78 
 200      5602C5C2 
 200      1DA36362 
 200      1CF8
 201 0526 77AE8D5F 		.ascii	"w\256\215_\025\357\366\316\235\363\241\303\355ux\022"
 201      15EFF6CE 
 201      9DF3A1C3 
 201      ED757812 
 202 0536 1D5E8F13 		.ascii	"\035^\217\023_\256\336\270n\245+\336\031\343d\222+A"
 202      5FAEDEB8 
 202      6EA52BDE 
ARM GAS  C:\Users\RAKIBU~1\AppData\Local\Temp\ccpgALe7.s 			page 16


 202      19E36492 
 202      2B41
 203 0548 C6FB3839 		.ascii	"\306\37389\301\023\357\226\022\276\344+=k\244\304\325"
 203      C113EF96 
 203      12BEE42B 
 203      3D6BA4C4 
 203      D5
 204 0559 FC5B6F82 		.ascii	"\374[o\202\224\230\360\272(\361\353\234_\257_\035\207"
 204      9498F0BA 
 204      28F1EB9C 
 204      5FAF5F1D 
 204      87
 205 056a 0BDE8DDE 		.ascii	"\013\336\215\336\230\265\314\274j\2457\356sO\374\374"
 205      98B5CCBC 
 205      6AA537EE 
 205      734FFCFC 
 206 057a B1F04EB7 		.ascii	"\261\360N\267\313\345^\347Hp{\022\275\216EKc\027\307"
 206      CBE55EE7 
 206      48707B12 
 206      BD8E454B 
 206      6317C7
 207 058d 6E4084D3 		.ascii	"n@\204\323\355\211[\361\315\002\027\262?\031\207\025"
 207      ED895BF1 
 207      CD0217B2 
 207      3F198715 
 208 059d B7219138 		.ascii	"\267!\2218\216\305\261\313\226,s,F\222c\311\320\346"
 208      8EC5B1CB 
 208      962C732C 
 208      469263C9 
 208      D0E6
 209 05af 2E6FBC77 		.ascii	".o\274w\305\032\247\023CL\214]\2664\222\222\3002fEF"
 209      C51AA713 
 209      434C8C5D 
 209      B6349292 
 209      C0326645 
 210 05c4 CD619287 		.ascii	"\315a\222\207\231]q.\267g#\373\037\036w\033\370"
 210      995D712E 
 210      B76723FB 
 210      1F1E771B 
 210      F8
 211              		.text
 212              		.section	.gnu.lto_.symbol_nodes.eb29e585,"",%progbits
 213 0000 789C55C9 		.ascii	"x\234U\311\273\015\2000\020\003P\237C\030\203Y`\262"
 213      BB0D8030 
 213      1003509F 
 213      43188359 
 213      60B2
 214 0012 4B874445 		.ascii	"K\207DEM\315\022\374DC\315\004\024\024\231\003q@C\012"
 214      4DCD12FC 
 214      4443CD04 
 214      14149903 
 214      7140430A 
 215 0026 CBD6730E 		.ascii	"\313\326s\016\240\263\200\003\025hw\300j\014\225\311"
 215      A0B38003 
 215      156877C0 
 215      6A0C95C9 
 216 0036 48954464 		.ascii	"H\225Dd\241\362\025 \204\322`\246\272\004&j\226\300"
ARM GAS  C:\Users\RAKIBU~1\AppData\Local\Temp\ccpgALe7.s 			page 17


 216      A1F21520 
 216      84D260A6 
 216      BA04266A 
 216      96C0
 217 0048 4AF57F70 		.ascii	"J\365\177p\310\320\237\2278[[}\024\016D\337X\213\377"
 217      C8D09F97 
 217      385B5B7D 
 217      140E44DF 
 217      588BFF
 218 005b DC9EF8B8 		.ascii	"\334\236\370\270\020\321\0347\267F'\264"
 218      10D11C37 
 218      B74627B4 
 219              		.text
 220              		.section	.gnu.lto_.refs.eb29e585,"",%progbits
 221 0000 789C6363 		.ascii	"x\234cc```\004b\006\000\000D\000\010"
 221      60606004 
 221      62060000 
 221      440008
 222              		.text
 223              		.section	.gnu.lto_.decls.eb29e585,"",%progbits
 224 0000 789CB55A 		.ascii	"x\234\265Z{P\224\331\225\357\333\267_@\003\263\340&"
 224      7B5094D9 
 224      95EFDBB7 
 224      5F4003B3 
 224      E026
 225 0012 26CB1FEE 		.ascii	"&\313\037\356\024\311\220dG\324\231\314$[\251\324L\334"
 225      14C99064 
 225      47D499CC 
 225      245BA9D4 
 225      4CDC
 226 0024 DDCC5465 		.ascii	"\335\314Te\266RqS[Skm/\003=\302\014\257t7\343\270\373"
 226      B6527153 
 226      5B536B6D 
 226      2F033DC2 
 226      0CAF7437 
 227 003b 479A8788 		.ascii	"G\232\207\210\362\022E\345)\210\240<\005\007\021\005"
 227      F21245E5 
 227      2988A03C 
 227      05071105 
 228 004b 44044505 		.ascii	"D\004E\005E\020\305\007OA@\221\227\274\037\012{\356"
 228      4510C507 
 228      4F414091 
 228      97BC1F0A 
 228      7BEE
 229 005d A3FBFBBA 		.ascii	"\243\373\373\272\351V\223\332\355\342\362}\347~\347"
 229      E95693DA 
 229      EDE2F27D 
 229      E77EE7
 230 006c 9EF33BE7 		.ascii	"\236\363;\347\236s\356\375\036\012\211DR\267I\"9\255"
 230      9E73EEFD 
 230      1E0A8944 
 230      52B74922 
 230      39AD
 231 007e 94485452 		.ascii	"\224HTR\211d\025~\030\372.As\202\226\217\330\371\257"
 231      8964157E 
 231      18FA2E41 
 231      7382968F 
ARM GAS  C:\Users\RAKIBU~1\AppData\Local\Temp\ccpgALe7.s 			page 18


 231      D8F9AF
 232 0091 E03808C7 		.ascii	"\3408\010\307Z8j\340\350\001M\001\355\026\320\237\303"
 232      5A386AE0 
 232      E8014D01 
 232      ED16D09F 
 232      C3
 233 00a2 71188E12 		.ascii	"q\030\216\022\3367\005\347K\320V\241\311A\246\0234W"
 233      DE3705E7 
 233      4BD056A1 
 233      C941A613 
 233      3457
 234 00b4 A964CD6F 		.ascii	"\251d\315o\020\024\375\020\216n\320\326A\333\201\354"
 234      1014FD10 
 234      8E6ED0D6 
 234      41DB81EC 
 235 00c4 EB6B8163 		.ascii	"\353k\201c?\034\337\207\343[R\246\323\021\216n\320\276"
 235      3F1CDF87 
 235      E35B52A6 
 235      D3118E6E 
 235      D0BE
 236 00d6 0F6DBD94 		.ascii	"\017m\275\224a\221\301\321\037\216\177\217\030\306\037"
 236      6191C1D1 
 236      1F8E7F8F 
 236      18C61F
 237 00e5 4819A615 		.ascii	"H\031\246\025\240\301D\311U8^\201\326\014\355\032\264"
 237      A0C144C9 
 237      55385E81 
 237      D60CED1A 
 237      B4
 238 00f6 266897A1 		.ascii	"&h\227\241\035\206\346\300\261{\300\230\015\320~\304"
 238      1D86E6C0 
 238      B17BC098 
 238      0DD07EC4 
 239 0106 B1BF03ED 		.ascii	"\261\277\003\355\247Rf\313*Zk\307,\330\361wVv\020\177"
 239      A75266CB 
 239      2A5A6BC7 
 239      2CD8F177 
 239      5676107F 
 240 011a D8B3E173 		.ascii	"\330\263\341sn\307\317@\236\013\264An\363_b\213\203"
 240      6EC7CF40 
 240      9E0BB441 
 240      6EF35F62 
 240      8B83
 241 012c C8967E3B 		.ascii	"\310\226~;\366\004p\276%+\233\\m\330D\314z\337j\216"
 241      F60470BE 
 241      252B9B5C 
 241      6DD844CC 
 241      7ADF6A8E 
 242 0140 92316A8B 		.ascii	"\2221j\213*\313\300\261\030\2719\"\031\220\317o\246"
 242      2ACBC0B1 
 242      18B93922 
 242      1990CF6F 
 242      A6
 243 0151 0DB800B9 		.ascii	"\015\270\000\271\316\021m\0002\255z\246I\316\256\252"
 243      CE116D00 
 243      32AD7AA6 
 243      49CEAEAA 
ARM GAS  C:\Users\RAKIBU~1\AppData\Local\Temp\ccpgALe7.s 			page 19


 244 0161 80BC3D79 		.ascii	"\200\274=y#\323\211\221o\001yv\350z\243#c6\"\240+\307"
 244      23D38991 
 244      6F017976 
 244      E87AA323 
 244      633622A0 
 245 0177 8B2A9D19 		.ascii	"\213*\235\031]Gd\237\2376\236q\306RD\316/\317\364\236"
 245      5D47649F 
 245      9F369E71 
 245      C65244CE 
 245      2FCFF49E 
 246 018b 5063077A 		.ascii	"Pc\007z>\325\223_\350\200]\350y\367\265\202\"\242\377"
 246      3ED5935F 
 246      E8805DE8 
 246      79F7B582 
 246      22A2FF
 247 019e 73474422 		.ascii	"sGD\"\323\025\272JG\317/:\263.\302q\275\355\311\264"
 247      D315BA4A 
 247      47CF2F3A 
 247      B32EC271 
 247      BDEDC9B4 
 248 01b2 0AAFA3E7 		.ascii	"\012\257\243\347\371\307\026W\361\306b#\373\251\376"
 248      F9C71657 
 248      F1C66223 
 248      FBA9FE
 249 01c1 47826A11 		.ascii	"G\202j\0216\231\222\2738Q\251\306\377D\030\2457[\347"
 249      369992BB 
 249      3851A9C6 
 249      FF4418A5 
 249      375BE7
 250 01d4 AB54C8D1 		.ascii	"\253T\310\321+\306h\2140fG\032\035>\221\2403\310\003"
 250      2BC6688C 
 250      3066471A 
 250      1D3E91A0 
 250      33C803
 251 01e7 95230F09 		.ascii	"\225#\017\011\252G^D\370E\264Q\202.@g\015t\236 \002"
 251      AA475E44 
 251      F845B451 
 251      822E4067 
 251      0D749E20 
 252 01fc EB7A53DF 		.ascii	"\353zS\337\256\3561\0327\240K\010l@\230\362\200\357"
 252      AEEE311A 
 252      37A04B08 
 252      6C4098F2 
 252      80EF
 253 020e 3E77642A 		.ascii	">wd*\366w-\3268\3412D\301\344E\337\035v\301\025\214"
 253      F6772DD6 
 253      38E13244 
 253      C1E445DF 
 253      1D76C115 
 254 0223 28AE4F6D 		.ascii	"(\256Omr\302\227\030\221\023~\267\331\03172\242w\271"
 254      72C29718 
 254      91137EB7 
 254      D9193732 
 254      A277B9
 255 0236 A702E366 		.ascii	"\247\002\343fF\024\256\3144\271\342VFt\036m|\252\306"
 255      4614AECC 
 255      34B9E256 
ARM GAS  C:\Users\RAKIBU~1\AppData\Local\Temp\ccpgALe7.s 			page 20


 255      46741E6D 
 255      7CAAC6
 256 0249 3D8CC878 		.ascii	"=\214\310x\034\237 '\001Au\007\313H_C\311r\035\246}"
 256      1C9F2027 
 256      01417507 
 256      CB485F43 
 256      C9721DA6 
 257 025e 00B709D1 		.ascii	"\000\267\011\321\276\307\215c\217\225f\276f\326yeu\276"
 257      BEC78D63 
 257      8F9566BE 
 257      66D67965 
 257      75BE
 258 0270 CE954D8C 		.ascii	"\316\225M\214T4O\353\330<\015MW\305)\327\037&\026\356"
 258      54344FEB 
 258      D83C0D4D 
 258      57C529D7 
 258      1F2616EE 
 259 0284 8F34BE25 		.ascii	"\2174\276%E\0325j\001\273o\202\335\022t\013\255\207"
 259      451A356A 
 259      01BB6F82 
 259      DD12740B 
 259      AD87
 260 0296 FF374010 		.ascii	"\3777@\0205\261)\374\342e'\365>\263\337\310u\263\353"
 260      35B129FC 
 260      E26527F5 
 260      3EB3DFC8 
 260      75B3EB
 261 02a9 24A815A9 		.ascii	"$\250\025\251\271S\200\267v\271\350\246\024\017S\003"
 261      B95380B7 
 261      76B9E8A6 
 261      140F5303 
 262 02b9 A4E3C565 		.ascii	"\244\343\305eM.H\355eg(j\007\257\013\243\231\277'j7"
 262      4D2E48ED 
 262      6567286A 
 262      07AF0BA3 
 262      99BF276A 
 263 02ce A5DE26FE 		.ascii	"\245\336&\376\276\015\027\332\004\177\003\037\323\220"
 263      BE0D17DA 
 263      047F031F 
 263      D390
 264 02dc 7CF87EA1 		.ascii	"|\370~\241+\316e1t\356\302\330\026f\244\007PU\335\317"
 264      2BCE6531 
 264      74EEC2D8 
 264      1666A407 
 264      5055DDCF 
 265 02f0 EBB8917D 		.ascii	"\353\270\221}$\372\362KO\335\203\271a\254E\363Q\025"
 265      24FAF24B 
 265      4FDD83B9 
 265      61AC45F3 
 265      5115
 266 0302 AEF80C23 		.ascii	"\256\370\014#Lq\351\306\3432\177(#A\315\350_\000y\247"
 266      4C71E9C6 
 266      E3327F28 
 266      2341CDE8 
 266      5F0079A7 
 267 0316 B5270FE3 		.ascii	"\265'\017\343*\251E<\276\2636\036\337a\361x;q*W\211"
 267      2AA9453C 
ARM GAS  C:\Users\RAKIBU~1\AppData\Local\Temp\ccpgALe7.s 			page 21


 267      BEB3361E 
 267      DF61F178 
 267      3B712A57 
 268 032b 1B28BBB4 		.ascii	"\033(\273\264\367\301r\227\213\2758\353\003\213\337"
 268      F7C17297 
 268      8BBD38EB 
 268      038BDF
 269 033a E171D60D 		.ascii	"\341q\326\015\235]\3468\233\177\360\353\324)bw/\314"
 269      9D5DE638 
 269      9B7FF0EB 
 269      D4296277 
 269      2FCC
 270 034c 618F60F7 		.ascii	"a\217`\367;<\316\012r\223r\024\270\002S\035\325\351"
 270      3B3CCE0A 
 270      72937214 
 270      B802531D 
 270      D5E9
 271 035e 8357A4F6 		.ascii	"\203W\244\366t\014\330\3271\361v\343n\243Q\212\372A"
 271      740CD8D7 
 271      31F176E3 
 271      6EA3518A 
 271      FA41
 272 0370 C7234107 		.ascii	"\307#A\007\250dJ\214\311\313Y\3168MF\225LD\246\347\331"
 272      A8644A8C 
 272      C9CB59CE 
 272      384D4695 
 272      4C44A6E7 
 273 0385 3564C8AE 		.ascii	"5d\310\256\222{q\270g\211\0302\010J\036\013J\372MJ\272"
 273      927B71B8 
 273      67891832 
 273      084A1E0B 
 273      4AFA4D4A 
 274 039a CAE31B54 		.ascii	"\312\343\033Tx\200*A\325\2255\215\274\234l\0022\362"
 274      78802A41 
 274      D595358D 
 274      BC9C6C02 
 274      32F2
 275 03ac 71E62317 		.ascii	"q\346#\027\374\214]kL\214\212s\3043\014\315l\333h\252"
 275      FC8C5D6B 
 275      4C8C8A73 
 275      C4330CCD 
 275      6CDB68AA 
 276 03c0 C21E9A51 		.ascii	"\302\036\232Q\273h\232\024\037\241g\000d\304\006\220"
 276      BB689A14 
 276      1FA16700 
 276      64C40690 
 277 03d0 F4E9EEA7 		.ascii	"\364\351\356\247\016L\267\027\361p\325t\236\002\033"
 277      0E4CB717 
 277      F170D574 
 277      9E021B
 278 03df E5AC380D 		.ascii	"\345\2548\015\264_\223\343\275\214\310\256\177\364."
 278      B45F93E3 
 278      BD8CC8AE 
 278      7FF42E
 279 03ee 4E63E755 		.ascii	"Nc\347U\207j\306T8\213\021\375\253+_\341Rv\276\267x"
 279      876AC654 
 279      388B11FD 
ARM GAS  C:\Users\RAKIBU~1\AppData\Local\Temp\ccpgALe7.s 			page 22


 279      AB2B5FE1 
 279      5276BEB7 
 280 0403 6FA30BAE 		.ascii	"o\243\013\256dD\316\305\352Q%\276\312\010S\005uc\025"
 280      6444CEC5 
 280      EA5125BE 
 280      CA085305 
 280      756315
 281 0416 347FA4F7 		.ascii	"4\177\244\367\005\306\035\354\332\243\256\253e.\370"
 281      05C61DEC 
 281      DAA3AEAB 
 281      652EF8
 282 0425 3E23AAE7 		.ascii	">#\252\347\323\253]q/#n\016\254N9\342!FT\246\255\324"
 282      D3AB5D71 
 282      2F236E0E 
 282      AC4E39E2 
 282      214654A6 
 283 043b C9F01823 		.ascii	"\311\360\030#v\307\227\034!EV\301\002RIJ\300\344\322"
 283      76C7971C 
 283      214556C1 
 283      0252494A 
 283      C0E4D2
 284 044e 5919EB22 		.ascii	"Y\031\353\"f\177\013]\231\251]\247]\360s:DZ\333~.\312"
 284      667F0B5D 
 284      99A95DA7 
 284      5DF0733A 
 284      445ADB7E 
 285 0464 1979399A 		.ascii	"\031y9\232b\355\203\324I2E\253\340\231\227\202g\024"
 285      62ED83D4 
 285      493245AB 
 285      E0999782 
 285      6714
 286 0476 C4313184 		.ascii	"\30411\204\305\332\301+\340`\005w\360\013\350\\\206"
 286      C5DAC12B 
 286      E0600577 
 286      F00BE85C 
 286      86
 287 0487 4E52B617 		.ascii	"NR\266\027'\317\310\3602\323Q~\360E\212\213\240cbK\005"
 287      27CFC8F0 
 287      32D3517E 
 287      F0458A8B 
 287      A063624B 
 288 049c 8DB50829 		.ascii	"\215\265\010)`\222\232u\254\"\273J\302\2456\225<2.\247"
 288      60929A75 
 288      AC22BB4A 
 288      C2A53695 
 288      3C322EA7 
 289 04b0 AA71A482 		.ascii	"\252q\244\202*I\257\317)\227\232\225@\254=\243\261\266"
 289      2A49AFCF 
 289      29979A95 
 289      40AC3DA3 
 289      B1B6
 290 04c2 1B94440A 		.ascii	"\033\224D\012J@\247=%Q\266\225,\035<_\341\204\367R%"
 290      4A40A73D 
 290      2551B695 
 290      2C1D3C5F 
 290      E184F752 
 291 04d7 28F6D0D8 		.ascii	"(\366\320\330\011\027\234\310\210\345'\311\017\020\233"
ARM GAS  C:\Users\RAKIBU~1\AppData\Local\Temp\ccpgALe7.s 			page 23


 291      09179CC8 
 291      88E527C9 
 291      0F109B
 292 04e6 3D359011 		.ascii	"=5\220\021\325\017\222\\y\215\241\271\277\024\263\""
 292      D50F925C 
 292      798DA1B9 
 292      BF14B322 
 293 04f6 C3198CF7 		.ascii	"\303\031\214\367^\\{\247\002\3472\250\225\315]\313\330"
 293      5E5C7BA7 
 293      02E732A8 
 293      95CD5DCB 
 293      D8
 294 0507 0C7549FE 		.ascii	"\014uI\376\021\212\007\224\261o\2042\3166\312\306[\331"
 294      118A0794 
 294      B16F8432 
 294      CE36CAC6 
 294      5BD9
 295 0519 B0F01532 		.ascii	"\260\360\0252e\347\223\016@$\2261\242'%\266\332\011"
 295      65E7930E 
 295      40249631 
 295      A22725B6 
 295      DA09
 296 052b 3730A236 		.ascii	"70\2426q\352\234\003nb\304\236\205\3762W\334\316\210"
 296      71EA9C03 
 296      6E62C49E 
 296      85FE3257 
 296      DCCE88
 297 053e 91C8BA47 		.ascii	"\221\310\272G2\374\220\021\245\273\037\027\250\300\024"
 297      32FC9011 
 297      A5BB1F17 
 297      A8C014
 298 054d 0F882324 		.ascii	"\017\210#$\252j\036\254\252\235\251\233.\221\341^f\314"
 298      AA6A1EAC 
 298      AA9DA99B 
 298      2E91E15E 
 298      66CC
 299 055f E992C75F 		.ascii	"\351\222\307_\211\342g\343\356=dnS\300\240\303\202A"
 299      89E267E3 
 299      EE3D646E 
 299      53C0A0C3 
 299      8241
 300 0571 1EDC9E08 		.ascii	"\036\334\236\010\243\361\270\021\257\227\240\367<\320"
 300      A3F1B811 
 300      AF97A0F7 
 300      3CD0
 301 057f 26B0E608 		.ascii	"&\260\346\010X\343\301\2559$\365@\311RjMAV\376eg\374"
 301      58E3C1AD 
 301      3924F540 
 301      C9526A4D 
 301      4156FE65 
 302 0595 9429E829 		.ascii	"\224)\350)\231h\301\242\350y\273\234FO:hH\0254\244H"
 302      9968C1A2 
 302      E879BB9C 
 302      464F3A68 
 302      481534A4 
 303 05aa EDA848B3 		.ascii	"\355\250H\263\255\"\342`{\261\003~\316TD\\\331\337\246"
 303      AD22E260 
ARM GAS  C:\Users\RAKIBU~1\AppData\Local\Temp\ccpgALe7.s 			page 24


 303      7BB1037E 
 303      CE54445C 
 303      D9DFA6
 304 05bd 349510CB 		.ascii	"4\225\020\313\341Gm\0147\207X\027\015\261L@\222! I\227"
 304      E1476D0C 
 304      37875817 
 304      0DB14C40 
 304      92212049 
 305 05d2 F22A7228 		.ascii	"\362*r(mh=^\344\201\023\267R\212\361*S7\226\220_\251"
 305      6D683D5E 
 305      E48113B7 
 305      528AF12A 
 305      53379690 
 306 05e8 B0AD2EC7 		.ascii	"\260\255.\307\256\272\333\020&\307@S\266\015M\335\231"
 306      AEBADB10 
 306      26C74053 
 306      B60D4DDD 
 306      99
 307 05f9 13D332BC 		.ascii	"\023\3232\274GIU\3456\224\266)q<%\244\017f\233\017\012"
 307      474955E5 
 307      3694B629 
 307      713C25A4 
 307      0F669B0F 
 308 060e 59F11064 		.ascii	"Y\361\020d\234\000\031\271\3262l \311\263\355\267\361"
 308      9C0019B9 
 308      D6326C20 
 308      C9B3EDB7 
 308      F1
 309 061f A8C13EBE 		.ascii	"\250\301>\276\255[O\262#9\345=|\230)\036\313k\371\216"
 309      AD5B4FB2 
 309      2339E53D 
 309      7C98291E 
 309      CB6BF98E 
 310 0633 544D2F47 		.ascii	"TM/G\364gQ\320x\261\240\311H\352?\342\2003\031\254\324"
 310      F46751D0 
 310      78B1A0C9 
 310      48EA3FE2 
 310      803319AC 
 311 0648 D933CBE6 		.ascii	"\3313\313\346\025\244,\322\3707\341\233%\350\034\204"
 311      15A42CD2 
 311      F837E19B 
 311      25E81C84 
 312 0658 730589F1 		.ascii	"s\005\211\361\022P\355\305U\027\202\352\002\251\260"
 312      1250EDC5 
 312      551782EA 
 312      02A9B0
 313 0667 16FE3893 		.ascii	"\026\3768\223\256\205\305`E\221`\205\027w\304\236\250"
 313      AE85C560 
 313      45916085 
 313      1777C49E 
 313      A8
 314 0678 FC44279C 		.ascii	"\374D'\234\317\224$'\366w*\305e\347*\015\2342\030zJ"
 314      CF942427 
 314      F6772AC5 
 314      65E72A0D 
 314      9C32187A 
 315 068d 185A2C38 		.ascii	"\030Z,8`\015\220R\033@HJ\225v^\226\341\323L\313\354"
ARM GAS  C:\Users\RAKIBU~1\AppData\Local\Temp\ccpgALe7.s 			page 25


 315      600D9052 
 315      1B40484A 
 315      95765E96 
 315      E1D34CCB 
 316 06a2 DEB16CFB 		.ascii	"\336\261l\373\246\224\3335ex\002\337o\200\375\217\014"
 316      A694DB35 
 316      657802DF 
 316      6F80FD8F 
 316      0C
 317 06b3 7D07804E 		.ascii	"}\007\200N\013\200\312L\263Z\0257\033e\261\273\"\214"
 317      0B80CA4C 
 317      B35A1537 
 317      1B65B1BB 
 317      228C
 318 06c5 C2EEEA8C 		.ascii	"\302\356\352\214T\3157\263\021\375g;\020\036g\263pw"
 318      54CD37B3 
 318      11FD673B 
 318      101E67B3 
 318      7077
 319 06d7 E1C2921A 		.ascii	"\341\302\222\032OSBV\034Y8)C^\036\010F!\346\010\262"
 319      4F534256 
 319      1C593829 
 319      435E1E08 
 319      4621E608 
 320 06ec 1796A02A 		.ascii	"\027\226\240*\020uV\212M\233\3734#\300\237\3743\351"
 320      1075568A 
 320      4D9BFB34 
 320      23C09FFC 
 320      33E9
 321 06fe 8673153D 		.ascii	"\206s\025=\332\210\211J\260\206\\\222\240\363`\3139"
 321      DA88894A 
 321      B0865C92 
 321      A0F360CB 
 321      39
 322 070f E68DD319 		.ascii	"\346\215\323\031\327\026\035\0349w\314\353\270\037-"
 322      D7161D1C 
 322      3977CCEB 
 322      B81F2D
 323 071e AC5E568B 		.ascii	"\254^V\213\215\252\2660\252\306l\324\245\233\221\005"
 323      8DAAB630 
 323      AAC66CD4 
 323      A59B9105 
 324 072e 4E788119 		.ascii	"Nx\201\031\325\377\362\330c%^a\304B\312\365\\g\034\245"
 324      D5FFF2D8 
 324      63255E61 
 324      C442CAF5 
 324      5C671CA5 
 325 0742 A2C481E2 		.ascii	"\242\304\201\342\326{\012\034\303\210\236S+5\012\034"
 325      D67B0A1C 
 325      C3889E53 
 325      2B350A1C 
 326 0752 CB88BE88 		.ascii	"\313\210\276\210\306v\025N`\304\363\361;/\234\361\001"
 326      C676154E 
 326      60C4F3F1 
 326      3B2F9CF1 
 326      01
 327 0763 4618176B 		.ascii	"F\030\027k\037*\360aFt\036Z\350s\300\251\214\270v7\366"
ARM GAS  C:\Users\RAKIBU~1\AppData\Local\Temp\ccpgALe7.s 			page 26


 327      1F2AF061 
 327      46741E5A 
 327      E873C0A9 
 327      8CB87637 
 328 0778 22D46C46 		.ascii	"\"\324lF\234l\3563\312q\026#j\3665\277P\341\034F\244"
 328      9C6CEE33 
 328      CA711623 
 328      6AF635BF 
 328      50E11C46 
 329 078d 55ED8970 		.ascii	"U\355\211p\304y\214(Z\235NT\343|F,\324\264\345HYzx\222"
 329      C4798C28 
 329      5A9D4E54 
 329      E37C462C 
 329      D4B4E548 
 330 07a5 2D7C5DEC 		.ascii	"-|]\3545\314\326\204l\330l;]\312\\8\212\220'\373\271"
 330      35CCD684 
 330      6CD86C3B 
 330      5DCA5C38 
 330      8A9027FB 
 331 07ba 7B7A79E6 		.ascii	"{zy\346\020G\324\015'\310[J\366\305\033\263\353\021"
 331      1047D40D 
 331      27C85B4A 
 331      F6C51BB3 
 331      EB11
 332 07cc DD815D82 		.ascii	"\335\201]\202"
 333 07d0 68B82375 		.ascii	"h\270#u\027\252\376,u\316fr\337\307F,}\235f\254\213"
 333      17AAFE2C 
 333      75CE6672 
 333      DFC7462C 
 333      7D9D66AC 
 334 07e5 C294FB9A 		.ascii	"\302\224\373\2325\2677\015\017$p\327\007\012\334W\255"
 334      35B7370D 
 334      0F2470D7 
 334      070ADC57 
 334      AD
 335 07f6 B92BAC65 		.ascii	"\271+\254e\367\213\270\033\254\271OJ\255\270\247DH\256"
 335      F78BB81B 
 335      ACB94F4A 
 335      ADB8A744 
 335      48AE
 336 0808 DB442262 		.ascii	"\333D\"b~(\022}\331\232\371,\262\306}[\304~\3056;\025"
 336      7E28127D 
 336      D99AF92C 
 336      B2C67D5B 
 336      C47EC536 
 337 081e 9E446F57 		.ascii	"\236DoW\240\301\215\011\272\001\301\326\014(Q\023\037"
 337      A0C18D09 
 337      BA01C1D6 
 337      0C285113 
 337      1F
 338 082f 0179853A 		.ascii	"\001y\205: \026\333\244\236\250\005\332-hw\241\265C"
 338      2016DBA4 
 338      9EA805DA 
 338      2D6877A1 
 338      B543
 339 0841 BB0DAD15 		.ascii	"\273\015\255\025\332=h7\245\2364\031\230\356&\221\356"
 339      DA3D6837 
ARM GAS  C:\Users\RAKIBU~1\AppData\Local\Temp\ccpgALe7.s 			page 27


 339      A59E3419 
 339      98EE2691 
 339      EE
 340 0852 46DB3E63 		.ascii	"F\333>cPY:\217?y+\034\364\0236\011\317dA\326\370\250"
 340      50593A8F 
 340      3F792B1C 
 340      F4133609 
 340      CF6441D6 
 341 0868 5B4EA4F1 		.ascii	"[N\244\361\332&*\254\336\266K\2310\210\231\216\276\321"
 341      DA262AAC 
 341      DEB64B99 
 341      3088998E 
 341      BED1
 342 087a 5AA93843 		.ascii	"Z\2518C\304\314\022t\337\234!=59\363\316x\204\006\036"
 342      C4CC1274 
 342      DF9C213D 
 342      3539F3CE 
 342      7884061E 
 343 088e CE3BBBFC 		.ascii	"\316;\273\374\322\025yz\2713\215\035c\353\216S\215\300"
 343      D215797A 
 343      B9338D1D 
 343      63EB8E53 
 343      8DC0
 344 08a0 8EEA4063 		.ascii	"\216\352@c\227\355ia\340[\306\030\370.K\360I|\003B\335"
 344      97ED6961 
 344      E05BC618 
 344      F82E4BF0 
 344      497C0342 
 345 08b5 6A1EFC80 		.ascii	"j\036\374\200K#n\355\004\267>\344n#\251\0201<\206\361"
 345      4B236EED 
 345      04B73EE4 
 345      6E23A910 
 345      313C86F1 
 346 08c9 3C4B8567 		.ascii	"<K\205gCE\035R\374\202\021\031\275\365=|G}\231\320g"
 346      43451D52 
 346      FC821119 
 346      BDF53D7C 
 346      477D99D0 
 347 08de 7B93F7AA 		.ascii	"{\223\367\252yb\220g\011\303ss\035\012\034\315\356\371"
 347      79629067 
 347      09C37373 
 347      1D0A1CCD 
 347      EEF9
 348 08f0 CB570BA2 		.ascii	"\313W\013\2421\216c\304\213\274[\367U\370\020#.\275"
 348      318E63C4 
 348      8BBC5BF7 
 348      55F81023 
 348      2EBD
 349 0902 7C90E188 		.ascii	"|\220\341\210\217R\342W3\347\357\035uF\356\236jwH%\362"
 349      8F52E257 
 349      33E7EF1D 
 349      7546EE9E 
 349      6A774825 
 350 0917 1FFE3CC9 		.ascii	"\037\376<\311\271\027\374H~\301\377u\236\364\012d\232"
 350      B917FC48 
 350      7EC1FF75 
 350      9EF40A64 
ARM GAS  C:\Users\RAKIBU~1\AppData\Local\Temp\ccpgALe7.s 			page 28


 350      9A
 351 0928 A75A4D3A 		.ascii	"\247ZM:\275<\315?//\333\006N\303\276w\220\033h\304^"
 351      BD3CCD3F 
 351      2F2FDB06 
 351      4EC3BE77 
 351      901B68C4 
 352 093d 68C8222E 		.ascii	"h\310\".\346\213\345/\033\022X\256\016\203s\0338\267"
 352      E68BE52F 
 352      1B1258AE 
 352      0E83731B 
 352      38B7
 353 094f 0DE78AE6 		.ascii	"\015\347\212\346\360\211\305\034\222q\314\315\026\221"
 353      F089C51C 
 353      9271CCCD 
 353      1691
 354 095d DB0791DB 		.ascii	"\333\007\221\333K\"7\033\264\216p\004Yp~\024{\242Lh"
 354      4B22371B 
 354      B48E7004 
 354      59707E14 
 354      7BA24C68 
 355 0971 19D0D2A1 		.ascii	"\031\320\322\241\245AK\205\226\002\355\010\264\303\320"
 355      A5414B85 
 355      9602ED08 
 355      B4C3D0
 356 0980 0E418B80 		.ascii	"\016A\213\200\266\002\221\374\022\332\013h\243\320\236"
 356      B60291FC 
 356      12DA0B68 
 356      A3D09E
 357 098f 417B6A61 		.ascii	"A{ja\301\324\357Xd\303\235\375#\230\313\0211\370\007"
 357      C1D4EF58 
 357      64C39DFD 
 357      2398CB11 
 357      31F807
 358 09a2 7692CA0C 		.ascii	"v\222\312\014\255\207\217\370\377\201\266\322\354\306"
 358      AD878FF8 
 358      FF81B6D2 
 358      ECC6
 359 09b0 C296DC22 		.ascii	"\302\226\334\"v\"+p\017\327\024\210\236f\036\346c\340"
 359      76222B70 
 359      0FD71488 
 359      9E661EE6 
 359      63E0
 360 09c2 D161DBFC 		.ascii	"\321a\333\374\326S1n1\025c,\235,\214\255\204\253g\351"
 360      D653316E 
 360      3115632C 
 360      9D2C8CAD 
 360      84AB67E9 
 361 09d6 0D33183B 		.ascii	"\0153\030;\316\215]\202P\237\006\300S\320&,@/\237\227"
 361      CE8D5D82 
 361      509F06C0 
 361      53D0262C 
 361      402F9F97 
 362 09ea AF9C311A 		.ascii	"\257\2341\032\341\026a\222\307\303\270\275Z!\202\361"
 362      E1166192 
 362      C7C3B8BD 
 362      5A2182F1 
 363 09fa DC02C6E4 		.ascii	"\334\002\306\344\253`,\203\352\327\303\350?\211\215"
ARM GAS  C:\Users\RAKIBU~1\AppData\Local\Temp\ccpgALe7.s 			page 29


 363      AB602C83 
 363      EAD7C3E8 
 363      3F898D
 364 0a09 B9EB696C 		.ascii	"\271\353il\335\267\215\301T\210!\343;\216(\303i\020"
 364      DDB78DC1 
 364      548821E3 
 364      3B8E28C3 
 364      6910
 365 0a1b CC005B34 		.ascii	"\314\000[47\323\274k\361\266\035\004\346\353\213\000"
 365      37D3BC6B 
 365      F1B61D04 
 365      E6EB8B00 
 366 0a2b 628E035A 		.ascii	"b\216\003Z\200\363y\0003k\235%\361WDY2\011\210\346\354"
 366      80F37900 
 366      336B9D25 
 366      F1574459 
 366      320988E6 
 367 0a40 AC51B675 		.ascii	"\254Q\266uL\360\021\366u\364{\26186e\341Z\371\242\022"
 367      4CF011F6 
 367      75F47BB1 
 367      383665E1 
 367      5AF9A212 
 368 0a54 D793CF4A 		.ascii	"\327\223\317J\334\234e\211c\027Wk\345\361\307\017\220"
 368      DC9C6589 
 368      6317576B 
 368      E5F1C70F 
 368      90
 369 0a65 BD1871C7 		.ascii	"\275\030q\307s\341\276\227p\233\231\316\313\027\313"
 369      73E1BE97 
 369      709B99CE 
 369      CB17CB
 370 0a74 C8DE73DC 		.ascii	"\310\336s\334\226\210\241\303J\330X\321Y},\354\345\306"
 370      9688A1C3 
 370      4AD858D1 
 370      597D2CEC 
 370      E5C6
 371 0a86 E9780677 		.ascii	"\351x\006w\272X^|=\332\270\337\207>vxj\035\254O,\203"
 371      BA585E7C 
 371      3DDAB8DF 
 371      873E7678 
 371      6A1DAC4F 
 372 0a9c 1B444E7D 		.ascii	"\033DN}*L\3218g7\273gl\015{\375\247\314\035\253\300"
 372      2A4CD138 
 372      6737BB67 
 372      6C0D7BFD 
 372      A7CC1DAB 
 373 0ab1 36652D7D 		.ascii	"6e-}\314*\257\327\024\275p\310e[E\217[\227\305\2747"
 373      CC2AAFD7 
 373      14BD70C8 
 373      655B458F 
 373      5B97C5BC 
 374 0ac6 68C77B2B 		.ascii	"h\307{+\373\303\311C\003\030?#8o\320d\274\221\306Cl"
 374      FBC3C943 
 374      03183F23 
 374      386FD064 
 374      BC91C643 
 375 0adb 018F8748 		.ascii	"\001\217\207H\274\016\315Y\003\234\025\331s\300\026"
ARM GAS  C:\Users\RAKIBU~1\AppData\Local\Temp\ccpgALe7.s 			page 30


 375      BC0ECD59 
 375      039C15D9 
 375      73C016
 376 0aea 42091D47 		.ascii	"B\011\035G\340%\003\274\203PN\016@K\202\026\017-\016"
 376      E02503BC 
 376      83504E0E 
 376      404B8216 
 376      0F2D0E
 377 0afd 5A34B4DD 		.ascii	"Z4\264\335\320\242\260\305:\376\011s\013q\372<h%R\354"
 377      D0A2B0C5 
 377      3AFE0973 
 377      0B71FA3C 
 377      682552EC 
 378 0b11 EE4F5A2E 		.ascii	"\356OZ.\212\352\311\302\353\270\353\177\315D\357\301"
 378      8AEAC9C2 
 378      EBB8EB7F 
 378      CD44EFC1 
 379 0b21 6AB4689F 		.ascii	"j\264h\237Y\224\3641X\234\3640nM\322\357\205B\033C\012"
 379      5994F431 
 379      589CF430 
 379      6E4DD2EF 
 379      85421B43 
 380 0b36 ED1E8822 		.ascii	"\355\036\210\"\302N,\216\005\213\367\201e{\005\313\310"
 380      C24E2C8E 
 380      058BF781 
 380      657B05CB 
 380      C8
 381 0b47 1DC40DF9 		.ascii	"\035\304\015\371\304\324\023\243\361\200\232>\345XB"
 381      C4D413A3 
 381      F1809A3E 
 381      E55842
 382 0b56 D842FEDA 		.ascii	"\330B\376\332\244\037\371\036)\020\246\214'\27462\236"
 382      A41FF91E 
 382      2910A68C 
 382      27BC3632 
 382      9E
 383 0b67 4F78B49C 		.ascii	"Ox\264\234\2043\360X\355f\330\\\336:\311\347\222<\270"
 383      8433F058 
 383      ED66D85C 
 383      DE3AC9E7 
 383      923CB8
 384 0b7a D8277D8D 		.ascii	"\330'}\215\237:j\270W\023\300Q\011\366\271E\216J\004"
 384      9F3A6AB8 
 384      5713C051 
 384      09F6B945 
 384      8E4A04
 385 0b8d 4EC15109 		.ascii	"N\301Q\011\314Qv\326S\264\037\334#,\251\346\240\\\274"
 385      CC5176D6 
 385      53B41FDC 
 385      232CA9E6 
 385      A05CBC
 386 0ba0 4FB29548 		.ascii	"O\262\225HJ\0242r\230\026Zs\221\252\276\312\015\201"
 386      4A143272 
 386      98165A73 
 386      91AABECA 
 386      0D81
 387 0bb2 C570FF2B 		.ascii	"\305p\377+\355 N\251\342\253\023\261:\351u\334#\277"
ARM GAS  C:\Users\RAKIBU~1\AppData\Local\Temp\ccpgALe7.s 			page 31


 387      ED204EA9 
 387      E2AB13B1 
 387      3AE975DC 
 387      23BF
 388 0bc4 64D14198 		.ascii	"d\321A\230\017\330gfp\347\316)\210\277\201g\355\356"
 388      0FD86766 
 388      70E7CE29 
 388      88BF8167 
 388      EDEE
 389 0bd6 B1E3945B 		.ascii	"\261\343\224[d\2441e\023}\320p\220\257\277\374\036\213"
 389      64A43165 
 389      137DD070 
 389      90AFBFFC 
 389      1E8B
 390 0be8 A54D8B68 		.ascii	"\245M\213hI\034y7\305X\027\216\351\263\202,[\314\357"
 390      491C7937 
 390      C558178E 
 390      E9B3822C 
 390      5BCCEF
 391 0bfb 09BC4D9C 		.ascii	"\011\274M\234\227<\0238n\213W4\211C\305|\022\341\276"
 391      973C1338 
 391      6E8B5734 
 391      8943C57C 
 391      12E1BE
 392 0c0e 13E55BEF 		.ascii	"\023\345[\357\033\304{X\276\325\377\0313\037\356\350"
 392      1BC47B58 
 392      BED5FF19 
 392      331FEEE8 
 393 0c1e 50856D76 		.ascii	"P\205mv\361=\307O\205Z~\301\232{\355\215\301C\021{\255"
 393      F13DC74F 
 393      855A7EC1 
 393      9A7BED8D 
 393      C143117B 
 394 0c33 6D76D14C 		.ascii	"mv\321L\264\024\362y\243\333Vk\366\2125\322\353\271"
 394      B414F279 
 394      A3DB566B 
 394      F68A35D2 
 394      EBB9
 395 0c45 74B209E9 		.ascii	"t\262\011\351\266\315.\222\276\364\023\313\225t\304"
 395      B6CD2E92 
 395      BEF413CB 
 395      9574C4
 396 0c54 F64ACAE7 		.ascii	"\366J\312\347\271\200\025\322\021;\205tt\206\304,\211"
 396      B98015D2 
 396      113B8574 
 396      7486C42C 
 396      89
 397 0c65 EE7E2166 		.ascii	"\356~!fGh!\205\355okaN\272\032\337\240\017T\276\037"
 397      47682185 
 397      ED6F6B61 
 397      4EBA1ADF 
 397      A00F54BE 
 398 0c7a 97DE7BD5 		.ascii	"\227\336{\325\001y\255\343\233_wOv\006\233^\330\376"
 398      0179ADE3 
 398      9B5F774F 
 398      76069B5E 
 398      D8FE
ARM GAS  C:\Users\RAKIBU~1\AppData\Local\Temp\ccpgALe7.s 			page 32


 399 0c8c F247549D 		.ascii	"\362GT\235\362\314\201\004\262\256\225@\360]\023J\363"
 399      F2CC8104 
 399      B2AE9540 
 399      F05D134A 
 399      F3
 400 0c9d 71BCCE54 		.ascii	"q\274\316Tg\327,\274\227\201\3558/\265g \263NA\341\311"
 400      67D72CBC 
 400      9781ED38 
 400      2FB56720 
 400      B34E41E1 
 401 0cb2 B5283C1D 		.ascii	"\265(<\035\351\216\314\344<(!W8\373\233n\036$t\024\021"
 401      E98ECCE4 
 401      3C282157 
 401      38FB9B6E 
 401      1E247414 
 402 0cc7 7E0E849F 		.ascii	"~\016\204\237\004\341',\352uK:\237,\362\312\252\021"
 402      04E1272C 
 402      EA754B3A 
 402      9F2CF2CA 
 402      AA11
 403 0cd9 3125F66F 		.ascii	"1%\366om\033\323yX\346C\236_\265\311n][\012,\212p\276"
 403      6D1BD379 
 403      58E6439E 
 403      5FB5C96E 
 403      5D5B0A2C 
 404 0cf0 8D22DC01 		.ascii	"\215\"\334\001W\357\222\361\225\000\261\210\303=\013"
 404      57EF92F1 
 404      9500B188 
 404      C33D0B
 405 0cff E71500B7 		.ascii	"\347\025\000\267\030Z\241\205?\3063\334\016\032\011"
 405      185AA185 
 405      3FC633DC 
 405      0E1A09
 406 0d0e 06B2FADF 		.ascii	"\006\262\372\337\003\014d\210y\367&\216/\333Z\356\360"
 406      030C6488 
 406      79F7268E 
 406      2FDB5AEE 
 406      F0
 407 0d1f 21AFD6F2 		.ascii	"!\257\326\362\320\2039\235L\345y>\302\322\351\242\325"
 407      D083399D 
 407      4CE5793E 
 407      C2D2E9A2 
 407      D5
 408 0d30 73CDACE6 		.ascii	"s\315\254\346\200\334W\317\352\\\032\237\325R\020\\"
 408      80DC57CF 
 408      EA5C1A9F 
 408      D552105C 
 409 0d40 F517CF6A 		.ascii	"\365\027\317j)7\240\034\204\237\006\341e\026\263:\236"
 409      2937A01C 
 409      849F06E1 
 409      6516B33A 
 409      9E
 410 0d51 269AD56A 		.ascii	"&\232\325j\304\224\330\237\325\2414>\253\337a\266\267"
 410      C494D89F 
 410      D5A1343E 
 410      ABDF61B6 
 410      B7
ARM GAS  C:\Users\RAKIBU~1\AppData\Local\Temp\ccpgALe7.s 			page 33


 411 0d62 5BCB6E3D 		.ascii	"[\313n=\253%\242\362*!\343\204\274\352I\243\305\265"
 411      AB25A2F2 
 411      2A21E384 
 411      BCEA49A3 
 411      C5B5
 412 0d74 14DBC8B9 		.ascii	"\024\333\310\271\2164\027r\355\270\255\302\333\222\301"
 412      8E341772 
 412      EDB8ADC2 
 412      DB92C1
 413 0d83 4193378E 		.ascii	"A\2237\216\327\271\313\355\226\360\306\014\226\332E"
 413      D7B9CBED 
 413      96F0C60C 
 413      96DA45
 414 0d92 B6D434A6 		.ascii	"\266\3244\246\256'\373\031\032{\307\2609\017\011\257"
 414      AE27FB19 
 414      1A7BC7B0 
 414      390F09AF 
 415 0da2 896585A1 		.ascii	"\211e\205\241\314\263\034N\342\0232\377T\361r\231#}"
 415      CCB31C4E 
 415      E21332FF 
 415      54F17299 
 415      237D
 416 0db4 930B0B15 		.ascii	"\223\013\013\025{\341\233\235\026[\346,~S\373_\337\023"
 416      7BE19B9D 
 416      165BE62C 
 416      7E53FB5F 
 416      DF13
 417 0dc6 BDA9ADC2 		.ascii	"\275\251\255\302\344M\355y\314\337\324f\207\307\266"
 417      E44DED79 
 417      CCDFD466 
 417      87C7B6
 418 0dd5 CBC50F15 		.ascii	"\313\305\017\025\340\272\310]\325X\364\246\266\264>"
 418      E0BAC85D 
 418      D558F4A6 
 418      B6B43E
 419 0de4 775485F7 		.ascii	"wT\205\3679\321\307\233Me\317\212\235\220\227\232\027"
 419      39D1C79B 
 419      4D65CF8A 
 419      9D90979A 
 419      17
 420 0df5 9411F968 		.ascii	"\224\021\371h+\251P\2650\240F\260\243\232\272\333\216"
 420      2BA950B5 
 420      30A046B0 
 420      A39ABADB 
 420      8E
 421 0e06 78740142 		.ascii	"xt\001BB\320@\306\202\226\253s%Y\256\270\226jA\303\351"
 421      42D040C6 
 421      8296AB73 
 421      2559AEB8 
 421      966A41C3 
 422 0e1b F1D98EF8 		.ascii	"\361\331\216\3702#\212\226\323\006\324\370:#\312j\242"
 422      32238A96 
 422      D306D4F8 
 422      3A23CA6A 
 422      A2
 423 0e2c C6F84706 		.ascii	"\306\370G\006u\344U\3043c\354\005\204o\321\213\252\230"
 423      75E455C4 
ARM GAS  C:\Users\RAKIBU~1\AppData\Local\Temp\ccpgALe7.s 			page 34


 423      3363EC05 
 423      846FD18B 
 423      AA98
 424 0e3e 8EB6098C 		.ascii	"\216\266\011\214\310M?\271\257\347\223\226\346\301\236"
 424      C84D3FB9 
 424      AFE79396 
 424      E6C19E
 425 0e4d B580A31A 		.ascii	"\265\200\243\032\000a#~\345J\322\264\236\325z\262\252"
 425      0061237E 
 425      E54AD2B4 
 425      9ED57AB2 
 425      AA
 426 0e5e 5DB266B7 		.ascii	"]\262f\267w\223R\217=\370\022\326\310\243\376:\230x"
 426      7793528F 
 426      3DF812D6 
 426      C8A3FE3A 
 426      9878
 427 0e70 15A2FE0A 		.ascii	"\025\242\376\012\264fh\327\2405A\273l\221\005#\354\026"
 427      B46668D7 
 427      A03541BB 
 427      6C910523 
 427      EC16
 428 0e82 CDB424AE 		.ascii	"\315\264$\256\325%\336\212\246\3760\307|+\334m\315\275"
 428      D525DE8A 
 428      A6FE30C7 
 428      7C2BDC6D 
 428      CDBD
 429 0e94 F60154CB 		.ascii	"\366\001T\313\021L\302\247q\315\216\215d\237I\026\231"
 429      114CC2A7 
 429      71CD8E8D 
 429      649F4916 
 429      99
 430 0ea5 B68BB69D 		.ascii	"\266\213\266\235\"R=\236\302]H\234Rg\315.Z\000a>\352"
 430      22523D9E 
 430      C25D489C 
 430      5267CD2E 
 430      5A00613E 
 431 0eba 7B87AA30 		.ascii	"{\207\2520ng\301\222<~6V\211\274\334M\251E\003\272\005"
 431      6E67C192 
 431      3C7E3656 
 431      89BCDC4D 
 431      A94503BA 
 432 0ecf 06DF1042 		.ascii	"\006\337\020B\245\221\206\274Mw\242\233\340\3057\365"
 432      A59186BC 
 432      4D77A29B 
 432      E0C537F5 
 433 0edf 2879117A 		.ascii	"(y\021z'\243\324Y\034\324-\026\225\375\026\253\001\344"
 433      27A3D459 
 433      1CD42D16 
 433      95FD16AB 
 433      01E4
 434 0ef1 483EC758 		.ascii	"H>\307X~\331\247\304\303,\252\236\245e\246\310\360\030"
 434      7ED9A7C4 
 434      C32CAA9E 
 434      A565A6C8 
 434      F018
 435 0f03 23520E14 		.ascii	"#R\016\024C=]\244\204\254{\356\316\254\034\271\253="
ARM GAS  C:\Users\RAKIBU~1\AppData\Local\Temp\ccpgALe7.s 			page 35


 435      433D5DA4 
 435      84AC7BEE 
 435      CEAC1CB9 
 435      AB3D
 436 0f15 ED3C1CBA 		.ascii	"\355<\034\272\015\226\264s\210\035\000\361.\207#B\321"
 436      0D96B473 
 436      881D00F1 
 436      2E872342 
 436      D1
 437 0f26 6E81E20E 		.ascii	"n\201\342\016C\301<;\021\243\\\234a[\366;\274\262\265"
 437      43C13C3B 
 437      11A35C9C 
 437      615BF63B 
 437      BCB2B5
 438 0f39 BFB2A6EC 		.ascii	"\277\262\246\354\241\223\332n9\251\026\365\340s\323"
 438      A193DA6E 
 438      39A916F5 
 438      E073D3
 439 0f48 0720F75E 		.ascii	"\007 \367^\314\327\010\037{\334\303\264\363VjA\205\253"
 439      CCD7081F 
 439      7BDCC3B4 
 439      F3566A41 
 439      85AB
 440 0f5a DDCF391E 		.ascii	"\335\3179\036\320\"q\337T$:\217\030\033,\236<>\260("
 440      D02271DF 
 440      54243A8F 
 440      181B2C9E 
 440      3C3EB028 
 441 0f6e 120FC545 		.ascii	"\022\017\305E\242\274'\241\301\031W\250\351\274g\025"
 441      A2BC27A1 
 441      C11957A8 
 441      E9BC6715 
 442 0f7e EE4B535A 		.ascii	"\356KSZ~\316!\036\212\272\301Q\302h\323\347\034\277"
 442      7ECE211E 
 442      8ABAC151 
 442      C268D3E7 
 442      1CBF
 443 0f90 4AA19F73 		.ascii	"J\241\237st\301\205N!>\036b\3669\207\""
 443      74C1854E 
 443      213E1E62 
 443      F6398722 
 444 0fa0 36A227CF 		.ascii	"6\242'\317\005\321Gv\356f\357\3555=z3\271o\340U94\224"
 444      05D14776 
 444      EE66EFED 
 444      353D7A33 
 444      B96FE055 
 445 0fb7 C20B3838 		.ascii	"\302\01388\251\025[1\257y\356=\302K\001\001t\335Z\364"
 445      A9155B31 
 445      AF79EE3D 
 445      C24B0101 
 445      74DD5AF4 
 446 0fcb DA846B4C 		.ascii	"\332\204kLq\243\365~\300V\306u\244\210\326\2736k\325"
 446      71A3F57E 
 446      C056C675 
 446      A488D6BB 
 446      366BD5
 447 0fde F6EA8A69 		.ascii	"\366\352\212i\317 \241\354$\304\036\201\347z \352\373"
ARM GAS  C:\Users\RAKIBU~1\AppData\Local\Temp\ccpgALe7.s 			page 36


 447      CF20A1EC 
 447      24C41E81 
 447      E77A20EA 
 447      FB
 448 0fef A1F542EB 		.ascii	"\241\365B\353\023\242\377\366\341+EJ\\\317f\240\242"
 448      13A2FFF6 
 448      E12B454A 
 448      5CCF66A0 
 448      A2
 449 1000 A4F2A433 		.ascii	"\244\362\2443r\367\262\375\000i\010\244\274N\"_\204"
 449      72F7B2FD 
 449      006908A4 
 449      BC4E225F 
 449      84
 450 1011 5268CE0E 		.ascii	"Rh\316\016\002\363caN\0060\337\200\326U|7o\361Jj\320"
 450      02F36361 
 450      4E0630DF 
 450      80D6557C 
 450      376FF14A 
 451 1027 22D68779 		.ascii	"\"\326\207y\306\015\323\214\253\272t\341\242S/\352F"
 451      C60DD38C 
 451      ABBA74E1 
 451      A2532FEA 
 451      46
 452 1038 2426DF62 		.ascii	"$&\337b\253\031b\377\341H\032\245WM?\304\372\241W\312"
 452      AB1962FF 
 452      E1481AA5 
 452      574D3FC4 
 452      FAA157CA 
 453 104c 0E9C9510 		.ascii	"\016\234\225\020\246!\310\334#\3452\244&\271\364\217"
 453      A621C8DC 
 453      23E532A4 
 453      26B9F48F 
 454 105c 0B4062A9 		.ascii	"\013@b\251\354:Sg\372I\030?\303#\214c]RA\231h\310\032"
 454      EC3A5367 
 454      FA49183F 
 454      C3238C63 
 454      5D524199 
 455 1073 AC12F365 		.ascii	"\254\022\363e3(\301H\304g\351\356h\334)u\037\352\201"
 455      3328C148 
 455      C467E9EE 
 455      68DC2975 
 455      1FEA81
 456 1086 AB9F4B24 		.ascii	"\253\237K$\373UA\264\344d\315\347/+q+\235;[k{t\374r"
 456      FB5541B4 
 456      E464CDE7 
 456      2F2B712B 
 456      9D3B5B6B 
 457 109e 820BED22 		.ascii	"\202\013\355\"\025\373\031\313\345\301\304\247u*\332"
 457      15FB19CB 
 457      E5C1C4A7 
 457      752ADA
 458 10ad 49968451 		.ascii	"I\226\204Q\326\231\366\344f\243\023\355$\253\312\030"
 458      D699F6E4 
 458      66A313ED 
 458      24ABCA18 
 459 10bd EB8C1858 		.ascii	"\353\214\030X}\351l.\005\343\2543\353\302\303)\306I"
ARM GAS  C:\Users\RAKIBU~1\AppData\Local\Temp\ccpgALe7.s 			page 37


 459      7DE96C2E 
 459      05E3AC33 
 459      EBC2C329 
 459      C649
 460 10cf B6CA13AC 		.ascii	"\266\312\023\254\263\341\362\235\233H\\\037\310\035"
 460      B3E1F29D 
 460      9B485C1F 
 460      C81D
 461 10dd 9550209E 		.ascii	"\225P \236\323\0021i*\0207\206\236\315*\336\3166f\367"
 461      D3023169 
 461      2A103786 
 461      9ECD2ADE 
 461      CE3666F7 
 462 10f1 19EB8633 		.ascii	"\031\353\2063\224\205\003\321\220\214\350#\302\206F"
 462      948503D1 
 462      908CE823 
 462      C28646
 463 1100 84708153 		.ascii	"\204p\201S\370\377\024\367!\364\004\367\202\345S\370"
 463      F8FF14F7 
 463      21F404F7 
 463      82E553F8 
 464 1110 6D187D65 		.ascii	"m\030}e(\257R\201\343\234\337\314\350\031[F\317\332"
 464      28AF5281 
 464      E39CDFCC 
 464      E8195B46 
 464      CFDA
 465 1122 327A8E75 		.ascii	"2z\216u\236\253y\320\312\352\037\204\037\232g\235O\215"
 465      9EAB79D0 
 465      CAEA1F84 
 465      1F9A679D 
 465      4F8D
 466 1134 2BB352FB 		.ascii	"+\263R\373\366-R\373\026L\366-\354\215\231s\340\366"
 466      F62D52FB 
 466      164CF62D 
 466      EC8D9973 
 466      E0F6
 467 1146 35919BC0 		.ascii	"5\221\233\300\010#yc\014\\hZ0o\332\332\274%j^li\361"
 467      08237963 
 467      0C5C685A 
 467      306FDADA 
 467      BC256A5E 
 468 115d 90233EC1 		.ascii	"\220#>\301\314\233\231\274\267\342J\301\220\333\177"
 468      CC9B99BC 
 468      B7E24AC1 
 468      90DB7F
 469 116c 66DFC592 		.ascii	"f\337\305\222\271\0245\003\010 ^p\324\355\021\345R\273"
 469      B9143503 
 469      08205E70 
 469      D4ED11E5 
 469      52BB
 470 117e BBB8158A 		.ascii	"\273\270\025\212\357\245\011_\370\223\026\031\300\353"
 470      EFA5095F 
 470      F8931619 
 470      C0EB
 471 118c 630F614A 		.ascii	"c\017aJ\022\301\375\307\020\345B\313\002\276e\314\336"
 471      12C1FDC7 
 471      10E542CB 
ARM GAS  C:\Users\RAKIBU~1\AppData\Local\Temp\ccpgALe7.s 			page 38


 471      02BE65CC 
 471      DE
 472 119d EBA2558A 		.ascii	"\353\242U\212\353@aG\213\014\2273\\\363ON\317 w^%b\354"
 472      EB406147 
 472      8B0C9733 
 472      5CF34F4E 
 472      CF20775E 
 473 11b4 AEBE92D7 		.ascii	"\256\276\222\327-\275\247NwV+\304\205 \\&.\004\0212"
 473      2DBDA74E 
 473      77562BC4 
 473      85205C26 
 473      2E041132 
 474 11c8 D34BAA9C 		.ascii	"\323K\252\234\342\356<\0315\032\372\270#\206W\332\226"
 474      E2EE3C19 
 474      351AFAB8 
 474      238657DA 
 474      96
 475 11d9 5E117451 		.ascii	"^\021tQ2bt\244\214\033]s;\361\234\222[\015\373\317\346"
 475      326274A4 
 475      8C1B5D73 
 475      3BF19C92 
 475      5B0DFBCF 
 476 11ee 937B98D5 		.ascii	"\223{\230\325\300\206\2142\263\325p\312\254\336-#V\257"
 476      C0868C32 
 476      B3D570CA 
 476      ACDE2D23 
 476      56AF
 477 1200 1EEFB9E0 		.ascii	"\036\357\271\340\214\257[\007\233\235\325r\217\214v"
 477      8CAF5B07 
 477      9B9DD572 
 477      8F8C76
 478 120f C68C8FE7 		.ascii	"\306\214\217\347\251\315)\022\303:\257\035n|\254\262"
 478      A9CD2912 
 478      C33AAF1D 
 478      6E7CACB2 
 479 121f BB84EEA3 		.ascii	"\273\204\356\243`\367\232\300NO\246M;\233\300v\312W"
 479      60F79AC0 
 479      4E4FA64D 
 479      3B9BC076 
 479      CA57
 480 1231 8FF32902 		.ascii	"\217\363)\0026\024-\200\2156\201\215\245`/\315\356\215"
 480      36142D80 
 480      8D36818D 
 480      A5602FCD 
 480      EE8D
 481 1243 77C45D0C 		.ascii	"w\304]\014lvw[\246\334\034\307\014\355\343\241\210\335"
 481      6C76775B 
 481      A6DC1CC7 
 481      0CEDE3A1 
 481      88DD
 482 1255 F6BFCA4C 		.ascii	"\366\277\312L\240\030\342M\030\312\222{\253T\034\303"
 482      A018E24D 
 482      18CA927B 
 482      AB541CC3 
 483 1265 B31865D5 		.ascii	"\263\030e\325\225\350\272\337S&\024' \2103!H\244\010"
 483      95E8BADF 
 483      53261427 
ARM GAS  C:\Users\RAKIBU~1\AppData\Local\Temp\ccpgALe7.s 			page 39


 483      20883321 
 483      48A408
 484 1278 126E0E26 		.ascii	"\022n\016&Yl\245\010`a>\367\263\371$G`N\232\234:\250"
 484      596CA508 
 484      60613EF7 
 484      B3F92447 
 484      604E9A9C 
 485 128e 70143E4F 		.ascii	"p\024>O\"o\365\004\336$\031y\345\357M\037#\321\317\242"
 485      226FF504 
 485      DE241979 
 485      E5EF4D1F 
 485      23D1CFA2 
 486 12a2 C697656E 		.ascii	"\306\227en\373\371\272\364\021\242\237\036\010\330\017"
 486      FBF9BAF4 
 486      11A29F1E 
 486      08D80F
 487 12b1 C8DC4C63 		.ascii	"\310\334Lc(A\214].\251\342_\305)H\332\334\210\252q\262"
 487      28418C5D 
 487      2EA9E25F 
 487      C52948DA 
 487      DC88AA71 
 488 12c6 AB2DD9A4 		.ascii	"\253-\331\244\355\240\214\252\233\331\267{\236\177\243"
 488      EDA08CAA 
 488      9BD9B77B 
 488      9E7FA3
 489 12d5 4C3E7F33 		.ascii	"L>\1773}\276\271\216}\276Y\324\237\334\214\254\301\034"
 489      7DBEB98E 
 489      7DBE59D4 
 489      9FDC8CAC 
 489      C11C
 490 12e7 9679A043 		.ascii	"\226y\240C2\"\354\010\005\223\314\300\034\241`\012\363"
 490      3222EC08 
 490      0593CCC0 
 490      1CA1600A 
 490      F3
 491 12f8 4FD55B04 		.ascii	"O\325[\004z\224\205cR\270cR\250c\302\007\206\262\221"
 491      7A948563 
 491      52B86352 
 491      A863C207 
 491      86B291
 492 130b 9879C562 		.ascii	"\230y\305b\003\225\312\231S)s\353xu\234\023~\302&\275"
 492      0395CA99 
 492      532973EB 
 492      78759C13 
 492      7EC226BD 
 493 131f 386E3559 		.ascii	"8n5Yn\267\014\244\323\011\016\346\363{1.\367\266#\314"
 493      6EB70CA4 
 493      D3090EE6 
 493      F37B312E 
 493      F7B623CC 
 494 1333 6F1DA9C2 		.ascii	"o\035\251\302\265\312\356\330X\250\302\341\306\217>"
 494      B5CAEED8 
 494      58A8C2E1 
 494      C68F3E
 495 1342 217C284D 		.ascii	"!|(M\230\3434\231U\241\312\240s\335\2275|\320\031g\260"
 495      98E33499 
 495      55A1CAA0 
ARM GAS  C:\Users\RAKIBU~1\AppData\Local\Temp\ccpgALe7.s 			page 40


 495      73DD9735 
 495      7CD01967 
 496 1357 6FAA0B4B 		.ascii	"o\252\013K\216\226\271\340|F\304\3267d( \364\320Q\032"
 496      8E96B9E0 
 496      7C46C4D6 
 496      37642820 
 496      F4D0511A 
 497 136b 1DD03355 		.ascii	"\035\3203Ug\274'5\351J\220\217U\214\266\205\033\327"
 497      67BC2735 
 497      E94A908F 
 497      558CB685 
 497      1BD7
 498 137d 45FD84AA 		.ascii	"E\375\204\252\3124\251BY2\031\241,\265eSm\367\206\352"
 498      CA34A942 
 498      593219A1 
 498      2CB56553 
 498      6DF786EA 
 499 1391 FDF0597B 		.ascii	"\375\360Y{\362\257\346W\\B4\330\373\315_2\037i\317\251"
 499      F2AFE657 
 499      5C4234D8 
 499      FBCD5F32 
 499      1F69CFA9 
 500 13a5 B27F639B 		.ascii	"\262\177c\233K}q\334\024\354\351\317/\246:p\200\003"
 500      4B7D71DC 
 500      14ECE9CF 
 500      2FA63A70 
 500      8003
 501 13b7 F7959DB7 		.ascii	"\367\225\235\267\242\215p\203\232\375\011\"\214\350"
 501      A28D7083 
 501      9AFD0922 
 501      8CE8
 502 13c5 9819610E 		.ascii	"\230\031a\016 <f\2150\217\"\214\333]\030\256\304{\\"
 502      203C668D 
 502      308F228C 
 502      DB5D18AE 
 502      C47B5C
 503 13d8 29C4AEF2 		.ascii	")\304\256\3623\315\256\202s\257[:\367\204\340\334\023"
 503      33CDAE82 
 503      73AF5B3A 
 503      F784E0DC 
 503      13
 504 13e9 D6C24E52 		.ascii	"\326\302NRa'\346\027b]p\222\253\035{o\215\037\034G\202"
 504      6127E617 
 504      625D7092 
 504      AB1D7B6F 
 504      8D1F1C47 
 505 13fe 3F2F58F8 		.ascii	"?/X\3703\337\214\266\000\320\346[+(\244\012\366U\314"
 505      33DF8CB6 
 505      00D0E65B 
 505      2B28A40A 
 505      F655CC
 506 1411 DCB1F880 		.ascii	"\334\261\370\200&\301\" \213x\214\025\321\030{\322<"
 506      26C12220 
 506      8B788C15 
 506      D1187BD2 
 506      3C
 507 1422 7803E174 		.ascii	"x\003\341t\206fx\370X2\377\224\371\207@v\037\274\224"
ARM GAS  C:\Users\RAKIBU~1\AppData\Local\Temp\ccpgALe7.s 			page 41


 507      866678F8 
 507      5832FF94 
 507      F9874076 
 507      1FBC94
 508 1435 A960A9D1 		.ascii	"\251`\251\321J\356\254\217\335\234>\354\210\013\030"
 508      4AEEAC8F 
 508      DD9C3EEC 
 508      880B18
 509 1444 EFCC911B 		.ascii	"\357\314\221\033\017\370G\342? Ks\314\330\230\253\335"
 509      0FF847E2 
 509      3F204B73 
 509      CCD898AB 
 509      DD
 510 1455 1C3C6DCA 		.ascii	"\034<m\312\3012\226\203\215EM]J\353,;\005YVB\263\354"
 510      C1329683 
 510      8D454D5D 
 510      4AEB2C3B 
 510      05595642 
 511 146b 3B9A6574 		.ascii	";\232et\020\341\236H\312\236t\021sW\277\212\273hw\331"
 511      10E19E48 
 511      CA9E7411 
 511      7357BF8A 
 511      BB6877D9 
 512 147f 2CFED171 		.ascii	",\376\321qck\035\335\202\234\032\2142\206G\303.\274"
 512      636B1DDD 
 512      829C1A8C 
 512      328647C3 
 512      2EBC
 513 1491 5CE6864A 		.ascii	"\\\346\206J\301\177\260\026\213\006\027C\317\177\202"
 513      C17FB016 
 513      8B061743 
 513      CF7F82
 514 14a0 FFCFC87E 		.ascii	"\377\317\310~$Q\370k}\374\264:\331\227:\255V\036\352"
 514      2451F86B 
 514      7DFCB43A 
 514      D9973AAD 
 514      561EEA
 515 14b3 B343ABFF 		.ascii	"\263C\253\377\361\306\215\336\360\347\353\037\360E@"
 515      F1C68DDE 
 515      F0E7EB1F 
 515      F04540
 516 14c2 887ECBA6 		.ascii	"\210~\313\246\367\274C\364\336:\203\267^\347\013\235"
 516      F7BC43F4 
 516      DE3A83B7 
 516      5EE70B9D 
 517 14d2 7EBB827D 		.ascii	"~\273\202}\202\002|7\372\252~\373\257\177\334\260u\363"
 517      82027C37 
 517      FAAA7EFB 
 517      AF7FDCB0 
 517      75F3
 518 14e4 6689421F 		.ascii	"f\211B\037\360\337Z\215\301\317\367\037\267\3231zC\230"
 518      F0DF5A8D 
 518      C1CFF71F 
 518      B7D3317A 
 518      4398
 519 14f6 5F40C876 		.ascii	"_@\310vCHH\240~\373\216\340\260\015\364l\203\217.h\203"
 519      434848A0 
ARM GAS  C:\Users\RAKIBU~1\AppData\Local\Temp\ccpgALe7.s 			page 42


 519      7EFB8EE0 
 519      B00DF46C 
 519      838F2E68 
 520 150b 36E80BAD 		.ascii	"6\350\013\255\237\237\326o\373\207\0337m\330\262i\363"
 520      9F9FD66F 
 520      FB871B37 
 520      6DD8B269 
 520      F3
 521 151c 877F7A7F 		.ascii	"\207\177z\177{`\300\027\333w\370\372n\207\353\357\006"
 521      7B60C017 
 521      DB77F8FA 
 521      6E87EBEF 
 521      06
 522 152d 87046BDF 		.ascii	"\207\004k\337\325\372|\021\000\014[6n\336\036\020\354"
 522      D5FA7C11 
 522      000C5B36 
 522      6EDE1E10 
 522      EC
 523 153e 1B18E6A7 		.ascii	"\033\030\346\247\335\2567\300\250/7\372Kd\301\332o\015"
 523      DDAE37C0 
 523      A82F37FA 
 523      4B64C1DA 
 523      6F0D
 524 1550 4E003954 		.ascii	"N\0009T\303q\207\351\265~2\202@Fz\235E\2274\006U\250"
 524      C37187E9 
 524      B57E3282 
 524      40467A9D 
 524      45973406 
 525 1566 2EE49B00 		.ascii	".\344\233\0008u\016\322\006\355\320\032\276\014\013"
 525      38750ED2 
 525      06EDD01A 
 525      BE0C0B
 526 1575 F6DDA231 		.ascii	"\366\335\2421l\264e`\210\036\200xs\205p\015F\370\206"
 526      6CB46560 
 526      881E8078 
 526      7385700D 
 526      46F886
 527 1588 E8B4A0D3 		.ascii	"\350\264\240\323\011NCt\273\210\324P\034d\370V\036\262"
 527      094E4374 
 527      BB88D450 
 527      1C64F856 
 527      1EB2
 528 159a 3358AB53 		.ascii	"3X\253S\351\264>\201\241\272\200\020G\215&, \330\360"
 528      E9B43E81 
 528      A1BA8010 
 528      478D262C 
 528      20D8F0
 529 15ad 1E08FEF2 		.ascii	"\036\010\376\362\257t\201\245\351&\243\203|@V\260v\273"
 529      AF7481A5 
 529      E926A383 
 529      7C4056B0 
 529      76BB
 530 15bf 064CF709 		.ascii	"\006L\367\011\0134h\014\273B\265z\000\2442\351\373\217"
 530      0B34680C 
 530      BB42B57A 
 530      00A432E9 
 530      FB8F
ARM GAS  C:\Users\RAKIBU~1\AppData\Local\Temp\ccpgALe7.s 			page 43


 531 15d1 FF537DFA 		.ascii	"\377S}\372]\372\355\032\3604\010\007%J\0031Nc\370\310"
 531      5DFAED1A 
 531      F0340807 
 531      254A0331 
 531      4E63F8C8 
 532 15e5 96B37C43 		.ascii	"\226\263|C\202\202B\202\275CCt\006\275\367\307\177\370"
 532      82824282 
 532      BD434374 
 532      06BDF7C7 
 532      7FF8
 533 15f7 6CEB67DF 		.ascii	"l\353g\337\222\276\320\200@\255N\357\375\333\255[\201"
 533      92BED080 
 533      40AD4EEF 
 533      FDDBAD5B 
 533      81
 534 1608 DF845609 		.ascii	"\337\204V\011.\013\004\204*m\2506\030\204\357p\322~"
 534      2E0B0484 
 534      2A6DA836 
 534      1884EF70 
 534      D27E
 535 161a A30D3604 		.ascii	"\243\0156\004\371\350\277\206\031\012\322\357\370S\230"
 535      F9E8BF86 
 535      190AD2EF 
 535      F85398
 536 1629 364CFB96 		.ascii	"6L\373\226\257\277\306\340\017>\365\323kh\207,T\247"
 536      AFBFC6E0 
 536      0F3EF5D3 
 536      6B68872C 
 536      54A7
 537 163b FDC6D5A2 		.ascii	"\375\306\325\242KcP\356\364\0110\200\010W\0217\221\355"
 537      4B6350EE 
 537      F4093080 
 537      08571137 
 537      91ED
 538 164d 22263406 		.ascii	"\"&4\006\024\246\320\356$\012\024;\015\240=\024\016"
 538      14A6D0EE 
 538      240A143B 
 538      0DA03D14 
 538      0E
 539 165e 7A6D5028 		.ascii	"zmP(\366\01568h4\334yJ~\224C/\374\247\032\324 \0278"
 539      F60D3638 
 539      6834DC79 
 539      4A7E9443 
 539      2FFCA71A 
 540 1676 7D42FD61 		.ascii	"}B\375a\352\225z\002S\277C\016\015\030v\032\014\272"
 540      EA957A02 
 540      53BF430E 
 540      0D18761A 
 540      0CBA
 541 1688 5037A648 		.ascii	"P7\246H\243\323~\251\325i\203}\001\023\010\017\371\342"
 541      A3D37EA9 
 541      D569837D 
 541      0113080F 
 541      F9E2
 542 169a AB5095F6 		.ascii	"\253P\225\366\333\000\203o\210\237V\241\363\333\005"
 542      DB00836F 
 542      889F56A1 
ARM GAS  C:\Users\RAKIBU~1\AppData\Local\Temp\ccpgALe7.s 			page 44


 542      F3DB05
 543 16a9 2364C0A2 		.ascii	"#d\300\242w`\261\361\013\320f:\032H?\210\3732\320g\207"
 543      7760B1F1 
 543      0BD0663A 
 543      1A483F88 
 543      FB32D067 
 544 16be 5E690882 		.ascii	"^i\010\202\021@\351\015>\006\255\312@\017D\244\317\027"
 544      1140E90D 
 544      3E06ADCA 
 544      400F44A4 
 544      CF17
 545 16d0 3E7A2D8F 		.ascii	">z-\217\254\017\336\007?\231N\034\365\206\257}\002\003"
 545      AC0FDE07 
 545      3F994E1C 
 545      F586AF7D 
 545      0203
 546 16e2 76046B0C 		.ascii	"v\004k\014\233\337xf\374y$\313 u\2652_\177\037\235<"
 546      9BDF7866 
 546      FC7924CB 
 546      2075B532 
 546      5F7F1F9D 
 547 16f7 2410D242 		.ascii	"$\020\322B\036\254\335\251\325a_\303\267R}\2504P\207"
 547      1EACDDA9 
 547      D5615FC3 
 547      B7527DA8 
 547      345087
 548 170a 759B3743 		.ascii	"u\2337C\333$\325\375R\252\373\205T\367\241T\367\201"
 548      DB24D5FD 
 548      52AAFB85 
 548      54F7A154 
 548      F781
 549 171c 54F773A9 		.ascii	"T\367s\251\356}'\"\220x\016x\177\376\227\351\325|\363"
 549      EE7D2722 
 549      90780E78 
 549      7FFE97E9 
 549      D57CF3
 550 172f 6110E856 		.ascii	"a\020\350VS\011\276!\301\006\310`\031\211-\007\363$"
 550      5309BE21 
 550      C106C860 
 550      19892D07 
 550      F324
 551 1741 CA834221 		.ascii	"\312\203B!^U\334\267\006\025\\\010\012\003>%\375\257"
 551      5E55DCB7 
 551      06155C08 
 551      0A033E25 
 551      FDAF
 552 1753 3178D9A9 		.ascii	"1x\331\251HB\266\352\2410\201\222w^\313\010\341\000"
 552      4842B6EA 
 552      A1308192 
 552      775ECB08 
 552      E100
 553 1765 7CFFF07A 		.ascii	"|\377\360z\201\273\364\246\000~\275P\010\031\340s\026"
 553      81BBF4A6 
 553      007EBD50 
 553      0819E073 
 553      16
 554 1776 D5098DC1 		.ascii	"\325\011\215\301\373\015\213\014\341\246iB\253\223\306"
ARM GAS  C:\Users\RAKIBU~1\AppData\Local\Temp\ccpgALe7.s 			page 45


 554      FB0D8B0C 
 554      E1A66942 
 554      AB93C6
 555 1785 F0B3D76A 		.ascii	"\360\263\327j\343\261\016c\344dH\250l'\344\225|'\211"
 555      E3B10E63 
 555      E46448A8 
 555      6C27E495 
 555      7C2789
 556 1798 18ECA3DB 		.ascii	"\030\354\243\333\341\316\335\350\247\325\373\352\002"
 556      E1CEDDE8 
 556      A7D5FBEA 
 556      02
 557 17a5 420D2150 		.ascii	"B\015!P\010\3454d\234 N\265\276\006\015\251\226N\304"
 557      08E53464 
 557      9C204EB5 
 557      BE060DA9 
 557      964EC4
 558 17b8 E3BC50BE 		.ascii	"\343\274P\276)T2\204\250U\013\325Tc0YM\345\031\334}"
 558      29543284 
 558      A8550BD5 
 558      54633059 
 558      4DE519DC 
 559 17cd FDFFCD   		.ascii	"\375\377\315"
 560 17d0 DF6F2B00 		.ascii	"\337o+\0000h\377E\027\022\364\011Xg\317\177V\353\211"
 560      3068FF45 
 560      1712F409 
 560      5867CF7F 
 560      56EB89
 561 17e3 E4075663 		.ascii	"\344\007Vc?\243\202\177\017r!-\267\371\372\377\273\317"
 561      3FA3827F 
 561      0F72212D 
 561      B7F9FAFF 
 561      BBCF
 562 17f5 D7DAB0D0 		.ascii	"\327\332\260\320m\177+b\333\026\246'EE\353\367\251\233"
 562      6D7F2B62 
 562      DB16A627 
 562      4545EBF7 
 562      A99B
 563 1807 AF3FD1F5 		.ascii	"\257?\321\365q``\210\357\307\304X\255\237\223\257?\031"
 563      71606088 
 563      EFC7C458 
 563      AD9F93AF 
 563      3F19
 564 1819 4CBBE07C 		.ascii	"L\273\340|\333.\375\037\203\341\364\3537\230\317]\304"
 564      DB2EFD1F 
 564      83E1F4EB 
 564      3798CF5D 
 564      C4
 565 182a 4C16F361 		.ascii	"L\026\363at\214\263O\340N\237]z\310\200@(\311\316\032"
 565      748CB34F 
 565      E04E9F5D 
 565      7AC88040 
 565      28C9CE1A 
 566 183e A81206CD 		.ascii	"\250\022\006\315o>\336\366\317\277\377\303\247\277y"
 566      6F3EDEF6 
 566      CFBFFFC3 
 566      A7BF79
ARM GAS  C:\Users\RAKIBU~1\AppData\Local\Temp\ccpgALe7.s 			page 46


 567 184d 453E40AC 		.ascii	"E>@\254\223l\360\336\372\331\266O\267yo\205t\360\376"
 567      936CF0DE 
 567      FAD9B64F 
 567      B7796F85 
 567      74F0FE
 568 1860 D4A42648 		.ascii	"\324\244&H\037\240\327\300\312\007\252\034(\274\337"
 568      1FA0D7C0 
 568      CA07AA1C 
 568      28BCDF
 569 186f 812207AA 		.ascii	"\201\"\007\252\224\252\324h\250\2075\033?\334\262y\213"
 569      94AAD468 
 569      A887351B 
 569      3FDCB279 
 569      8B
 570 1880 CA44FD2F 		.ascii	"\312D\375/\013=g@"
 570      0B3D6740 
 571              		.text
 572              		.section	.gnu.lto_.symtab.eb29e585,"",%progbits
 573 0000 63685468 		.ascii	"chThdCreateFromHeap\000"
 573      64437265 
 573      61746546 
 573      726F6D48 
 573      65617000 
 574 0014 00       		.ascii	"\000"
 575 0015 00       		.ascii	"\000"
 576 0016 00       		.ascii	"\000"
 577 0017 00000000 		.ascii	"\000\000\000\000\000\000\000\000"
 577      00000000 
 578 001f F2010000 		.ascii	"\362\001\000\000"
 579 0023 63685468 		.ascii	"chThdCreateFromMemoryPool\000"
 579      64437265 
 579      61746546 
 579      726F6D4D 
 579      656D6F72 
 580 003d 00       		.ascii	"\000"
 581 003e 00       		.ascii	"\000"
 582 003f 00       		.ascii	"\000"
 583 0040 00000000 		.ascii	"\000\000\000\000\000\000\000\000"
 583      00000000 
 584 0048 FA010000 		.ascii	"\372\001\000\000"
 585 004c 63685363 		.ascii	"chSchWakeupS\000"
 585      6857616B 
 585      65757053 
 585      00
 586 0059 00       		.ascii	"\000"
 587 005a 02       		.ascii	"\002"
 588 005b 00       		.ascii	"\000"
 589 005c 00000000 		.ascii	"\000\000\000\000\000\000\000\000"
 589      00000000 
 590 0064 FF010000 		.ascii	"\377\001\000\000"
 591 0068 63685468 		.ascii	"chThdCreateSuspendedI\000"
 591      64437265 
 591      61746553 
 591      75737065 
 591      6E646564 
 592 007e 00       		.ascii	"\000"
 593 007f 02       		.ascii	"\002"
ARM GAS  C:\Users\RAKIBU~1\AppData\Local\Temp\ccpgALe7.s 			page 47


 594 0080 00       		.ascii	"\000"
 595 0081 00000000 		.ascii	"\000\000\000\000\000\000\000\000"
 595      00000000 
 596 0089 05020000 		.ascii	"\005\002\000\000"
 597 008d 63684865 		.ascii	"chHeapAllocAligned\000"
 597      6170416C 
 597      6C6F6341 
 597      6C69676E 
 597      656400
 598 00a0 00       		.ascii	"\000"
 599 00a1 02       		.ascii	"\002"
 600 00a2 00       		.ascii	"\000"
 601 00a3 00000000 		.ascii	"\000\000\000\000\000\000\000\000"
 601      00000000 
 602 00ab 0B020000 		.ascii	"\013\002\000\000"
 603 00af 6368506F 		.ascii	"chPoolAlloc\000"
 603      6F6C416C 
 603      6C6F6300 
 604 00bb 00       		.ascii	"\000"
 605 00bc 02       		.ascii	"\002"
 606 00bd 00       		.ascii	"\000"
 607 00be 00000000 		.ascii	"\000\000\000\000\000\000\000\000"
 607      00000000 
 608 00c6 0F020000 		.ascii	"\017\002\000\000"
 609              		.text
 610              		.section	.gnu.lto_.opts,"",%progbits
 611 0000 272D666D 		.ascii	"'-fmath-errno' '-fsigned-zeros' '-ftrapping-math' '"
 611      6174682D 
 611      6572726E 
 611      6F272027 
 611      2D667369 
 612 0033 2D666E6F 		.ascii	"-fno-trapv' '-fno-openmp' '-fno-openacc' '-mcpu=cor"
 612      2D747261 
 612      70762720 
 612      272D666E 
 612      6F2D6F70 
 613 0066 7465782D 		.ascii	"tex-m4' '-mthumb' '-O2' '-fomit-frame-pointer' '-fa"
 613      6D342720 
 613      272D6D74 
 613      68756D62 
 613      2720272D 
 614 0099 6C69676E 		.ascii	"lign-functions=16' '-ffunction-sections' '-fdata-se"
 614      2D66756E 
 614      6374696F 
 614      6E733D31 
 614      36272027 
 615 00cc 6374696F 		.ascii	"ctions' '-fno-common' '-flto'\000"
 615      6E732720 
 615      272D666E 
 615      6F2D636F 
 615      6D6D6F6E 
 616              		.text
 617              		.comm	__gnu_lto_v1,1,1
 618              		.comm	__gnu_lto_slim,1,1
 619              		.ident	"GCC: (GNU Tools for Arm Embedded Processors 7-2017-q4-major) 7.2.1 20170904 (release) [ARM
ARM GAS  C:\Users\RAKIBU~1\AppData\Local\Temp\ccpgALe7.s 			page 48


DEFINED SYMBOLS
                            *ABS*:00000000 chdynamic.c
                            *COM*:00000001 __gnu_lto_v1
                            *COM*:00000001 __gnu_lto_slim

NO UNDEFINED SYMBOLS
