ARM GAS  C:\Users\RAKIBU~1\AppData\Local\Temp\cc8cDn1j.s 			page 1


   1              		.cpu cortex-m4
   2              		.eabi_attribute 20, 1
   3              		.eabi_attribute 21, 1
   4              		.eabi_attribute 23, 3
   5              		.eabi_attribute 24, 1
   6              		.eabi_attribute 25, 1
   7              		.eabi_attribute 26, 1
   8              		.eabi_attribute 30, 2
   9              		.eabi_attribute 34, 1
  10              		.eabi_attribute 18, 4
  11              		.file	"chmemcore.c"
  12              		.section	.gnu.lto_.profile.eb29e0c0,"",%progbits
  13 0000 789C6363 		.ascii	"x\234cc```\001bF\006Og\000\001M\000\230"
  13      60606001 
  13      6246064F 
  13      6700014D 
  13      0098
  14              		.text
  15              		.section	.gnu.lto_.icf.eb29e0c0,"",%progbits
  16 0000 789C6363 		.ascii	"x\234cc``\320a@\000v\206\267\247V\314\347d\354\377\373"
  16      6060D061 
  16      40007686 
  16      B7A756CC 
  16      E764ECFF 
  17 0015 FE392FCB 		.ascii	"\3769/\313\353\353;\372XX\247\314\377\364\200\223\355"
  17      EBEB3BFA 
  17      5858A7CC 
  17      FFF48093 
  17      ED
  18 0026 C7CF9BDB 		.ascii	"\307\317\233\333\330\331\247\037\271p\230\217c\336\372"
  18      D8D9A71F 
  18      B970988F 
  18      63DEFA
  19 0035 96392C0C 		.ascii	"\2269,\014\000\377\210\025\335"
  19      00FF8815 
  19      DD
  20              		.text
  21              		.section	.gnu.lto_.jmpfuncs.eb29e0c0,"",%progbits
  22 0000 789C6363 		.ascii	"x\234cc``\010`@\0006 fafddd\257\237\303\314\000\304"
  22      60600860 
  22      40003620 
  22      66616664 
  22      6464AF9F 
  23 0018 8C209A15 		.ascii	"\214 \232\025C\204\015C\204\035C\204\003h\026\0002b"
  23      43840D43 
  23      841D4384 
  23      03681600 
  23      3262
  24 002a 0E1B     		.ascii	"\016\033"
  25              		.text
  26              		.section	.gnu.lto_.inline.eb29e0c0,"",%progbits
  27 0000 789C6363 		.ascii	"x\234cc``8\301\200\000l\014\014\254,\214\014L,\013\344"
  27      606038C1 
  27      80006C0C 
  27      0CAC2C8C 
  27      0C4C2C0B 
  28 0015 19D816C8 		.ascii	"\031\330\026\3103\201\304X\030\004\370\031\031\031\025"
ARM GAS  C:\Users\RAKIBU~1\AppData\Local\Temp\cc8cDn1j.s 			page 2


  28      3381C458 
  28      1804F819 
  28      191915
  29 0024 18191898 		.ascii	"\030\031\030\230%\032\2661B$\230.\360\263\200dYA\262"
  29      251AB631 
  29      4224982E 
  29      F0B38064 
  29      5941B2
  30 0037 CC0C2059 		.ascii	"\314\014 Y\260\022&\020\301*\362`\032\262: \301\001"
  30      B0122610 
  30      C12AF260 
  30      1AB23A20 
  30      C101
  31 0049 22042076 		.ascii	"\"\004 v\010\011\302\314\223Yp\025\315<v\220,\206yh"
  31      0809C2CC 
  31      93597015 
  31      CD3C7690 
  31      2C867968 
  32 005d F6A298C7 		.ascii	"\366\242\230\307\301\300\306\012t2\333\007=\270\223"
  32      C1C0C60A 
  32      7432DB07 
  32      3DB893
  33 006c 1900B110 		.ascii	"\031\000\261\020\026Q"
  33      1651
  34              		.text
  35              		.section	.gnu.lto_.pureconst.eb29e0c0,"",%progbits
  36 0000 789C6363 		.ascii	"x\234cc``\340\007b6\006\011\026\011V\011\266]\214\354"
  36      6060E007 
  36      62360609 
  36      16095609 
  36      B65D8CEC 
  37 0014 BB183958 		.ascii	"\273\0309X\000\016\000\001\374"
  37      000E0001 
  37      FC
  38              		.text
  39              		.section	.gnu.lto__core_init.eb29e0c0,"",%progbits
  40 0000 789C8591 		.ascii	"x\234\205\221\313K\033Q\024\306\31777\031\263h,\005"
  40      CB4B1B51 
  40      14C6CF37 
  40      3719B368 
  40      2C05
  41 0012 17C576E1 		.ascii	"\027\305v\341&\013\0053bw\375\007\3743\006\223\016$"
  41      260B0533 
  41      6277FD07 
  41      FC330693 
  41      0E24
  42 0024 504D31D0 		.ascii	"PM1\320mn\024\233\364%\"\276(C\031p\321U+\2411:\325"
  42      6D6E149B 
  42      F42522BE 
  42      28431970 
  42      D1552BA1 
  43 003b EA747C14 		.ascii	"\352t|\024\272Pp#\330R\304Z\027R\012R\272i\361q\356"
  43      BA507023 
  43      D852C45A 
  43      17520A52 
  43      BA69F171 
  44 0050 64E84341 		.ascii	"d\350CA/\3672g\316\234\357\233\3379W'\242\214F\324\305"
ARM GAS  C:\Users\RAKIBU~1\AppData\Local\Temp\cc8cDn1j.s 			page 3


  44      2FF73267 
  44      CE9CEF9B 
  44      DF395727 
  44      A28C46D4 
  45 0065 CF1B7C20 		.ascii	"\317\033| \010\332\360:Q1\246\001*\2201PAC\001O\304"
  45      08DAF03A 
  45      5131A601 
  45      2A903150 
  45      4143014F 
  46 007a A8805FDA 		.ascii	"\250\200_\332w\265\326\027\222\2277\261\251?\220\203"
  46      77B5D617 
  46      929737B1 
  46      A93F9083 
  47 008a D76D4134 		.ascii	"\327mA4\316G-\274F+q\331\317G?\276\306E;T\354,\371\033"
  47      CE472DBC 
  47      462B71D9 
  47      CF473FBE 
  47      C6453B54 
  48 00a2 57135372 		.ascii	"W\023Sr\207%\373\317\232F\2443)#\266\000\252\020\241"
  48      8725FBCF 
  48      9A46A433 
  48      2923B600 
  48      AA10A1
  49 00b5 4E85A46A 		.ascii	"N\205\244j\267\366\252\025\210\333\201\356\263\373\252"
  49      B7F6AA15 
  49      88DB81EE 
  49      B3FBAA
  50 00c4 A287BAED 		.ascii	"\242\207\272\355\346\242\364\213-JU\373\253\252\205"
  50      E6A2F48B 
  50      2D4A55FB 
  50      ABAA85
  51 00d3 AADDCAF1 		.ascii	"\252\335\312\361X\\\217`\026\011\314 Q\247\301\034t"
  51      585C8F60 
  51      1609CC20 
  51      51A7C11C 
  51      74
  52 00e4 0207D39B 		.ascii	"\002\007\323\233QO\036\237\224\244\267\336<]\335\273"
  52      514F1E9F 
  52      94A4B7DE 
  52      3C5DDDBB 
  53 00f4 16212A73 		.ascii	"\026!*s\001\367&=z(4\025\015xt\200\376_\245\243\231"
  53      01F7263D 
  53      7A283415 
  53      0D787480 
  53      FE5FA5A3 
  54 0109 3928219B 		.ascii	"9(!\233\216\017\372\033\015\217\205-\264\200\306u\277"
  54      8E0FFA1B 
  54      0D8F852D 
  54      B480C675 
  54      BF
  55 011a 7D6C281C 		.ascii	"}l(\034\311\030'\034\345\317\271\352\300\341H\243\203"
  55      C918271C 
  55      E5CFB9EA 
  55      C0E148A3 
  55      83
  56 012b E7B085C0 		.ascii	"\347\260\205\300\033\036\221\213\233\301\207\332\373"
  56      1B1E918B 
ARM GAS  C:\Users\RAKIBU~1\AppData\Local\Temp\cc8cDn1j.s 			page 4


  56      9BC187DA 
  56      FB
  57 0138 4FBF63C6 		.ascii	"O\277c\306K5%\347\276-\"\230\207\203\261\200\032\013"
  57      4B3525E7 
  57      BE2D2298 
  57      8783B180 
  57      1A0B
  58 014a 30FE758F 		.ascii	"0\376u\217\236u\217:\002g\335\201Ev\177\033\272/\036"
  58      9E758F3A 
  58      0267DD81 
  58      45767F1B 
  58      BA2F1E
  59 015d 7EF8D2C8 		.ascii	"~\370\322\310\305ev\337\205\262Xb{\266\366P\250\267"
  59      C56576DF 
  59      85B25862 
  59      7BB6F650 
  59      A8B7
  60 016f F174F64F 		.ascii	"\361t\366O\033\227r\277\273\210\333\017\270\325\024"
  60      1B9772BF 
  60      BB88DB0F 
  60      B8D514
  61 017e B11C70FF 		.ascii	"\261\034p\377\017\252\235\007]\271\020t\265\016\272"
  61      0FAA9D07 
  61      5DB91074 
  61      B50EBA
  62 018d C6A0DFD1 		.ascii	"\306\240\337\321\357L\015\005\230\301m\226\3717|\023"
  62      EF4C0D05 
  62      98C16D96 
  62      F9377C13 
  63 019d 6CD9964C 		.ascii	"l\331\226L\032\274\323\231l*\233\313wv\3342ry\336w\263"
  63      1ABCD399 
  63      6C2A9BCB 
  63      7776DC32 
  63      7279DE77 
  64 01b2 2923DF97 		.ascii	")#\337\227\346|\217\325\223\316\365Y\3114]1\315\214"
  64      E67C8FD5 
  64      93CEF559 
  64      C9345D31 
  64      CD8C
  65 01c4 D57DCFB4 		.ascii	"\325}\317\264z\357\230f<|Iu\347-\323<\0057\353\351\300"
  65      7AEF9866 
  65      3C7C4975 
  65      E72DD33C 
  65      0537EBE9 
  66              		.text
  67              		.section	.gnu.lto_chCoreAllocFromBaseI.eb29e0c0,"",%progbits
  68 0000 789C8D53 		.ascii	"x\234\215S\335KTQ\020\237\271\347\334\335u\325Uz\352"
  68      DD4B5451 
  68      109FB9E7 
  68      DCDD75D5 
  68      557AEA
  69 0013 41C28744 		.ascii	"A\302\207D\014r\303\012z\353\245\240\177\241\267R\326"
  69      0C72C30A 
  69      7AEBA5A0 
  69      7FA1B752 
  69      D6
  70 0024 5AF0235C 		.ascii	"Z\360#\\\211\350\305\243\353\327\226\201Tj,\213lj\231"
ARM GAS  C:\Users\RAKIBU~1\AppData\Local\Temp\cc8cDn1j.s 			page 5


  70      89E8C5A3 
  70      EBD79681 
  70      546A2C8B 
  70      6C6A99
  71 0037 84686496 		.ascii	"\204hd\226\246ysM\355\3132,\254\214\24420B\260\"HS\233"
  71      A679734D 
  71      EDCB322C 
  71      AC8CA432 
  71      3042B022 
  72 004e B9F78A19 		.ascii	"\271\367\212\031\022\036\356\016g\346\374~g\346\374"
  72      121EEE0E 
  72      67E6FC7E 
  72      67E6FC
  73 005d 66D60100 		.ascii	"f\326\001\000e\022\340 X?t\000j\265c\000\245.M\323\313"
  73      6512E020 
  73      583F7400 
  73      6AB56300 
  73      A52E4DD3 
  74 0072 9DA0DCA2 		.ascii	"\235\240\334\242f\004@%\010\333\225\226+Q\267`:\"o\224"
  74      66044025 
  74      08DB9596 
  74      2B51B760 
  74      3A226F94 
  75 0086 0BA14413 		.ascii	"\013\241D\023R\307\022\254\021\027\005\216\227wF\304"
  75      52C712AC 
  75      1117058E 
  75      977746C4 
  76 0096 59111180 		.ascii	"Y\021\021\200\222\334\371\247\341\217\036v\021S\311"
  76      92DCF9A7 
  76      E18F1E76 
  76      1153C9
  77 00a5 6DABFA3E 		.ascii	"m\253\372>\356\310hU\252L\031\015\317\235\255\301\212"
  77      EEC86855 
  77      AA4C190D 
  77      CF9DADC1 
  77      8A
  78 00b6 4311A141 		.ascii	"C\021\241A=\241\2730\005ob\012\027s\0133\010\333T\372"
  78      3DA1BB30 
  78      056F620A 
  78      17730B33 
  78      08DB54FA 
  79 00ca F271A2D8 		.ascii	"\362q\242\330\211@\373\351P\3739\231~\305\344M\265\010"
  79      8940FBE9 
  79      50FB3999 
  79      7EC5E44D 
  79      B508
  80 00dc B53D2204 		.ascii	"\265=\"\004v\243\370\233H!\300\333\230N\360\332\305"
  80      76A3F89B 
  80      4821C0DB 
  80      984EF0DA 
  80      C5
  81 00ed A569A7C8 		.ascii	"\245i\247\3102\251m#u\325n\233:q\325\244J\274\363/U"
  81      32A96D23 
  81      75D56E9B 
  81      3A71D5A4 
  81      4ABCF32F 
  82 0102 02F698D4 		.ascii	"\002\366\230\324\037\027\336\274\367\210}&u\342U\345"
ARM GAS  C:\Users\RAKIBU~1\AppData\Local\Temp\cc8cDn1j.s 			page 6


  82      1F17DEBC 
  82      F7887D26 
  82      75E255E5 
  83 0112 5E9B39B4 		.ascii	"^\2339\2645\254\014\311Y{7\310z\027\323\031_;\365\253"
  83      35AC0CC9 
  83      597B37C8 
  83      7A17D319 
  83      5F3BF5AB 
  84 0126 2F5EEC37 		.ascii	"/^\3547\271g\324@'\2465\233\344\261\306\344\246\240"
  84      B967D440 
  84      27A6359B 
  84      E4B1C6E4 
  84      A6A0
  85 0138 1A55C4D7 		.ascii	"\032U\304\327\261o=\237\027\301\237\030\241\016\267"
  85      B16F3D9F 
  85      17C19F18 
  85      A10EB7
  86 0147 38605217 		.ascii	"8`R\027\033zf\244M\375tY\250\026\2451\361\336\206\304"
  86      1B7A66A4 
  86      4DFD7459 
  86      A816A531 
  86      F1DE86C4 
  87 015b 0F3796EB 		.ascii	"\0177\226\353\022\035\022\0070\015\3731-*\200\325$\021"
  87      121D1207 
  87      300DFB31 
  87      2D2A80D5 
  87      2411
  88 016d 0DEE2980 		.ascii	"\015\356)\200\266z\322\361B7\324\362J\2252\206\267]"
  88      B67AD2F1 
  88      4237D4F2 
  88      4A953286 
  88      B75D
  89 017f 8A8D5DD3 		.ascii	"\212\215]\323\266 \025\257\0112\272d\243\263\014\016"
  89      B62015AF 
  89      0932BA64 
  89      A3B30C0E 
  90 018f 364E362E 		.ascii	"6N6.6ql\334|\232\200\374\312Dd\231<\300\227&!\253\235"
  90      36716CDC 
  90      7C9A80FC 
  90      CA446499 
  90      3CC09726 
  91 01a6 0C7C3940 		.ascii	"\014|9@5%\245\201P\006\204\250\241\264\013\032\360\005"
  91      3525A581 
  91      500684A8 
  91      A1B40B1A 
  91      F005
  92 01b8 CB7A67E7 		.ascii	"\313zg\347bn\256%,x:\352+\006\2379y\034\034\346K{z\276"
  92      626EAE25 
  92      2C783AEA 
  92      2B069F39 
  92      791C1CE6 
  93 01d0 BE75962C 		.ascii	"\276u\226,)\027\005\242\002\315\007u\005\347\317{\242"
  93      291705A2 
  93      02CD0775 
  93      05E7CF7B 
  93      A2
  94 01e1 D88811E1 		.ascii	"\330\210\021\341\304A\032\253\373\374X:\350\036\231"
ARM GAS  C:\Users\RAKIBU~1\AppData\Local\Temp\cc8cDn1j.s 			page 7


  94      C4411AAB 
  94      FBFC583A 
  94      E81E99
  95 01f0 5A7479DB 		.ascii	"Zty\333\025\255T\326#\206Q\254\343\247\002\016\241\227"
  95      15AD54D6 
  95      238651AC 
  95      E3A7020E 
  95      A197
  96 0202 92052395 		.ascii	"\222\005#\225h\245\222\224-,\022\270\200oUvL\2470\203"
  96      68A59294 
  96      2D2C12B8 
  96      806F5576 
  96      4CA73083 
  97 0216 EA574156 		.ascii	"\352WAV,q]\314IaJ\365n\264\355\2729\304\022Wh%\341\003"
  97      2C715DCC 
  97      49614AF5 
  97      6EB4EDBA 
  97      39C41257 
  98 022e AA812E9B 		.ascii	"\252\201.\233\\\305\271l\342\357\325@\234\311uY\031"
  98      5CC5B96C 
  98      E2EFD540 
  98      9CC97559 
  98      19
  99 023f 0F5B310F 		.ascii	"\017[1\017\205\3413\226\245\262\313\212Q\310*s\251\377"
  99      85E13396 
  99      A5B2CB8A 
  99      51C82A73 
  99      A9FF
 100 0251 88054936 		.ascii	"\210\005I6QIk\250~F%[\312-4{,\224{3R\015\377G\252\021"
 100      51496BA8 
 100      7E46255B 
 100      CA2D347B 
 100      2C947B33 
 101 026b 532A64A9 		.ascii	"S*d\251FI\252\031,\037\213\355\261\357\346t\274B4\310"
 101      4649AA19 
 101      2C1F8BED 
 101      B1EFE674 
 101      BC4234C8 
 102 027f F41FA7B6 		.ascii	"\364\037\247\266\321\361dlB\332][;\227\360\332\260\333"
 102      D1F1646C 
 102      42DA5D5B 
 102      3B97F0DA 
 102      B0DB
 103 0291 5A3FBB1C 		.ascii	"Z?\273\034\213g\300f*{\270qe\321\223\\\332\243\265."
 103      8B67C066 
 103      2A7BB871 
 103      65D1935C 
 103      DAA3B52E 
 104 02a5 3E46AF95 		.ascii	">F\257\225,$t{\202\346P\203\260Y\370OD\314L\021\013"
 104      2C24747B 
 104      82E65083 
 104      B059F84F 
 104      44CC4C11 
 105 02ba CBD3489A 		.ascii	"\313\323H\232\311p\3238\373\032\3734{\310x\015`Gf\246"
 105      C970D338 
 105      FB1AFB34 
 105      7BC8780D 
ARM GAS  C:\Users\RAKIBU~1\AppData\Local\Temp\cc8cDn1j.s 			page 8


 105      604766A6 
 106 02ce 97BE9CE3 		.ascii	"\227\276\234\343\376l\177a k\327noa\200\276<\177\266"
 106      FE6C7F61 
 106      206BD76E 
 106      6F6180BE 
 106      3C7FB6
 107 02e1 37509443 		.ascii	"7P\224C\361|_~Na\221/3\007d\300\177\332\247\037\315"
 107      F17C5F7E 
 107      4E61912F 
 107      330764C0 
 107      7FDAA71F 
 108 02f6 F31F2B70 		.ascii	"\363\037+p\024\346\346\006|\305\262\300w\252\030O\374"
 108      14E6E606 
 108      7CC5B2C0 
 108      77AA184F 
 108      FC
 109 0307 014DF37F 		.ascii	"\001M\363\177w"
 109      77
 110              		.text
 111              		.section	.gnu.lto_chCoreAllocFromTopI.eb29e0c0,"",%progbits
 112 0000 789C8D53 		.ascii	"x\234\215SKOSQ\020\236\271\347\334\266TZ\032\327,XH"
 112      4B4F5351 
 112      109EB9E7 
 112      DCB6545A 
 112      1AD72C58 
 113 0015 0824B406 		.ascii	"\010$\264\0065q\347F\023\377\202Ki\0126\001K\250a\341"
 113      3571E746 
 113      13FF824B 
 113      690A3601 
 113      4BA861E1 
 114 0029 860BE5D5 		.ascii	"\206\013\345\325\010\221\250@R\033S\021$\030I} Z\020"
 114      0891A840 
 114      521B5311 
 114      2418497D 
 114      205A10
 115 003c A9542CBE 		.ascii	"\251T,\2760\020DT\022A\305\004cLP\343\206\207\316\334"
 115      30104454 
 115      1241C504 
 115      634C50E3 
 115      8687CEDC 
 116 0050 7B096288 		.ascii	"{\011b\210\341\344\366\344\3147\363\235\231\363\315"
 116      E1E4F6E4 
 116      CC37F39D 
 116      99F3CD
 117 005f D40200A5 		.ascii	"\324\002\000\245\022\340\010\030?\264\000*\255\023\000"
 117      12E00818 
 117      3FB4002A 
 117      AD1300
 118 006e 35364551 		.ascii	"56EQ\353\254\240\331Es\032@\313\024\246)\015S\242j\204"
 118      EBACA0D9 
 118      45731A40 
 118      CB14A629 
 118      0D53A26A 
 119 0083 A9887CD0 		.ascii	"\251\210|\320l\010\325\212\220*Vc\263\270 p\262\356"
 119      6C08D58A 
 119      902A5663 
 119      B3B82070 
ARM GAS  C:\Users\RAKIBU~1\AppData\Local\Temp\cc8cDn1j.s 			page 9


 119      B2EE
 120 0095 46549C11 		.ascii	"FT\234\021Q\001(\311\\~\021\371\350d\0231\207\314\336"
 120      510128C9 
 120      5C7E11F9 
 120      E8641331 
 120      87CCDE
 121 00a8 C61F9396 		.ascii	"\306\037\223\226\374\036M\253\325\222\035S\366\236P"
 121      FC1E4DAB 
 121      D5921D53 
 121      F69E50
 122 00b7 FDD1A850 		.ascii	"\375\321\250P\240\235\242\3731\033oc6\027s\007\363)"
 122      A09DA2FB 
 122      311B6F63 
 122      36177307 
 122      F329
 123 00c9 B6B3E6D5 		.ascii	"\266\263\346\3253\207(D\240\363|\270\257E\346u\353\274"
 123      33872844 
 123      A0F37CB8 
 123      AF45E675 
 123      EBBC
 124 00db E92EA1ED 		.ascii	"\351.\241\355\211\012\201\003(\376&\022\004x\027\363"
 124      890A8103 
 124      28FE2612 
 124      047817F3 
 125 00eb 28BC7565 		.ascii	"(\274uem\336*\212tjo\272\255\311nR\237_\325\251\022"
 125      6DDE2A8A 
 125      746A6FBA 
 125      ADC96E52 
 125      9F5FD5A9 
 126 0100 EFFD4B95 		.ascii	"\357\375K\225\200\011\235\372\363\374\333\367NqP\247"
 126      80099DFA 
 126      F3FCDBF7 
 126      4E7150A7 
 127 0110 4ECF341C 		.ascii	"N\3174\0340\231\253=f\322\301m\222\016a\036\207\307"
 127      3099AB3D 
 127      66D2C16D 
 127      920E611E 
 127      87C7
 128 0122 46170AC5 		.ascii	"F\027\012\305!\235yqh\254\305\226{E\247\316\\su\206"
 128      219D7971 
 128      68ACC596 
 128      7B45A7CE 
 128      5C737586 
 129 0136 B4714D46 		.ascii	"\264qMF\205\212\367\267\322yQ\370\363d8n\027\207u\352"
 129      858AF7B7 
 129      D27951F8 
 129      F364386E 
 129      178775EA 
 130 014a 4A476251 		.ascii	"JGbQ\232\324O\227\205\326\245)L|\260-\361\303\315\365"
 130      9AD44F97 
 130      85D6A529 
 130      4C7CB02D 
 130      F1C3CDF5 
 131 015e 368745E2 		.ascii	"6\207E\342\010\346\3420\346\306\004\260\226$a\222;\012"
 131      08E6E230 
 131      E6C604B0 
 131      96246192 
ARM GAS  C:\Users\RAKIBU~1\AppData\Local\Temp\cc8cDn1j.s 			page 10


 131      3B0A
 132 0170 A06C78E2 		.ascii	"\240lx\342SjR[\377\335\250%'\012\316\246f\256+\273\221"
 132      536A525B 
 132      FFDDA825 
 132      270ACEA6 
 132      66AE2BBB 
 133 0185 6A57046D 		.ascii	"jW\004m\252\244\015T>YX\011+o6\3362\330agG&\262\262"
 133      AAA40D54 
 133      3E595809 
 133      2B6F36DE 
 133      32D86167 
 134 019d 0E64919C 		.ascii	"\016d\221\234\300\227f!?\333\005|9@\023%\245q\320\222"
 134      C0976621 
 134      3FDB057C 
 134      39401325 
 134      A571D092 
 135 01b1 10A676D2 		.ascii	"\020\246v\322)\224\204/X;\270\024\037\263s-\021\301"
 135      2994842F 
 135      583BB814 
 135      1FB3732D 
 135      11C1
 136 01c3 B3D15E3F 		.ascii	"\263\321^?\372\322\312\303`\321_\232H|}g\255^\323l\004"
 136      FAD2CAC3 
 136      60D15F9A 
 136      487C7D67 
 136      AD5ED36C 
 137 01d8 C404EA0F 		.ascii	"\304\004\352\017\352\017-\237s\306\360\022F\205\025"
 137      EA0F2D9F 
 137      73C6F012 
 137      468515
 138 01e7 4769A81E 		.ascii	"Gi\250\036\362c\3111\220\236[\261y\3724Z9\254G\012c"
 138      F263C931 
 138      909E5BB1 
 138      79FA345A 
 138      39AC470A 
 139 01fc D8C64F05 		.ascii	"\330\306O\005|\204\036N6\333\200F*\031\021\231\004\204"
 139      7C841E4E 
 139      36DB8046 
 139      2A191199 
 139      0484
 140 020e A21B804A 		.ascii	"\242\033\200J\351\011\346\240\357\215&\306\360\026\226"
 140      E909E6A0 
 140      EF8D26C6 
 140      F01696
 141 021d 35221CCC 		.ascii	"5\"\034\314Z\335\000lz\220\325`\03530'\301\360\031k"
 141      5ADD006C 
 141      7A90D560 
 141      1D333027 
 141      C1F0196B 
 142 0231 73D86419 		.ascii	"s\330d\031\0102niy]a\204dDD\226\221=,\014\304\245\363"
 142      08326E69 
 142      795D6184 
 142      64444496 
 142      913D2C0C 
 143 0248 323679C3 		.ascii	"26y\303\314s\031\002\015u;\215(\373N\024\031\373\217"
 143      CC731902 
 143      0D753B8D 
ARM GAS  C:\Users\RAKIBU~1\AppData\Local\Temp\cc8cDn1j.s 			page 11


 143      28FB4E14 
 143      19FB8F
 144 025b 228F7545 		.ascii	"\"\217uE\220\025I\223\"\213X7\233\332o\336\315\351x"
 144      90154993 
 144      228B5837 
 144      9BDA6FDE 
 144      CDE978
 145 026e 85695CE9 		.ascii	"\205i\\\351\217L\335!\367DjN\232\315\331\364Kx\2234"
 145      8F4CDD21 
 145      F7446A4E 
 145      9ACDD9F4 
 145      4B789334 
 146 0282 BBD7BE34 		.ascii	"\273\327\2764\322\275\213\003vR\331\370\366\225\305"
 146      D2BD8B03 
 146      7652D9F8 
 146      F695C5
 147 0291 AAB8B427 		.ascii	"\252\270\264'\233\315z\212\036#Y\230\3647\006\345\033"
 147      9BCD7A8A 
 147      1E235998 
 147      F43706E5 
 147      1B
 148 02a2 2A10D10B 		.ascii	"*\020\321\013\377\205\210\356l\021\211/ i&\007oM\262"
 148      FF8588EE 
 148      6C11892F 
 148      20692607 
 148      6F4DB2
 149 02b5 ADB04D23 		.ascii	"\255\260M#\206\034\257\000\024\270\335\036\372\274'"
 149      861CAF00 
 149      14B8DD1E 
 149      FABC27
 150 02c4 FCC5FE40 		.ascii	"\374\305\376@\260h\357>O H_\231\277\330\023\254\364"
 150      B068EF3E 
 150      4F20485F 
 150      99BFD813 
 150      ACF4
 151 02d6 125EEE2B 		.ascii	"\022^\356+\367\006*}n/\310\240\377\264O=^\346/=i\011"
 151      F7062A7D 
 151      6E2FC8A0 
 151      FFB44F3D 
 151      5EE62F3D 
 152 02ec 9494047D 		.ascii	"\224\224\004}\247dE\245\257\012+\376\000\307\033r\344"
 152      A76445A5 
 152      AF0A2BFE 
 152      00C71B72 
 152      E4
 153              		.text
 154              		.section	.gnu.lto_chCoreAllocFromBase.eb29e0c0,"",%progbits
 155 0000 789C8D55 		.ascii	"x\234\215UmL\223W\024\276\347\275\357\333\326\026\212"
 155      6D4C9357 
 155      14BEE7BD 
 155      EFDBD616 
 155      8A
 156 0011 59F6D31F 		.ascii	"Y\366\323\0375Y\3034\216\032\247\331\376\355\303,\231"
 156      3559C334 
 156      8E1AA7D9 
 156      FEEDC32C 
 156      99
ARM GAS  C:\Users\RAKIBU~1\AppData\Local\Temp\cc8cDn1j.s 			page 12


 157 0022 3F4816FD 		.ascii	"?H\026\375\265d\011\223\256j3\240\246eF\367\307kA\261"
 157      B5640993 
 157      AE6A33A0 
 157      A66546F7 
 157      C76B41B1 
 158 0036 F3033367 		.ascii	"\363\0033g1M\003\305\217!a\024\347\374\030 \332\331"
 158      314D03C5 
 158      8F216114 
 158      E7FC1820 
 158      DAD9
 159 0048 294C1107 		.ascii	")L\021\007\002\363[\0241ss\316\217\305\370\005\356\234"
 159      02F35B14 
 159      317373CE 
 159      8FC5F805 
 159      EE9C
 160 005a FBBE75B4 		.ascii	"\373\276u\264t\3047\315\345\236s\317s\316\271\3179\367"
 160      74C437CD 
 160      E59E73CF 
 160      73CEB9CF 
 160      39F7
 161 006c 60628C55 		.ascii	"`b\214UZ\030\263\002c\037\340\036L\014\224-=\214\255"
 161      5A18B302 
 161      631FE01E 
 161      4C0C942D 
 161      3D8CAD
 162 007f B1288A56 		.ascii	"\261(\212Vif\302\3127v2&r\270!\252\272\250\202\246\233"
 162      6966C2CA 
 162      37763226 
 162      72B821AA 
 162      BAA882A6 
 163 0094 6900B411 		.ascii	"i\000\264\021\026`\253\025\256j\260\0326\362o8\364V"
 163      1660AB15 
 163      AE6AB01A 
 163      36F26F38 
 163      F456
 164 00a6 EE8DF20D 		.ascii	"\356\215\362\015<\312\031\250(\336;\035\031\266\223"
 164      3CCA19A8 
 164      28DE3B1D 
 164      19B693
 165 00b5 08E040B1 		.ascii	"\010\340@\261\261\352A\257iF\203\020A\221\250\351\267"
 165      B1EA41AF 
 165      69468310 
 165      4191A8E9 
 165      B7
 166 00c6 3554ACFD 		.ascii	"5T\254\3750\312\025\026F\353\3750\015~\200i\224\314"
 166      30CA1516 
 166      46EBFD30 
 166      0D7E8069 
 166      94CC
 167 00d8 019881B6 		.ascii	"\001\230\201\266;\326\014\234\312\345o\000\303\375P"
 167      3BD60C9C 
 167      CAE56F00 
 167      C3FD50
 168 00e7 A879939A 		.ascii	"\250y\223\232\277[\342\372wq\361Z\224s8\010|<\020U\014"
 168      BF5BE2FA 
 168      7771F15A 
 168      94733808 
ARM GAS  C:\Users\RAKIBU~1\AppData\Local\Temp\cc8cDn1j.s 			page 13


 168      7C3C1055 
 169 00fc 0E413E9A 		.ascii	"\016A>\232oy::d\346s$\264\261s\333z\253\001\355\376"
 169      6F793A3A 
 169      64E67324 
 169      B4B173DB 
 169      7AAB01ED 
 170 0111 564255F8 		.ascii	"VBU\3701\023\2522h\225\320\177\266^\270j\347oKh\377"
 170      3113AA32 
 170      6895D07F 
 170      B65EB86A 
 170      E76F4B68 
 171 0126 E0BA7906 		.ascii	"\340\272y\006\362Y\203\021\264-K\320v\310'\363\356D"
 171      F2598311 
 171      B42D4BD0 
 171      76C827F3 
 171      EE44
 172 0138 A8C5CADF 		.ascii	"\250\305\312\337\221\320\023\217v.v\356\224\320+\361"
 172      91D0138F 
 172      762E76EE 
 172      94D02BF1 
 173 0148 57EA2B44 		.ascii	"W\352+D\227P\361\246p8\035N\037Z_\377~l[\256I\205\016"
 173      9750F1A6 
 173      70381D4E 
 173      1F5A5FFF 
 173      7E6C5BAE 
 174 015f 70121748 		.ascii	"p\022\027H\301\0210\301\213\203J\201_b,n\222\3720\207"
 174      C11130C1 
 174      8B834A81 
 174      5F622C6E 
 174      92FA3087 
 175 0173 71180647 		.ascii	"q\030\006G\3214\201\005\3140?\265\375\365\"F\007a$\030"
 175      D1348105 
 175      CC303FB5 
 175      FDF52246 
 175      07612418 
 176 0187 CF769FEC 		.ascii	"\317v\237\354;j\343^\235\223x\375\366\034#\2753\265"
 176      3B6AE35E 
 176      9D9378FD 
 176      F61C23BD 
 176      33B5
 177 0199 73E3C39B 		.ascii	"s\343\303\2337\211Xpj\224kpl\222\004u\307'Z\220\206"
 177      37895870 
 177      6A946B70 
 177      6C920475 
 177      C7275A90 
 178 01ae 24660A3F 		.ascii	"$f\012?\221s\236\226\314\317\230\314q\352&\\\260\267"
 178      91739E96 
 178      CCCF98CC 
 178      71EA265C 
 178      B0B7
 179 01c0 142AC6A5 		.ascii	"\024*\306\245\307\207m\274\001d\344\257\304\321\275"
 179      C7876DBC 
 179      0164E4AF 
 179      C4D1BD
 180 01cf 6044AEE9 		.ascii	"`D\256\3513\357\331/D\350\335(7\301\211\211q\241\023"
 180      33EFD92F 
 180      44E8DD28 
ARM GAS  C:\Users\RAKIBU~1\AppData\Local\Temp\cc8cDn1j.s 			page 14


 180      37C18989 
 180      71A113
 181 01e2 9C08795A 		.ascii	"\234\010yZ\323:\242\032\220\033\365\\\354\022\012\001"
 181      D33AA21A 
 181      901BF55C 
 181      EC120A01 
 182 01f2 B230095D 		.ascii	"\2620\011]\340l\351\323\022b\354y\225H\014\026T'\007"
 182      E06CE9D3 
 182      1262EC79 
 182      95480C16 
 182      542707
 183 0205 5B945715 		.ascii	"[\224W\025\240\256\300\006\304\002\253@\305\322\260"
 183      A0AEC006 
 183      C402AB40 
 183      C5D2B0
 184 0214 6C26132D 		.ascii	"l&\023-f*\275\205\226)\264Xi\261\321\222#\235\345\312"
 184      662ABD85 
 184      9629B458 
 184      69B1D192 
 184      239DE5CA 
 185 0228 1CEC6499 		.ascii	"\034\354d\231\307\250Q\331z\254\016\366\275H\260\020"
 185      C7A851D9 
 185      7AAC0EF6 
 185      BD48B010 
 186 0238 8AB8AB48 		.ascii	"\212\270\253H\260\233\240d!\265irR\341\027y\271\252"
 186      B09BA064 
 186      21B56972 
 186      52E11779 
 186      B9AA
 187 024a 5BA243A5 		.ascii	"[\242C\245\367\241\201\003N\342\331\237\020\274\376"
 187      F7A18103 
 187      4EE2D99F 
 187      10BCFE
 188 0259 20DC7635 		.ascii	" \334v5\263\372[/\330\214\352\253\023+=\353\023\006"
 188      B3FA5B2F 
 188      D88CEAAB 
 188      132B3DEB 
 188      1306
 189 026b A7E84C9B 		.ascii	"\247\350L\233pV;\367;N\261\030tO\254\326i,R\017U\253"
 189      70563BF7 
 189      3B4EB118 
 189      744FACD6 
 189      692C520F 
 190 0281 87AA05EC 		.ascii	"\207\252\005\354o\212\272\243n\337#\353t\241\324\211"
 190      6F8ABAA3 
 190      6EDF23EB 
 190      74A1D489 
 191 0291 ED8E2837 		.ascii	"\355\216(7\023\240y\270]XT\274>\234\201\351\262!\356"
 191      13A079B8 
 191      5D5854BC 
 191      3E9C81E9 
 191      B221EE
 192 02a4 DEEEBFA8 		.ascii	"\336\356\277\250\240\006~\005U\346\315\240W>\370=G\222"
 192      A0067E05 
 192      55E6CDA0 
 192      573EF83D 
 192      4792
ARM GAS  C:\Users\RAKIBU~1\AppData\Local\Temp\cc8cDn1j.s 			page 15


 193 02b6 2339D32B 		.ascii	"#9\323+\014\264\205l\357\307\367\015\330$\272\217\320"
 193      0CB4856C 
 193      EFC7F70D 
 193      D824BA8F 
 193      D0
 194 02c7 701654E4 		.ascii	"p\026T\344,\350\220\0340\332\016\205\376\322\350rh\334"
 194      2CE8901C 
 194      30DA0E85 
 194      FED2E872 
 194      68DC
 195 02d9 54B7A6D1 		.ascii	"T\267\246\321j\2608\030\267GD\242\322\221\345\261K\012"
 195      6AB03818 
 195      B74744A2 
 195      D291E5B1 
 195      4B0A
 196 02eb FBC119C1 		.ascii	"\373\301\031\301*\240\203\330\241\032n8\330t\266{T\233"
 196      2AA083D8 
 196      A11A6E38 
 196      D874B67B 
 196      549B
 197 02fd E060C293 		.ascii	"\340`\302\223\227\016\006\310\001\317p\020\374}s\217"
 197      970E06C8 
 197      01CF7010 
 197      FC7D738F 
 198 030d 3D4B066D 		.ascii	"=K\006mY\034\014\222\003\225\375\001\301\266[w\222\326"
 198      591C0C92 
 198      0395FD01 
 198      C1B65B77 
 198      92D6
 199 031f 0CF21FC6 		.ascii	"\014\362\037\306\255dAa(W\243~\246\361/\036\233\214"
 199      AD644161 
 199      2857A37E 
 199      A6F12F1E 
 199      9B8C
 200 0331 5A8CC16F 		.ascii	"Z\214\301oX\201sT\012\\\"\\C\223\360\332cg\314\324\032"
 200      58817354 
 200      0A5C225C 
 200      4393F0DA 
 200      6367CCD4 
 201 0346 53E4CB69 		.ascii	"S\344\313im\275}\321\274zTXP\021\343\372\263\334_q\357"
 201      6DBD7DD1 
 201      BC7A5458 
 201      5011E3FA 
 201      B3DC5F71 
 202 035b 6B7B0C6A 		.ascii	"k{\014j!\312\255p\001G\360yJ\014\017\016v^zjq5S\026"
 202      21CAAD70 
 202      0147F079 
 202      4A0C0F0E 
 202      765E7A6A 
 203 0373 B1F6EA99 		.ascii	"\261\366\352\231\364^.B\014\266!\216\"1\270\004.\314"
 203      F45E2E42 
 203      0CB6218E 
 203      2231B804 
 203      2ECC
 204 0385 BA22BA0E 		.ascii	"\272\"\272\016\364\200\024\323\270\311\375*CgF5\031"
 204      F48014D3 
 204      B8C9FD2A 
ARM GAS  C:\Users\RAKIBU~1\AppData\Local\Temp\cc8cDn1j.s 			page 16


 204      43674635 
 204      19
 205 0396 85534616 		.ascii	"\205SF\026$\013\325i\272)\250\306\200\227\273\032\233"
 205      240BD569 
 205      BA29A8C6 
 205      8097BB1A 
 205      9B
 206 03a7 E4D857E1 		.ascii	"\344\330W\3419~yp\0313Ag\347RvV\"\032\201\317R\012\233"
 206      397E7970 
 206      19334167 
 206      E7527656 
 206      221A81CF 
 207 03be C45AF588 		.ascii	"\304Z\365\210\037\353\272\034T\313\326 \221\270A\225"
 207      1FEBBA1C 
 207      54CBD620 
 207      91B84195 
 208 03ce 9EE668C7 		.ascii	"\236\346h\307\247\272I\256\264R\376\263\352$\253\\\275"
 208      A7BA49AE 
 208      B452FEB3 
 208      EA24AB5C 
 208      BD
 209 03df 044F76DA 		.ascii	"\004Ov\332u+\373\313\020v%;a\016b\353\252d\013\014\266"
 209      752BFBCB 
 209      1076253B 
 209      610E62EB 
 209      AA640B0C 
 210 03f4 8690AD11 		.ascii	"\206\220\255\021\250<\227\234\373\"\011\273l\200\020"
 210      A83C979C 
 210      FB2209BB 
 210      6C8010
 211 0403 5E0AFF31 		.ascii	"^\012\3771\342\020\220\307\375\252Q>\312H?W\331\371"
 211      E21090C7 
 211      FDAA513E 
 211      CA483F57 
 211      D9F9
 212 0415 049D637E 		.ascii	"\004\235c~\341[cI\033\031\274Lr\327\376\247\232+(\273"
 212      E15B6349 
 212      1B19BC4C 
 212      72D7FEA7 
 212      9A2B28BB 
 213 0429 EB69B51C 		.ascii	"\353i\265\034\006\227\036/\204\357?5\222\202\261\366"
 213      06971E2F 
 213      84EF3F35 
 213      9282B1F6 
 214 0439 1AF9A664 		.ascii	"\032\371\246d\347\351t\2214\220&\015\246I\235iRW\232"
 214      E7E97491 
 214      3490260D 
 214      A6499D69 
 214      52579A
 215 044c D4A14BF8 		.ascii	"\324\241K\370\342\223rp\275\350N\015I\2721~p\351\243"
 215      E2937270 
 215      BDE84E0D 
 215      49BA317E 
 215      70E9A3
 216 045f DF182663 		.ascii	"\337\030&cu\327\216\330Rs\342\206\234\023#rNd\016\205"
 216      75D78ED8 
 216      5273E286 
ARM GAS  C:\Users\RAKIBU~1\AppData\Local\Temp\cc8cDn1j.s 			page 17


 216      9C132372 
 216      4E640E85 
 217 0473 9BFA5018 		.ascii	"\233\372P\030\332]}\367s\031\203\261;(nx|\334D\361#"
 217      DA5D7DF7 
 217      731983B1 
 217      3B286E78 
 217      7CDC44F1 
 218 0488 3C0F2FF8 		.ascii	"<\017/\370\020\362\240`\232\362dl\010\360/W\260\027"
 218      10F2A060 
 218      9AF2646C 
 218      08F02F57 
 218      B017
 219 049a D4C88E5E 		.ascii	"\324\310\216^\300\261\014tst7\263\240\300\205?\3672"
 219      C0B10C74 
 219      737437B3 
 219      A0C0853F 
 219      F732
 220 04ac 6FB1D717 		.ascii	"o\261\327\027\2303\373M\227/\200\277\022o\261+\340w"
 220      9833FB4D 
 220      972F80BF 
 220      126FB12B 
 220      E077
 221 04be A3BED453 		.ascii	"\243\276\324S\352\366\371=\005n\246\006\274_z\264\305"
 221      EAF6F93D 
 221      056EA606 
 221      BC5F7AB4 
 221      C5
 222 04cf 25DEA565 		.ascii	"%\336\245e&\337\222%\001O9,\317\317\006\367\227\273"
 222      26DF9225 
 222      014F392C 
 222      CFCF06F7 
 222      97BB
 223 04e1 BC65EE92 		.ascii	"\274e\356\222/>\363\340A`U\240`\0313\027/\016x>\362"
 223      2F3EF3E0 
 223      416055A0 
 223      60193317 
 223      2F0E783E 
 224 04f6 7BE765B3 		.ascii	"{\347e\263w\373JK}e\256\345>\177y\300\365\336\302\302"
 224      77FB4A4B 
 224      7D65AEE5 
 224      3E7F79C0 
 224      F5DEC2C2 
 225 050a F9852BD1 		.ascii	"\371\205+\321\202\242\026\255x\253\024\321j\231ge\371"
 225      82A216AD 
 225      78AB14D1 
 225      6A996765 
 225      F9
 226 051b FB9340F1 		.ascii	"\373\223@\361\230\200\256\371\205\213\026,r\315G\244"
 226      9880AEF9 
 226      858B162C 
 226      72CD47A4 
 227 052b 6B412A83 		.ascii	"kA*\203\322\2007P\264\324\355F?S\013\027-tP&\313\375"
 227      D2803750 
 227      B4D4ED46 
 227      3F530B17 
 227      2D745026 
 228 0541 DE590EE7 		.ascii	"\336Y\016\347l\246\370\231\031/\350\363\257b\377\002"
ARM GAS  C:\Users\RAKIBU~1\AppData\Local\Temp\cc8cDn1j.s 			page 18


 228      6CA6F899 
 228      192FE8F3 
 228      AF62FF02 
 229 0551 6156024F 		.ascii	"aV\002O"
 230              		.text
 231              		.section	.gnu.lto_chCoreAllocFromTop.eb29e0c0,"",%progbits
 232 0000 789C8D55 		.ascii	"x\234\215UmLSg\024~\317}\357\275-\005\212Y\366\223\037"
 232      6D4C5367 
 232      147ECF7D 
 232      EFBD2D05 
 232      8A59F693 
 233 0015 2519611A 		.ascii	"%\031a\032\245\306i\266\375\332\007Y2\177\220,\362k"
 233      A5C669B6 
 233      FDDA0759 
 233      327F902C 
 233      F26B
 234 0027 C912025D 		.ascii	"\311\022\002]\325n\324\222\226\021\335\037/\005\305"
 234      D56ED492 
 234      9611DD1F 
 234      2F05C5
 235 0036 4661668E 		.ascii	"Faf\216\217\260N\352\007C\342\200\015\231[\313\220N"
 235      8FB04EEA 
 235      0743E280 
 235      0D995BCB 
 235      904E
 236 0048 D43A4518 		.ascii	"\324:E\030\012\370\001S\020Y\2063\233_q&L\266s\336{"
 236      0AF80153 
 236      10598633 
 236      9B5F7126 
 236      4CB673DE 
 237 005d 71143A62 		.ascii	"q\024:b\323\334\336\363\361\234s\336\347\234\363Ve\214"
 237      D3DCDEF3 
 237      F19C73DE 
 237      E79CF356 
 237      658C
 238 006f 7D6066CC 		.ascii	"}`f\314\002\214\275\205\357\2402\220\366\3663Vf\226"
 238      028CBD85 
 238      EFA03290 
 238      F6F63356 
 238      6696
 239 0081 24A5C2C4 		.ascii	"$\245\302\3044\013\337\023cLK\341\206(\353\242\014\212"
 239      340BDF13 
 239      634C4BE1 
 239      8628EBA2 
 239      0C8A
 240 0093 EEA600D0 		.ascii	"\356\246\000\320\213f\006\266]\342\262\002\333a\017"
 240      8B6606B6 
 240      5DE2B202 
 240      DB610F
 241 00a2 FF8CC360 		.ascii	"\377\214\303`\305\327A\276\233\0079\003\031\305{\027"
 241      C5D741BE 
 241      9B073903 
 241      19C57B17 
 242 00b2 1A26AD24 		.ascii	"\032&\255$\002\330Pl\251|0\250.o\3264\277\026\255\353"
 242      02D8506C 
 242      A97C30A8 
 242      2E6FD634 
ARM GAS  C:\Users\RAKIBU~1\AppData\Local\Temp\cc8cDn1j.s 			page 19


 242      BF16ADEB 
 243 00c6 B43697EF 		.ascii	"\2646\227\357x;\310%V\213\336\235\220\016\307 \235\212"
 243      783BC825 
 243      568BDE9D 
 243      900EC720 
 243      9D8A
 244 00d8 F91696A3 		.ascii	"\371\026\226\243\357\301\262\341\363\251|\0250|\037"
 244      EFC1B2E1 
 244      F3A97C15 
 244      307C1F
 245 00e7 0FB456C9 		.ascii	"\017\264V\311YM\002\327w\230k/\0049\207\343\300\347"
 245      594D02D7 
 245      77986B2F 
 245      043987E3 
 245      C0E7
 246 00f9 0351C5E0 		.ascii	"\003Q\305\340;\310B\367\2753O\306M|\215\200\266\304"
 246      3BC842F7 
 246      BD334FC6 
 246      4D7C8D80 
 246      B6C4
 247 010b 6A76590C 		.ascii	"jvY\014\350\251/\005T\206\357\027Be\006a\001}\270\357"
 247      E8A92F05 
 247      5486EF17 
 247      42650661 
 247      017DB8EF 
 248 011f DA0D2B7F 		.ascii	"\332\015+\177E@\207Fv\2563\220\017\233\215\244\221\004"
 248      45408746 
 248      76AE3390 
 248      0F9B8DA4 
 248      9104
 249 0131 49BB208B 		.ascii	"I\273 \213\334\373\242\201v\013\177M@\317<>T\220yH@"
 249      DCFBA281 
 249      760B7F4D 
 249      40CF3C3E 
 249      54907948 
 250 0146 AF879F3B 		.ascii	"\257\207\237;P\256\235\325d<)\374\020\017\247\017z\337"
 250      50AE9DD5 
 250      643C29FC 
 250      100FA70F 
 250      7ADF
 251 0158 FC66B626 		.ascii	"\374f\266&U\225\241\0332\211\013\244\340\004\250\360"
 251      5595A11B 
 251      32890BA4 
 251      E004A8F0 
 252 0168 D450A1E1 		.ascii	"\324P\241\341':\033V\205\276\226\303<\014\203\036t\215"
 252      273A1B56 
 252      85BE96C3 
 252      3C0C831E 
 252      748D
 253 017a 620317B8 		.ascii	"b\003\027\270\237\257\1771\237\221\241\026\011F[\323"
 253      9FAF7F31 
 253      9F91A116 
 253      09465BD3 
 254 018a B98B3DC9 		.ascii	"\271\213=\311\334\245s\322v\240>\305(o`\377\332\266"
 254      DCA573D2 
 254      76A03EC5 
 254      286F60FF 
ARM GAS  C:\Users\RAKIBU~1\AppData\Local\Temp\cc8cDn1j.s 			page 20


 254      DAB6
 255 019c C9EA2A2D 		.ascii	"\311\352*-\344_\026\344\012\234\\\242@=\360\231v\244"
 255      E45F16E4 
 255      0A9C5CA2 
 255      403DF099 
 255      76A4
 256 01ae A1172B85 		.ascii	"\241\027+\205\037)8\217+\346\024\026s\232\246\011\037"
 256      1F29388F 
 256      2BE61416 
 256      739AA609 
 256      1F
 257 01bf 385B12DA 		.ascii	"8[\022\332B''V\361f\020\211?\357:]e6\022\327\015Y\216"
 257      42272756 
 257      F1661089 
 257      3FEF3A5D 
 257      653612D7 
 258 01d6 746A5AE0 		.ascii	"tjZ\340\365 W\341\314\342\264\020\203L\204\314\324\205"
 258      F52057E1 
 258      CCE2B410 
 258      834C84CC 
 258      D485
 259 01e8 A7640372 		.ascii	"\247d\003r\353\000\327\016k\022\001\022\020\011g!\263"
 259      EB00D70E 
 259      6B120112 
 259      10096721 
 259      B3
 260 01f9 FDA212D5 		.ascii	"\375\242\022\325f\377\251\324\242#\257V\367\216D\244"
 260      66FFA9D4 
 260      A223AF56 
 260      F78E44A4 
 261 0209 E725A0A1 		.ascii	"\347%\240\241\300\371\303\376\312@\275R\260k\252\212"
 261      C0F9C3FE 
 261      CA40BD52 
 261      B06BAA8A 
 262 0219 0F66A237 		.ascii	"\017f\24273\265?\211\036\026z$\2138)dN\0255X\311)\215"
 262      33B53F89 
 262      1E167A24 
 262      8B382964 
 262      4E153558 
 263 0230 D19CB25D 		.ascii	"\321\234\262]\330\034\034{-\312\002(\342[y\224\375\012"
 263      D81C1C7B 
 263      2DCA0228 
 263      E25B7994 
 263      FD0A
 264 0242 52024E8F 		.ascii	"R\002N\217.\315)\374$\016W9\255u\313\264\036\012\330"
 264      2ECD29FC 
 264      240E5739 
 264      AD75CBB4 
 264      1E0AD8
 265 0255 E01CDA7E 		.ascii	"\340\034\332~\007\377\315\007\265\221\033\013\233\277"
 265      07FFCD07 
 265      B5911B0B 
 265      9BBF
 266 0263 2F62359A 		.ascii	"/b5\232//n\364\312\367\030\234'\233\262\310\266\177"
 266      2F2F6EF4 
 266      CAF7189C 
 266      279BB2C8 
ARM GAS  C:\Users\RAKIBU~1\AppData\Local\Temp\cc8cDn1j.s 			page 21


 266      B67F
 267 0275 ED579C72 		.ascii	"\355W\234r1\350[\334\254\013\330\243~jV?5\013\330\237"
 267      31E85BDC 
 267      AC0BD8A3 
 267      7E6A563F 
 267      350BD89F 
 268 0289 94F56063 		.ascii	"\224\365`c\307cK\206&5j\365\266 7\021\240u\262K3\313"
 268      C7634B86 
 268      26356AF5 
 268      B6203711 
 268      A075B24B 
 269 029f 787C1880 		.ascii	"x|\030\200\0141\017w\357\014\215J\250\201\237A\026u"
 269      0C310F77 
 269      EF0C8D4A 
 269      A8819F41 
 269      1675
 270 02b1 331814FB 		.ascii	"3\030\024\373~\344D\357TJF\271\2016\223\357\375\266"
 270      7EE444EF 
 270      544A46B9 
 270      813693EF 
 270      FDB6
 271 02c3 8EE16481 		.ascii	"\216\341d\201\276Hh\270\0042r\346\267\011\016\030\275"
 271      BE4868B8 
 271      043272E6 
 271      B7090E18 
 271      BD
 272 02d4 8E07BE30 		.ascii	"\216\007\2760\321\341\320\371hcY\213\305`q$lm\320\242"
 272      D1E1D0F9 
 272      6863598B 
 272      C5607124 
 272      6C6DD0A2 
 273 02e8 15B604BB 		.ascii	"\025\266\004\273.(\034\202\314\006\354\002\006\010\375"
 273      2E281C82 
 273      CC06EC02 
 273      0608FD
 274 02f7 85178C1E 		.ascii	"\205\027\214\036\240\352R\337\023eQ\200E\033/\002\014"
 274      A0EA52DF 
 274      13655180 
 274      451B2F02 
 274      0C
 275 0308 5300BE20 		.ascii	"S\000\276 \200\377\267\352~k\202\012\"\011\002\214P"
 275      80FFB7EA 
 275      7E6B820A 
 275      2209028C 
 275      50
 276 0319 0099DD06 		.ascii	"\000\231\335\006\177d\272\375\264e\001\371\217\302\026"
 276      7F64BAFD 
 276      B46501F9 
 276      8FC216
 277 0328 F2A03454 		.ascii	"\362\2404T\253\321?u\376\302\343\244\321\2101\270\214"
 277      ABD13F75 
 277      FEC2E3A4 
 277      D18831B8 
 277      8C
 278 0339 1DB842AD 		.ascii	"\035\270B\255\300G\003W\320\245v\307\311\001\023\215"
 278      C0470357 
 278      D0A576C7 
ARM GAS  C:\Users\RAKIBU~1\AppData\Local\Temp\cc8cDn1j.s 			page 22


 278      C901138D 
 279 0349 4692D89C 		.ascii	"F\222\330\234p\370\316\250i\373\023\315\214\212\020"
 279      70F8CEA8 
 279      69FB13CD 
 279      8C8A10
 280 0358 D7B7B2B3 		.ascii	"\327\267\262\263\374\336\247\326\020\354\207 \267\300"
 280      FCDEA7D6 
 280      10EC8720 
 280      B7C0
 281 0366 35BC81AF 		.ascii	"5\274\201\257Rah8\036\033\2331\333[\251\212PO\315\012"
 281      52616838 
 281      1E1B9B31 
 281      DB5BA98A 
 281      504FCD0A 
 282 037a DA975108 		.ascii	"\332\227Q\010A\015\342(\023\2031\260S\325Wv\202\236"
 282      410DE228 
 282      138331B0 
 282      53D55776 
 282      829E
 283 038c 5025226F 		.ascii	"P%\"oCypNa\302\"PMN\367+\015\235\031\325q\250$b\017"
 283      4379704E 
 283      61C22250 
 283      4D4EF72B 
 283      0D9D19D5 
 284 03a5 517FCF29 		.ascii	"Q\177\317),\302)IG\275\253\353\222Q-\372M\"\035\030"
 284      2CC22949 
 284      47BDABEB 
 284      92512DFA 
 284      4D221D18 
 285 03b9 557A94AA 		.ascii	"Uz\224\252\313\305\272K\212N\"f\017p]\223*p)\377\341"
 285      CBC5BA4B 
 285      8A4E2266 
 285      0F705D93 
 285      2A7029FF 
 286 03ce 62844BD5 		.ascii	"b\204K\325\231\356j\262\352^\326g\341\345\227\304\274"
 286      99EE6AB2 
 286      EA5ED667 
 286      E1E597C4 
 286      BC
 287 03df D88894EB 		.ascii	"\330\210\224\353\202\0240H\271\201\244LAE\177\357\332"
 287      82143048 
 287      B981A44C 
 287      41457FEF 
 287      DA
 288 03f0 A7455845 		.ascii	"\247EXE\237\003xL\374\373\303]\027\3461\331\350\022"
 288      9F03784C 
 288      FCFBC35D 
 288      17E631D9 
 288      E812
 289 0402 55A4DB65 		.ascii	"U\244\333ev5Jv\254\257v\272\247)\231\034\236\245\270"
 289      76354A76 
 289      ACAF76BA 
 289      A729991C 
 289      9EA5B8
 290 0415 F1FF695A 		.ascii	"\361\377iZ)U7\021\327\262\233`\327\363\005p\315\347"
 290      29553711 
 290      D7B29B60 
ARM GAS  C:\Users\RAKIBU~1\AppData\Local\Temp\cc8cDn1j.s 			page 23


 290      D7F30570 
 290      CDE7
 291 0427 6E1E7F68 		.ascii	"n\036\177h&\250\210?\213!c\227lB\032\216\223F\342\244"
 291      26A8883F 
 291      8B216397 
 291      6C421A8E 
 291      9346E2A4 
 292 043b 589C7436 		.ascii	"X\234t6N\352\326%\\\354^q?=\035B\005I\232\234\177?\351"
 292      4EEAD625 
 292      5CEC5E71 
 292      3F3D1D42 
 292      05499A9C 
 293 0452 17BC7167 		.ascii	"\027\274qg\3146N\234H\236\273\016&\305upK\\\007\013"
 293      CC364E9C 
 293      489EBB0E 
 293      26C57570 
 293      4B5C070B 
 294 0466 777F4ADF 		.ascii	"w\177J\337\375\361\246O\356~(r0\366\007\212\273[b*\345"
 294      FDF1A64F 
 294      EE7E2872 
 294      30F6078A 
 294      BB5B622A 
 295 047b 6FE06978 		.ascii	"o\340ix\300G\220\006\331\351RC\373\004\340/\227p\026"
 295      C0479006 
 295      D9E95243 
 295      FB04E02F 
 295      977016
 296 048e E448C720 		.ascii	"\344H\307 \340\355\013tr\014\267\";\333\216_\307fW\241"
 296      E0ED0B74 
 296      720CB722 
 296      3BDB8E5F 
 296      C76657A1 
 297 04a2 CBE35BB3 		.ascii	"\313\343[\263\372%\273\307\207\337\"W\241\335\347u\240"
 297      FA25BBC7 
 297      87DF2257 
 297      A1DDE775 
 297      A0
 298 04b3 DEED743B 		.ascii	"\336\355t;<^g\266\203\311>\327\307N\245\240\310\265"
 298      3C5E67B6 
 298      83C93ED7 
 298      C74EA5A0 
 298      C8B5
 299 04c5 698BEAD9 		.ascii	"i\213\352\331\270\321\347,\201\342\254Dpo\211\335\265"
 299      B8D1E72C 
 299      81E2AC44 
 299      706F89DD 
 299      B5
 300 04d6 C551F4D1 		.ascii	"\305Q\364\321\373N4\370\266\371\26273Sa\201\317\371"
 300      FB4E34F8 
 300      B6F9B237 
 300      33536181 
 300      CFF9
 301 04e8 8ED7B52E 		.ascii	"\216\327\265.\221\277\303\343v{\266\330\213=\336\022"
 301      91BFC3E3 
 301      767BB6D8 
 301      8B3DDE12 
 302 04f8 9FFD8D0D 		.ascii	"\237\375\215\015\2719\271[\321\203\262\346\227\276\354"
ARM GAS  C:\Users\RAKIBU~1\AppData\Local\Temp\cc8cDn1j.s 			page 24


 302      B939B95B 
 302      D183B2E6 
 302      97BEEC
 303 0507 46B45CEC 		.ascii	"F\264\\\354u\226\276\271\004\324\271\265\204\200\366"
 303      7596BEB9 
 303      04D4B9B5 
 303      8480F6
 304 0516 9CDCBCF5 		.ascii	"\234\334\274\365y\366\034D\332\327\317U\340\366\271"
 304      79F61C44 
 304      DAD7CF55 
 304      E0F6B9
 305 0525 7CF99B1C 		.ascii	"|\371\233\034\016\214\263,7o\203\215*)\366\272V\332"
 305      0E8CB32C 
 305      376F838D 
 305      2A29F6BA 
 305      56DA
 306 0537 325733C9 		.ascii	"2W3\311\313Lx@\217w\033\373\027\242'\366\313"
 306      CB4C7840 
 306      8F771BFB 
 306      17A227F6 
 306      CB
 307              		.text
 308              		.section	.gnu.lto_chCoreGetStatusX.eb29e0c0,"",%progbits
 309 0000 789C8D90 		.ascii	"x\234\215\220\315J\002Q\024\307\317\231;\343\214P\366"
 309      CD4A0251 
 309      14C7CF99 
 309      3BE38C50 
 309      F6
 310 0011 00B9706B 		.ascii	"\000\271pk\204\023\365 \275\203\"$$\202>\2007\2554j"
 310      8413F520 
 310      BD832224 
 310      24823E80 
 310      37AD346A 
 311 0025 51912632 		.ascii	"Q\221&2\204\320BZDE\223\245}0\264(Z\364\271\010\242"
 311      84D0425A 
 311      444593A5 
 311      7D30B428 
 311      5AF4B908 
 312 003a 56B52A44 		.ascii	"V\265*D\260E\233\312:\307i\325\"\032\356\3349\347\177"
 312      B0459BCA 
 312      3AC769D5 
 312      221AEEDC 
 312      39E77F
 313 004d CF3DBFFF 		.ascii	"\317=\277\377\034\017\000\334\"\300 }\373\351E\001\250"
 313      1C0F00DC 
 313      22C0207D 
 313      FBE94501 
 313      A8
 314 005e CC5F004C 		.ascii	"\314_\000L\030\012\"\007\322@H+\230\3069\261$\360zr"
 314      180A2207 
 314      D240482B 
 314      98C639B1 
 314      24F07A72 
 315 0072 D312B3C2 		.ascii	"\323\022\263\302\2422\225\322\366y\371\311\307)b\200"
 315      A23295D2 
 315      F679F9C9 
 315      C7296280 
ARM GAS  C:\Users\RAKIBU~1\AppData\Local\Temp\cc8cDn1j.s 			page 25


 316 0082 D266EBC4 		.ascii	"\322f\353\304\356\011V\245\314Hg\371\315W\262\257\244"
 316      EE0956A5 
 316      CC4867F9 
 316      CD57B2AF 
 316      A4
 317 0093 D7120A14 		.ascii	"\327\022\012\024\251\334F?n\243\237\031;\030\004\252"
 317      A9DC463F 
 317      6EA39F19 
 317      3B1804AA 
 318 00a3 7EDCEA14 		.ascii	"~\334\352\024z=*\237\222XC\017\220\021\330\270\321\034"
 318      7A3D2A9F 
 318      9258430F 
 318      9011D8B8 
 318      D11C
 319 00b5 D9F9CA49 		.ascii	"\331\371\312I\347c\025\027F\211n\011ja\011Up\244r\244"
 319      E7631517 
 319      46896E09 
 319      6A610955 
 319      70A472A4 
 320 00c9 F1A603B7 		.ascii	"\361\246\003\267\206<\335&\237\322\201\031J)\312:\360"
 320      863CDD26 
 320      9FD28119 
 320      4A29CA3A 
 320      F0
 321 00da 8299C6F3 		.ascii	"\202\231\306\363Q\265\217\233\226\005\022\2538u|\251"
 321      51B58F9B 
 321      960512AB 
 321      38757CA9 
 322 00ea B3510D19 		.ascii	"\263Q\015\031]\2577\357\365\364\2474H\2500\2364;\333"
 322      5DAF37EF 
 322      F5F4A734 
 322      48A8309E 
 322      343BDB
 323 00fd 5EF45570 		.ascii	"^\364Up\005-\341\301=\372\341]vK\007\265\323\207w\303"
 323      052DE1C1 
 323      3DFAE15D 
 323      764B07B5 
 323      D38777C3 
 324 0111 5C97F404 		.ascii	"\\\227\364\004\310\001\326\261\202\005\276\004\330@"
 324      C801D6B1 
 324      8205BE04 
 324      D840
 325 011f 9361AFB9 		.ascii	"\223a\257\271;\257\313R\010\327\305\237\305\\A\374\207"
 325      3BAFCB52 
 325      08D7C59F 
 325      C55C41FC 
 325      87
 326 0130 B6FF07ED 		.ascii	"\266\377\007\355\240K\343\311\340\341o\232J\375I\311"
 326      A04BE3C9 
 326      E0E16F9A 
 326      4AFD49C9 
 327 0140 96A6D115 		.ascii	"\226\246\321\025\264\256\003\325\255Z\023\256\250\223"
 327      B4AE03D5 
 327      AD5A13AE 
 327      A893
 328 014e 0E2DCC04 		.ascii	"\016-\314\004~Rv\236\247\2164+\232\337@(d\322\212\214"
 328      7E52769E 
ARM GAS  C:\Users\RAKIBU~1\AppData\Local\Temp\cc8cDn1j.s 			page 26


 328      A78E342B 
 328      9ADF4028 
 328      64D28A8C 
 329 0162 C5C2B144 		.ascii	"\305\302\261Djxh\304L\244h\215\307\302f*\031!=\036\215"
 329      6A7868C4 
 329      4CA4688D 
 329      C7C2662A 
 329      19213D1E 
 330 0177 4712C968 		.ascii	"G\022\311h(\002\337\305q\242A"
 330      2802DFC5 
 330      71A241
 331              		.text
 332              		.section	.gnu.lto_.symbol_nodes.eb29e0c0,"",%progbits
 333 0000 789C55CA 		.ascii	"x\234U\312\273\015\200@\014\004\321\275\201\243\016"
 333      BB0D8040 
 333      0C04D1BD 
 333      81A30E
 334 000f 44275466 		.ascii	"D'Tf\210Hi\207\343\337\0005\341\013\035X#\275u'i\361"
 334      88486987 
 334      E3DF0035 
 334      E10B1D58 
 334      23BD7527 
 335 0025 130593D6 		.ascii	"\023\005\223\326O\362\224i\224\362\206\346\301\247\374"
 335      4FF29469 
 335      94F286E6 
 335      C1A7FC
 336 0034 90FADA17 		.ascii	"\220\372\332\027j\331\261\024^90\242\234X\023\345\302"
 336      6AD9B114 
 336      5E3930A2 
 336      9C5813E5 
 336      C2
 337 0045 DA283796 		.ascii	"\332(7\226\203\350\007 \027\037_"
 337      83E80720 
 337      171F5F
 338              		.text
 339              		.section	.gnu.lto_.refs.eb29e0c0,"",%progbits
 340 0000 789C6363 		.ascii	"x\234cc``p\006b\026\006FFF&&0\301\314\304\014\34220"
 340      60607006 
 340      62160646 
 340      46462626 
 340      30C1CCC4 
 341 0018 F23032F2 		.ascii	"\36202\3623\263\"\230l\014\214\354\014\214B\214\214"
 341      33B32298 
 341      6C0C8CEC 
 341      0C8C428C 
 341      8C
 342 0029 A2CCEC70 		.ascii	"\242\314\354p&\023\007X\0013\003\000/\264\0017"
 342      26130758 
 342      01330300 
 342      2FB40137 
 343              		.text
 344              		.section	.gnu.lto_.decls.eb29e0c0,"",%progbits
 345 0000 789CAD56 		.ascii	"x\234\255VkP\024\331\025\356\323=\316\014\303\313\002"
 345      6B5014D9 
 345      15EED33D 
 345      CE0CC3CB 
 345      02
ARM GAS  C:\Users\RAKIBU~1\AppData\Local\Temp\cc8cDn1j.s 			page 27


 346 0011 3665122A 		.ascii	"6e\022*E\031-Y\253v\000\215\345&?R>*Y\255\312\246\266"
 346      45192D59 
 346      AB76008D 
 346      E5263F52 
 346      3E2A59AD 
 347 0028 D66C554C 		.ascii	"\326lUL\246\322\213\303\270\220\300\214a\206dM\245*"
 347      A6D28BC3 
 347      B890C08C 
 347      6186644D 
 347      A52A
 348 003a 8D80B280 		.ascii	"\215\200\262\200\212\212\"\017a\020\243\370`\325E\027"
 348      8A8A220F 
 348      6110A3F8 
 348      60D54517 
 349 004a 015D0758 		.ascii	"\001]\007X\025\001\021\330U\326\027\242\362P\344!\242"
 349      150111D8 
 349      55D617A2 
 349      F250E421 
 349      A2
 350 005b 4164959C 		.ascii	"Ad\225\234{o\317L32&\331J\027\207\351{\373\234\357\373"
 350      7B6FCF4C 
 350      333226D9 
 350      4A1787E9 
 350      7BFB9CEF 
 351 0070 EE39A76F 		.ascii	"\3569\247o_5\307qG\0028\256D\340\270\277\363\0347\211"
 351      5F35C771 
 351      470238AE 
 351      44E0B8BF 
 351      F31C3789 
 352 0084 9706E76A 		.ascii	"\227\006\347j\321p\310U\243\255\346\330\245F\253Ck@"
 352      D170C855 
 352      A3ADE6D8 
 352      A546AB43 
 352      6B40
 353 0096 6B446B46 		.ascii	"kDkFkAkC\303p\256\017\255\037m\200\233z\245\001\213"
 353      6B416B43 
 353      C370AE0F 
 353      AD1F6D80 
 353      9B7AA501 
 354 00ab FD10ED01 		.ascii	"\375\020\355\001\332 Z\017Z'\332\220\314s\007\355.\032"
 354      DA205A0F 
 354      5A27DA90 
 354      CC7307ED 
 354      2E1A
 355 00bd C81CAFC3 		.ascii	"\310\034\257\303\333\206NZ\374\015B\013A\023\025:;\025"
 355      DB864E5A 
 355      FC0D420B 
 355      4113153A 
 355      3B15
 356 00cf F89EB80D 		.ascii	"\370\236\270\015\362\334\013\031[y\355\374\0370\357"
 356      F2DC0B19 
 356      5B79EDFC 
 356      1F30EF
 357 00de CAB820E7 		.ascii	"\312\270 \347\201\314\251\340U\314<\234\363\365\202"
 357      81CCA9E0 
 357      55CC3C9C 
 357      F3F582
ARM GAS  C:\Users\RAKIBU~1\AppData\Local\Temp\cc8cDn1j.s 			page 28


 358 00ed E90B0C37 		.ascii	"\351\013\0147\000\177\203az\315\0329\307o\340\363\357"
 358      007F8361 
 358      7ACD1A39 
 358      C76FE0F3 
 358      EF
 359 00fe A3FD082D 		.ascii	"\243\375\010-\014\355\307\300\326\002\323\254c\317w"
 359      0CEDC7C0 
 359      D602D3AC 
 359      63CF77
 360 010d E474AE89 		.ascii	"\344t\256\211p\266x\341l\364\302Y\012,\316\311Y-\347"
 360      70B678E1 
 360      6CF4C259 
 360      0A2CCEC9 
 360      592DE7
 361 0120 EC77AFC9 		.ascii	"\354w\257\311[\233\027\254\034\001n5\034<,d\012\260"
 361      5B9B17AC 
 361      1C016E35 
 361      1C3C2C64 
 361      0AB0
 362 0132 5A07A41B 		.ascii	"Z\007\244\033\003q\352\350@\325\270?\233\"\036\355\315"
 362      0371EAE8 
 362      40D5B83F 
 362      9B221EED 
 362      CD
 363 0143 0F8E6904 		.ascii	"\017\216i\004\236\336w\357\352?\007\372#\022\273\264"
 363      9EDE77EF 
 363      EA3F07FA 
 363      2312BBB4 
 364 0153 060E4E82 		.ascii	"\006\016N\202\340\204\3327>\\\351',\242\216m\251\307"
 364      E084DA37 
 364      3E5CE927 
 364      2CA28E6D 
 364      A9C7
 365 0165 0A096C90 		.ascii	"\012\011l\220\016T8\034\271\224\177/\000\207!:\010\313"
 365      0E54381C 
 365      B9947F2F 
 365      0087213A 
 365      08CB
 366 0177 11F84BAD 		.ascii	"\021\370K\255c\325Z\320\205\247K\322\006\311\236\"\371"
 366      63D55AD0 
 366      85A74BD2 
 366      06C99E22 
 366      F9
 367 0188 ACE0A00A 		.ascii	"\254\340\240\012B\341\024\204rP\003\341\204\372s\320"
 367      42E11484 
 367      725003E1 
 367      84FA73D0 
 368 0198 73700227 		.ascii	"sp\002'+pr?\241s\364\345\352G\323$\211\207j\320A%\010"
 368      2B70723F 
 368      A173F4E5 
 368      EA47D324 
 368      89876AD0 
 369 01af D40757B6 		.ascii	"\324\007W\266ZG\376\343$2U\327\2369\353{\033n\001\346"
 369      5A47FEE3 
 369      243255D7 
 369      9E39EB7B 
 369      1B6E01E6 
ARM GAS  C:\Users\RAKIBU~1\AppData\Local\Temp\cc8cDn1j.s 			page 29


 370 01c3 00665269 		.ascii	"\000fRi\000\354?\376\022\243\343I\347\005l\036gy\366"
 370      00EC3FFE 
 370      12A3E349 
 370      E7056C1E 
 370      6779F6
 371 01d6 23BB9281 		.ascii	"#\273\222\2013\004\\3\274\214\301;q\351\237\014\000"
 371      33045C33 
 371      BC8CC13B 
 371      71E99F0C 
 371      00
 372 01e7 4A54F69C 		.ascii	"JT\366\234\3219/V\005v\243\210cS\274\233L\021\362\212"
 372      D1392F56 
 372      0576A388 
 372      6353BC9B 
 372      4C11F28A 
 373 01fb 56CEF5D8 		.ascii	"V\316\365\330%\312\275H\220+qe \353S\277.\350\304\247"
 373      25CABD48 
 373      902B7165 
 373      20EB53BF 
 373      2EE8C4A7 
 374 020f D88AD9DA 		.ascii	"\330\212\331\332\004Z\223\376\3437K\002\204\022\240"
 374      045A93FE 
 374      E3374B02 
 374      8412A0
 375 021e 83739363 		.ascii	"\203s\223c\216@V \236\024\371Q\363\036_V\240\2318<\222"
 375      8E405620 
 375      9E14F951 
 375      F31E5F56 
 375      A099383C 
 376 0233 35993363 		.ascii	"5\2313c\326.\222\365\354\024i&\017\037~\017\034X\213"
 376      D62E92F5 
 376      EC146926 
 376      0F1F7E0F 
 376      1C588B
 377 0246 B3580B0E 		.ascii	"\263X\013\016ja\026\3767\253\030\331\343\252\322\373"
 377      6A6116FE 
 377      37AB18D9 
 377      E3AAD2FB 
 378 0256 C26CBBD4 		.ascii	"\302l\273\324\325\205\025*\237\223\337\274Qj\305\270"
 378      D585152A 
 378      9F93DFBC 
 378      516AC5B8 
 379 0266 25D40FBE 		.ascii	"%\324\017\276p\227\351\013\322*p\006\272\000N\303m\324"
 379      7097E90B 
 379      D22A7006 
 379      BA004EC3 
 379      6DD4
 380 0278 5607B331 		.ascii	"V\007\2631\376\360\315\266I_\241\203\311*\354\336\274"
 380      FEF0CDB6 
 380      495FA183 
 380      C92AECDE 
 380      BC
 381 0289 65868A67 		.ascii	"e\206\212g\345$\0248W_>\341\020\350\034\266\305\227"
 381      E5241438 
 381      575F3EE1 
 381      10E81CB6 
 381      C597
ARM GAS  C:\Users\RAKIBU~1\AppData\Local\Temp\cc8cDn1j.s 			page 30


 382 029b 40E7BACF 		.ascii	"@\347\272\317\017vk\\~\347\330d\357hu\226F\251Z\364"
 382      0F766B5C 
 382      7EE7D864 
 382      EF687596 
 382      46A95AF4 
 383 02af 53A8BE40 		.ascii	"S\250\276@U\237\007Yv\316\316\232\016\177Y\366\371\242"
 383      559F0759 
 383      76CECE9A 
 383      0E7F59F6 
 383      F9A2
 384 02c1 807CC9B1 		.ascii	"\200|\311\261A\222\222y\342\006\365n\321\365\236\242"
 384      41929279 
 384      E206F56E 
 384      D1F59EA2 
 385 02d1 1BA8E8E6 		.ascii	"\033\250\350\346\033\027\216\316\020\006\230\350\321"
 385      1B178ECE 
 385      100698E8 
 385      D1
 386 02de ED83C51A 		.ascii	"\355\203\305\032\031\252q\376\024\244\213n\244\213\236"
 386      19AA71FE 
 386      14A48B6E 
 386      A48B9E
 387 02ed 488D14E9 		.ascii	"H\215\024\351yfO\205\237 \261\367kp\274\336\016\210"
 387      79664F85 
 387      9F20B1F7 
 387      6B70BCDE 
 387      0E88
 388 02ff 6447A476 		.ascii	"dG\244v=C\222\030R\223\033\251\311\023\251\231\"m}\330"
 388      3D439218 
 388      52931BA9 
 388      C913A999 
 388      226D7DD8 
 389 0313 8048390C 		.ascii	"\200H9\014)\345z\323\026^\326\324\376\323)H\227\334"
 389      29E57AD3 
 389      165ED6D4 
 389      FED32948 
 389      97DC
 390 0325 48973C91 		.ascii	"H\227<\221Z(\322\321\221c\005\032\341\000C\032\335X"
 390      5A28D2D1 
 390      9163051A 
 390      E100431A 
 390      DD58
 391 0337 9FAE5266 		.ascii	"\237\256Rf\225d\334\235\326\326)\315\320d\377&\303W"
 391      9564DC9D 
 391      D6D629CD 
 391      D064FF26 
 391      C357
 392 0349 5E4067CD 		.ascii	"^@g\315\314\222\024\251\014\343\354<q\203\313n\342\313"
 392      CC9214A9 
 392      0CE3EC3C 
 392      7183CB6E 
 392      E2CB
 393 035b 9EC46D94 		.ascii	"\236\304m\224x\367\375\036\207N8\305\210\363k\2364\316"
 393      78F7FD1E 
 393      874E38C5 
 393      88F36B9E 
 393      34CE
ARM GAS  C:\Users\RAKIBU~1\AppData\Local\Temp\cc8cDn1j.s 			page 31


 394 036d 602DAAC5 		.ascii	"`-\252\305a\345\320\341J\177\326\242\016\362\370t\357"
 394      61E5D0E1 
 394      4A7FD6A2 
 394      0EF2F874 
 394      EF
 395 037e 58BA20D4 		.ascii	"X\272 \3243\337\243i\335\007\265\3700\024\2671P\354"
 395      33DFA369 
 395      DD07B5F8 
 395      3014B731 
 395      50EC
 396 0390 61A16C0F 		.ascii	"a\241l\017;\341\030-W\011M\324\227?^\336\375G\010\327"
 396      3BE1182D 
 396      57094DD4 
 396      973F5EDE 
 396      FD4708D7 
 397 03a4 B13D65F8 		.ascii	"\261=e\370\272>m\023\311\314u\\\3257n\201\241dO\241"
 397      BA3E6D13 
 397      C9CC755C 
 397      D5376E81 
 397      A1644FA1 
 398 03b8 FB93542A 		.ascii	"\373\223T*\011\2638X\030\012\221\270;]\303\335)T\336"
 398      09B33858 
 398      180A91B8 
 398      3B5DC3DD 
 398      2954DE
 399 03cb 9D3A3009 		.ascii	"\235:0\011W1\011Hp\260\270\354K\177\341\264@\011:\313"
 399      57310948 
 399      70B0B8EC 
 399      4B7FE1B4 
 399      40093ACB 
 400 03df 875B0417 		.ascii	"\207[\004\027C\337\263\331\025t\327\272\205\0147\334"
 400      43DFB3D9 
 400      1574D7BA 
 400      850C37DC 
 401 03ef 0C48383D 		.ascii	"\014H8=\305\315\351)\016\2358\262?\320/\303\265eR<\347"
 401      C5CDE929 
 401      0E9D38B2 
 401      3FD02FC3 
 401      B565523C 
 402 0404 AEC9E1CB 		.ascii	"\256\311\341\313\356'\277\375}\003\3717\325\202]E\264"
 402      EE27BFFD 
 402      7D03F937 
 402      D5825D45 
 402      B4
 403 0415 A80EB49C 		.ascii	"\250\016\264\234\232\320B\360\2349\341\333h\005\321"
 403      9AD042F0 
 403      9C39E1DB 
 403      6805D1
 404 0424 F00D80AF 		.ascii	"\360\015\200\2571\356+\032\327\005\301\204\012\356!"
 404      31EE2B1A 
 404      D705C184 
 404      0AEE21
 405 0433 EB1D9803 		.ascii	"\353\035\230\003wa\016\335P\366\022\"\307d\226P\236"
 405      77610EDD 
 405      50F61222 
 405      C7649650 
 405      9E
ARM GAS  C:\Users\RAKIBU~1\AppData\Local\Temp\cc8cDn1j.s 			page 32


 406 0444 B269B364 		.ascii	"\262i\263d\257\003\302\000WP?\211p\355\326\021\004#"
 406      AF03C200 
 406      57503F89 
 406      70EDD611 
 406      0423
 407 0456 2AD415D0 		.ascii	"*\324\025\320\370C\354\265T\201:\337\236\326\271\212"
 407      F843ECB5 
 407      54813ADF 
 407      9ED6B98A 
 408 0466 D0CA3B7A 		.ascii	"\320\312;zK~P2\012\"^\234\234\027y\021\255\365\327\261"
 408      4B7E5032 
 408      0A225E9C 
 408      9C177911 
 408      ADF5D7B1 
 409 047a BA57E922 		.ascii	"\272W\351\"\370\202\242\264!\200\340\351\227\000\275"
 409      F882A2B4 
 409      2180E0E9 
 409      9700BD
 410 0489 A8DCDB2A 		.ascii	"\250\334\333*\030\315\325\0025~\255\240\007\235\272"
 410      18CDD502 
 410      357EADA0 
 410      079DBA
 411 0498 DD0520A4 		.ascii	"\335\005 \244\224\253\275t\317\327\272\271\245\222\335"
 411      94ABBD74 
 411      CFD7BAB9 
 411      A592DD
 412 04a7 4176B0F0 		.ascii	"Av\260\360\312R$\001\352\335\316\274\025\351j\247\215"
 412      CA522401 
 412      EADDCEBC 
 412      15E96AA7 
 412      8D
 413 04b8 DB077331 		.ascii	"\333\007s1\256\243\373\304q\020\272\250FxZ[\321\240"
 413      AEA3FBC4 
 413      7110BAA8 
 413      46785A5B 
 413      D1A0
 414 04ca 0ECA9615 		.ascii	"\016\312\226\025.\001R\036\2721?\200 \327\252N\347\275"
 414      2E01521E 
 414      BA313F80 
 414      20D7AA4E 
 414      E7BD
 415 04dc 2C572353 		.ascii	",W#S\027\212\352\314\017\331.\331g\221\347p_\376\212"
 415      178AEACC 
 415      0FD92ED9 
 415      6791E770 
 415      5FFE8A
 416 04ef B21BE8A7 		.ascii	"\262\033\350\247\360O3F{\374\205!\006\237{\260\374s"
 416      F04F3346 
 416      7BFC8521 
 416      069F7BB0 
 416      FC73
 417 0501 418EBCFB 		.ascii	"A\216\274\373\203d\011\353A\002\037:\003\351\015\014"
 417      836409EB 
 417      41021F3A 
 417      03E90D0C 
 418 0511 D0C0DACF 		.ascii	"\320\300\332\317J\013|\224\235\322\243(\002\007\203"
 418      4A0B7C94 
ARM GAS  C:\Users\RAKIBU~1\AppData\Local\Temp\cc8cDn1j.s 			page 33


 418      9DD2A328 
 418      020783
 419 0520 AC53C82F 		.ascii	"\254S\310/yc\3636g\373)\235\011\254\333yHv\036\242\316"
 419      7963F336 
 419      67FB299D 
 419      09ACDB79 
 419      48761EA2 
 420 0535 B7766E38 		.ascii	"\267vn8\300\013\023L\322\275\003/s\325\354\375|\203"
 420      C00B134C 
 420      D2BD032F 
 420      73D5ECFD 
 420      7C83
 421 0547 EC13659F 		.ascii	"\354\023e\237\025i\331\373YF^\301\222K\243\273t\302"
 421      1569D9FB 
 421      59465EC1 
 421      924BA3BB 
 421      74C2
 422 0559 2733A8EF 		.ascii	"'3\250\357\310\267{*}\230o\010\016\245\332\341\236@"
 422      C8B77B2A 
 422      7D986F08 
 422      0EA5DAE1 
 422      9E40
 423 056b 5D3A4916 		.ascii	"]:I\026#\015R\266\362\023\2229l\026\030e\235\177\345"
 423      230D52B6 
 423      F2139239 
 423      6C161865 
 423      9D7FE5
 424 057e D999E77E 		.ascii	"\331\231\347~\302v\212\244:\222r\350\221\012\302C\001"
 424      C2768AA4 
 424      3A9272E8 
 424      910AC243 
 424      01
 425 058f DD81BD62 		.ascii	"\335\201\275b\344(\302\3018\276\016O\345t\340\225/!"
 425      E428C2C1 
 425      38BE0E4F 
 425      E574E095 
 425      2F21
 426 05a1 FCA37F90 		.ascii	"\374\243\177\220i\274\327\322\337i^\266\177a\303\214"
 426      69BCD7D2 
 426      DF695EB6 
 426      7F61C38C 
 427 05b1 53BE6708 		.ascii	"S\276g\0108\306\010\207\212\357l\012P\326\222`\217\340"
 427      38C60887 
 427      8AEF6C0A 
 427      50D69260 
 427      8FE0
 428 05c3 F34754DF 		.ascii	"\363GT\337sRQ\246\222x\037/l\030\367\321\311\330\351"
 428      735251A6 
 428      92781F2F 
 428      6C18F7D1 
 428      C9D8E9
 429 05d6 FF097B60 		.ascii	"\377\011{`\353\247#\376J\354\211\327a\227\215\335\357"
 429      EBA723FE 
 429      4AEC89D7 
 429      61978DDD 
 429      EF
 430 05e7 D760D95B 		.ascii	"\327`\331[\2615{\213\324\311vGr\030|\213\025z\214\235"
ARM GAS  C:\Users\RAKIBU~1\AppData\Local\Temp\cc8cDn1j.s 			page 34


 430      B1357B8B 
 430      D4C97647 
 430      72187C8B 
 430      157A8C9D 
 431 05fb 899F2245 		.ascii	"\211\237\"E\3440\316\374\201\347\340\005\355\201\212"
 431      E430CEFC 
 431      81E7E005 
 431      ED818A
 432 060a CC890C95 		.ascii	"\314\211\014\225\220\313\262\377\342vv\266\206\225\306"
 432      90CBB2FF 
 432      E27676B6 
 432      8695C6
 433 0619 4E4AF3A4 		.ascii	"NJ\363\244j\343\363\000V\215`\034\326\244\275\034\364"
 433      6AE3F300 
 433      568D601C 
 433      D6A4BD1C 
 433      F4
 434 062a F35A8D64 		.ascii	"\363Z\215d^\256\206\304\323\005\244\036(x\340\343\231"
 434      5EAE86C4 
 434      D305A41E 
 434      2878E0E3 
 434      99
 435 063b 9C4960D5 		.ascii	"\234I`\325\342`\003\037\344\014\"\336\273\352\217\226"
 435      E260031F 
 435      E40C22DE 
 435      BBEA8F96 
 436 064b AB3D97EB 		.ascii	"\253=\227\353\325{\377\241\303u\201\362r\373\347\263"
 436      D57BFFA1 
 436      C37581F2 
 436      72FBE7B3 
 437 065b D5A6F06C 		.ascii	"\325\246\360l\265\370\271T\004\276\224W\233\312\317"
 437      B5F8B954 
 437      04BE9457 
 437      9BCACF
 438 066a 559C62E7 		.ascii	"U\234b\347\275z\212\235'\237b\267>\336\247\021\376I"
 438      BD7A8A9D 
 438      279F62B7 
 438      3EDEA711 
 438      FE49
 439 067c F3C1DFBE 		.ascii	"\363\301\337\2766q3\300\333\371\363\023>\234\004\321"
 439      367133C0 
 439      DBF9F313 
 439      3E9C04D1 
 440 068c ED77231F 		.ascii	"\355w#\037\012i\274\363\3749|\375\347y\217%)\014\322"
 440      0A69BCF3 
 440      FC397CFD 
 440      E7798F25 
 440      290CD2
 441 069f 791D6CE2 		.ascii	"y\035l\342]\033\311<Y\375\301}\333\366\252\205c\214"
 441      5D1BC93C 
 441      59FDC17D 
 441      DBF6AA85 
 441      638C
 442 06b1 A3A6A0E7 		.ascii	"\243\246\240\347\034\357\215#\313+\007~-\316\323\257"
 442      1CEF8D23 
 442      CB2B077E 
 442      2DCED3AF 
ARM GAS  C:\Users\RAKIBU~1\AppData\Local\Temp\cc8cDn1j.s 			page 35


 443 06c1 45267264 		.ascii	"E&rd\2709\322i\212\310,\022m{\364x\207\332k\3016;\013"
 443      B839D269 
 443      8AC82C12 
 443      6D7BF478 
 443      87DA6BC1 
 444 06d8 1649EBB5 		.ascii	"\026I\353\265\241fhB\345Y/\367\367{\013\255\300f\006"
 444      A1666842 
 444      E5592FF7 
 444      F77B0BAD 
 444      C06606
 445 06eb 8F0372B8 		.ascii	"\217\003r\270\232(\257\226\333C\215\303\263\315\251"
 445      9A28AF96 
 445      DB438DC3 
 445      B3CDA9
 446 06fa A77DBDB2 		.ascii	"\247}\275\262e;\331\266\262\366x\222\2216&\237\3745"
 446      653BD9B6 
 446      B2F67892 
 446      9136269F 
 446      FC35
 447 070c A4817B0B 		.ascii	"\244\201{\013\267\370\261\326{\233\034\366\356\3464"
 447      B7F8B1D6 
 447      7B9B1CF6 
 447      EEE634
 448 071b 81A798ED 		.ascii	"\201\247\230\355\230\201m<\001\333A\305d31;\250\230"
 448      98816D3C 
 448      01DB41C5 
 448      6433313B 
 448      A898
 449 072d D6A19A2C 		.ascii	"\326\241\232,_\241\2125\362\331\254}\355:<^8\360x\361"
 449      5FA18A35 
 449      F2D9AC7D 
 449      ED3A3C5E 
 449      38F078F1 
 450 0741 F09470AB 		.ascii	"\360\224p\253\211\2365\355+\330Y3\307\235.\274\235z"
 450      899E35ED 
 450      2BD85933 
 450      C79D2EBC 
 450      9D7A
 451 0753 BED8C993 		.ascii	"\276\330\311\223\363EWq\337\016\177a\220\201\035*/:"
 451      F3455771 
 451      DF0E7F61 
 451      90811D2A 
 451      2F3A
 452 0765 16208CB3 		.ascii	"\026 \214\263Af]}\241\032\017\224\220K\"\351\271\326"
 452      41665D7D 
 452      A11A0F94 
 452      904B22E9 
 452      B9D6
 453 0777 2175F032 		.ascii	"!u\3602\327d\2030xr\240-Y\012I}\223R\355rR\301n^EFS"
 453      D7648330 
 453      7872A02D 
 453      590A497D 
 453      9352ED72 
 454 0792 D9F2285B 		.ascii	"\331\362([Go]\214pF\355\005\377B\331\311Z\240GXRjv\324"
 454      476F5D8C 
 454      7046ED05 
 454      FF42D9C9 
ARM GAS  C:\Users\RAKIBU~1\AppData\Local\Temp\cc8cDn1j.s 			page 36


 454      5AA04758 
 455 07aa CDFD6A6F 		.ascii	"\315\375jo\265\277\327s\367\036\236\034\265\012y\371"
 455      B5BFD773 
 455      F71E9E1C 
 455      B50A79F9 
 456 07ba AC553072 		.ascii	"\254U0r6\317G\026x\343\232p\343\262\234\014 \216\220"
 456      36CF4716 
 456      78E39A70 
 456      E3B29C0C 
 456      208E90
 457 07cd EF5258   		.ascii	"\357RX"
 458 07d0 800AF33D 		.ascii	"\200\012\363=\025\026Q\205Yi\207\2225\302\026\015\225"
 458      15165185 
 458      59698792 
 458      35C2160D 
 458      95
 459 07e1 78B3E244 		.ascii	"x\263\342DS\240\2147|J\270\230\231\211\337\375di\311"
 459      53A08C37 
 459      7C4AB898 
 459      9989DFFD 
 459      6469C9
 460 07f4 0ABAE262 		.ascii	"\012\272\342bwr\213=\301\354\024l\377\330\263\314\000"
 460      77728B3D 
 460      C1EC146C 
 460      FFD8B3CC 
 460      00
 461 0805 61B7C6CB 		.ascii	"a\267\306\313z/\017\355\030\002w>\317L\311g\211K\355"
 461      7A2F0FED 
 461      1802773E 
 461      CF4CC967 
 461      894BED
 462 0818 5E545BE2 		.ascii	"^T[\342IP\312\317\346\336\324\353#\360\317\030\033\267"
 462      4950CACF 
 462      E6DED4EB 
 462      23F0CF18 
 462      1BB7
 463 082a 26CE625D 		.ascii	"&\316b]\020\2710\302b\305\277\370\2705\021\326D#\316"
 463      10B930C2 
 463      62C5BFF8 
 463      B83511D6 
 463      4423CE
 464 083d 2798128C 		.ascii	"'\230\022\214\226D\223\336\250}\347\327\037\204-\217"
 464      964493DE 
 464      A87DE7D7 
 464      1F842D8F 
 465 084d 8AE2D4D6 		.ascii	"\212\342\324\326\270\277\231D[\214\361g\006\032f\265"
 465      B8BF9944 
 465      5B8CF167 
 465      061A66B5 
 466 085d 25C5C459 		.ascii	"%\305\304Y\0146\213%\336j\370\310\234\024F\357\302\242"
 466      0C368B25 
 466      DE6AF8C8 
 466      9C1446EF 
 466      C2A2
 467 086f 1313C24C 		.ascii	"\023\023\302L\011kL11\246\030\303b}d\330\202\310\250"
 467      096B4C31 
 467      31A618C3 
ARM GAS  C:\Users\RAKIBU~1\AppData\Local\Temp\cc8cDn1j.s 			page 37


 467      627D64D8 
 467      82C8A8
 468 0882 C57FFE89 		.ascii	"\305\177\376\211\001\241\015\037\031\215\006|\376\226"
 468      01A10D1F 
 468      198D067C 
 468      FE96
 469 0890 D96236BD 		.ascii	"\331b6\275e\212^\023\207\016\013\364Q\2068\2631>)\306"
 469      658A5E13 
 469      870E0BF4 
 469      518638B3 
 469      313E29C6 
 470 08a4 64B0DA30 		.ascii	"d\260\3320j\255>\226\323\211\204\\\2143\307\331\346"
 470      6AAD3E96 
 470      D389845C 
 470      8C33C7D9 
 470      E6
 471 08b5 FFD74AB9 		.ascii	"\377\327J\271\020c\354r\274[\032\037o1\3762\321\222"
 471      1063EC72 
 471      BC5B1A1F 
 471      6F31FE32 
 471      D192
 472 08c7 B02CDA6A 		.ascii	"\260,\332jZ\031\3541\371\033\313\272W\346\210c\320\253"
 472      5A19EC31 
 472      F91BCBBA 
 472      57E68863 
 472      D0AB
 473 08d9 7E33D9D4 		.ascii	"~3\331\324;&\333*[\264-\311\372[\2351V\224\3514k0\006"
 473      3B26DB2A 
 473      5BB42DC9 
 473      FA5B9D31 
 473      5694E934 
 474 08f0 EF7D4431 		.ascii	"\357}D1)\316l{[\264\255\375\216\211\231\232\020g*\022"
 474      29CE6C7B 
 474      5BB4ADFD 
 474      8E89999A 
 474      10672A12 
 475 0904 A211CB6C 		.ascii	"\242\021\313l2\210\230\220\350\244x\233h[\277\316d\305"
 475      32889890 
 475      E8A4789B 
 475      685BBFCE 
 475      64C5
 476 0916 D46864BA 		.ascii	"\324hd\272\337\377_\351\254\353\255\006\021\323\217"
 476      DFFF5FE9 
 476      ACEBAD06 
 476      11D38F
 477 0925 D8C8A1B6 		.ascii	"\330\310\241\266Y\326\341\332\364\336S/\307)\322\037"
 477      59D6E1DA 
 477      F4DE532F 
 477      C729D21F 
 478 0935 CBF9C8B7 		.ascii	"\313\371\310\267\242\315_\024cM\321\353D\222#Q\364\223"
 478      A2CD5F14 
 478      634DD1EB 
 478      44922351 
 478      F493
 479 0947 4726738C 		.ascii	"G&s\214(\342\243\265If\243(\352\027/\210\\\254u\216"
 479      28E2A3B5 
 479      4966A328 
ARM GAS  C:\Users\RAKIBU~1\AppData\Local\Temp\cc8cDn1j.s 			page 38


 479      EA172F88 
 479      5CAC758E 
 480 095b 54C6D8E8 		.ascii	"T\306\330\350D\345\263\250E:\226\331\205\013D\233\326"
 480      44E5B3A8 
 480      453A96D9 
 480      850B449B 
 480      D6
 481 096c 79E36B8C 		.ascii	"y\343k\214]\265\336\372\201\031k\364\247y\323\251K\264"
 481      5DB5DEFA 
 481      81196BF4 
 481      A779D3A9 
 481      4BB4
 482 097e 29A4E1A2 		.ascii	")\244\341\242P\226\357:K\242ML\2421\376\321\361\177"
 482      5096EF3A 
 482      4BA24D4C 
 482      A231FED1 
 482      F17F
 483 0990 8D5E6FC5 		.ascii	"\215^o\305\306\212\307\344.\232\016\301hIH\260\230#"
 483      C68AC7E4 
 483      2E9A0EC1 
 483      684948B0 
 483      9823
 484 09a2 48903562 		.ascii	"H\2205b\351\373\357.\177\367c\364\240\353\372\313\342"
 484      E9FBEF2E 
 484      7FF763F4 
 484      A0EBFACB 
 484      E2
 485 09b3 04C44395 		.ascii	"\004\304C\225V\223M\\\266t\325/\336{\177\345\262\327"
 485      56934D5C 
 485      B674D52F 
 485      DE7B7FE5 
 485      B2D7
 486 09c5 60983EB6 		.ascii	"`\230>\266\021\204\210\345\357\256Z\271*\202\264R\304"
 486      118488E5 
 486      EFAE5AB9 
 486      2A82B452 
 486      C4
 487 09d6 4AA7B804 		.ascii	"J\247\270\004k\234U\304\367\201\344\215.\352W(\317\207"
 487      6B9C55C4 
 487      F781E48D 
 487      2EEA5728 
 487      CF87
 488 09e8 4A2542FF 		.ascii	"J%B\377\015\216l\274G"
 488      0D8E6CBC 
 488      47
 489              		.text
 490              		.section	.gnu.lto_.symtab.eb29e0c0,"",%progbits
 491 0000 5F636F72 		.ascii	"_core_init\000"
 491      655F696E 
 491      697400
 492 000b 00       		.ascii	"\000"
 493 000c 00       		.ascii	"\000"
 494 000d 00       		.ascii	"\000"
 495 000e 00000000 		.ascii	"\000\000\000\000\000\000\000\000"
 495      00000000 
 496 0016 C2000000 		.ascii	"\302\000\000\000"
 497 001a 63685F6D 		.ascii	"ch_memcore\000"
ARM GAS  C:\Users\RAKIBU~1\AppData\Local\Temp\cc8cDn1j.s 			page 39


 497      656D636F 
 497      726500
 498 0025 00       		.ascii	"\000"
 499 0026 00       		.ascii	"\000"
 500 0027 00       		.ascii	"\000"
 501 0028 00000000 		.ascii	"\000\000\000\000\000\000\000\000"
 501      00000000 
 502 0030 E7000000 		.ascii	"\347\000\000\000"
 503 0034 6368436F 		.ascii	"chCoreAllocFromBaseI\000"
 503      7265416C 
 503      6C6F6346 
 503      726F6D42 
 503      61736549 
 504 0049 00       		.ascii	"\000"
 505 004a 00       		.ascii	"\000"
 506 004b 00       		.ascii	"\000"
 507 004c 00000000 		.ascii	"\000\000\000\000\000\000\000\000"
 507      00000000 
 508 0054 C8000000 		.ascii	"\310\000\000\000"
 509 0058 6368436F 		.ascii	"chCoreAllocFromTopI\000"
 509      7265416C 
 509      6C6F6346 
 509      726F6D54 
 509      6F704900 
 510 006c 00       		.ascii	"\000"
 511 006d 00       		.ascii	"\000"
 512 006e 00       		.ascii	"\000"
 513 006f 00000000 		.ascii	"\000\000\000\000\000\000\000\000"
 513      00000000 
 514 0077 CA000000 		.ascii	"\312\000\000\000"
 515 007b 6368436F 		.ascii	"chCoreAllocFromBase\000"
 515      7265416C 
 515      6C6F6346 
 515      726F6D42 
 515      61736500 
 516 008f 00       		.ascii	"\000"
 517 0090 00       		.ascii	"\000"
 518 0091 00       		.ascii	"\000"
 519 0092 00000000 		.ascii	"\000\000\000\000\000\000\000\000"
 519      00000000 
 520 009a CC000000 		.ascii	"\314\000\000\000"
 521 009e 6368436F 		.ascii	"chCoreAllocFromTop\000"
 521      7265416C 
 521      6C6F6346 
 521      726F6D54 
 521      6F7000
 522 00b1 00       		.ascii	"\000"
 523 00b2 00       		.ascii	"\000"
 524 00b3 00       		.ascii	"\000"
 525 00b4 00000000 		.ascii	"\000\000\000\000\000\000\000\000"
 525      00000000 
 526 00bc CE000000 		.ascii	"\316\000\000\000"
 527 00c0 6368436F 		.ascii	"chCoreGetStatusX\000"
 527      72654765 
 527      74537461 
 527      74757358 
 527      00
ARM GAS  C:\Users\RAKIBU~1\AppData\Local\Temp\cc8cDn1j.s 			page 40


 528 00d1 00       		.ascii	"\000"
 529 00d2 00       		.ascii	"\000"
 530 00d3 00       		.ascii	"\000"
 531 00d4 00000000 		.ascii	"\000\000\000\000\000\000\000\000"
 531      00000000 
 532 00dc D1000000 		.ascii	"\321\000\000\000"
 533 00e0 5F5F6865 		.ascii	"__heap_base__\000"
 533      61705F62 
 533      6173655F 
 533      5F00
 534 00ee 00       		.ascii	"\000"
 535 00ef 02       		.ascii	"\002"
 536 00f0 00       		.ascii	"\000"
 537 00f1 00000000 		.ascii	"\000\000\000\000\000\000\000\000"
 537      00000000 
 538 00f9 EA000000 		.ascii	"\352\000\000\000"
 539 00fd 5F5F6865 		.ascii	"__heap_end__\000"
 539      61705F65 
 539      6E645F5F 
 539      00
 540 010a 00       		.ascii	"\000"
 541 010b 02       		.ascii	"\002"
 542 010c 00       		.ascii	"\000"
 543 010d 00000000 		.ascii	"\000\000\000\000\000\000\000\000"
 543      00000000 
 544 0115 EC000000 		.ascii	"\354\000\000\000"
 545              		.text
 546              		.section	.gnu.lto_.opts,"",%progbits
 547 0000 272D666D 		.ascii	"'-fmath-errno' '-fsigned-zeros' '-ftrapping-math' '"
 547      6174682D 
 547      6572726E 
 547      6F272027 
 547      2D667369 
 548 0033 2D666E6F 		.ascii	"-fno-trapv' '-fno-openmp' '-fno-openacc' '-mcpu=cor"
 548      2D747261 
 548      70762720 
 548      272D666E 
 548      6F2D6F70 
 549 0066 7465782D 		.ascii	"tex-m4' '-mthumb' '-O2' '-fomit-frame-pointer' '-fa"
 549      6D342720 
 549      272D6D74 
 549      68756D62 
 549      2720272D 
 550 0099 6C69676E 		.ascii	"lign-functions=16' '-ffunction-sections' '-fdata-se"
 550      2D66756E 
 550      6374696F 
 550      6E733D31 
 550      36272027 
 551 00cc 6374696F 		.ascii	"ctions' '-fno-common' '-flto'\000"
 551      6E732720 
 551      272D666E 
 551      6F2D636F 
 551      6D6D6F6E 
 552              		.text
 553              		.comm	__gnu_lto_v1,1,1
 554              		.comm	__gnu_lto_slim,1,1
 555              		.ident	"GCC: (GNU Tools for Arm Embedded Processors 7-2017-q4-major) 7.2.1 20170904 (release) [ARM
ARM GAS  C:\Users\RAKIBU~1\AppData\Local\Temp\cc8cDn1j.s 			page 41


ARM GAS  C:\Users\RAKIBU~1\AppData\Local\Temp\cc8cDn1j.s 			page 42


DEFINED SYMBOLS
                            *ABS*:00000000 chmemcore.c
                            *COM*:00000001 __gnu_lto_v1
                            *COM*:00000001 __gnu_lto_slim

NO UNDEFINED SYMBOLS
