ARM GAS  C:\Users\RAKIBU~1\AppData\Local\Temp\ccKSSfCX.s 			page 1


   1              		.cpu cortex-m4
   2              		.eabi_attribute 20, 1
   3              		.eabi_attribute 21, 1
   4              		.eabi_attribute 23, 3
   5              		.eabi_attribute 24, 1
   6              		.eabi_attribute 25, 1
   7              		.eabi_attribute 26, 1
   8              		.eabi_attribute 30, 2
   9              		.eabi_attribute 34, 1
  10              		.eabi_attribute 18, 4
  11              		.file	"crc.c"
  12              		.section	.gnu.lto_.profile.ea8c524b,"",%progbits
  13 0000 789C6363 		.ascii	"x\234cc```\001bF\006A\001\000\000\252\000-"
  13      60606001 
  13      62460641 
  13      010000AA 
  13      002D
  14              		.text
  15              		.section	.gnu.lto_.icf.ea8c524b,"",%progbits
  16 0000 789C6363 		.ascii	"x\234cc``\340e@\000&\206\315\263\027\354\342b\374\263"
  16      6060E065 
  16      40002686 
  16      CDB317EC 
  16      E262FCB3 
  17 0014 67463C03 		.ascii	"gF<\003\000&\007\005x"
  17      00260705 
  17      78
  18              		.text
  19              		.section	.gnu.lto_.jmpfuncs.ea8c524b,"",%progbits
  20 0000 789C6363 		.ascii	"x\234cc``\020a@\000F\006fFFF\366\3729\314\014@\314\010"
  20      60601061 
  20      40004606 
  20      66464646 
  20      F6FA39CC 
  21 0018 C44C0C00 		.ascii	"\304L\014\000 \246\003\206"
  21      20A60386 
  22              		.text
  23              		.section	.gnu.lto_.inline.ea8c524b,"",%progbits
  24 0000 789C6363 		.ascii	"x\234cc``\220e@\000F\006\006\241+\014\214\214\214\012"
  24      60609065 
  24      40004606 
  24      06A12B0C 
  24      8C8C8C0A 
  25 0014 401693DC 		.ascii	"@\026\223\334\2126.\006\266\005\362L\014, I\0008\250"
  25      8A362E06 
  25      B605F24C 
  25      0C2C2049 
  25      0038A8
  26 0027 0352     		.ascii	"\003R"
  27              		.text
  28              		.section	.gnu.lto_.pureconst.ea8c524b,"",%progbits
  29 0000 789C6363 		.ascii	"x\234cc```\006bF\006V\000\000j\000\020"
  29      60606006 
  29      62460656 
  29      00006A00 
  29      10
  30              		.text
ARM GAS  C:\Users\RAKIBU~1\AppData\Local\Temp\ccKSSfCX.s 			page 2


  31              		.section	.gnu.lto_uzlib_crc32.ea8c524b,"",%progbits
  32 0000 789C8D54 		.ascii	"x\234\215T[kTW\024^\337Y\373\234\231\314\231K\314E\204"
  32      5B6B5457 
  32      145EDF59 
  32      FB9C99CC 
  32      994BCC45 
  33 0015 FA108A69 		.ascii	"\372\020\212i\014\202\222\327\376\202B\377@_m\252m\241"
  33      0C8292D7 
  33      FE8242FF 
  33      405F6DAA 
  33      6DA1
  34 0027 28587DCE 		.ascii	"(X}\3161\227\321x\201(\355\210\207I\211\330Th\301(\306"
  34      3197D178 
  34      8128ED88 
  34      874989D8 
  34      5468C128 
  35 003c 6A349731 		.ascii	"j4\2271\261\211&M4\322\227B|Q\274\222F\032C@\315\245"
  35      B189264D 
  35      34D29742 
  35      7C51BC92 
  35      461A4340 
  36 0052 6BED3386 		.ascii	"k\3553\206t,\305\015\263\316\336\337\254o\255o\255\275"
  36      742CC50D 
  36      B3CEDEDF 
  36      AC6FAD6F 
  36      ADBD
  37 0064 CEF188E8 		.ascii	"\316\361\210\350S\227h\233<?\223\037<\202\3231Et0\356"
  37      5397689B 
  37      3C3F931F 
  37      3C82D331 
  37      457430EE 
  38 0078 C0441B8E 		.ascii	"\300D\033\21667\342\306\341\336a\242 \341\316\370\024"
  38      3637E2C6 
  38      E1DE61A2 
  38      20E1CEF8 
  38      14
  39 0089 245D40F1 		.ascii	"$]@\361 \016jr\330\270hr\014\241`\260*+\263\266!]\307"
  39      200E6A72 
  39      D8B86872 
  39      0CA160B0 
  39      2A2BB3B6 
  40 00a0 F83BC674 		.ascii	"\370;\306t\353\205<\037\345<\023\214\034\377\236\014"
  40      EB853C1F 
  40      E53C138C 
  40      1CFF9E0C 
  41 00b0 1FA6F508 		.ascii	"\037\246\365\010\324\310qvn\2647Y\177.\010\232\203\302"
  41      D4C87176 
  41      6EB43759 
  41      7F2E089A 
  41      83C2
  42 00c2 A9AB5BCF 		.ascii	"\251\253[\317\264\264}\222g\207r\342\335\213\315\270"
  42      B4B47D92 
  42      678772E2 
  42      DD8BCDB8 
  43 00d2 84CDAAEF 		.ascii	"\204\315\252\3572\352\305\367\227\305\261~\360F\220"
  43      32EAC5F7 
  43      97C5B17E 
ARM GAS  C:\Users\RAKIBU~1\AppData\Local\Temp\ccKSSfCX.s 			page 3


  43      F04690
  44 00e1 EC47A6EE 		.ascii	"\354G\246\356\\v\353\272-\357\217\0379\330\222g\306"
  44      5C76EBBA 
  44      2DEF8F1F 
  44      39D89267 
  44      C6
  45 00f2 AFE0F544 		.ascii	"\257\340\365D\201\010WP'\3563\307^\012\365\003Km~\321"
  45      81085750 
  45      27EE33C7 
  45      5E0AF503 
  45      4B6D7ED1 
  46 0106 36162F52 		.ascii	"6\026/Rg\177\262T\203\253\245T)\252\317R\207\256<\354"
  46      677FB254 
  46      83ABA554 
  46      29AACF52 
  46      87AE3CEC 
  47 011a F4F8434B 		.ascii	"\364\370CK]z:~\372m\326\205MaP0\"\026\327J\271\016\341"
  47      5D7A3A7E 
  47      FA6DD685 
  47      4D615030 
  47      2216D74A 
  48 0131 3AEA94D0 		.ascii	":\352\224\320=12\230\346\217,\371\370\335\334%\267\366"
  48      3D313298 
  48      E68F2CF9 
  48      F8DDDC25 
  48      B7F6
  49 0143 AC25AF9C 		.ascii	"\254%\257\234p\205\335Z\243\251\373\377M\327\245\305"
  49      7085DD5A 
  49      A3A9FBFF 
  49      4DD7A5C5 
  50 0153 2E2C4F18 		.ascii	".,O\030\336j\231\327\357\235y\201\"s\361D\254\310t1"
  50      DE6A99D7 
  50      EF9D7981 
  50      2273F144 
  50      ACC87431 
  51 0167 F89FCC07 		.ascii	"\370\237\314\007\027W\276Oy\006C\250\305\000j\265\227"
  51      1757BE4F 
  51      790643A8 
  51      C5006AB5 
  51      97
  52 0178 D2C2825E 		.ascii	"\322\302\202^\262<\025\352\271\347\026\202\225\325C"
  52      B23C15EA 
  52      B9E71682 
  52      95D543
  53 0187 41616EC3 		.ascii	"Aan\303xZ\032*\301\0341\036\213\211\0315\256\032OML"
  53      785A1A2A 
  53      C11C311E 
  53      8B891935 
  53      AE1A4F4D 
  54 019c 4D5C4D99 		.ascii	"M\\M\231\232\204\255\315'\215\223\204\2667e\2214\324"
  54      9A84ADCD 
  54      278D9384 
  54      B6376591 
  54      34D4
  55 01ae 66A05D2B 		.ascii	"f\240]+\327\036TX\270\322\332*k\253-\211\350\260\010"
  55      D71E5458 
  55      B8D2DA2A 
ARM GAS  C:\Users\RAKIBU~1\AppData\Local\Temp\ccKSSfCX.s 			page 4


  55      6BAB2D89 
  55      E8B008
  56 01c1 9AF18302 		.ascii	"\232\361\203\002\265K\247f\374\226\002=Fs\327\233[\254"
  56      B54BA766 
  56      FC96023D 
  56      4673D79B 
  56      5BAC
  57 01d3 225576C8 		.ascii	"\"Uv\310I\013\235\373\023\026\022\226\324\3253\333\367"
  57      490B9DFB 
  57      13161296 
  57      D4D533DB 
  57      F7
  58 01e4 2AA59363 		.ascii	"*\245\223c@\270a\353m\227\033\226\341\224\010\317\321"
  58      40B861EB 
  58      6D971B96 
  58      E19408CF 
  58      D1
  59 01f5 92CF0E74 		.ascii	"\222\317\016t'\324?dH\204\220}A\233\227\216 \302\034"
  59      27D43F64 
  59      4884907D 
  59      419B978E 
  59      20C21C
  60 0208 09916B1B 		.ascii	"\011\221k\033\276\023\323\020\256\355k\377\360\344\250"
  60      BE13D310 
  60      AEED6BFF 
  60      F0E4A8
  61 0217 D7851F0E 		.ascii	"\327\205\037\016\006A \015\215\013\021\303\032\030#"
  61      0641200D 
  61      8D0B11C3 
  61      1A1823
  62 0226 E882B2E7 		.ascii	"\350\202\262\347\017\025\331,\0014\311\353l\037GH\205"
  62      0F15D92C 
  62      0134C9EB 
  62      6C1F4748 
  62      85
  63 0237 05132AB4 		.ascii	"\005\023*\264\306\252\224\012\005U\247\245\354\344\243"
  63      C6AA940A 
  63      0555A7A5 
  63      ECE4A3
  64 0246 4CE46504 		.ascii	"L\344e\004\222L\347\347\027\316{\2328\206\014nJ\012"
  64      924CE7E7 
  64      17CE7B9A 
  64      38860C6E 
  64      4A0A
  65 0258 893D78FB 		.ascii	"\211=x\373\343\310\307]\257\254\314*ky=\3642\335\264"
  65      E3C8C75D 
  65      AFACCC2A 
  65      6B793DF4 
  65      32DDB4
  66 026b 1C6C12A0 		.ascii	"\034l\022\240\213\243{}5\375\327a_\325\226\3479\201"
  66      8BA37B7D 
  66      35FDD761 
  66      5FD596E7 
  66      3981
  67 027d 5134E137 		.ascii	"Q4\3417\325*\377\364u\344:2\015=A\207-\303\307\230\250"
  67      D52AFFF4 
  67      75E43A32 
ARM GAS  C:\Users\RAKIBU~1\AppData\Local\Temp\ccKSSfCX.s 			page 5


  67      0D3D4187 
  67      2DC3C798 
  68 0292 97D43A0F 		.ascii	"\227\324:\017\270\205\006\2254\237}\346G\331\274H\321"
  68      B8850695 
  68      349F7DE6 
  68      47D9BC48 
  68      D1
  69 02a3 DA6B9984 		.ascii	"\332k\231\204\301m\253h]q\225\242J\\K\212\253\214\212"
  69      C16DAB68 
  69      5D7195A2 
  69      4A5C4B8A 
  69      AB8C8A
  70 02b6 BBFFB6B8 		.ascii	"\273\377\266\270\230@\357T\023\177/\371\343\377#\177"
  70      9840EF54 
  70      137F2FF9 
  70      E3FF237F 
  71 02c6 C2CA8F59 		.ascii	"\302\312\217Y\371\277\227\312/\323\234\357\350\255\012"
  71      F9BF97CA 
  71      2FD39CEF 
  71      E8AD0A
  72 02d5 F5F6CA4A 		.ascii	"\365\366\312J\364V\251S.\333\331V\324[-3!\371zo\216"
  72      F456A953 
  72      2EDBD956 
  72      D45B2D33 
  72      21F97A6F 
  73 02ea 65E3D120 		.ascii	"e\343\321 \001\223\022j\2155\240\263Wm\007\313\220|"
  73      0193126A 
  73      8D35A0B3 
  73      576D07CB 
  73      907C
  74 02fc E6EC683A 		.ascii	"\346\354h:\024\341~\264\267\221\023\364\010\255S#[\242"
  74      14E17EB4 
  74      B79113F4 
  74      08AD5323 
  74      5BA2
  75 030e B87EC8F6 		.ascii	"\270~\310\366\203\267\210D\310i\207$3_\233H-\302\327"
  75      83B78844 
  75      C8698724 
  75      335F9B48 
  75      2DC2D7
  76 0321 39757E16 		.ascii	"9u~\026\264\232Of$\252\033\315\273\364k%\333\371$\026"
  76      B49A4F66 
  76      24AA1BCD 
  76      BBF46B25 
  76      DBF92416 
  77 0335 D1CB434E 		.ascii	"\321\313CN\321\\Q\203\034m\244\224$1\372\256@(\016Q"
  77      D15C5183 
  77      1C6DA494 
  77      2431FAAE 
  77      40280E51 
  78 0349 E5F61D8D 		.ascii	"\345\366\035\215\373\032w|\273\367\300\276\306]\272"
  78      FB1A777C 
  78      BBF7C0BE 
  78      C65DBA
  79 0358 DDDE48E6 		.ascii	"\335\336H\346\213\235\373wz\337\354\332\363\345\376"
  79      8B9DFB77 
  79      7ADFECDA 
ARM GAS  C:\Users\RAKIBU~1\AppData\Local\Temp\ccKSSfCX.s 			page 6


  79      F3E5FE
  80 0367 AF58207C 		.ascii	"\257X |\315\237\037\330\375\017g\032\256\232"
  80      CD9F1FD8 
  80      FD0F671A 
  80      AE9A
  81              		.text
  82              		.section	.gnu.lto_tinf_crc32tab.ea8c524b,"",%progbits
  83 0000 789C2D91 		.ascii	"x\234-\221k/\003A\024\206g\272m\335\252\376\300\376"
  83      6B2F0341 
  83      148667BA 
  83      6DDDAAFE 
  83      C0FE
  84 0012 097CF1F3 		.ascii	"\011|\361\363\026\325P$\242%\"E\305\245\011J\335V\267"
  84      16D55024 
  84      A2252245 
  84      C5A5094A 
  84      DD56B7
  85 0025 68F5425B 		.ascii	"h\365B[w!q\251H\260AD\223\222F\335\212wrf\223'\223\363"
  85      772171A9 
  85      48B04144 
  85      939246DD 
  85      8A777266 
  86 003d E6993367 		.ascii	"\346\2313gf\355\2141\227\2051\316\350\363)<8\363\270"
  86      66ED8C31 
  86      978531CE 
  86      E8F3293C 
  86      38F3B8
  87 0050 5ADDADF8 		.ascii	"Z\335\255\370\025\306\375f\271P\207h\376\2554o\027\021"
  87      15C6FD66 
  87      B9508768 
  87      FEAD346F 
  87      1711
  88 0062 E70D2877 		.ascii	"\347\015(w<\233E\205\214\217\364\254V\213\250r\335\372"
  88      3C9B4585 
  88      8C8FF4AC 
  88      568BA872 
  88      DDFA
  89 0074 6B21C389 		.ascii	"k!\303\211\262\255x;\354$\343l\352H\257F4\361l\244l"
  89      B2AD783B 
  89      EC24E36C 
  89      EA48AF46 
  89      34F16CA4 
  90 0089 64D4A3F4 		.ascii	"d\324\243\364$^\203Ud\204;\274\371\032D\337O\276KN\206"
  90      245E8355 
  90      64843BBC 
  90      F91A44DF 
  90      4FBE4B4E 
  91 009e 03E5AFDB 		.ascii	"\003\345\257\333\253\325\221\321\363\350\316\213\350"
  91      ABD591D1 
  91      F3E8CE8B 
  91      E8
  92 00ab FCD26548 		.ascii	"\374\322eHC\214e\304\315\2204\2362W\272h[)\036W\034"
  92      438C65C4 
  92      CD90349E 
  92      3257BA68 
  92      5B291E57 
  93 00c0 6488B18A 		.ascii	"d\210\261\212K\351\270<%=\035\323\304\360\263\372TT"
ARM GAS  C:\Users\RAKIBU~1\AppData\Local\Temp\ccKSSfCX.s 			page 7


  93      4BE9B83C 
  93      253D1DD3 
  93      C4F0B3FA 
  93      5454
  94 00d2 F6108776 		.ascii	"\366\020\207v\335\317\270\344m\003\356\273\202\030\376"
  94      DDCFB8E4 
  94      6D03EEBB 
  94      8218FE
  95 00e1 A1BFF463 		.ascii	"\241\277\364c\243h\343n@\263!*y:\312\012m\252B\371<"
  95      A368E36E 
  95      40B3212A 
  95      793ACA0A 
  95      6DAA42F9 
  96 00f6 98FD920F 		.ascii	"\230\375\222\017p\221\314\025\254\210\314\357P\324I"
  96      7091CC15 
  96      AC88CCEF 
  96      50D449
  97 0105 861DE578 		.ascii	"\206\035\345x\254}\321JFi\"\224\027Qn2\372#G\023-\227"
  97      AC7DD14A 
  97      46692294 
  97      17516E32 
  97      FA234713 
  98 011b 46BE8276 		.ascii	"F\276\202v2\372\332_u\321\366\304\025\366\313SD\313"
  98      32FADA5F 
  98      75D1F6C4 
  98      15F6CB53 
  98      44CB
  99 012d D1F7C88D 		.ascii	"\321\367\310\215|\304\271[S\267 J\276\205\203\262\207"
  99      7CC4B95B 
  99      53B7204A 
  99      BE8583B2 
  99      87
 100 013e 8272D13B 		.ascii	"\202r\321;4PCF6\021\311\213h\373\257\274\325@\206\330"
 100      34504346 
 100      3611C98B 
 100      68FBAFBC 
 100      D54086D8 
 101 0152 90191BEA 		.ascii	"\220\031\033\352t\220a\006\256\013\034\321\302\213\361"
 101      74906106 
 101      AE0B1CD1 
 101      C28BF1
 102 0161 594F91F8 		.ascii	"YO\221\370\335\357\231\336Sk\213\256u\0064\315\346W"
 102      DDEF99DE 
 102      536B8BAE 
 102      750634CD 
 102      E657
 103 0173 2CBC51E5 		.ascii	",\274Q\345G\\\345M*?\304r\000\366\301\036\330\0059\220"
 103      475CE54D 
 103      2A3FC472 
 103      00F6C11E 
 103      D8053990 
 104 0187 0519B003 		.ascii	"\005\031\260\003\266A\032\244@\0224\253<\201e\013\304"
 104      B6411AA4 
 104      401234AB 
 104      3C81650B 
 104      C4
 105 0198 410C6C82 		.ascii	"A\014l\202\015\260\016\242\300\000\021\260\006t\260"
ARM GAS  C:\Users\RAKIBU~1\AppData\Local\Temp\ccKSSfCX.s 			page 8


 105      0DB00EA2 
 105      C00011B0 
 105      0674B0
 106 01a7 0A56C032 		.ascii	"\012V\3002W\031?\346-\354\037xC\335\235"
 106      57193FE6 
 106      2DEC1F78 
 106      43DD9D
 107              		.text
 108              		.section	.gnu.lto_.symbol_nodes.ea8c524b,"",%progbits
 109 0000 789C6363 		.ascii	"x\234cc``\220\006b\006&\306z\006\206\011\347\030\030"
 109      60609006 
 109      620626C6 
 109      7A068609 
 109      E71818
 110 0013 80D4AE06 		.ascii	"\200\324\256\006G\006\006V\006\206\006%\006\006f\006"
 110      47060656 
 110      06860625 
 110      06066606 
 111 0023 004C5B04 		.ascii	"\000L[\004\246"
 111      A6
 112              		.text
 113              		.section	.gnu.lto_.refs.ea8c524b,"",%progbits
 114 0000 789C6363 		.ascii	"x\234cc``\340\004b&\006\006FN\006F>\006\000\001P\000"
 114      6060E004 
 114      62260606 
 114      464E0646 
 114      3E060001 
 115 0016 2B       		.ascii	"+"
 116              		.text
 117              		.section	.gnu.lto_.decls.ea8c524b,"",%progbits
 118 0000 789CAD54 		.ascii	"x\234\255T_LSW\030?\337\275\265\324K\013\244\363\201"
 118      5F4C5357 
 118      183FDFBD 
 118      B5D44B0B 
 118      A4F381
 119 0013 2CCDD2B0 		.ascii	",\315\322\260\230\222%\224\002KL\366\264d\017\356io"
 119      98922594 
 119      024B4CF6 
 119      B4640FEE 
 119      696F
 120 0025 7B70DED8 		.ascii	"{p\336\330\364\317En\002\267\223\336>\350\323\235\250"
 120      F4CF456E 
 120      02B793DE 
 120      3EE8D39D 
 120      A8
 121 0036 6B946425 		.ascii	"k\224d%a\260\270\231tb\210\310dK\206cE\253\255\2122"
 121      61B0B899 
 121      746288C8 
 121      644B8663 
 121      45ABAD8A 
 122 004b 41292882 		.ascii	"A)(\202\211\254$\352\233s\316\314\021\306\"~\347\234"
 122      89AC24EA 
 122      9B73CECC 
 122      11C6227E 
 122      E79C
 123 005d 7B6917C3 		.ascii	"{i\027\303\266\207\235\334\357~\347\374\316\367\367"
 123      B6879DDC 
ARM GAS  C:\Users\RAKIBU~1\AppData\Local\Temp\ccKSSfCX.s 			page 9


 123      EF7EE7FC 
 123      CEF7F7
 124 006c 7CDF3976 		.ascii	"|\3379vB\310[[\010\011\000!9\234\257\343\020\221\347"
 124      42C85B5B 
 124      08090021 
 124      399CAFE3 
 124      1091E7
 125 007f 91280F21 		.ascii	"\221(\017!\355B\312\022>P\214L\232|\226\374}\364 \350"
 125      ED42CA12 
 125      3E508C4C 
 125      9A7C96FC 
 125      7DF420E8 
 126 0093 42EE46DA 		.ascii	"B\356F\332f\352X\372\013H\036$\037\322]\244E\244\002"
 126      66EA58FA 
 126      0B481E24 
 126      1FD25DA4 
 126      45A402
 127 00a6 D20CD247 		.ascii	"\322\014\322G\377\301\366\000\360x|\246\355\002\331"
 127      FFC1F600 
 127      F0787CA6 
 127      ED02D9
 128 00b5 7CF48AB0 		.ascii	"|\364\212\260494,\036\023\301'\001\315\250\032\241o"
 128      3439342C 
 128      1E13C127 
 128      01CDA81A 
 128      A16F
 129 00c7 1F67565D 		.ascii	"\037gV]\034\242\022\251?\246\216o\025\0056\237\033\357"
 129      1CA212A9 
 129      3FA68E6F 
 129      1505369F 
 129      1BEF
 130 00d9 7AD3FF8D 		.ascii	"z\323\377\215\301\207\243\201\3009\020-Ks\237=;U!\276"
 130      C187A381 
 130      C039102D 
 130      4B739F3D 
 130      3B5521BE 
 131 00ed C1E4660F 		.ascii	"\301\344f\017}\367\025\265\352\226\300\206\313\337n"
 131      7DF715B5 
 131      EA96C086 
 131      CBDF6E
 132 00fc 1E7F5085 		.ascii	"\036\177P\205\313m\022x{E\241xo\355~\025H\365I\3038"
 132      CB6D1278 
 132      7B45A178 
 132      6FED7E15 
 132      48F549C3 
 133 0111 68A4BB8C 		.ascii	"h\244\273\214\255\357\023\310\200\007~\004\017\201\363"
 133      ADEF13C8 
 133      80077E04 
 133      0F81F3
 134 0120 504F3DFF 		.ascii	"PO=\377\000~\002\243\010~\217\340 u\227\233y\356\353"
 134      007E02A3 
 134      087E8FE0 
 134      2075979B 
 134      79EEEB
 135 0133 F9D43004 		.ascii	"\371\3240\004\030\007\011\306@d2x\010>\211\0070t\252"
 135      180709C6 
 135      40643278 
ARM GAS  C:\Users\RAKIBU~1\AppData\Local\Temp\ccKSSfCX.s 			page 10


 135      083E8907 
 135      3074AA
 136 0146 E7A45D4C 		.ascii	"\347\244]L\001\215@8\377\345\243\011a3\037\0277\367"
 136      018D4038 
 136      FFE5A309 
 136      61331F17 
 136      37F7
 137 0158 315C77ED 		.ascii	"1\\w\3550\365\221E\037\027J>\320%e\210\242\243\361|"
 137      30F59145 
 137      1F174A3E 
 137      D0256588 
 137      A2A3F17C 
 138 016c F6526511 		.ascii	"\366Re\021\226@@\250\206W\004\370\0379%\266^\267\006"
 138      964040A8 
 138      865704F8 
 138      1F3925B6 
 138      5EB706
 139 017f 701C5181 		.ascii	"p\034Q\2013S\224.,\025\330@\004\323\206`\331e\237i\000"
 139      3353942E 
 139      2C15D840 
 139      04D38660 
 139      D9659F69 
 140 0194 CAADF27D 		.ascii	"\312\255\362}\356\316\032\274+\370\244L\217CB\311Y\231"
 140      EECE1ABC 
 140      2BF8A44C 
 140      8F4342C9 
 140      5999
 141 01a6 CA2BB192 		.ascii	"\312+\261\222\215\355\215\240JI\202Y\356\371\307\335"
 141      8DED8DA0 
 141      4A498259 
 141      EEF9C7DD 
 142 01b6 23CE65F8 		.ascii	"#\316e\370\031w\261mS\216\016V\370\342\231\223\343\025"
 142      1977B16D 
 142      538E0E56 
 142      F8E29993 
 142      E315
 143 01c8 E2735603 		.ascii	"\342sV\003\270~\372\\\036l\002?7\320l\024\273\334?\366"
 143      B87EFA5C 
 143      1E6C023F 
 143      37D06C14 
 143      BBDC3FF6 
 144 01dc 858361BB 		.ascii	"\205\203a\273$\270\014\014\353[9vTbX\310\011W86\261"
 144      24B80C0C 
 144      EB5B3976 
 144      546258C8 
 144      09573836 
 145 01f1 BE92ABE6 		.ascii	"\276\222\253\346\035$\320\346z:}\242\222wP\015.G\037"
 145      1D24D0E6 
 145      7A3A7DA2 
 145      9277500D 
 145      2E471F
 146 0204 AD669DB5 		.ascii	"\255f\235\265}\264d\251.\243\206\227\353\032Vr\002+"
 146      7DB464A9 
 146      2EA38697 
 146      EB1A5672 
 146      022B
 147 0216 49E03AD4 		.ascii	"I\340:\324\342\377*Zb\241\246\207..l\251K\033\351e,"
ARM GAS  C:\Users\RAKIBU~1\AppData\Local\Temp\ccKSSfCX.s 			page 11


 147      E2FF2A5A 
 147      62A1A687 
 147      2E2E6CA9 
 147      4B1BE965 
 148 022b F064E0EB 		.ascii	"\360d\340\353+G\214\002j\276+PA\310\227\252\234\247"
 148      2B478C02 
 148      6ABE2B50 
 148      41C897AA 
 148      9CA7
 149 023d DD0C3958 		.ascii	"\335\0149X\006\270\004E\314l\022\352P\377\311_\351\247"
 149      06B80445 
 149      CC6C12EA 
 149      50FFC95F 
 149      E9A7
 150 024f 15E2E7FC 		.ascii	"\025\342\347\374\012\214=\031\036s\361\300rt\335\377"
 150      0A8C3D19 
 150      1E73F1C0 
 150      7274DDFF 
 151 025f CBEAEB3C 		.ascii	"\313\352\353<0\203\266\372\310\263\337G\354|\233\336"
 151      3083B6FA 
 151      C8B3DF47 
 151      EC7C9BDE 
 152 026f A59EA5FC 		.ascii	"\245\236\245\374\237.)I\003eMHq\253\015\011\334\244"
 152      9F2E2949 
 152      03654D48 
 152      71AB0D09 
 152      DCA4
 153 0281 5D058D1E 		.ascii	"]\005\215\036\230\306%J\277X\351\356\265\273S,-\214"
 153      98C6254A 
 153      BF58E9EE 
 153      B5BB532C 
 153      2D8C
 154 0293 CFC6D29A 		.ascii	"\317\306\322\232B\361\033L\374\026\270-%vu\263\231#"
 154      42F11B4C 
 154      FC16B82D 
 154      257675B3 
 154      9923
 155 02a5 5592D9E0 		.ascii	"U\222\331\340\311\177mp\324\230\316\246\356U\224\333"
 155      C97F6D70 
 155      D498CEA6 
 155      EE5594DB 
 156 02b5 9FF927FB 		.ascii	"\237\371'\373g\347\257\216\272\266\017\030\205\234\221"
 156      67E7AF8E 
 156      BAB60F18 
 156      859C91
 157 02c4 1B6CFCC4 		.ascii	"\033l\374\304\310\331\240\000n\370\211\237W\231\036"
 157      C8D9A000 
 157      6EF8899F 
 157      57991E
 158 02d3 45F60804 		.ascii	"E\366\010\004fa;}>\016?\034r\340\011x\360E\201\262\347"
 158      66613B7D 
 158      3E0E3F1C 
 158      72E00978 
 158      F04581B2 
 159 02e8 C4C39F93 		.ascii	"\304\303\237\223\344\301\314\213jq\200\037fq!S\020\352"
 159      E4C1CC8B 
 159      6A71801F 
ARM GAS  C:\Users\RAKIBU~1\AppData\Local\Temp\ccKSSfCX.s 			page 12


 159      66712153 
 159      10EA
 160 02fa 07AD0785 		.ascii	"\007\255\007\205P\241;\346\223\302\203\270\177\350\327"
 160      50A13BE6 
 160      93C283B8 
 160      7FE8D7
 161 0309 B3769EA4 		.ascii	"\263v\236\2441\220\024k\011\264x \200)\316c\212\036"
 161      3190146B 
 161      09B47820 
 161      8029CE63 
 161      8A1E
 162 031b 33C5DB18 		.ascii	"3\305\333\030\312\034Oqn\352\304\005\273\363\350\306"
 162      CA1C4F71 
 162      6EEAC405 
 162      BBF3E8C6 
 163 032b AD87BB50 		.ascii	"\255\207\273P~\342\013\340d\235\214\034\205\327g\326"
 163      7EE20BE0 
 163      649D8C1C 
 163      85D767D6 
 164 033b 16C57261 		.ascii	"\026\305ra\232_Ix\321\024\246\334\355o\214tF\032\343"
 164      9A5F4978 
 164      D114A6DC 
 164      ED6F8C74 
 164      461AE3
 165 034e B1446744 		.ascii	"\261DgD\241S\177\304\261\363\203\017\275\35755\021)"
 165      A1537FC4 
 165      B1F3830F 
 165      BDEF3535 
 165      1129
 166 0360 184CA89A 		.ascii	"\030L\250\232\336\322\034\324[#\357\310\22165\254\306"
 166      DED21CD4 
 166      5B23EFC8 
 166      913635AC 
 166      C6
 167 0371 F544548D 		.ascii	"\365DT\215\311z,\326\036\227\367j\011/\233yC\235\035"
 167      C97A2CD6 
 167      1E97F76A 
 167      092F9B79 
 167      439D1D
 168 0384 5EA523AC 		.ascii	"^\245#\254D\243JT\336\341\017x\233\003M;\366\275-#\336"
 168      44A34A54 
 168      DEE10F78 
 168      9B034D3B 
 168      F6BD2D23 
 169 0399 A0C534A5 		.ascii	"\240\3054\245A\011\205UY\325\"\355\211\250\"w\204\320"
 169      41098555 
 169      59D522ED 
 169      89A82277 
 169      84D0
 170 03ab 96A6C8C1 		.ascii	"\226\246\310\301\250\322\032J\264\353A}\377\307J\334"
 170      A8D21A4A 
 170      B4EB417D 
 170      FFC74ADC 
 171 03bb DF461C96 		.ascii	"\337F\034\226\277\335\377\253\277\370\376\270\034\214"
 171      BFDDFFAB 
 171      BFF8FEB8 
 171      1C8C
ARM GAS  C:\Users\RAKIBU~1\AppData\Local\Temp\ccKSSfCX.s 			page 13


 172 03c9 EB51348E 		.ascii	"\353Q4\216N*\023\007\332\325p\020smi~\355\325\364\211"
 172      4E2A1307 
 172      DAD57010 
 172      736D697E 
 172      EDD5F489 
 173 03dd 4B57B556 		.ascii	"KW\265V\276\255\207\302\256\204\026W\367jJ\324\033i"
 173      BEAD87C2 
 173      AE841657 
 173      F76A4AD4 
 173      1B69
 174 03ef 0B75BE04 		.ascii	"\013u\276\004v#\321!"
 174      7623D121 
 175              		.text
 176              		.section	.gnu.lto_.symtab.ea8c524b,"",%progbits
 177 0000 757A6C69 		.ascii	"uzlib_crc32\000"
 177      625F6372 
 177      63333200 
 178 000c 00       		.ascii	"\000"
 179 000d 00       		.ascii	"\000"
 180 000e 00       		.ascii	"\000"
 181 000f 00000000 		.ascii	"\000\000\000\000\000\000\000\000"
 181      00000000 
 182 0017 C8000000 		.ascii	"\310\000\000\000"
 183              		.text
 184              		.section	.gnu.lto_.opts,"",%progbits
 185 0000 272D666D 		.ascii	"'-fmath-errno' '-fsigned-zeros' '-ftrapping-math' '"
 185      6174682D 
 185      6572726E 
 185      6F272027 
 185      2D667369 
 186 0033 2D666E6F 		.ascii	"-fno-trapv' '-fno-openmp' '-fno-openacc' '-mcpu=cor"
 186      2D747261 
 186      70762720 
 186      272D666E 
 186      6F2D6F70 
 187 0066 7465782D 		.ascii	"tex-m4' '-mthumb' '-O2' '-fomit-frame-pointer' '-fa"
 187      6D342720 
 187      272D6D74 
 187      68756D62 
 187      2720272D 
 188 0099 6C69676E 		.ascii	"lign-functions=16' '-ffunction-sections' '-fdata-se"
 188      2D66756E 
 188      6374696F 
 188      6E733D31 
 188      36272027 
 189 00cc 6374696F 		.ascii	"ctions' '-fno-common' '-flto'\000"
 189      6E732720 
 189      272D666E 
 189      6F2D636F 
 189      6D6D6F6E 
 190              		.text
 191              		.comm	__gnu_lto_v1,1,1
 192              		.comm	__gnu_lto_slim,1,1
 193              		.ident	"GCC: (GNU Tools for Arm Embedded Processors 7-2017-q4-major) 7.2.1 20170904 (release) [ARM
ARM GAS  C:\Users\RAKIBU~1\AppData\Local\Temp\ccKSSfCX.s 			page 14


DEFINED SYMBOLS
                            *ABS*:00000000 crc.c
                            *COM*:00000001 __gnu_lto_v1
                            *COM*:00000001 __gnu_lto_slim

NO UNDEFINED SYMBOLS
