ARM GAS  C:\Users\RAKIBU~1\AppData\Local\Temp\ccqiJh6K.s 			page 1


   1              		.cpu cortex-m4
   2              		.eabi_attribute 20, 1
   3              		.eabi_attribute 21, 1
   4              		.eabi_attribute 23, 3
   5              		.eabi_attribute 24, 1
   6              		.eabi_attribute 25, 1
   7              		.eabi_attribute 26, 1
   8              		.eabi_attribute 30, 2
   9              		.eabi_attribute 34, 1
  10              		.eabi_attribute 18, 4
  11              		.file	"crt1.c"
  12              		.section	.gnu.lto_.profile.eb2989a6,"",%progbits
  13 0000 789C6363 		.ascii	"x\234cc```\001bF\006IQ\000\000\277\000:"
  13      60606001 
  13      62460649 
  13      510000BF 
  13      003A
  14              		.text
  15              		.section	.gnu.lto_.icf.eb2989a6,"",%progbits
  16 0000 789C6363 		.ascii	"x\234cc``Pc@\0006\206\246\206\326M|\214`\222\011L2\357"
  16      60605063 
  16      40003686 
  16      A686D64D 
  16      7C8C6092 
  17 0018 7CF26527 		.ascii	"|\362e'/\313\376}+\217\260\263^\374\266\261\207\217"
  17      2FCBFE7D 
  17      2B8FB0B3 
  17      5EFCB6B1 
  17      878F
  18 002a 01003027 		.ascii	"\001\0000'\020q"
  18      1071
  19              		.text
  20              		.section	.gnu.lto_.jmpfuncs.eb2989a6,"",%progbits
  21 0000 789C6363 		.ascii	"x\234cc``\020d@\000V fd``b``f``\001r\000\003o\000'"
  21      60601064 
  21      40005620 
  21      66646060 
  21      62606066 
  22              		.text
  23              		.section	.gnu.lto_.inline.eb2989a6,"",%progbits
  24 0000 789C6363 		.ascii	"x\234cc``\210c@\000V\006\006f&F\006& \223m\201<\210"
  24      60608863 
  24      40005606 
  24      06662646 
  24      06262093 
  25 0018 6260C410 		.ascii	"b`\304\020a\302\020a\006\362 \",`\022H\211\374`\001"
  25      61C21061 
  25      06F22022 
  25      2C601248 
  25      89FC6001 
  26 002c 8A289DF8 		.ascii	"\212(\235\370\341\303\300\326\001Q\305\000\000\376\366"
  26      E1C3C0D6 
  26      0151C500 
  26      00FEF6
  27 003b 06DC     		.ascii	"\006\334"
  28              		.text
  29              		.section	.gnu.lto_.pureconst.eb2989a6,"",%progbits
ARM GAS  C:\Users\RAKIBU~1\AppData\Local\Temp\ccqiJh6K.s 			page 2


  30 0000 789C6363 		.ascii	"x\234cc``\340\006bV\006\011F\011&\011f\023\026)\000"
  30      6060E006 
  30      62560609 
  30      46092609 
  30      66131629 
  31 0015 043700B7 		.ascii	"\0047\000\267"
  32              		.text
  33              		.section	.gnu.lto___core_init.eb2989a6,"",%progbits
  34 0000 789C6363 		.ascii	"x\234cc``\250\003bG \226\006bFf\006F\246\011\347\030"
  34      6060A803 
  34      62472096 
  34      06624666 
  34      0646A609 
  35 0016 181A3998 		.ascii	"\030\0329\230\030\031A\214\006\016F\206z&\306z\306\036"
  35      1819418C 
  35      060E4686 
  35      7A26C67A 
  35      C61E
  36 0028 E629CC8C 		.ascii	"\346)\314\214\207\332\237\355d\322\\\336\000\004\007"
  36      87DA9FED 
  36      64D25CDE 
  36      000407
  37 0037 A66FE26A 		.ascii	"\246o\342jkh\225\230\303\314\3000\015\210A\200q3\243"
  37      6B689598 
  37      C3CCC030 
  37      0D884180 
  37      7133A3
  38 004a 260350D9 		.ascii	"&\003P\331\243\215\377\246\362\262\261@\304\031\267"
  38      A38DFFA6 
  38      F2B2B140 
  38      C419B7
  39 0059 30B23130 		.ascii	"0\26210\002\031\353/\261\036h\370\367\277\275\341\300"
  39      0219EB2F 
  39      B11E68F8 
  39      F7BFBDE1 
  39      C0
  40 006a 91C58CFB 		.ascii	"\221\305\214\373\275\230\030\030:\200\362@K\032\016"
  40      BD981818 
  40      3A80F240 
  40      4B1A0E
  41 0079 30743233 		.ascii	"0t23\201X\315\007\030\33616)\200\265\200@\0073#H\030"
  41      8158CD07 
  41      18DE3136 
  41      2980B580 
  41      40073323 
  42 008f A8D45E4F 		.ascii	"\250\324^OO\037\210\22232\2232\363\213\215\014\214\365"
  42      4F1F8892 
  42      33329332 
  42      F38B8D0C 
  42      8CF5
  43 00a1 F38BF593 		.ascii	"\363\213\365\223\363ss\363\363\364\213K\022\213JJ\013"
  43      F37373F3 
  43      F3F48B4B 
  43      128B4A4A 
  43      0B
  44 00b2 F41D837C 		.ascii	"\364\035\203|\235}+@\242\005\2319\251E\305\372\356\316"
  44      9D7D2B40 
ARM GAS  C:\Users\RAKIBU~1\AppData\Local\Temp\ccqiJh6K.s 			page 3


  44      A2059939 
  44      A945C5FA 
  44      EECE
  45 00c4 CEFAC945 		.ascii	"\316\372\311E%\206z\311\014\000\305\275@B"
  45      25867AC9 
  45      0C00C5BD 
  45      4042
  46              		.text
  47              		.section	.gnu.lto___early_init.eb2989a6,"",%progbits
  48 0000 789C6363 		.ascii	"x\234cc``\250\001bG \226\006bFf\006F\246\011\347\030"
  48      6060A801 
  48      62472096 
  48      06624666 
  48      0646A609 
  49 0016 181A3998 		.ascii	"\030\0329\230\030\031A\214\006\016F\206z&\306z\306\036"
  49      1819418C 
  49      060E4686 
  49      7A26C67A 
  49      C61E
  50 0028 E629CC8C 		.ascii	"\346)\314\214\207\332\237\355d\322\\\336\000\004\007"
  50      87DA9FED 
  50      64D25CDE 
  50      000407
  51 0037 A6FFE06A 		.ascii	"\246\377\340jkh\225\230\303\314\3000\015\210A\200q3"
  51      6B689598 
  51      C3CCC030 
  51      0D884180 
  51      7133
  52 0049 A3260350 		.ascii	"\243&\003P\331\243\215\377\246\362\262\261@\304\031"
  52      D9A38DFF 
  52      A6F2B2B1 
  52      40C419
  53 0058 B730B231 		.ascii	"\2670\26210\002\031\353/\261\036h\370\367\277\275\341"
  53      300219EB 
  53      2FB11E68 
  53      F8F7BFBD 
  53      E1
  54 0069 C0196566 		.ascii	"\300\031ef&\006\206\016\240,\320\212\206\003\014\235"
  54      2606860E 
  54      A02CD08A 
  54      86030C9D 
  55 0079 402E90D5 		.ascii	"@.\220\325|\200\341\035c\223\002X\003\010t03\202\204"
  55      7C80E11D 
  55      63930258 
  55      03087430 
  55      338284
  56 008c 814AEDF5 		.ascii	"\201J\355\365\364\364\201(9#3)3\277\330\310\300X?\277"
  56      F4F48128 
  56      39233329 
  56      33BFD8C8 
  56      C0583FBF 
  57 00a0 583F393F 		.ascii	"X?9?77?O\277\270$\261\250\244\264@\3371\310\327\331"
  57      37373F4F 
  57      BFB824B1 
  57      A8A4B440 
  57      DF31C8D7 
  58 00b5 B702245A 		.ascii	"\267\002$Z\220\231\223ZT\254\357\356\354\254\237\\T"
ARM GAS  C:\Users\RAKIBU~1\AppData\Local\Temp\ccqiJh6K.s 			page 4


  58      9099935A 
  58      54ACEFEE 
  58      ECAC9F5C 
  58      54
  59 00c6 62A897CC 		.ascii	"b\250\227\314\000\000\014k?\007"
  59      00000C6B 
  59      3F07
  60              		.text
  61              		.section	.gnu.lto___late_init.eb2989a6,"",%progbits
  62 0000 789C6363 		.ascii	"x\234cc``\250\001bG \226\006bFf\006F\246\011\347\030"
  62      6060A801 
  62      62472096 
  62      06624666 
  62      0646A609 
  63 0016 181A3998 		.ascii	"\030\0329\230\030\031A\214\006\016F\206z&\306z\306\036"
  63      1819418C 
  63      060E4686 
  63      7A26C67A 
  63      C61E
  64 0028 E629CC8C 		.ascii	"\346)\314\214\207\332\237\355d\322\\\336\000\004\007"
  64      87DA9FED 
  64      64D25CDE 
  64      000407
  65 0037 A66FE16E 		.ascii	"\246o\341nkh\225\230\303\314\3000\015\210A\200q3\243"
  65      6B689598 
  65      C3CCC030 
  65      0D884180 
  65      7133A3
  66 004a 260350D9 		.ascii	"&\003P\331\243\215\377\246\362\262\261@\304\031\267"
  66      A38DFFA6 
  66      F2B2B140 
  66      C419B7
  67 0059 30B23130 		.ascii	"0\26210\002\031\353/\261\036h\370\367\277\275\341\300"
  67      0219EB2F 
  67      B11E68F8 
  67      F7BFBDE1 
  67      C0
  68 006a 11656626 		.ascii	"\021ef&\006\206\016\240,\320\212\206\003\014\235@.\220"
  68      06860EA0 
  68      2CD08A86 
  68      030C9D40 
  68      2E90
  69 007c D57C80E1 		.ascii	"\325|\200\341\035c\223\002X\003\010t03\202\204\201J"
  69      1D639302 
  69      58030874 
  69      30338284 
  69      814A
  70 008e EDF5F4F4 		.ascii	"\355\365\364\364\201(9#3)3\277\330\310\300X?\277X?9"
  70      81283923 
  70      332933BF 
  70      D8C8C058 
  70      3FBF583F 
  71 00a3 3F37373F 		.ascii	"?77?O\277\270$\261\250\244\264@\3371\310\327\331\267"
  71      4FBFB824 
  71      B1A8A4B4 
  71      40DF31C8 
  71      D7D9B7
ARM GAS  C:\Users\RAKIBU~1\AppData\Local\Temp\ccqiJh6K.s 			page 5


  72 00b6 02245A90 		.ascii	"\002$Z\220\231\223ZT\254\357\356\354\254\237\\Tb\250"
  72      99935A54 
  72      ACEFEEEC 
  72      AC9F5C54 
  72      62A8
  73 00c8 97CC0000 		.ascii	"\227\314\000\000\334\022>\274"
  73      DC123EBC 
  74              		.text
  75              		.section	.gnu.lto___default_exit.eb2989a6,"",%progbits
  76 0000 789C6363 		.ascii	"x\234cc``\250\005bG 6\007bFV\006F\246\011\347\030\030"
  76      6060A805 
  76      62472036 
  76      07624656 
  76      0646A609 
  77 0017 1A399818 		.ascii	"\0329\230\030\231!\014fF\026\010\203\005\"\342\310\310"
  77      99210C66 
  77      46160883 
  77      0522E2C8 
  77      C8
  78 0028 50CFC4CC 		.ascii	"P\317\304\314\302\010$\030\240\240\207y\0123\343\241"
  78      C2082418 
  78      A0A08779 
  78      0A33E3A1 
  79 0038 F6673B99 		.ascii	"\366g;\2314\2277\000\301\201\351\367\270\333\032Z%\346"
  79      34973700 
  79      C181E9F7 
  79      B8DB1A5A 
  79      25E6
  80 004a 00554C83 		.ascii	"\000UL\203\252b\334\314\250\311\000T\366h\343\277\251"
  80      AA62DCCC 
  80      A8C90054 
  80      F668E3BF 
  80      A9
  81 005b BC6C2C10 		.ascii	"\274l,\020q\306-\214l\014\214@\306\372K\254\007\032"
  81      71C62D8C 
  81      6C0C8C40 
  81      C6FA4BAC 
  81      071A
  82 006d FEFD6F6F 		.ascii	"\376\375oo8pg1\343Oo\240P\007P\236\261\341\000\220f"
  82      38706731 
  82      E34F6FA0 
  82      5007509E 
  82      B1E10090 
  83 0082 62606C04 		.ascii	"b`l\004\321\314\014@\353\233A,\026\020\213\261\203\231"
  83      D1CC0C40 
  83      EB9B412C 
  83      16108BB1 
  83      8399
  84 0094 116CB2BD 		.ascii	"\021l\262\275\236\236>\020%gd&e\346\027\033\031\030"
  84      9E9E3E10 
  84      25676426 
  84      65E6171B 
  84      1918
  85 00a6 EBE717EB 		.ascii	"\353\347\027\353'\347\347\346\346\347\351\027\227$\026"
  85      27E7E7E6 
  85      E6E7E917 
  85      972416
ARM GAS  C:\Users\RAKIBU~1\AppData\Local\Temp\ccqiJh6K.s 			page 6


  86 00b5 959416E8 		.ascii	"\225\224\026\350;\006\371:\373V\200D\0132sR\213\212"
  86      3B06F93A 
  86      FB568044 
  86      0B327352 
  86      8B8A
  87 00c7 F5DD9D9D 		.ascii	"\365\335\235\235\365\223\213J\014\365\222\031\000\037"
  87      F5938B4A 
  87      0CF59219 
  87      001F
  88 00d5 514335   		.ascii	"QC5"
  89              		.text
  90              		.section	.gnu.lto___init_ram_areas.eb2989a6,"",%progbits
  91 0000 789C9555 		.ascii	"x\234\225U\315o\033U\020\237\331\267_\336\265-+\356"
  91      CD6F1B55 
  91      109FD9B7 
  91      5FDEB52D 
  91      2BEE
  92 0012 814355E5 		.ascii	"\201CU\345\222C/1\201K\305\005\225HP!\365\302_@\011"
  92      92432F31 
  92      814BC505 
  92      95485021 
  92      F5C25F40 
  93 0027 4844A2C4 		.ascii	"HD\242\304JR\211\023\336\346\243uZ\004UE?d9\305P\244"
  93      4A528913 
  93      DEE6A375 
  93      5A045545 
  93      3F6439C5 
  94 003d 120418D4 		.ascii	"\022\004\030\324\002\211\363\265qB\233\2268%\246\255"
  94      0289F3B5 
  94      71429B96 
  94      3825A6AD 
  95 004d AA2A7068 		.ascii	"\252*phI\015)_%\241RC\011\314\274\267\246n\002\005,"
  95      490D295F 
  95      25A15243 
  95      09CCBCB7 
  95      A66E0205 
  96 0062 7BF7BD7D 		.ascii	"{\367\275}\277\231\371\315of\307&\000\0343\001\236\244"
  96      BF99F9CD 
  96      6F66C726 
  96      001C3301 
  96      9EA4
  97 0074 FB7BF4C3 		.ascii	"\373{\364\303\010\240v`\026`\267\255\241P\013\201\206"
  97      08A07660 
  97      1660B7AD 
  97      A1500B81 
  97      86
  98 0085 5AE86A31 		.ascii	"Z\350j1a\033\232~\252\010\3409\356\274\013^\330E\233"
  98      611B9A7E 
  98      AA08E039 
  98      EEBC0B5E 
  98      D8459B
  99 0098 9FA3A5EE 		.ascii	"\237\243\245\356\023\266\255Y\352<$\317CZ\370\203)\336"
  99      13B6AD59 
  99      EA3C24CF 
  99      435AF883 
  99      29DE
 100 00aa 3A5743B4 		.ascii	":WC\264\015+\307[\035D\276{6BJ\023\272\341Zv(\354`J"
ARM GAS  C:\Users\RAKIBU~1\AppData\Local\Temp\ccqiJh6K.s 			page 7


 100      0D2BC75B 
 100      1D44BE7B 
 100      36424A13 
 100      BAE15A76 
 101 00c2 1780BE4E 		.ascii	"\027\200\276N\336\376\272\02010 \370\330\325\305+\342"
 101      DEFEBA10 
 101      313020F8 
 101      D8D5C52B 
 101      E2
 102 00d3 7581C5BD 		.ascii	"u\201\305\275\327\207\264\315'<\372\370G\016F\367x\275"
 102      D787B4CD 
 102      273CFAF8 
 102      470E46F7 
 102      78BD
 103 00e5 0F6405C0 		.ascii	"\017d\005\300a\2410x\0227\003\301\346z>\314\212\375"
 103      61A13078 
 103      123703C1 
 103      E67A3ECC 
 103      8AFD
 104 00f7 222B1075 		.ascii	"\"+\020u\332\336,e\256Ey\253a=m{\336x'\257\213\307\220"
 104      DADE2C65 
 104      AE4579AB 
 104      613D6D7B 
 104      DE7827AF 
 105 010e 913FA517 		.ascii	"\221?\245\027\276\2116\034\367\274.\317\377zp\303\361"
 105      BE89361C 
 105      F7BC2ECF 
 105      FF7A70C3 
 105      F1
 106 011f 6E6FDAD3 		.ascii	"no\332\323\263B\340'(\310+~\214\033\361\024n\224\336"
 106      B342E027 
 106      28C82B7E 
 106      8C1BF114 
 106      6E94DE
 107 0132 097EF5A3 		.ascii	"\011~\365\243\325C\021S\307O\261A\005\305A4\221\016"
 107      D5431153 
 107      C74FB141 
 107      05C54134 
 107      910E
 108 0144 66FCBEBC 		.ascii	"f\374\276\274#\036\227>\177;2\264\240\007>W\0077\275"
 108      231E973E 
 108      7F3B32B4 
 108      A0073E57 
 108      0737BD
 109 0157 19F8D471 		.ascii	"\031\370\324q\350o}N-\334)\273b\2334\275\221\236>a\007"
 109      E86F7D4E 
 109      2DDC29BB 
 109      629B34BD 
 109      919E3E61 
 110 016c A6BF6CC9 		.ascii	"\246\277l\311x~O=\033\016\337\227\314\0106`\201\010"
 110      787E4F3D 
 110      1B0EDF97 
 110      CC083660 
 110      8108
 111 017e 31176234 		.ascii	"1\027b4J\214\000\004s\254\036\345\313\206\357\255\376"
 111      4A8C0004 
 111      73AC1EE5 
ARM GAS  C:\Users\RAKIBU~1\AppData\Local\Temp\ccqiJh6K.s 			page 8


 111      CB86EFAD 
 111      FE
 112 018f B1D7F367 		.ascii	"\261\327\363g\267\214.\317\3077 d\205\241\321\205\324"
 112      B78C2ECF 
 112      C7372064 
 112      85A1D185 
 112      D4
 113 01a0 A78B0E8C 		.ascii	"\247\213\016\2146\200\361&\260\205%\257a\371$\"\327"
 113      3680F126 
 113      B08525AF 
 113      61F92422 
 113      D7
 114 01b1 518989C9 		.ascii	"Q\211\211\311u\235\274\306\345)@\232\204\030A\317\207"
 114      759DBCC6 
 114      E529409A 
 114      841841CF 
 114      87
 115 01c2 3EA1D1A2 		.ascii	">\241\321\242\333\207\353\330\225\313g\037\221\342\220"
 115      DB87EBD8 
 115      95CB671F 
 115      91E290
 116 01d1 11713DDC 		.ascii	"\021q=\334[<oq\011L\231g\367\312\370R4\365\273G\325"
 116      5B3C6F71 
 116      094C9967 
 116      F7CAF852 
 116      34F5BB47 
 117 01e6 337342A5 		.ascii	"3sB\245s{\356\207\264\233\303c\273cYa\3418\246p\214"
 117      737BEE87 
 117      B49BC363 
 117      BB635961 
 117      E138A670 
 118 01fb 7365F4DB 		.ascii	"se\364\333'{\221\320G=/\367\226\306>|\314Q\2168\201"
 118      277B91D0 
 118      473D2FF7 
 118      96C63E7C 
 118      CC518E38 
 119 0210 29B2ED13 		.ascii	")\262\355\023\002\346]\031V\223$3B\207E\354*|\367j\305"
 119      02E65D19 
 119      56932433 
 119      428745EC 
 119      2A7CF76A 
 120 0225 62393222 		.ascii	"b92\"\\KAH\012#\305\322i\223\303Q/\345\306X\020\233"
 120      5C4B4148 
 120      0A23C5D2 
 120      6993C351 
 120      2FE5C658 
 121 023b ECB018C4 		.ascii	"\354\260\030\304\274\271\377\340eL\274\357\035\360<"
 121      BCB9FFE0 
 121      654CBCEF 
 121      1DF03C
 122 024a 2A410827 		.ascii	"*A\010')\342!\331f8\205\011\231\341\313R\352\021\216"
 122      29E221D9 
 122      66388509 
 122      99E1CB52 
 122      EA118E
 123 025d 1796F106 		.ascii	"\027\226\361\006^\013\302E\326\372/\374\253\377\317"
 123      5E0BC245 
ARM GAS  C:\Users\RAKIBU~1\AppData\Local\Temp\ccqiJh6K.s 			page 9


 123      D6FA2FFC 
 123      ABFFCF
 124 026c A47F64FF 		.ascii	"\244\177d\377\247\357\361_`\377\021\200[\262\225\253"
 124      A7EFF15F 
 124      60FF1180 
 124      5BB295AB 
 125 027c C2B114F9 		.ascii	"\302\261\024\371\354\266\252|x\006SZ9\232\021\321p\341"
 125      ECB6AA7C 
 125      7806535A 
 125      399A11D1 
 125      70E1
 126 028e C6049224 		.ascii	"\306\004\222$:\320;I\232\020\257;\373F\227\222\212\030"
 126      3AD03B49 
 126      9A10AF3B 
 126      FB469792 
 126      8A18
 127 02a0 D6EAA0AF 		.ascii	"\326\352\240\257\323\201\2308\031a\3404\223\304\263"
 127      D3819838 
 127      1961E034 
 127      93C4B3
 128 02af 2C32D95F 		.ascii	",2\331_\3307 \330|mR\233$\332\014\320\347\010M\001\310"
 128      D83720D8 
 128      7C6D529B 
 128      24DA0CD0 
 128      E7084D01 
 129 02c4 A03BBBA7 		.ascii	"\240;\273\247\264\364\264\012X\307\000\356YJ\250\376"
 129      B4F4B40A 
 129      58C700EE 
 129      594AA8FE 
 130 02d4 6E3E750A 		.ascii	"n>u\012\366\325\322\263\012\026\347\250\367\300\244"
 130      F6D5D2B3 
 130      0A16E7A8 
 130      F7C0A4
 131 02e3 AC71595D 		.ascii	"\254qY]\003hpT\313+\315M\265\226\030C\225:Sq\224+m}"
 131      03687054 
 131      CB2BCD4D 
 131      B5961843 
 131      953A5371 
 132 02fb 4EF715FE 		.ascii	"N\367\025\376s)\274\306\"\316\220\360\013\330syr\036"
 132      7329BCC6 
 132      22CE90F0 
 132      0BD87379 
 132      721E
 133 030d 035F1C0A 		.ascii	"\003_\034\012X{\203j,\256\\\273M)\306\365B\345,\336"
 133      587B836A 
 133      2CAE5CBB 
 133      4D29C6F5 
 133      42E52CDE 
 134 0321 9275162B 		.ascii	"\222u\026+\362Q\235\236\251\220\352i\341R#b\237\260"
 134      F2519D9E 
 134      A990EA69 
 134      E1522362 
 134      9FB0
 135 0333 EE8ABFFC 		.ascii	"\356\212\277\374\355\273g\314\177V\317\012\324+\021"
 135      EDBB67CC 
 135      7F56CF0A 
 135      D42B11
ARM GAS  C:\Users\RAKIBU~1\AppData\Local\Temp\ccqiJh6K.s 			page 10


 136 0342 8BDADA38 		.ascii	"\213\332\3328\0108K'R\246\321_\0035cl\260^\315\230\224"
 136      08384B27 
 136      52A6D15F 
 136      0335636C 
 136      B05ECD98 
 137 0357 C95E2793 		.ascii	"\311^'\223\245\244\031\250J#\376\2474\347\2454\262\277"
 137      A5A419A8 
 137      4A23FEA7 
 137      34E7A534 
 137      B2BF
 138 0369 BE582B8D 		.ascii	"\276X+\215`\367R\032\213Dr\201XX+\213\262\365B\352m"
 138      60F7521A 
 138      8B447281 
 138      58582B8B 
 138      B2F542EA 
 139 037e 94D42FEE 		.ascii	"\224\324/\356RpjMn\337\362\3173\375\256\032\3141\234"
 139      52706A4D 
 139      6EDFF2CF 
 139      33FDAE1A 
 139      CC319C
 140 0391 AB4D44BE 		.ascii	"\253MD\276\266Q\2161;\271Z0yt\320\236L2\303\313\347"
 140      B6518E31 
 140      3BB95A30 
 140      7974D09E 
 140      4C32C3CB 
 141 03a6 0C36A1FF 		.ascii	"\0146\241\377\235\37749\276\254\231\034\343W\306\216"
 141      9DFF3439 
 141      BEAC991C 
 141      E357C68E 
 142 03b6 EA4D79CE 		.ascii	"\352My\316(\267\210\224.^\240\234\260\254\206(\001J"
 142      28B78894 
 142      2E5EA09C 
 142      B0AC8628 
 142      014A
 143 03c8 FDDF5F32 		.ascii	"\375\337_2\253\243\005y6\\\304&\312\367\222\234,<\333"
 143      ABA30579 
 143      365CC426 
 143      CAF7929C 
 143      2C3CDB
 144 03db C29073A8 		.ascii	"\302\220s\250\244\016\014\363d\373\221\336\313J?\252"
 144      A40E0CF3 
 144      64FB91DE 
 144      CB4A3FAA 
 145 03eb 512BCF91 		.ascii	"Q+\317\221\016\250{\036mlL\320\267\345\371\326gZ\333"
 145      0EA87B1E 
 145      6D6C4CD0 
 145      B7E5F9D6 
 145      675ADB
 146 03fe 3A1E7AF0 		.ascii	":\036z\360\341D[G\242\245m\347\316\266\027\023\035\235"
 146      E1445B47 
 146      A2A56DE7 
 146      CEB61713 
 146      1D9D
 147 0410 3BDA3B77 		.ascii	";\332;w%\023[\237\332\336\274\375%~\232l}\341\271\366"
 147      25135B9F 
 147      DADEBCFD 
 147      257E9A6C 
ARM GAS  C:\Users\RAKIBU~1\AppData\Local\Temp\ccqiJh6K.s 			page 11


 147      7DE1B9F6 
 148 0424 8EC413CD 		.ascii	"\216\304\023\315\315\211\226\366\316\246\306\026\020"
 148      CD8996F6 
 148      CEA6C616 
 148      10
 149 0431 ED3B9298 		.ascii	"\355;\222\230\324:\223\177\002\203\320B@"
 149      D43A937F 
 149      0283D042 
 149      40
 150              		.text
 151              		.section	.gnu.lto_ram_areas.eb2989a6,"",%progbits
 152 0000 789C75D1 		.ascii	"x\234u\321\337KSa\030\007\360\367\331\3536-\323\262"
 152      DF4B5361 
 152      1807F0F7 
 152      D9EB362D 
 152      D3B2
 153 0012 FCD9D4FF 		.ascii	"\374\331\324\377`'\347\315\356l\354\"\274\360\306\377"
 153      6027E7CD 
 153      EE6CEC22 
 153      BCF0C6FF 
 154 0022 2087D040 		.ascii	" \207\320@\333\330\026H7;\027\023$\311+w\345.\006\005"
 154      DBD81648 
 154      373B1713 
 154      24C92B77 
 154      E52E0605 
 155 0036 5E89834A 		.ascii	"^\211\203J\335\324\264\325*\177dYZ\331*\015DA\272JC"
 155      DDD4B4D5 
 155      2A7F6459 
 155      5AD92A0D 
 155      4441BA4A 
 156 004b 48C3DEED 		.ascii	"H\303\336\355{.\342\214\347p8_x\236\227/\037\336c\023"
 156      7B2EE28C 
 156      E770385F 
 156      789E972F 
 156      1FDE6313 
 157 005f 42745A85 		.ascii	"BtZ\205\360\010<\243\222\322\351\237y{\364\257>\244"
 157      F0083CA3 
 157      92D2E99F 
 157      797BF4AF 
 157      3EA4
 158 0071 EB3BC307 		.ascii	"\353;\303\007\362nB\212\244,Y%\367,\305\005\225.\250"
 158      F26E428A 
 158      A42C5925 
 158      F72CC505 
 158      952EA8
 159 0084 B8B0942C 		.ascii	"\270\260\224,j\212sY\234\377\336\333](wO\351CI\375z"
 159      6A8A7359 
 159      9CFFDEDB 
 159      5D28774F 
 159      E94349FD 
 160 0099 42525C0A 		.ascii	"BR\\\012\232\242h\\\022=)\204\205\036\027B\322#\212"
 160      9AA2685C 
 160      123D2984 
 160      851E1742 
 160      D2238A
 161 00ac 168E1FDD 		.ascii	"\026\216\037\335\033<\226\3032\241\026vS\353\331\010"
 161      1B3C96C3 
ARM GAS  C:\Users\RAKIBU~1\AppData\Local\Temp\ccqiJh6K.s 			page 12


 161      32A11676 
 161      53EBD908 
 162 00bc 84659CD0 		.ascii	"\204e\234\320\312\011m\214\320\316\011\347 \234\205"
 162      CA096D8C 
 162      D0CE09E7 
 162      209C85
 163 00cb 3003611A 		.ascii	"0\003a\032\302\335\223\211L\025\2046S\353\241!,\347"
 163      C2DD9389 
 163      4C158436 
 163      53EBA121 
 163      2CE7
 164 00dd 84159CF0 		.ascii	"\204\025\234\360\034#<\317\011\263\020>\203p\021\302"
 164      1C233CCF 
 164      09B3103E 
 164      837011C2 
 165 00ed 0508971E 		.ascii	"\005\010\227\036fN+!\264\232Z\367\015a%'\274\300\011"
 165      664E2B21 
 165      B49A5AF7 
 165      0D612527 
 165      BCC009
 166 0100 AB186135 		.ascii	"\253\030a5'|\015\341+\010_B\230\203p=\226J\030\177\271"
 166      277C0DE1 
 166      2B085F42 
 166      9883703D 
 166      964A187F 
 167 0115 CCD43A6B 		.ascii	"\314\324:k\010/r\302K\234\260\206\021^\346\204k\020"
 167      082F72C2 
 167      4B9CB086 
 167      115EE684 
 167      6B10
 168 0127 BE817015 		.ascii	"\276\201p\025\302\025\010\263\277R\343\306\035JS\353"
 168      C21508B3 
 168      BF52E3C6 
 168      1D4A53EB 
 169 0137 A421BCC2 		.ascii	"\244!\274\302\011k9a\035#\254\347\204\033\020~\200\360"
 169      096B3961 
 169      1D23ACE7 
 169      841B107E 
 169      80F0
 170 0149 3D84EB10 		.ascii	"=\204\353\020\346\316\216\027\253!\264\230Z\037\030"
 170      E6CE8E17 
 170      AB21B498 
 170      5A1F18
 171 0158 C2064ED8 		.ascii	"\302\006N\330\310\011\233\030\341UN\370\005\302-\010"
 171      C8099B18 
 171      E1554EF8 
 171      05C22D08 
 172 0168 3F43F809 		.ascii	"?C\370\011\302\377kN\356\203\344\340H\315\034\251\205"
 172      C2FF6B4E 
 172      EE83E4E0 
 172      48CD1CA9 
 172      85
 173 0179 21B572A4 		.ascii	"!\265r\244m\220\276\203\364\015\244\257 \305\306r\177"
 173      6D90BE83 
 173      F40DA4AF 
 173      20C5C672 
 173      7F
ARM GAS  C:\Users\RAKIBU~1\AppData\Local\Temp\ccqiJh6K.s 			page 13


 174 018a EC38AEAB 		.ascii	"\3548\256\253\253\223\324\346\240\035r\223\313Ay\025"
 174      AB93D4E6 
 174      A01D7293 
 174      CB417915 
 175 019a 1FC9419B 		.ascii	"\037\311A\233*\337\251|\253rY\345\222\312\027*\237\253"
 175      2ADFA97C 
 175      AB7259E5 
 175      92CA172A 
 175      9FAB
 176 01ac 7CAA725E 		.ascii	"|\252r^\345\214\312ir\013\372\241>\035N\247\246^\337"
 176      E58CCA69 
 176      720BFAA1 
 176      3E1D4EA7 
 176      A65EDF
 177 01bf 2D7F8F3F 		.ascii	"-\177\217?\020v]k\327\002a\315\027\350\357\017\334\326"
 177      10765D6B 
 177      D70261CD 
 177      17E8EF0F 
 177      DCD6
 178 01d1 C2919BA1 		.ascii	"\302\221\233\241\310\235\240\346\351\356\362v\015\024"
 178      C89DA0E6 
 178      E9EEF276 
 178      0D14
 179 01df A6417F5F 		.ascii	"\246A\177_o(\254\335\360z5_(\322\346\364\211\177\323"
 179      6F28ACDD 
 179      F07A355F 
 179      28D2E6F4 
 179      897FD3
 180 01f2 2C0F7F   		.ascii	",\017\177"
 181              		.text
 182              		.section	.gnu.lto_.symbol_nodes.eb2989a6,"",%progbits
 183 0000 789C55CD 		.ascii	"x\234U\315YN\002Q\024E\321\273\253(P\001\305\006\245"
 183      594E0251 
 183      1445D1BB 
 183      AB285001 
 183      C506A5
 184 0013 53D09930 		.ascii	"S\320\2310\030\306\361\210\0356\2404\012\2664\0128\007"
 184      18C6F188 
 184      1D36A034 
 184      0AB6340A 
 184      3807
 185 0025 07E19878 		.ascii	"\007\341\230x\234\037S?w%;'\271I3k\340Op\2013\353\376"
 185      9C1F533F 
 185      77253B27 
 185      B949336B 
 185      E04F7081 
 186 003c 99797E9B 		.ascii	"\231y~\233u_.q\304\313\025.\210\227k\\\370_N}i\341\022"
 186      755F2E71 
 186      C4CB152E 
 186      88976B5C 
 186      F85F4E7D 
 187 0053 B14D748E 		.ascii	"\261Mt\2165\317\314\302\350\006j\376UtK \357\010\345"
 187      35CFCCC2 
 187      E8066AFE 
 187      55744B20 
 187      EF08E5
 188 0066 3D09D926 		.ascii	"=\011\331&\222\035\222\362\201\224|dCv\331\224=\266"
ARM GAS  C:\Users\RAKIBU~1\AppData\Local\Temp\ccqiJh6K.s 			page 14


 188      921D92F2 
 188      81947C64 
 188      4376D994 
 188      3DB6
 189 0078 649FB41C 		.ascii	"d\237\264\034\220\221Od\3453\333r\310\216\034\221\223"
 189      90914F64 
 189      E533DB72 
 189      C88E1C91 
 189      93
 190 0089 2FECCA57 		.ascii	"/\354\312W\366\344\033\373\362\235\003\371A^~r(\307"
 190      F6E41BFB 
 190      F29D03F9 
 190      415E7E72 
 190      28C7
 191 009b 1CC90905 		.ascii	"\034\311\011\0059\245(g\224\344\027e\371ME\3169\226"
 191      39A52867 
 191      94E41765 
 191      F94D45CE 
 191      3996
 192 00ad 0B4EE492 		.ascii	"\013N\344\222\252\374\241\266\326V\342#1\037"
 192      AAFCA1B6 
 192      D656E223 
 192      311F
 193              		.text
 194              		.section	.gnu.lto_.refs.eb2989a6,"",%progbits
 195 0000 789C0DC3 		.ascii	"x\234\015\303\007\016\202@\000\000\260K\3031\004\007"
 195      070E8240 
 195      0000B04B 
 195      C3310407 
 196 0010 20C301A2 		.ascii	" \303\001\242\340k\374\377\177\244I\323\020\302o/\021"
 196      E06BFCFF 
 196      7FA449D3 
 196      10C26F2F 
 196      11
 197 0021 89D312A5 		.ascii	"\211\323\022\2452\271\302A\251rtrvQk\264\256:\275\301"
 197      32B9C241 
 197      A9727472 
 197      76516BB4 
 197      AE3ABDC1 
 198 0035 E8E6EEE1 		.ascii	"\350\346\356\341i2{Y\274}\2546\337\360\007|\323\003"
 198      69327B59 
 198      BC7DAC36 
 198      DFF0077C 
 198      D303
 199 0047 9A       		.ascii	"\232"
 200              		.text
 201              		.section	.gnu.lto_.decls.eb2989a6,"",%progbits
 202 0000 789CAD97 		.ascii	"x\234\255\227iPT\331\025\307\337\355\3334M\323\002\205"
 202      695054D9 
 202      15C7DFED 
 202      DB344DD3 
 202      0285
 203 0012 D6949562 		.ascii	"\326\224\225b\022b1\321JF\020\\H\345\303dR~\230\371"
 203      126231D1 
 203      4A46105C 
 203      48E5C364 
 203      527E98F9 
ARM GAS  C:\Users\RAKIBU~1\AppData\Local\Temp\ccqiJh6K.s 			page 15


 204 0026 32F990AA 		.ascii	"2\371\220\252|\310\204J\017BO\206\0124\006\232D+_\236"
 204      7CC8844A 
 204      0F424F86 
 204      0A34069A 
 204      442B5F9E 
 205 003a 22E202C3 		.ascii	"\"\342\002\303\246\262* \210\202(\342\210\013\250l\002"
 205      A6B22A20 
 205      888228E2 
 205      880BA86C 
 205      02
 206 004b 8288828A 		.ascii	"\202\210\202\212+\202\200\353\260\011\270 J\347\334"
 206      2B8280EB 
 206      B009B820 
 206      4AE7DC
 207 005a 735FAF17 		.ascii	"s_\257\027\222\017\311+\376\357\275{\3379\277s\356\271"
 207      920FC92B 
 207      FEEFBD7B 
 207      DF39BF73 
 207      EEB9
 208 006c 4B351A49 		.ascii	"K5\032I\222\366\373H\322\034\225\244m*I\262\300\345"
 208      92F6FB48 
 208      D21C95A4 
 208      6D2A49B2 
 208      C0E5
 209 007e 0E7D8D92 		.ascii	"\016}\215\222\375r\003]\0005\200\232A\227A\035\240\237"
 209      FD72035D 
 209      0035809A 
 209      4197411D 
 209      A09F
 210 0090 83C64013 		.ascii	"\203\306@\023\240I\3204\3505\350-\350\035\350=h\216"
 210      A049D034 
 210      E835E82D 
 210      E81DE83D 
 210      688E
 211 00a2 018824A9 		.ascii	"\001\210$\251@j\220\006\244\005\351@z\220\027\310\007"
 211      406A9006 
 211      A405E940 
 211      7A9017C8 
 211      07
 212 00b3 E40B5A02 		.ascii	"\344\013Z\002\372\010\264\024\364\023\220\037\350\247"
 212      FA08B414 
 212      F413901F 
 212      E8A7
 213 00c1 207FD032 		.ascii	" \177\3202P\000\350\027\240\025\240_\202>\005\005\022"
 213      5000E817 
 213      A015A05F 
 213      823E0505 
 213      12
 214 00d2 C9E9FA17 		.ascii	"\311\351\372\027\301p\3227J\233(\271\273^[\346\261k"
 214      C170D237 
 214      4A9B28B9 
 214      BB5E5BE6 
 214      B16B
 215 00e4 98C72E79 		.ascii	"\230\307.y\036\273\346y\3542\346\261\273<\217\335^6"
 215      1EBBE679 
 215      EC32E6B1 
 215      BB3C8FDD 
ARM GAS  C:\Users\RAKIBU~1\AppData\Local\Temp\ccqiJh6K.s 			page 16


 215      5E36
 216 00f6 6EC5CE17 		.ascii	"n\305\316\027\264\004\024\004}\017\340\271\034\264\012"
 216      B4041404 
 216      7D0FE0B9 
 216      1CB40A
 217 0105 DE47E139 		.ascii	"\336G\3419\002\012\206\367{\360\374\032\244\006=\006"
 217      020A86F7 
 217      7BF0FC1A 
 217      A4063D06 
 218 0115 0D810641 		.ascii	"\015\201\006A\303J\214\016\3459\346\022\247\217p\237"
 218      C34A8C0E 
 218      E539E612 
 218      A78F709F 
 219 0125 070A8BC5 		.ascii	"\007\012\213\305\031]\200\303.\177\211\327\362S\245"
 219      195D80C3 
 219      2E7F89D7 
 219      F253A5
 220 0134 B62B945A 		.ascii	"\266+\224Z\007(\265\367W\346\302O\231\233\245\312\\"
 220      0728B5F7 
 220      57E6C24F 
 220      999BA5CA 
 220      5C
 221 0145 2D51E6CE 		.ascii	"-Q\346\316G\231K\2752\267Ze\256\325\312\334\263$\331"
 221      47994BBD 
 221      32B75A65 
 221      AED5CADC 
 221      B324D9
 222 0158 5A606B82 		.ascii	"Z`k\202\255\015\266F\330Zak\206\255\235\011\227\374"
 222      AD0DB646 
 222      D85A616B 
 222      86AD9D09 
 222      97FC
 223 016a F75052DB 		.ascii	"\367PR\333x\241\336\263\237\364\021X\226\304\207W\225"
 223      78A1DEB3 
 223      9FF41158 
 223      96C48757 
 223      95
 224 017b F03B3C99 		.ascii	"\360;<\231\260m\261^\204\367C\257\212?\024S\326\260"
 224      B06DB15E 
 224      84F743AF 
 224      8A3F1453 
 224      D6B0
 225 018d BA105B8F 		.ascii	"\272\020[\217Ja\250\254\\\374S\000\304\221\312\277\363"
 225      4A61A8AC 
 225      5CFC5300 
 225      C491CABF 
 225      F3
 226 019e 70D68B0F 		.ascii	"p\326\213\017\210\2778\370\361.\225=\230\203\213\220"
 226      88BF38F8 
 226      F12E953D 
 226      98838B90 
 227 01ae AB64FB6C 		.ascii	"\253d\373lK\312>H\242\024\341\326H\312q\375\000y\010"
 227      4BCA3E48 
 227      A214E1D6 
 227      48CA71FD 
 227      007908
 228 01c1 5FFF2449 		.ascii	"_\377$I\351\332\030\302z\317\334Kk\323P\025\276_}0Z"
ARM GAS  C:\Users\RAKIBU~1\AppData\Local\Temp\ccqiJh6K.s 			page 17


 228      E9DA18C2 
 228      7ACFDC4B 
 228      6BD35015 
 228      BE5F7D30 
 229 01d6 E946BDF0 		.ascii	"\351F\275\360\375D\301\373n\255Z%\221\323\204r\377\334"
 229      FD44C1FB 
 229      6EAD5A25 
 229      91D38472 
 229      FFDC
 230 01e8 02798F86 		.ascii	"\002y\217\206.\306\257\351\305m\347i`\245\314/m\005"
 230      2EC6AFE9 
 230      C56DE769 
 230      60A5CC2F 
 230      6D05
 231 01fa 95C859B4 		.ascii	"\225\310Y\264C\313\026\313\233\006\357\335\224\370\352"
 231      43CB16CB 
 231      9B06EFDD 
 231      94F8EA
 232 0209 880A9A3D 		.ascii	"\210\012\232=\023\235\373=\241\271DG|\240Y\231b\331"
 232      139DFB3D 
 232      A1B94447 
 232      7CA05999 
 232      62D9
 233 021b E3B6741F 		.ascii	"\343\266t\037sLO\224}T\344\233\217H\035\361#\265\304"
 233      734C4F94 
 233      7D54E49B 
 233      8F481DF1 
 233      23B5C4
 234 022e 0F923D4F 		.ascii	"\017\222=O\226\302\335\244\346\244\347\305O_j\226\025"
 234      96C2DDA4 
 234      E6A4E7C5 
 234      4F5F6A96 
 234      15
 235 023f C9450D72 		.ascii	"\311E\015rC\177~@y\347v\371z\221,\177\216v\244\206P"
 235      437F7E40 
 235      79E776F9 
 235      7A912C7F 
 235      8E76A486 
 236 0254 728E0482 		.ascii	"r\216\004\202\375\031\242f-x;E\006\010\371\201\364\303"
 236      FD19A266 
 236      2D783B45 
 236      0608F981 
 236      F4C3
 237 0266 282F9065 		.ascii	"(/\220e\200x9\232\326\345M\363\311\002\243\252\255\033"
 237      8078399A 
 237      D6E54DF3 
 237      C902A3AA 
 237      AD1B
 238 0278 9F254A84 		.ascii	"\237%J\204\301_\345\311\015[\267\310\262\012\361\027"
 238      C15FE5C9 
 238      0D5BB7C8 
 238      B20AF117 
 239 0288 6DF87AC0 		.ascii	"m\370z\300_t\3057 ~\374\346\304CJ\217,\204\237z\322"
 239      5F74C537 
 239      207EFCE6 
 239      C4434A8F 
 239      2C849F7A 
ARM GAS  C:\Users\RAKIBU~1\AppData\Local\Temp\ccqiJh6K.s 			page 18


 240 029d D2A757F0 		.ascii	"\322\247W\360=+\235\360\2156|\023\340\033]\361\315\210"
 240      3D2B9DF0 
 240      8D367C13 
 240      E01B5DF1 
 240      CD88
 241 02af 2FBFFBAA 		.ascii	"/\277\373\252\311\223\236\342\370\302\366\301b=m\346"
 241      C9939EE2 
 241      F8C2F6C1 
 241      623D6DE6 
 242 02bf 8DE7CF6E 		.ascii	"\215\347\317n\336\367f\261Z\254\261\206vv\237\367\260"
 242      DEF766B1 
 242      5AACB186 
 242      76769FF7 
 242      B0
 243 02d0 4627AD44 		.ascii	"F'\255D\315:\223\016\036\356\326\261\004\032\345\206"
 243      CD3A930E 
 243      1EEED6B1 
 243      041AE586 
 244 02e0 77814E09 		.ascii	"w\201N\011\\\262%\320\006\011\\rM\3402&p=g\367vB;y\314"
 244      5CB225D0 
 244      06095C72 
 244      4DE03226 
 244      703D67F7 
 245 02f9 EA644B22 		.ascii	"\352dK\"\216f@n\350\3705\203\311VX\273\025&\261WgR\007"
 245      8E66406E 
 245      E8F83583 
 245      C95658BB 
 245      1526B157 
 246 0310 92CE7565 		.ascii	"\222\316ue5{\321>N:\375\244\275U\307\227\210L\240\375"
 246      357BD13E 
 246      4E3AFDA4 
 246      BD55C797 
 246      884CA0FD 
 247 0324 A1F7C74B 		.ascii	"\241\367\307K\204\257\021Y\013\355\351]Io(\377\356\016"
 247      84AF1159 
 247      0BEDE95D 
 247      496F28FF 
 247      EE0E
 248 0336 CDEE6D27 		.ascii	"\315\356m'\012\224\246\232\315\351\325\274!/n\355\017"
 248      0A94A69A 
 248      CDE9D5BC 
 248      212F6EED 
 248      0F
 249 0347 CDE18EC9 		.ascii	"\315\341\216\311\223^\272\035lE\025%\312\036_2\263\353"
 249      935EBA1D 
 249      6C451525 
 249      CA1E5F32 
 249      B3EB
 250 0359 B0A2AEE1 		.ascii	"\260\242\256\341\212\352&:\270\007\371\221.h\202u^\335"
 250      8AEA263A 
 250      B807F991 
 250      2E688275 
 250      5EDD
 251 036b 74871B67 		.ascii	"t\207\033g\261H\311S\227\266\252\351S\236V\337\345\362"
 251      B148C953 
 251      97B6AAE9 
 251      539E56DF 
ARM GAS  C:\Users\RAKIBU~1\AppData\Local\Temp\ccqiJh6K.s 			page 19


 251      E5F2
 252 037d A32CCE72 		.ascii	"\243,\316r\035a{\313\033\272\252F\316\315,\342]\314"
 252      1D617BCB 
 252      1BBAAA46 
 252      CECD2CE2 
 252      5DCC
 253 038f A2276DB2 		.ascii	"\242'm\262\324\235N\242\271\252\377\356\354\003/\242"
 253      D49D4EA2 
 253      B9AAFFEE 
 253      EC032FA2 
 254 039f 5B01A1B7 		.ascii	"[\001\241\267\362\320\222-0\271CV0'V\024r\013:oBg\031"
 254      F2D0922D 
 254      30B94356 
 254      30275614 
 254      720B3A6F 
 255 03b6 CBB161BC 		.ascii	"\313\261a\274\376\263\334IY\366'\267\211\216\364\332"
 255      FEB3DC49 
 255      59F627B7 
 255      898EF4DA 
 256 03c6 0BB75CC7 		.ascii	"\013\267\\\307'\262\2744\343\240\206\016\343\246T\325"
 256      27B2BC34 
 256      E3A0860E 
 256      E3A654D5 
 257 03d6 E53F6E51 		.ascii	"\345?nQ-\024\343\376\3021\372\226\265&\261\311\271\007"
 257      2D14E3FE 
 257      C231FA96 
 257      B526B1C9 
 257      B907
 258 03e8 31EEDA63 		.ascii	"1\356\332c\334&J\020K\337\215v\215~\227\215\212\206"
 258      DC264A10 
 258      4BDF8D76 
 258      8D7E978D 
 258      8A86
 259 03fa F6AA3D20 		.ascii	"\366\252= ze7_\351L\275\350N\333)\337\370c\005\027<"
 259      7A65375F 
 259      E94CBDE8 
 259      4EDB29DF 
 259      F8630517 
 260 040f E90DDEB0 		.ascii	"\351\015\336\260nl_\276\261\255s\272D\231\323k#o\316"
 260      6E6C5FBE 
 260      B1AD73BA 
 260      4499D36B 
 260      236FCE
 261 0422 EAE820DA 		.ascii	"\352\350 \332j\256\264\025|\277\210\004\300\265b\361"
 261      6AAEB415 
 261      7CBF8804 
 261      C0B562F1 
 262 0432 411614F6 		.ascii	"A\026\024\366\263\377\341\266\355rz8\213En@\212O\311"
 262      B3FFE1B6 
 262      ED727A38 
 262      8B456E40 
 262      8A4FC9
 263 0445 62FBD07A 		.ascii	"b\373\320z0\215`\270I\334\376]\031\225K\227\242q\237"
 263      308D60B8 
 263      49DCFE5D 
 263      19954B97 
 263      A2719F
ARM GAS  C:\Users\RAKIBU~1\AppData\Local\Temp\ccqiJh6K.s 			page 20


 264 0458 AB7110B3 		.ascii	"\253q\020\263\275N\354\306\035\207m\306\217\346';ZO"
 264      BD4EECC6 
 264      1D876DC6 
 264      8FE6273B 
 264      5A4F
 265 046a DAD10FE7 		.ascii	"\332\321\017\347Ec\032\274\260c\373(\234x\314FRj\312"
 265      45631ABC 
 265      B063FB28 
 265      9C78CC46 
 265      526ACA
 266 047d AE0C3CCE 		.ascii	"\256\014<\316@\260\353`\341\373\301\272g~\214\004F\344"
 266      40B0EB60 
 266      E1FBC1BA 
 266      677E8C04 
 266      46E4
 267 048f 09CCD363 		.ascii	"\011\314\323c\022@\206@\203\240a\022`=,{\357t\267z\320"
 267      12408640 
 267      83A06112 
 267      603D2C7B 
 267      EF74B77A 
 268 04a4 71AC92EA 		.ascii	"q\254\222\352\310\235\223\315:\262x\305\2748\362\002"
 268      C89D93CD 
 268      3AB278C5 
 268      BC38F202 
 269 04b4 28FF8DC8 		.ascii	"(\377\215\310\223\354\015e9>\007\333g\366\251g)c\310"
 269      93EC0D65 
 269      393E07DB 
 269      67F6A967 
 269      2963C8
 270 04c7 AB290315 		.ascii	"\253)\003\025*\337t%\306\347j4\274\012Q:1\351\037\211"
 270      2ADF7425 
 270      C6E76A34 
 270      BC0A513A 
 270      31E91F89 
 271 04db AF75DBE0 		.ascii	"\257u\333\340\2612pv\237\327b%\243\035\013f$-4\300\037"
 271      B1327076 
 271      9FD76225 
 271      A31D0B66 
 271      242D34C0 
 272 04f0 5A9F0EE8 		.ascii	"Z\237\016\350\035\243\215\374\247hG\346\252+\311'%\362"
 272      1DA38DFC 
 272      A76847E6 
 272      AA2BC927 
 272      25F2
 273 0502 753830C7 		.ascii	"u80\307\362\375\262d\371K2J|\311\025>\016\007G\326\363"
 273      F2FDB264 
 273      F94B324A 
 273      7CC9153E 
 273      0E0747D6 
 274 0517 1738EDC6 		.ascii	"\0278\355\306\310'\34079\235z\312\233Z\370\302\354\032"
 274      C827E037 
 274      399D7ACA 
 274      9B5AF8C2 
 274      EC1A
 275 0529 CC6AF506 		.ascii	"\314j\365\006\310\000\314mW\216\357\301\304\"\276\274"
 275      C800CC6D 
 275      578EEFC1 
ARM GAS  C:\Users\RAKIBU~1\AppData\Local\Temp\ccqiJh6K.s 			page 21


 275      C422BEBC 
 276 0539 C715887D 		.ascii	"\307\025\210}\231\217\343Y5\201\210\027\251\267,\336"
 276      998FE359 
 276      35818817 
 276      A9B72CDE 
 277 0549 34538D88 		.ascii	"4S\215\210\375\267g[\264\012b\244\224\246\007 \340\245"
 277      FDB7675B 
 277      B40A62A4 
 277      94A60720 
 277      E0A5
 278 055b 00788980 		.ascii	"\000x\211\200I\004\224\315\335<\255\241E\034p\177\313"
 278      490494CD 
 278      DD3CADA1 
 278      451C707F 
 278      CB
 279 056c 99599D02 		.ascii	"\231Y\235\002\030.\263\002\246\004\300\024\002\246\021"
 279      182EB302 
 279      A604C014 
 279      02A611
 280 057b 905B319A 		.ascii	"\220[1\232\253\243U\034p\355vI\355\"+`i\236\334\244"
 280      ABA3551C 
 280      70ED7649 
 280      ED222B60 
 280      699EDCA4 
 281 058f 46C22B81 		.ascii	"F\302+\201\360\012\011\257\221\360\270\371\362#-\255"
 281      F00A09AF 
 281      91F0B8F9 
 281      F2232DAD 
 282 059f E784FE81 		.ascii	"\347\204\376\201\316\012O\205\360\304\241\014o\004\304"
 282      CE0A4F85 
 282      F0C4A10C 
 282      6F04C4
 283 05ae 1B44BC45 		.ascii	"\033D\274E\304\326\211\354jO\332\303\021\007\352S.S"
 283      C4D689EC 
 283      6A4FDAC3 
 283      1107EA53 
 283      2E53
 284 05c0 A10C3302 		.ascii	"\241\0143\002`\006\001\357\020\320\335PS\341N\0078\340"
 284      600601EF 
 284      10D0DD50 
 284      53E14E07 
 284      38E0
 285 05d2 4A6ADB7B 		.ascii	"Jj\333{7\241\014\263\002`\026\001\357\021\360d(\245"
 285      37A10CB3 
 285      02601601 
 285      EF11F064 
 285      28A5
 286 05e4 5A43C739 		.ascii	"ZC\3079 \263.e\337<e\370 \020> a\016\011\017\012\017"
 286      20B32E65 
 286      DF3C65F8 
 286      20103E20 
 286      610E090F 
 287 05fa CFE8A945 		.ascii	"\317\350\251E\231\211\2343%\326\231\230s(\203E@X\020"
 287      99899C33 
 287      25D69998 
 287      73288345 
 287      405810
ARM GAS  C:\Users\RAKIBU~1\AppData\Local\Temp\ccqiJh6K.s 			page 22


 288 060d 21AB1822 		.ascii	"!\253\030\"\273\266\363\214;\315tC\304\354\261j\265"
 288      BBB6F38C 
 288      3BCD7443 
 288      C4ECB16A 
 288      B5
 289 061e 50852D2A 		.ascii	"P\205-*W\177\350\201\373V\364\267t\025^U\321\"\356?"
 289      577FE881 
 289      FB56F4B7 
 289      74155E55 
 289      D122EE3F 
 290 0632 D1F8F0B1 		.ascii	"\321\370\360\261^\250B\242\000HD\3006\004t\234\317\254"
 290      5EA842A2 
 290      004844C0 
 290      3604749C 
 290      CFAC
 291 0644 83C5C001 		.ascii	"\203\305\300\001U\207\266l\323\213UH\022\010IH\330\216"
 291      5587B66C 
 291      D38B5548 
 291      12084948 
 291      D88E
 292 0656 849C949D 		.ascii	"\204\234\224\235\037\323z\016\270\335\236=a-Bo\256\275"
 292      1FD37A0E 
 292      B8DD9E3D 
 292      612D426F 
 292      AEBD
 293 0668 08C90221 		.ascii	"\010\311\002!\031\011;\220\360\342\370\271\032\017\332"
 293      19093B90 
 293      F0E2F8B9 
 293      1A0FDA
 294 0677 C3118D19 		.ascii	"\303\021\215\031\325\3274B\025v\012\200\235\010\330"
 294      D5D73442 
 294      15760A80 
 294      9D08D8
 295 0686 8580D9E2 		.ascii	"\205\200\331\342\231\0125\035\340\200\243\303ww\211"
 295      990A351D 
 295      E080A3C3 
 295      777789
 296 0695 5B62B700 		.ascii	"[b\267\000\330\215\200\024\004\344\027\034\250\323\323"
 296      D88D8014 
 296      04E4171C 
 296      A8D3D3
 297 06a4 710E28C9 		.ascii	"q\016(\311<w@+V!U \244\"\341{$\034\277\330W\353A-\234"
 297      3C77402B 
 297      56215520 
 297      A422E17B 
 297      241CBFD8 
 298 06bd D075F255 		.ascii	"\320u\362U\257\365d\030s(C\232\200HCD:\"\222\336n\317"
 298      AFF56418 
 298      7328439A 
 298      80484344 
 298      3A2292DE 
 299 06d3 D7D24C0D 		.ascii	"\327\322L\015\"\366>}\226\356.\224!C\000d  \023\001"
 299      22F63E7D 
 299      96EE2E94 
 299      21430064 
 299      20201301 
 300 06e7 ADD9A9A7 		.ascii	"\255\331\251\247<i\021\007T\264\334\375\231P\205,\301"
ARM GAS  C:\Users\RAKIBU~1\AppData\Local\Temp\ccqiJh6K.s 			page 23


 300      3C691107 
 300      54B4DCFD 
 300      9950852C 
 300      C1
 301 06f8 3F0BFDF7 		.ascii	"?\013\375\367\240\377\241\351\364v5\255\342\376;\013"
 301      A0FFA1E9 
 301      F47635AD 
 301      E2FE3B0B 
 302 0708 87AA8958 		.ascii	"\207\252\211X\205\275\002a/\022\366!agcY\271\216\326"
 302      85BD0261 
 302      2F12F621 
 302      61676359 
 302      B98ED6
 303 071b 73C28DCA 		.ascii	"s\302\215\312\331<\353\020Z\363\354U\310\026\020\331"
 303      D93CEB10 
 303      5AF3EC55 
 303      C81610D9 
 304 072b 88C84144 		.ascii	"\210\310AD\355\221\252I8\0308\242\351\302\323\022o\241"
 304      ED91AA49 
 304      381838A2 
 304      E9C2D312 
 304      6FA1
 305 073d 0AB90220 		.ascii	"\012\271\002 \027\001y\0108;z\357\255\206\016p\300\314"
 305      17017908 
 305      383B7AEF 
 305      AD860E70 
 305      C0CC
 306 074f E468AEBB 		.ascii	"\344h\256\273P\206|\001\220\217\200\002\004L]I\207-"
 306      50867C01 
 306      908F8002 
 306      044C5D49 
 306      872D
 307 0761 31CE0169 		.ascii	"1\316\001i\365e3*\261\014\373\005\302~$\034@B\335\371"
 307      F565332A 
 307      B10CFB05 
 307      C27E241C 
 307      4042DDF9 
 308 0775 D98FA985 		.ascii	"\331\217\251\205\003\332\233Zl{\352\241C\025\012\005"
 308      03DA9B5A 
 308      6C7BEAA1 
 308      43150A05 
 309 0785 4221128A 		.ascii	"B!\022\212\220\220^U\374\036\326\202;?\243\353N\237"
 309      90905E55 
 309      FC1ED682 
 309      3B3FA3EB 
 309      4E9F
 310 0797 2642158A 		.ascii	"&B\025\212\005@1\002\016\362A\334\250\274\275\210\026"
 310      05403102 
 310      0EF241DC 
 310      A8BCBD88 
 310      16
 311 07a8 71407DCD 		.ascii	"q@}\315\361\327\342\361X\"\000J\020P\212\200\201\232"
 311      F1D7E2F1 
 311      5822004A 
 311      10508A80 
 311      819A
 312 07ba D3555EB4 		.ascii	"\323U^\264\212\003f'2\223\346\251\302!\201p\010\011"
ARM GAS  C:\Users\RAKIBU~1\AppData\Local\Temp\ccqiJh6K.s 			page 24


 312      8A036627 
 312      3293E6A9 
 312      C2218170 
 312      0809
 313 07cc 65483896 		.ascii	"eH8\226"
 314 07d0 3E94ED4E 		.ascii	">\224\355N\3539!\2476\253\337z\270\275v(\303a\001q\030"
 314      EB3921A7 
 314      36ABDF7A 
 314      B8BD7628 
 314      C3610171 
 315 07e5 11471091 		.ascii	"\021G\020\221wcO\035\241=\034\361\254\374j\331\"\241"
 315      77634F1D 
 315      A13D1CF1 
 315      ACFC6AD9 
 315      22A1
 316 07f7 0CE502A0 		.ascii	"\014\345\002\240\034\001\025\010\030I\356\177\010\213"
 316      1C011508 
 316      1849EE7F 
 316      088B
 317 0805 81035A9F 		.ascii	"\201\003Z\237\2676y\010e8*\000\216\"\240\222\037\320"
 317      B7367908 
 317      65382A00 
 317      8E22A092 
 317      1FD0
 318 0817 53EF1261 		.ascii	"S\357\022a1p@Ma\306?\304*\034\023\000\307\020p\034\001"
 318      3170404D 
 318      61C63FC4 
 318      2A1C1300 
 318      C710701C 
 319 082c A523C36D 		.ascii	"\245#\303m*\307_\300#\016\277\373$R\245\302_\300\354"
 319      2AC75FC0 
 319      230EBFFB 
 319      2452A5C2 
 319      5FC0EC
 320 083f C9FEF579 		.ascii	"\311\376\365yR\363\310\303\321\230\375(\261\033\237"
 320      52F3C8C3 
 320      D198FD28 
 320      B11B9F
 321 084e 508C4FA0 		.ascii	"P\214O\240q\347\\\357\264\273\325x\307B\277\255I58y"
 321      71E75CEF 
 321      B4BBD578 
 321      C742BFAD 
 321      49353879 
 322 0862 1A0C11B1 		.ascii	"\032\014\021\261qFC\224)\312\254\376\2471\374o\237\005"
 322      71464394 
 322      29CAACFE 
 322      A731FC6F 
 322      9F05
 323 0874 0606C15F 		.ascii	"\006\006\301_\304wQ\033\242b\343CV\255\016\212\215\017"
 323      C477511B 
 323      A262E343 
 323      56AD0E8A 
 323      8D0F
 324 0886 8A888D89 		.ascii	"\212\210\215\211\2115\005\305\233\303\343\314\011\033"
 324      893505C5 
 324      9BC3E3CC 
 324      091B
ARM GAS  C:\Users\RAKIBU~1\AppData\Local\Temp\ccqiJh6K.s 			page 25


 325 0894 837EF787 		.ascii	"\203~\367\207\257\326\177\265\211\365n\214\2126\306"
 325      AFD67FB5 
 325      89F56E8C 
 325      8A36C6
 326 08a3 C5077DB1 		.ascii	"\305\007}\261~}PD\234980B\373\305\357\377\350\277>8"
 326      7E7D5044 
 326      9C393830 
 326      42FBC5EF 
 326      FFE8BF3E 
 327 08b8 58FAEDFF 		.ascii	"X\372\355\377\306\221\364\006\2031<.z3f\006YF\207\233"
 327      C691F406 
 327      83313C2E 
 327      7A336606 
 327      5946879B 
 328 08cc 79965E06 		.ascii	"y\226^\006C\244\361\333\360\204h\263\301\270)\312\254"
 328      43A4F1DB 
 328      F08468B3 
 328      C1B829CA 
 328      AC
 329 08dd 3541FAE6 		.ascii	"5A\372\346\2048\223\217\001?\033\342\302c\014\341q\306"
 329      8438938F 
 329      013F1BE2 
 329      C2630CE1 
 329      71C6
 330 08ef F0780FDB 		.ascii	"\360x\017\333\233.\"\032X\370\2563\030\022\242L\346"
 330      9B2E221A 
 330      58F8AE33 
 330      1812A24C 
 330      E6
 331 0900 D52106F3 		.ascii	"\325!\006\363\267\021\277\011\303\364\342\315\011\221"
 331      B711BF09 
 331      C3F4E2CD 
 331      0991
 332 090e 51B161E6 		.ascii	"Q\261a\346\330\330\350\370\260\277\232\022\374\361\315"
 332      D8D8E8F8 
 332      B0BF9A12 
 332      FCF1CD
 333 091d 3F3C2EC6 		.ascii	"?<.\306\337\030\263\301\030\031i\214\014\013\015\\\345"
 333      DF18B3C1 
 333      1819698C 
 333      0C0B0D5C 
 333      E5
 334 092e 1FB22A38 		.ascii	"\037\262*8\364\357k\302\240\177\245)\326d\\i\014\337"
 334      F4EF6BC2 
 334      A07FA529 
 334      D6645C69 
 334      0CDF
 335 0940 10151665 		.ascii	"\020\025\026e\212\210N\2104\206\305\204\003\313d\014"
 335      8A884E88 
 335      3486C584 
 335      03CB640C 
 336 0950 B32567DE 		.ascii	"\263%g\336\274\321\030\037\370\235\244\265\306\373\363"
 336      BCD1181F 
 336      F89DA4B5 
 336      C6FBF3
 337 095f FF355EFC 		.ascii	"\3775^\374\346\3700C\2749\022\340\020\304\003\207\316"
 337      E6F83043 
ARM GAS  C:\Users\RAKIBU~1\AppData\Local\Temp\ccqiJh6K.s 			page 26


 337      BC3912E0 
 337      10C40387 
 337      CE
 338 0970 06E8856F 		.ascii	"\006\350\205of\343&\336\324\233b\015\266o\336\254\""
 338      66E326DE 
 338      D49B620D 
 338      B66FDEAC 
 338      22
 339 0981 B696C1EC 		.ascii	"\266\226\301\354k`\325Ze\260\273\030\0269v\031\274\224"
 339      6B60D55A 
 339      65B0BB18 
 339      16397619 
 339      BC94
 340 0993 16AF9FC1 		.ascii	"\026\257\237\301[i\232b\371g\356\037,\372\007;\371\007"
 340      5B699A62 
 340      F967EE1F 
 340      2CFA073B 
 340      F907
 341 09a5 3BFB07BB 		.ascii	";\373\007\273\370\207\210\376!N\376!\316\376!.\376\253"
 341      F88788FE 
 341      214EFE21 
 341      CEFE212E 
 341      FEAB
 342 09b7 45FFD54E 		.ascii	"E\377\325N\376\253\235\375W\273\370\257\021\375\327"
 342      FEAB9DFD 
 342      57BBF8AF 
 342      11FDD7
 343 09c6 38F9AF71 		.ascii	"8\371\257q\366_\343\342\277V\364_\353\344\277\326\331"
 343      F65FE3E2 
 343      BF56F45F 
 343      EBE4BFD6 
 343      D9
 344 09d7 7FAD8BFF 		.ascii	"\177\255\213\377:\321\177\235\223\377:g\377u.\376\241"
 344      3AD17F9D 
 344      93FF3A67 
 344      FF752EFE 
 344      A1
 345 09e8 A27FA893 		.ascii	"\242\177\250\223\177\250\263\177\250\315\377\337Np\220"
 345      7FA8B37F 
 345      A8CDFFDF 
 345      4E7090
 346 09f7 A5       		.ascii	"\245"
 347              		.text
 348              		.section	.gnu.lto_.symtab.eb2989a6,"",%progbits
 349 0000 5F5F636F 		.ascii	"__core_init\000"
 349      72655F69 
 349      6E697400 
 350 000c 00       		.ascii	"\000"
 351 000d 01       		.ascii	"\001"
 352 000e 00       		.ascii	"\000"
 353 000f 00000000 		.ascii	"\000\000\000\000\000\000\000\000"
 353      00000000 
 354 0017 BD000000 		.ascii	"\275\000\000\000"
 355 001b 5F5F6561 		.ascii	"__early_init\000"
 355      726C795F 
 355      696E6974 
 355      00
ARM GAS  C:\Users\RAKIBU~1\AppData\Local\Temp\ccqiJh6K.s 			page 27


 356 0028 00       		.ascii	"\000"
 357 0029 01       		.ascii	"\001"
 358 002a 00       		.ascii	"\000"
 359 002b 00000000 		.ascii	"\000\000\000\000\000\000\000\000"
 359      00000000 
 360 0033 C0000000 		.ascii	"\300\000\000\000"
 361 0037 5F5F6C61 		.ascii	"__late_init\000"
 361      74655F69 
 361      6E697400 
 362 0043 00       		.ascii	"\000"
 363 0044 01       		.ascii	"\001"
 364 0045 00       		.ascii	"\000"
 365 0046 00000000 		.ascii	"\000\000\000\000\000\000\000\000"
 365      00000000 
 366 004e C3000000 		.ascii	"\303\000\000\000"
 367 0052 5F5F6465 		.ascii	"__default_exit\000"
 367      6661756C 
 367      745F6578 
 367      697400
 368 0061 00       		.ascii	"\000"
 369 0062 01       		.ascii	"\001"
 370 0063 00       		.ascii	"\000"
 371 0064 00000000 		.ascii	"\000\000\000\000\000\000\000\000"
 371      00000000 
 372 006c C8000000 		.ascii	"\310\000\000\000"
 373 0070 5F5F696E 		.ascii	"__init_ram_areas\000"
 373      69745F72 
 373      616D5F61 
 373      72656173 
 373      00
 374 0081 00       		.ascii	"\000"
 375 0082 00       		.ascii	"\000"
 376 0083 00       		.ascii	"\000"
 377 0084 00000000 		.ascii	"\000\000\000\000\000\000\000\000"
 377      00000000 
 378 008c CA000000 		.ascii	"\312\000\000\000"
 379 0090 5F5F7261 		.ascii	"__ram0_init_text__\000"
 379      6D305F69 
 379      6E69745F 
 379      74657874 
 379      5F5F00
 380 00a3 00       		.ascii	"\000"
 381 00a4 02       		.ascii	"\002"
 382 00a5 00       		.ascii	"\000"
 383 00a6 00000000 		.ascii	"\000\000\000\000\000\000\000\000"
 383      00000000 
 384 00ae F0000000 		.ascii	"\360\000\000\000"
 385 00b2 5F5F7261 		.ascii	"__ram0_init__\000"
 385      6D305F69 
 385      6E69745F 
 385      5F00
 386 00c0 00       		.ascii	"\000"
 387 00c1 02       		.ascii	"\002"
 388 00c2 00       		.ascii	"\000"
 389 00c3 00000000 		.ascii	"\000\000\000\000\000\000\000\000"
 389      00000000 
 390 00cb F2000000 		.ascii	"\362\000\000\000"
ARM GAS  C:\Users\RAKIBU~1\AppData\Local\Temp\ccqiJh6K.s 			page 28


 391 00cf 5F5F7261 		.ascii	"__ram0_clear__\000"
 391      6D305F63 
 391      6C656172 
 391      5F5F00
 392 00de 00       		.ascii	"\000"
 393 00df 02       		.ascii	"\002"
 394 00e0 00       		.ascii	"\000"
 395 00e1 00000000 		.ascii	"\000\000\000\000\000\000\000\000"
 395      00000000 
 396 00e9 F4000000 		.ascii	"\364\000\000\000"
 397 00ed 5F5F7261 		.ascii	"__ram0_noinit__\000"
 397      6D305F6E 
 397      6F696E69 
 397      745F5F00 
 398 00fd 00       		.ascii	"\000"
 399 00fe 02       		.ascii	"\002"
 400 00ff 00       		.ascii	"\000"
 401 0100 00000000 		.ascii	"\000\000\000\000\000\000\000\000"
 401      00000000 
 402 0108 F6000000 		.ascii	"\366\000\000\000"
 403 010c 5F5F7261 		.ascii	"__ram1_init_text__\000"
 403      6D315F69 
 403      6E69745F 
 403      74657874 
 403      5F5F00
 404 011f 00       		.ascii	"\000"
 405 0120 02       		.ascii	"\002"
 406 0121 00       		.ascii	"\000"
 407 0122 00000000 		.ascii	"\000\000\000\000\000\000\000\000"
 407      00000000 
 408 012a F8000000 		.ascii	"\370\000\000\000"
 409 012e 5F5F7261 		.ascii	"__ram1_init__\000"
 409      6D315F69 
 409      6E69745F 
 409      5F00
 410 013c 00       		.ascii	"\000"
 411 013d 02       		.ascii	"\002"
 412 013e 00       		.ascii	"\000"
 413 013f 00000000 		.ascii	"\000\000\000\000\000\000\000\000"
 413      00000000 
 414 0147 FA000000 		.ascii	"\372\000\000\000"
 415 014b 5F5F7261 		.ascii	"__ram1_clear__\000"
 415      6D315F63 
 415      6C656172 
 415      5F5F00
 416 015a 00       		.ascii	"\000"
 417 015b 02       		.ascii	"\002"
 418 015c 00       		.ascii	"\000"
 419 015d 00000000 		.ascii	"\000\000\000\000\000\000\000\000"
 419      00000000 
 420 0165 FC000000 		.ascii	"\374\000\000\000"
 421 0169 5F5F7261 		.ascii	"__ram1_noinit__\000"
 421      6D315F6E 
 421      6F696E69 
 421      745F5F00 
 422 0179 00       		.ascii	"\000"
 423 017a 02       		.ascii	"\002"
ARM GAS  C:\Users\RAKIBU~1\AppData\Local\Temp\ccqiJh6K.s 			page 29


 424 017b 00       		.ascii	"\000"
 425 017c 00000000 		.ascii	"\000\000\000\000\000\000\000\000"
 425      00000000 
 426 0184 FE000000 		.ascii	"\376\000\000\000"
 427 0188 5F5F7261 		.ascii	"__ram2_init_text__\000"
 427      6D325F69 
 427      6E69745F 
 427      74657874 
 427      5F5F00
 428 019b 00       		.ascii	"\000"
 429 019c 02       		.ascii	"\002"
 430 019d 00       		.ascii	"\000"
 431 019e 00000000 		.ascii	"\000\000\000\000\000\000\000\000"
 431      00000000 
 432 01a6 00010000 		.ascii	"\000\001\000\000"
 433 01aa 5F5F7261 		.ascii	"__ram2_init__\000"
 433      6D325F69 
 433      6E69745F 
 433      5F00
 434 01b8 00       		.ascii	"\000"
 435 01b9 02       		.ascii	"\002"
 436 01ba 00       		.ascii	"\000"
 437 01bb 00000000 		.ascii	"\000\000\000\000\000\000\000\000"
 437      00000000 
 438 01c3 02010000 		.ascii	"\002\001\000\000"
 439 01c7 5F5F7261 		.ascii	"__ram2_clear__\000"
 439      6D325F63 
 439      6C656172 
 439      5F5F00
 440 01d6 00       		.ascii	"\000"
 441 01d7 02       		.ascii	"\002"
 442 01d8 00       		.ascii	"\000"
 443 01d9 00000000 		.ascii	"\000\000\000\000\000\000\000\000"
 443      00000000 
 444 01e1 04010000 		.ascii	"\004\001\000\000"
 445 01e5 5F5F7261 		.ascii	"__ram2_noinit__\000"
 445      6D325F6E 
 445      6F696E69 
 445      745F5F00 
 446 01f5 00       		.ascii	"\000"
 447 01f6 02       		.ascii	"\002"
 448 01f7 00       		.ascii	"\000"
 449 01f8 00000000 		.ascii	"\000\000\000\000\000\000\000\000"
 449      00000000 
 450 0200 06010000 		.ascii	"\006\001\000\000"
 451 0204 5F5F7261 		.ascii	"__ram3_init_text__\000"
 451      6D335F69 
 451      6E69745F 
 451      74657874 
 451      5F5F00
 452 0217 00       		.ascii	"\000"
 453 0218 02       		.ascii	"\002"
 454 0219 00       		.ascii	"\000"
 455 021a 00000000 		.ascii	"\000\000\000\000\000\000\000\000"
 455      00000000 
 456 0222 08010000 		.ascii	"\010\001\000\000"
 457 0226 5F5F7261 		.ascii	"__ram3_init__\000"
ARM GAS  C:\Users\RAKIBU~1\AppData\Local\Temp\ccqiJh6K.s 			page 30


 457      6D335F69 
 457      6E69745F 
 457      5F00
 458 0234 00       		.ascii	"\000"
 459 0235 02       		.ascii	"\002"
 460 0236 00       		.ascii	"\000"
 461 0237 00000000 		.ascii	"\000\000\000\000\000\000\000\000"
 461      00000000 
 462 023f 0A010000 		.ascii	"\012\001\000\000"
 463 0243 5F5F7261 		.ascii	"__ram3_clear__\000"
 463      6D335F63 
 463      6C656172 
 463      5F5F00
 464 0252 00       		.ascii	"\000"
 465 0253 02       		.ascii	"\002"
 466 0254 00       		.ascii	"\000"
 467 0255 00000000 		.ascii	"\000\000\000\000\000\000\000\000"
 467      00000000 
 468 025d 0C010000 		.ascii	"\014\001\000\000"
 469 0261 5F5F7261 		.ascii	"__ram3_noinit__\000"
 469      6D335F6E 
 469      6F696E69 
 469      745F5F00 
 470 0271 00       		.ascii	"\000"
 471 0272 02       		.ascii	"\002"
 472 0273 00       		.ascii	"\000"
 473 0274 00000000 		.ascii	"\000\000\000\000\000\000\000\000"
 473      00000000 
 474 027c 0E010000 		.ascii	"\016\001\000\000"
 475 0280 5F5F7261 		.ascii	"__ram4_init_text__\000"
 475      6D345F69 
 475      6E69745F 
 475      74657874 
 475      5F5F00
 476 0293 00       		.ascii	"\000"
 477 0294 02       		.ascii	"\002"
 478 0295 00       		.ascii	"\000"
 479 0296 00000000 		.ascii	"\000\000\000\000\000\000\000\000"
 479      00000000 
 480 029e 10010000 		.ascii	"\020\001\000\000"
 481 02a2 5F5F7261 		.ascii	"__ram4_init__\000"
 481      6D345F69 
 481      6E69745F 
 481      5F00
 482 02b0 00       		.ascii	"\000"
 483 02b1 02       		.ascii	"\002"
 484 02b2 00       		.ascii	"\000"
 485 02b3 00000000 		.ascii	"\000\000\000\000\000\000\000\000"
 485      00000000 
 486 02bb 12010000 		.ascii	"\022\001\000\000"
 487 02bf 5F5F7261 		.ascii	"__ram4_clear__\000"
 487      6D345F63 
 487      6C656172 
 487      5F5F00
 488 02ce 00       		.ascii	"\000"
 489 02cf 02       		.ascii	"\002"
 490 02d0 00       		.ascii	"\000"
ARM GAS  C:\Users\RAKIBU~1\AppData\Local\Temp\ccqiJh6K.s 			page 31


 491 02d1 00000000 		.ascii	"\000\000\000\000\000\000\000\000"
 491      00000000 
 492 02d9 14010000 		.ascii	"\024\001\000\000"
 493 02dd 5F5F7261 		.ascii	"__ram4_noinit__\000"
 493      6D345F6E 
 493      6F696E69 
 493      745F5F00 
 494 02ed 00       		.ascii	"\000"
 495 02ee 02       		.ascii	"\002"
 496 02ef 00       		.ascii	"\000"
 497 02f0 00000000 		.ascii	"\000\000\000\000\000\000\000\000"
 497      00000000 
 498 02f8 16010000 		.ascii	"\026\001\000\000"
 499 02fc 5F5F7261 		.ascii	"__ram5_init_text__\000"
 499      6D355F69 
 499      6E69745F 
 499      74657874 
 499      5F5F00
 500 030f 00       		.ascii	"\000"
 501 0310 02       		.ascii	"\002"
 502 0311 00       		.ascii	"\000"
 503 0312 00000000 		.ascii	"\000\000\000\000\000\000\000\000"
 503      00000000 
 504 031a 18010000 		.ascii	"\030\001\000\000"
 505 031e 5F5F7261 		.ascii	"__ram5_init__\000"
 505      6D355F69 
 505      6E69745F 
 505      5F00
 506 032c 00       		.ascii	"\000"
 507 032d 02       		.ascii	"\002"
 508 032e 00       		.ascii	"\000"
 509 032f 00000000 		.ascii	"\000\000\000\000\000\000\000\000"
 509      00000000 
 510 0337 1A010000 		.ascii	"\032\001\000\000"
 511 033b 5F5F7261 		.ascii	"__ram5_clear__\000"
 511      6D355F63 
 511      6C656172 
 511      5F5F00
 512 034a 00       		.ascii	"\000"
 513 034b 02       		.ascii	"\002"
 514 034c 00       		.ascii	"\000"
 515 034d 00000000 		.ascii	"\000\000\000\000\000\000\000\000"
 515      00000000 
 516 0355 1C010000 		.ascii	"\034\001\000\000"
 517 0359 5F5F7261 		.ascii	"__ram5_noinit__\000"
 517      6D355F6E 
 517      6F696E69 
 517      745F5F00 
 518 0369 00       		.ascii	"\000"
 519 036a 02       		.ascii	"\002"
 520 036b 00       		.ascii	"\000"
 521 036c 00000000 		.ascii	"\000\000\000\000\000\000\000\000"
 521      00000000 
 522 0374 1E010000 		.ascii	"\036\001\000\000"
 523 0378 5F5F7261 		.ascii	"__ram6_init_text__\000"
 523      6D365F69 
 523      6E69745F 
ARM GAS  C:\Users\RAKIBU~1\AppData\Local\Temp\ccqiJh6K.s 			page 32


 523      74657874 
 523      5F5F00
 524 038b 00       		.ascii	"\000"
 525 038c 02       		.ascii	"\002"
 526 038d 00       		.ascii	"\000"
 527 038e 00000000 		.ascii	"\000\000\000\000\000\000\000\000"
 527      00000000 
 528 0396 20010000 		.ascii	" \001\000\000"
 529 039a 5F5F7261 		.ascii	"__ram6_init__\000"
 529      6D365F69 
 529      6E69745F 
 529      5F00
 530 03a8 00       		.ascii	"\000"
 531 03a9 02       		.ascii	"\002"
 532 03aa 00       		.ascii	"\000"
 533 03ab 00000000 		.ascii	"\000\000\000\000\000\000\000\000"
 533      00000000 
 534 03b3 22010000 		.ascii	"\"\001\000\000"
 535 03b7 5F5F7261 		.ascii	"__ram6_clear__\000"
 535      6D365F63 
 535      6C656172 
 535      5F5F00
 536 03c6 00       		.ascii	"\000"
 537 03c7 02       		.ascii	"\002"
 538 03c8 00       		.ascii	"\000"
 539 03c9 00000000 		.ascii	"\000\000\000\000\000\000\000\000"
 539      00000000 
 540 03d1 24010000 		.ascii	"$\001\000\000"
 541 03d5 5F5F7261 		.ascii	"__ram6_noinit__\000"
 541      6D365F6E 
 541      6F696E69 
 541      745F5F00 
 542 03e5 00       		.ascii	"\000"
 543 03e6 02       		.ascii	"\002"
 544 03e7 00       		.ascii	"\000"
 545 03e8 00000000 		.ascii	"\000\000\000\000\000\000\000\000"
 545      00000000 
 546 03f0 26010000 		.ascii	"&\001\000\000"
 547 03f4 5F5F7261 		.ascii	"__ram7_init_text__\000"
 547      6D375F69 
 547      6E69745F 
 547      74657874 
 547      5F5F00
 548 0407 00       		.ascii	"\000"
 549 0408 02       		.ascii	"\002"
 550 0409 00       		.ascii	"\000"
 551 040a 00000000 		.ascii	"\000\000\000\000\000\000\000\000"
 551      00000000 
 552 0412 28010000 		.ascii	"(\001\000\000"
 553 0416 5F5F7261 		.ascii	"__ram7_init__\000"
 553      6D375F69 
 553      6E69745F 
 553      5F00
 554 0424 00       		.ascii	"\000"
 555 0425 02       		.ascii	"\002"
 556 0426 00       		.ascii	"\000"
 557 0427 00000000 		.ascii	"\000\000\000\000\000\000\000\000"
ARM GAS  C:\Users\RAKIBU~1\AppData\Local\Temp\ccqiJh6K.s 			page 33


 557      00000000 
 558 042f 2A010000 		.ascii	"*\001\000\000"
 559 0433 5F5F7261 		.ascii	"__ram7_clear__\000"
 559      6D375F63 
 559      6C656172 
 559      5F5F00
 560 0442 00       		.ascii	"\000"
 561 0443 02       		.ascii	"\002"
 562 0444 00       		.ascii	"\000"
 563 0445 00000000 		.ascii	"\000\000\000\000\000\000\000\000"
 563      00000000 
 564 044d 2C010000 		.ascii	",\001\000\000"
 565 0451 5F5F7261 		.ascii	"__ram7_noinit__\000"
 565      6D375F6E 
 565      6F696E69 
 565      745F5F00 
 566 0461 00       		.ascii	"\000"
 567 0462 02       		.ascii	"\002"
 568 0463 00       		.ascii	"\000"
 569 0464 00000000 		.ascii	"\000\000\000\000\000\000\000\000"
 569      00000000 
 570 046c 2E010000 		.ascii	".\001\000\000"
 571              		.text
 572              		.section	.gnu.lto_.opts,"",%progbits
 573 0000 272D666D 		.ascii	"'-fmath-errno' '-fsigned-zeros' '-ftrapping-math' '"
 573      6174682D 
 573      6572726E 
 573      6F272027 
 573      2D667369 
 574 0033 2D666E6F 		.ascii	"-fno-trapv' '-fno-openmp' '-fno-openacc' '-mcpu=cor"
 574      2D747261 
 574      70762720 
 574      272D666E 
 574      6F2D6F70 
 575 0066 7465782D 		.ascii	"tex-m4' '-mthumb' '-O2' '-fomit-frame-pointer' '-fa"
 575      6D342720 
 575      272D6D74 
 575      68756D62 
 575      2720272D 
 576 0099 6C69676E 		.ascii	"lign-functions=16' '-ffunction-sections' '-fdata-se"
 576      2D66756E 
 576      6374696F 
 576      6E733D31 
 576      36272027 
 577 00cc 6374696F 		.ascii	"ctions' '-fno-common' '-flto'\000"
 577      6E732720 
 577      272D666E 
 577      6F2D636F 
 577      6D6D6F6E 
 578              		.text
 579              		.comm	__gnu_lto_v1,1,1
 580              		.comm	__gnu_lto_slim,1,1
 581              		.ident	"GCC: (GNU Tools for Arm Embedded Processors 7-2017-q4-major) 7.2.1 20170904 (release) [ARM
ARM GAS  C:\Users\RAKIBU~1\AppData\Local\Temp\ccqiJh6K.s 			page 34


DEFINED SYMBOLS
                            *ABS*:00000000 crt1.c
                            *COM*:00000001 __gnu_lto_v1
                            *COM*:00000001 __gnu_lto_slim

NO UNDEFINED SYMBOLS
