ARM GAS  C:\Users\RAKIBU~1\AppData\Local\Temp\cccMzIlR.s 			page 1


   1              		.cpu cortex-m4
   2              		.eabi_attribute 20, 1
   3              		.eabi_attribute 21, 1
   4              		.eabi_attribute 23, 3
   5              		.eabi_attribute 24, 1
   6              		.eabi_attribute 25, 1
   7              		.eabi_attribute 26, 1
   8              		.eabi_attribute 30, 2
   9              		.eabi_attribute 34, 1
  10              		.eabi_attribute 18, 4
  11              		.file	"fatfs_syscall.c"
  12              		.section	.gnu.lto_.profile.eb29d93c,"",%progbits
  13 0000 789C6363 		.ascii	"x\234cc```\001bF\006YN\000\000\273\0002"
  13      60606001 
  13      62460659 
  13      4E0000BB 
  13      0032
  14              		.text
  15              		.section	.gnu.lto_.icf.eb29d93c,"",%progbits
  16 0000 789C6363 		.ascii	"x\234cc``\340c@\000&\206I\377Z6\3620\336\332r|\017\037"
  16      6060E063 
  16      40002686 
  16      49FF5A36 
  16      F230DEDA 
  17 0018 03002DF0 		.ascii	"\003\000-\360\006\010"
  17      0608
  18              		.text
  19              		.section	.gnu.lto_.jmpfuncs.eb29d93c,"",%progbits
  20 0000 789C6363 		.ascii	"x\234cc``\250a@\000&\006F \230\303\314\300\3068\205"
  20      6060A861 
  20      40002606 
  20      462098C3 
  20      CCC0C638 
  21 0015 99715AEB 		.ascii	"\231qZ\353\241\363\354\335\314s\230\031\031\031\030"
  21      A1F3ECDD 
  21      CC739819 
  21      191918
  22 0024 3733CA30 		.ascii	"73\31200\036`ad\000\342\037\377\377\377\347g`\252\004"
  22      301E6061 
  22      6400E21F 
  22      FFFFFFE7 
  22      6760AA04 
  23 0038 EA8009FD 		.ascii	"\352\200\011\375\007\013\201t\315\332\375\345\024+H"
  23      070B8174 
  23      CDDAFDE5 
  23      142B48
  24 0047 17132307 		.ascii	"\027\023#\007\343\026\250.\016\2202\260\341@\323\231"
  24      E316A82E 
  24      0E9032B0 
  24      E140D399 
  25 0057 99805A19 		.ascii	"\231\200Z\031\321\2642\000\000\335\253 #"
  25      D1B43200 
  25      00DDAB20 
  25      23
  26              		.text
  27              		.section	.gnu.lto_.inline.eb29d93c,"",%progbits
  28 0000 789C6363 		.ascii	"x\234cc``0c@\000&\006\006\016\001F\020\305\300\266@"
ARM GAS  C:\Users\RAKIBU~1\AppData\Local\Temp\cccMzIlR.s 			page 2


  28      60603063 
  28      40002606 
  28      060E0146 
  28      10C5C0B6 
  29 0015 1E4431B0 		.ascii	"\036D1\260\3621003L\360c`d`\345E\225b\342f``\004\312"
  29      F2313030 
  29      334CF063 
  29      606460E5 
  29      459562E2 
  30 002e 00006206 		.ascii	"\000\000b\006\003\336"
  30      03DE
  31              		.text
  32              		.section	.gnu.lto_.pureconst.eb29d93c,"",%progbits
  33 0000 789C6363 		.ascii	"x\234cc```\005b&\006\011F\011\000\000\364\000?"
  33      60606005 
  33      62260609 
  33      46090000 
  33      F4003F
  34              		.text
  35              		.section	.gnu.lto_ff_memalloc.eb29d93c,"",%progbits
  36 0000 789C6D51 		.ascii	"x\234mQMk\023Q\024\275g\356\314d\024\322\225;\263\310"
  36      4D6B1351 
  36      14BD67EE 
  36      CC6414D2 
  36      953BB3C8 
  37 0014 C250BAC9 		.ascii	"\302P\272\311\210.\0057\202\370/$IS3\220&\305\261\242"
  37      882E0537 
  37      82F82F24 
  37      49533390 
  37      26C5B1A2 
  38 0028 6EF2D2A6 		.ascii	"n\362\322\246\266\265\025\0045\3520 \030\244\024)V\214"
  38      B6B51504 
  38      35EA3020 
  38      18A41429 
  38      568C
  39 003a D6D8AA83 		.ascii	"\326\330\252\203\210\210\342G\205\256\334\024\005\335"
  39      8888E247 
  39      85AEDC14 
  39      05DD
  40 0048 9482DA85 		.ascii	"\224\202\332\205\033\253\367\015Q\253\370\230\217{\346"
  40      1BABF70D 
  40      51ABF898 
  40      8F7BE6
  41 0057 9D77CEB9 		.ascii	"\235w\316\271wl\"\332a\020\235\220\367N\271\301\004"
  41      776C22DA 
  41      61109D90 
  41      F74EB9C1 
  41      04
  42 0068 E3DC2BA2 		.ascii	"\343\334+\242\272c\000\272P\016\250f\240\206i\276\300"
  42      BA6300BA 
  42      500EA866 
  42      A08669BE 
  42      C0
  43 0079 586ECC87 		.ascii	"Xn\314\207<\305\241\320L\201\237_\006\037z4\004\322"
  43      3CC5A1D0 
  43      4C819F5F 
  43      061F7A34 
ARM GAS  C:\Users\RAKIBU~1\AppData\Local\Temp\cccMzIlR.s 			page 3


  43      04D2
  44 008b 0267C7BF 		.ascii	"\002g\307\277.\333}3J\215\250\350\322\274=3:v(d\203"
  44      2EDB7D33 
  44      4A8DA8E8 
  44      D2BC3D33 
  44      3A762864 
  45 00a0 9AC26E23 		.ascii	"\232\302n#\205\333Hi\213;\350\023\356\265\372\312\213"
  45      85DB4869 
  45      8B3BE813 
  45      EEB5FACA 
  45      8B
  46 00b1 24EF0749 		.ascii	"$\357\007I\275:9w\326\354\275\036\237{\322b\265+d\306"
  46      BD3A3977 
  46      D6ECBD1E 
  46      9F7BD262 
  46      B52B64C6 
  47 00c5 5DF0D683 		.ascii	"]\360\326\203\362\211\260\200^\315\177\177k\363b\322"
  47      F289B080 
  47      5ECD7F7F 
  47      6BF362D2 
  48 00d5 36B5B0E8 		.ascii	"6\265\260\350\335\203M\220\342\346[+R\233?\306U\264"
  48      DD834D90 
  48      E2E65B2B 
  48      529B3FC6 
  48      55B4
  49 00e7 D1C2C241 		.ascii	"\321\302\302AK\032\020>\223\216@\023B\225vTD\223\002"
  49      4B1A103E 
  49      938E4013 
  49      42957654 
  49      449302
  50 00fa A51A8DE8 		.ascii	"\245\032\215\350#\014\255\326^\277\374e\033\037\210"
  50      230CADD6 
  50      5EBFFC65 
  50      1B1F88
  51 0109 93A8A995 		.ascii	"\223\250\251\2259;\323\212\223<\275\322\023\250\250"
  51      393BD38A 
  51      933CBDD2 
  51      13A8A8
  52 0118 910ED944 		.ascii	"\221\016\331D\347\3570z\341>2r\2429\366\370uB\217\300"
  52      E7EF307A 
  52      E13E3272 
  52      A239F6F8 
  52      75428FC0 
  53 012c 046151F6 		.ascii	"\004aQ\366\272\2527\256\326g\267w\225\336\340\2312C"
  53      BAAA37AE 
  53      D667B777 
  53      95DEE099 
  53      3243
  54 013e B6FEED29 		.ascii	"\266\376\355)\226YB&\220Hk8\275\372i\372\333\231\344"
  54      96594226 
  54      90486B38 
  54      BDFA69FA 
  54      DB99E4
  55 0151 EFFE1A4A 		.ascii	"\357\376\032JVt\276mk\212v\213[m2\266\216\000\017`\343"
  55      5674BE6D 
  55      6B8A768B 
  55      5B6D32B6 
ARM GAS  C:\Users\RAKIBU~1\AppData\Local\Temp\cccMzIlR.s 			page 4


  55      8E000F60 
  56 0166 A19E803C 		.ascii	"\241\236\200<\002\326\377\250\323Y{\227\250}WN\310\302"
  56      02D6FFA8 
  56      D3597B97 
  56      A87D574E 
  56      C8C2
  57 0178 363483F0 		.ascii	"64\203\360\010\2658\236X\011%X\334xn\351\320\0118\210"
  57      08B5389E 
  57      58092558 
  57      DC786EE9 
  57      D0093888 
  58 018c 900AD991 		.ascii	"\220\012\331\221\334#im\020;\375AK\032\255w\221\030"
  58      DC23696D 
  58      103BFD41 
  58      4B1AAD77 
  58      9118
  59 019e E8CC1392 		.ascii	"\350\314\023\222AF(c\335\227\315\272r\025J^\336\253"
  59      41462863 
  59      DD97CDBA 
  59      72154A5E 
  59      DEAB
  60 01b0 FA7B76EF 		.ascii	"\372{v\357u\253\276{<w\324\253\016\373\356@\356\330"
  60      75ABBE7B 
  60      3C77D4AB 
  60      0EFBEE40 
  60      EED8
  61 01c2 807F38EF 		.ascii	"\200\1778\357U\372\275\312\221_\320?\351\027r\345r\266"
  61      55FABDCA 
  61      915FD03F 
  61      E91772E5 
  61      72B6
  62 01d4 40A6EF9D 		.ascii	"@\246\357\235*Z\245bnh\310\375\237L\325/{y\327\253\024"
  62      2A5AA562 
  62      6E68C8FD 
  62      9F4CD52F 
  62      7B79D7AB 
  63 01e9 CAC3FD45 		.ascii	"\312\303\375E\331\033,\016j\262\237-\321OW\036\312\303"
  63      D91B2C0E 
  63      6AB29F2D 
  63      D14F571E 
  63      CAC3
  64              		.text
  65              		.section	.gnu.lto_ff_memfree.eb29d93c,"",%progbits
  66 0000 789C358F 		.ascii	"x\2345\217\275K\003A\020\305gv.g\012M-\230\302B\010"
  66      BD4B0341 
  66      10C56776 
  66      2E670A4D 
  66      2D98C242 
  67 0015 6972A2A5 		.ascii	"ir\242\245`%\376\033\222\234D\017c\016<\025\254n\215"
  67      6025FE1B 
  67      929C440F 
  67      630E3C15 
  67      AC6E8D
  68 0028 D1443492 		.ascii	"\321D4\222B#\204+\202\"\026\026\361[\2174\207}Dm,lD"
  68      4223842B 
  68      82221616 
  68      F15B8F34 
ARM GAS  C:\Users\RAKIBU~1\AppData\Local\Temp\cccMzIlR.s 			page 5


  68      877D446D 
  69 003f C12A28F6 		.ascii	"\301*(\366\032\235\215\370\330a\337,\277};\253\003@"
  69      1A9D8DF8 
  69      D861DF2C 
  69      BF7D3BAB 
  69      0340
  70 0051 37028CF1 		.ascii	"7\002\214\361\336\307\205\004(\312\267\000\313a\201"
  70      DEC78504 
  70      28CAB700 
  70      CB6181
  71 0060 A88C0C23 		.ascii	"\250\214\014#\270\002]\334\244m\302\233\302\233/\342"
  71      B8025DDC 
  71      A46DC29B 
  71      C29B2FE2 
  72 0070 879215EC 		.ascii	"\207\222\025\354\336\351kr\265\327#\200\012\227\022"
  72      DEE96B72 
  72      B5D72380 
  72      0A9712
  73 007f 9E619CA9 		.ascii	"\236a\234\251\373\374\261G\033\344\021\242\306\355g"
  73      FBFCB147 
  73      1BE411A2 
  73      C6ED67
  74 008e B3FA1A51 		.ascii	"\263\372\032Q\255\300~\225\361|\332\320i\024\201}\263"
  74      ADC07E95 
  74      F17CDAD0 
  74      6914817D 
  74      B3
  75 009f B1F51189 		.ascii	"\261\365\021\211\035H\231\223\301\327\036\311\001\217"
  75      1D489993 
  75      C1D71EC9 
  75      018F
  76 00ad 082F9138 		.ascii	"\010/\2218\020/0\212\347\030\005>\002\274\302\230\342"
  76      102F308A 
  76      E718053E 
  76      02BCC298 
  76      E2
  77 00be 5F4EDA3B 		.ascii	"_N\332;=\272\366\367 ^\243\016<<\324\037B\201l\377\024"
  77      3DBAF6F7 
  77      205EA30E 
  77      3C3CD41F 
  77      42816CFF 
  78 00d3 38631F1F 		.ascii	"8c\037\037\3075\036]\361Pd\212\377 \003X'\241\334J\000"
  78      C7351E5D 
  78      F150648A 
  78      FF200358 
  78      27A1DC4A 
  79 00e8 2DCCD78E 		.ascii	"-\314\327\216J\324\271\313\201\276\337z\352r\277e\330"
  79      4AD4B9CB 
  79      81BEDF7A 
  79      EA72BF65 
  79      D8
  80 00f9 23AD421C 		.ascii	"#\255B\034\206>\272P%\341Q\010\3361W\253\227\260\303"
  80      863EBA50 
  80      25E15108 
  80      DE3157AB 
  80      97B0C3
  81 010c 2A1519E0 		.ascii	"*\025\031\340\024\0010\222H\030\274\314i+e\331\316\320"
ARM GAS  C:\Users\RAKIBU~1\AppData\Local\Temp\cccMzIlR.s 			page 6


  81      14013092 
  81      4818BCCC 
  81      692B65D9 
  81      CED0
  82 011e E0B0613B 		.ascii	"\340\260a;\306br\316\262\027\034#\235\234O;\023)+;i"
  82      C66272CE 
  82      B2171C23 
  82      9D9C4F3B 
  82      13292B3B 
  83 0133 65A7FE5B 		.ascii	"e\247\376[g\3111\223\231L\302\004}6\225\261\315\231"
  83      67C93193 
  83      994CC204 
  83      7D3695B1 
  83      CD99
  84 0145 5F5BDA6F 		.ascii	"_[\332o<"
  84      3C
  85              		.text
  86              		.section	.gnu.lto_.symbol_nodes.eb29d93c,"",%progbits
  87 0000 789C55C8 		.ascii	"x\234U\310A\015\200@\014\005\321\351o\202.p\201\233"
  87      410D8040 
  87      0C05D1E9 
  87      6F822E70 
  87      819B
  88 0012 56022250 		.ascii	"V\002\"P\201\0104\354\002:\010\015'8L&y\0030W\250)`"
  88      810834EC 
  88      023A080D 
  88      27384C26 
  88      79033057 
  89 0029 D9A1B6E5 		.ascii	"\331\241\266\345T\322\025\366\023;\024z\0052\307\202"
  89      54D215F6 
  89      133B147A 
  89      0532C782 
  90 0039 53E15F70 		.ascii	"S\341_p\304\325nss\326:\017\005\273\0273"
  90      C4D56E73 
  90      73D63A0F 
  90      05BB1733 
  91              		.text
  92              		.section	.gnu.lto_.refs.eb29d93c,"",%progbits
  93 0000 789C6363 		.ascii	"x\234cc```\004b\006\000\000D\000\010"
  93      60606004 
  93      62060000 
  93      440008
  94              		.text
  95              		.section	.gnu.lto_.decls.eb29d93c,"",%progbits
  96 0000 789CB55A 		.ascii	"x\234\265ZiPTY\226\316\373nf\222$\0118j\364\030\023"
  96      69505459 
  96      96CEFB6E 
  96      66922409 
  96      386AF418 
  97 0015 FC300C62 		.ascii	"\3740\014b*g)Q\253\272\252\272g\242\243*j\242\273*b"
  97      2A672951 
  97      ABBAAABA 
  97      67A2A32A 
  97      6AA2BB2A 
  98 002a BA7F744C 		.ascii	"\272\177tL\377\250\030\"\262\323\344\241T\261uf\342"
  98      FFA81822 
  98      B2D3E4A1 
ARM GAS  C:\Users\RAKIBU~1\AppData\Local\Temp\cccMzIlR.s 			page 7


  98      54B17566 
  98      E2
  99 003b 323113FD 		.ascii	"21\023\375X\\\020AP\\\330,DQ\020\024\\\221EEDD\020\024"
  99      585C1041 
  99      505CD82C 
  99      44511014 
  99      5C914545 
 100 0053 51704140 		.ascii	"QpA@T\\A\0047@a\316]2\337\313\344eiw\314dp\363\275s"
 100      545C4104 
 100      374061CE 
 100      5D32DFCB 
 100      E4656977 
 101 006d DFB9E7FB 		.ascii	"\337\271\347\373\316\271\347\236w\337K\364\032\215F"
 101      CEB9E79E 
 101      77DF4BF4 
 101      1A8D46
 102 007c 1BAAD1FC 		.ascii	"\033\252\321\374\233^\243\271\012\347\323\360\301p<"
 102      9B5EA3B9 
 102      0AE7D3F0 
 102      C1703C
 103 008b 43FAA1D5 		.ascii	"C\372\241\325@+C\032\315wp\264h\330\207\364\237\201"
 103      402B431A 
 103      CD7770B4 
 103      68D887F4 
 103      9F81
 104 009d BE73D05A 		.ascii	"\276s\320Z\241\265!\315\214O2\030\361\207\343lhs\371"
 104      A1B521CD 
 104      8C4F3218 
 104      F187E36C 
 104      6873F9
 105 00b0 5897AD46 		.ascii	"X\227\255F8\266s\233-|,\3466;\271M\357O\032(\000E\315"
 105      38B6739B 
 105      2D7C2CE6 
 105      363BB94D 
 105      EF4F1A28 
 106 00c7 1FBD6C5E 		.ascii	"\037\275l^%\366\270\276\240a\234\324\370dct\273\271"
 106      25F6B8BE 
 106      A0619CD4 
 106      F8646374 
 106      BBB9
 107 00d9 B40CA761 		.ascii	"\264\014\247a\364\235\021\021/\203\241\253\342i\365"
 107      F49D1111 
 107      2F83A1AB 
 107      E269F5
 108 00e8 7820EB22 		.ascii	"x \353\"\032\235\3673\323\265X\240\347\333\017\3444"
 108      1A9DF733 
 108      D3B558A0 
 108      E7DB0FE4 
 108      34
 109 00f9 042C2C97 		.ascii	"\004,,\227\330\307\360?\032t\014a\227\251\233\031\333"
 109      D8C7F03F 
 109      1A740C61 
 109      97A99B19 
 109      DB
 110 010a 7607E25F 		.ascii	"v\007\342_S\305\216\224\312|bv\266\021iA|\336\226{7"
 110      53C58E94 
 110      CA7C6276 
ARM GAS  C:\Users\RAKIBU~1\AppData\Local\Temp\cccMzIlR.s 			page 8


 110      B6116941 
 110      7CDE967B 
 111 011f 08C4B946 		.ascii	"\010\304\271F4?\033\013W\037\214\344\350\221\321\274"
 111      343F1B0B 
 111      571F8CE4 
 111      E891D1BC 
 112 012f 5E9292A4 		.ascii	"^\222\222\244\302d\311\377\033\015\252F!\350\004\012"
 112      C264C9FF 
 112      1B0DAA46 
 112      21E8040A 
 113 013f D1A05A64 		.ascii	"\321\240Zd&\320\307\321B\015:\012\235G\240s/\201\253"
 113      26D0C7D1 
 113      420D3A0A 
 113      9D47A073 
 113      2F81AB
 114 0152 EFCBF9F4 		.ascii	"\357\313\371\364\376\032I\022P\0152\242*\204\251\216"
 114      FE1A4912 
 114      500D32A2 
 114      2A84A98E 
 115 0162 4603DAE4 		.ascii	"F\003\332\344\033:\001)\267\366E\213\216\001\033@\274"
 115      1B3A0129 
 115      B7F6458B 
 115      8E011B40 
 115      BC
 116 0173 3272B120 		.ascii	"2r\261 \200\211\263@<>x\241\311\310xH\010\344\252\341"
 116      8089B340 
 116      3C3E78A1 
 116      C9C87848 
 116      08E4AAE1 
 117 0187 B2AA4026 		.ascii	"\262\252@&\327\023\332\325c\322\321@\034O]h|\321\267"
 117      D713DAD5 
 117      63D2D140 
 117      1C4F5D68 
 117      7CD1B7
 118 019a D78457D2 		.ascii	"\327\204W\322\363\321\336\222\375\376\370\277\351\371"
 118      F3D1DE92 
 118      FDFEF8BF 
 118      E9F9
 119 01a8 9EF16755 		.ascii	"\236\361gU&\234\204\210 \264]~]c\360\345\3119\237\236"
 119      269C8488 
 119      20B45D7E 
 119      5D63F0E5 
 119      C9399F9E 
 120 01bc 5C2A5D50 		.ascii	"\\*]P\333+I\363Q#xr\326\313\023\300\310\354\031\257"
 120      DB2B49F3 
 120      51237872 
 120      D6CB13C0 
 120      C8EC19AF 
 121 01d0 0BC0C314 		.ascii	"\013\300\303\024\003\025\257\275\366 \010\2171\241\274"
 121      0315AFBD 
 121      F620088F 
 121      31A1BC
 122 01df 21A72500 		.ascii	"!\247%\000O3\241(\361Zk Nas\3237\331{\014\343T&\354"
 122      4F33A128 
 122      F15A6B20 
 122      4E6173D3 
 122      37D97B0C 
ARM GAS  C:\Users\RAKIBU~1\AppData\Local\Temp\cccMzIlR.s 			page 9


 123 01f7 9F7AD112 		.ascii	"\237z\321\022\2143\230pkg\323#\023\316gB\376\275\364"
 123      8C339870 
 123      6B67D323 
 123      13CE6742 
 123      FEBDF4
 124 020a 0C9D16B2 		.ascii	"\014\235\026\262\202b\307jI\337\331\003\223\365\230"
 124      8262C76A 
 124      49DFD903 
 124      93F598
 125 0219 F601DD36 		.ascii	"\366\001\3356D\373\3565\015\335\363s\353\265\263\316"
 125      44FBEE35 
 125      0DDDF373 
 125      EBB5B3CE 
 126 0229 73D3AFEB 		.ascii	"s\323\257\353\203Y8\005Et\347\262\350\016\216\325l\364"
 126      83593805 
 126      4574E7B2 
 126      E80E8ED5 
 126      6CF4
 127 023b 9BB78D78 		.ascii	"\233\267\215x\230\231,\315\022\220\305\204:\300\357"
 127      98992CCD 
 127      1290C584 
 127      3AC0EF
 128 024a CBE0B706 		.ascii	"\313\340\267\006]A\363\340\373\022\3222\027[\022O7\006"
 128      5D41F3E0 
 128      FB12D232 
 128      175B124F 
 128      3706
 129 025c 9836B8E3 		.ascii	"\2306\270\343F\256\273C\247A\235\310\304\203\002\272"
 129      46AEBB43 
 129      A7419DC8 
 129      C48302BA 
 130 026c A726CBDA 		.ascii	"\247&\313\332\004\\L\035\020\206\313+[\202\220\311\354"
 130      045C4C1D 
 130      1086CB2B 
 130      5B8290C9 
 130      EC
 131 027d 6328EA82 		.ascii	"c(\352\202\250\313\243y\346\264/\312\271B\342}\015."
 131      A8CBA379 
 131      E6B42FCA 
 131      B942E27D 
 131      0D2E
 132 028f 5C95E30D 		.ascii	"\\\225\343\015z\014!{\333\365\375\301x\200\205\350\304"
 132      7A0C217B 
 132      DBF5FDC1 
 132      788085E8 
 132      C4
 133 02a0 C9A125CC 		.ascii	"\311\241%\314\311\020\220jn?\257\347N\366\223\234)\251"
 133      C910906A 
 133      6E3FAFE7 
 133      4EF6939C 
 133      29A9
 134 02b2 38D80D73 		.ascii	"8\330\015s\303T\313^\247\034\013\306\243Lpe\323l\236"
 134      C354CB5E 
 134      A71C0BC6 
 134      A34C7065 
 134      D36C9E
 135 02c5 4D2583F9 		.ascii	"M%\203\371\031&&\177\001\342\325\313\275\305\030\277"
ARM GAS  C:\Users\RAKIBU~1\AppData\Local\Temp\cccMzIlR.s 			page 10


 135      1926267F 
 135      01E2D5CB 
 135      BDC518BF 
 136 02d5 61BAAE75 		.ascii	"a\272\256u\367\321\314u\367\021[wW6\215\356\361\303"
 136      F7D1CC75 
 136      F7115B77 
 136      57368DEE 
 136      F1C3
 137 02e7 89983ADD 		.ascii	"\211\230:\335wc\262'\310W\236\335\005\217?\342y\326"
 137      7763B227 
 137      C8579EDD 
 137      058F3FE2 
 137      79D6
 138 02f9 0F9D7DEE 		.ascii	"\017\235}\356<{\360\350W9\243\304\357\001\230\303;\262"
 138      3C7BF0E8 
 138      5739A3C4 
 138      EF0198C3 
 138      3BB2
 139 030b DF1FF13C 		.ascii	"\337\037\361<+\335\223U\244\307c\014\2436\357\3769\301"
 139      2BDD9355 
 139      A4C7630C 
 139      A336EFFE 
 139      39C1
 140 031d 17C6A06F 		.ascii	"\027\306\240o\214\351\005MtU\336\007\214{2\006@2\020"
 140      8CE9054D 
 140      7455DE07 
 140      8C7B3206 
 140      403210
 141 0330 297BF2C7 		.ascii	"){\362\307@|]KA\236%\347\025\373t\344\221O\220\363\371"
 141      407C5D4B 
 141      419E25E7 
 141      15FB74E4 
 141      914F90F3 
 142 0345 B8778238 		.ascii	"\270w\2028\362\020@\036\310 \367] =G\322\317\032\360"
 142      F210401E 
 142      C820F75D 
 142      203D47D2 
 142      CF1AF0
 143 0358 2E1D0D5D 		.ascii	".\035\015]mU]\023/\002\213@L\276Wp'\010\227\262kM\233"
 143      6D555D13 
 143      2F028B40 
 143      4CBE5770 
 143      270897B2 
 144 036f 52361AF1 		.ascii	"R6\032\361a*\010/;\236\372.D\317|\262i\321\177\211\206"
 144      612A082F 
 144      3B9EFA2E 
 144      44CF7CB2 
 144      69D17F89 
 145 0384 81C8900A 		.ascii	"\201\310\220\012\221\274\261\333\217\374\031\266\231"
 145      91BCB1DB 
 145      8FFC19B6 
 145      99
 146 0391 44B866AC 		.ascii	"D\270f\254X\217O1\354\306\273\235\315:|\236\011\205"
 146      588F4F31 
 146      ECC6BB9D 
 146      CD3A7C9E 
 146      0985
ARM GAS  C:\Users\RAKIBU~1\AppData\Local\Temp\cccMzIlR.s 			page 11


 147 03a3 0D773EC6 		.ascii	"\015w>\306\327\331y\315\326\272!\003\276\315\204\201"
 147      D7D979CD 
 147      D6BA2103 
 147      BECD8481 
 148 03b3 E9A9EFF1 		.ascii	"\351\251\357\361\020;O-Om\012\302/\231Pt\272\366\251"
 148      103B4F2D 
 148      4F6D0AC2 
 148      2F995074 
 148      BAF6A9
 149 03c6 1F5EA3A7 		.ascii	"\037^\243\247\202\253\244\316\246%\025\225<\356{\213"
 149      82ABA4CE 
 149      A6251595 
 149      3CEE7B8B 
 150 03d6 7136BB76 		.ascii	"q6\273v\247\347|e\020\336\306\204\332\327y\265\301\270"
 150      A7E77C65 
 150      10DEC684 
 150      DAD779B5 
 150      C1B8
 151 03e8 80096D77 		.ascii	"\200\011mw\247G\215x\017\023\252r\247\352\265\270\214"
 151      A7478D78 
 151      0F13AA72 
 151      A7EAB5B8 
 151      8C
 152 03f9 096BD20F 		.ascii	"\011k\322\017l'\245Q\317\022\322\217\224\200\221\211"
 152      6C27A551 
 152      CF12D28F 
 152      94809189 
 153 0409 E35AD645 		.ascii	"\343Z\326E\334^\005]\0059=\207\202p\005\035\"\234\352"
 153      DC5E055D 
 153      05393D87 
 153      8270051D 
 153      229CEA
 154 041c 3C911288 		.ascii	"<\221\022\210\314FW\256}\2263B\246(I\000}\301\035\031"
 154      CC4657AE 
 154      7D963342 
 154      A6284900 
 154      7DC11D19 
 155 0430 3D09CC7A 		.ascii	"=\011\314z\242\342\035\340D\301Ll\323\000OC\347\024"
 155      A2E21DE0 
 155      44C14C6C 
 155      D3004F43 
 155      E714
 156 0442 7492623B 		.ascii	"t\222b;>rT\213\253\031\306\221-ow\004\311\030\323K\216"
 156      3E72548B 
 156      AB19C691 
 156      2D6F7704 
 156      C918D34B 
 157 0457 D15C5B03 		.ascii	"\321\\[\003\030\3112\006@\372\002IQ\007\271#M\346\230"
 157      18C93206 
 157      40FA0249 
 157      5107B923 
 157      4DE698
 158 046a F0190692 		.ascii	"\360\031\006\222\327PtDp\203@\256=\241\271\266\036@"
 158      D7507444 
 158      708340AE 
 158      3DA1B9B6 
 158      1E40
ARM GAS  C:\Users\RAKIBU~1\AppData\Local\Temp\cccMzIlR.s 			page 12


 159 047c D6CA206B 		.ascii	"\326\312 k|\203\254S\007\231\330R},\000\237g\001N\333"
 159      7C83AC53 
 159      0799D852 
 159      7D2C009F 
 159      67014EDB 
 160 0490 3AB43708 		.ascii	":\2647\010\2671a\362a\366\015\304f\317\004bR\355\215"
 160      B73161F2 
 160      61F60DC4 
 160      66CF0462 
 160      52ED8D
 161 04a3 AC605E63 		.ascii	"\254`^c\350\332\237X?\245\3057\231n\367\306\316[z<\300"
 161      E8DA9F58 
 161      3FA5C537 
 161      996EF7C6 
 161      CE5B7A3C 
 162 04b8 A856B5F6 		.ascii	"\250V\265\366Lb7\325\011\335\227(\023Xf|\020\313M\352"
 162      4C6237D5 
 162      09DD9728 
 162      1358667C 
 162      10CB4DEA 
 163 04cc 2C9B2E15 		.ascii	",\233.\025\216\031\360C\006V\235\265\0312q\230\011\275"
 163      8E19F043 
 163      06569DB5 
 163      19327198 
 163      09BD
 164 04de 3BD26A03 		.ascii	";\322j\003p\242\037\025Nm\032=\341\217\3273a\335\233"
 164      70A21F15 
 164      4E6D1A3D 
 164      E18FD733 
 164      61DD9B
 165 04f1 81CA609C 		.ascii	"\201\312`\234\305\204\307\311\365w\264x\007\023*\326"
 165      C584C7C9 
 165      F577B478 
 165      07132AD6 
 166 0501 DC2B3580 		.ascii	"\334+5\200+!\220GHQ\325BXU;Z?v@\213\013\250\256p\350"
 166      2B219047 
 166      4851D542 
 166      58553B5A 
 166      3F76408B 
 167 051a C0BDEF15 		.ascii	"\300\275\357\025\371\263p\315:2\267y\340P\216\354P\010"
 167      F9B370CD 
 167      3A32B779 
 167      E0508EEC 
 167      5008
 168 052c F7274992 		.ascii	"\367'I\222vKx\236\006}\022\202\026\2017\271\340M\010"
 168      764B789E 
 168      067D1282 
 168      168137B9 
 168      E04D08
 169 053f F7668710 		.ascii	"\367f\207\020\202\266\013\324\233\322\037K\032\003\361"
 169      82B60BD4 
 169      9BD21F4B 
 169      1A03F1
 170 054e 3E06D07B 		.ascii	">\006\320{\340Y;Vd\317\202#4{v\002B\276\214\220'\370"
 170      E0593B56 
 170      64CF8223 
 170      347B7602 
ARM GAS  C:\Users\RAKIBU~1\AppData\Local\Temp\cccMzIlR.s 			page 13


 170      42BE8C90 
 171 0564 80285087 		.ascii	"\200(P\207H\332\322Y\356\217+\030D\322\271\314\016?"
 171      48DAD259 
 171      EE8F2B18 
 171      44D2B9CC 
 171      0E3F
 172 0576 5709F11C 		.ascii	"W\011\361\034\276Ke\270;\305zh\212\025\002\223\037e"
 172      BE4B65B8 
 172      3BC57A68 
 172      8A150293 
 172      1F65
 173 0588 263B055E 		.ascii	"&;\005^E\266\346\016\316\303U,\242i\033\247*0>\311\340"
 173      45B6E60E 
 173      CEC3552C 
 173      A2691BA7 
 173      2A303EC9 
 174 059d 86324AAA 		.ascii	"\2062J\252\364\352p\305>\341\256@\232\354\001\244\335"
 174      F4EA70C5 
 174      3EE1AE40 
 174      9AEC01A4 
 174      DD
 175 05ae 2A48B70B 		.ascii	"*H\267\013\236\215i\3619\006\265\347lE\207\037neP7^"
 175      9E8D69F1 
 175      3906B5E7 
 175      6C45871F 
 175      6E655037 
 176 05c3 B66E9157 		.ascii	"\266n\221W\305M\260Q\0126\366y\333PaR\242\036\267\341"
 176      C54DB051 
 176      0A36F679 
 176      DB506152 
 176      A21EB7E1 
 177 05d7 94FBFD7C 		.ascii	"\224\373\375|36\217\254\216\354\035\237\340\253\014"
 177      33368FAC 
 177      8EEC1D9F 
 177      E0AB0C
 178 05e6 78A8B8FD 		.ascii	"x\250\270\3750\251\232f#\372\263\"i\314,i\362\263\006"
 178      30A99A66 
 178      23FAB322 
 178      69CC2C69 
 178      F2B306
 179 05f9 B6FBE35B 		.ascii	"\266\373\343[\214V\316\313\243\223\356;He\262\3647\211"
 179      8C56CECB 
 179      A393EE3B 
 179      4865B2F4 
 179      3789
 180 060b 8B35E834 		.ascii	"\2135\3504\244s\035\311\361J\2006s\350\003\000].\310"
 180      A4731DC9 
 180      F14A8036 
 180      73E80300 
 180      5D2EC8
 181 061e F7C2BF2F 		.ascii	"\367\302\277/\240\367\302\012\360\342\240\354\205\231"
 181      A0F7C20A 
 181      F0E2A0EC 
 181      8599
 182 062c 07625D4A 		.ascii	"\007b]J\311\246\000<\310@\2627\015\000\234\242\354\234"
 182      C9A6003C 
 182      C840B237 
ARM GAS  C:\Users\RAKIBU~1\AppData\Local\Temp\cccMzIlR.s 			page 14


 182      0D009CA2 
 182      EC9C
 183 063e A7897304 		.ascii	"\247\211s\004\206\036\222\207V\310\001\230A\344\260"
 183      861E9287 
 183      56C80198 
 183      41E4B0
 184 064d 0A11B2A4 		.ascii	"\012\021\262\244*n5j\3613\206\3622u\250\320\267+\307"
 184      2A6E356A 
 184      F13386F2 
 184      3275A8D0 
 184      B72BC7
 185 0660 7DBAD23D 		.ascii	"}\272\322=\215\257\237\205\375\217\026\035\003BGeBG"
 185      8DAF9F85 
 185      FD8F161D 
 185      03424765 
 185      4247
 186 0672 5CB35AB3 		.ascii	"\\\263Z\263\361e\212\307\356\212(\312\273\253*\301\304"
 186      F1658AC7 
 186      EE8A28CA 
 186      BBAB2AC1 
 186      C4
 187 0683 37ED4903 		.ascii	"7\355I\003\307\273\020.7\3208_{sr\302\204\017QA[\236"
 187      C7BB102E 
 187      37D0385F 
 187      7B7372C2 
 187      840F5141 
 188 0699 BC7F448B 		.ascii	"\274\177D\213\314!\010F!\026\010\262\347\327\240\223"
 188      CC210846 
 188      211608B2 
 188      E7D7A093 
 189 06a9 C494805D 		.ascii	"\304\224\200]\017\021\271\022\320\037\3713\351\206s"
 189      0F11B912 
 189      D01FF933 
 189      E98673
 190 06b8 033DAAE4 		.ascii	"\003=\252\344D\015xCFRw\352\300\235Z\026\220C\371\315"
 190      440D7843 
 190      465277EA 
 190      C09D5A16 
 190      9043F9CD 
 191 06cc E3FE463E 		.ascii	"\343\376F>`\375\007\014\270\363f\272\321\244t\355\224"
 191      60FD070C 
 191      B8F366BA 
 191      D1A474ED 
 191      94
 192 06dd 876BA7DD 		.ascii	"\207k\247\335\256\235iK.\015\300\307\231k\003\357v\335"
 192      AE9D694B 
 192      2E0DC0C7 
 192      996B03EF 
 192      76DD
 193 06ef F3C3754C 		.ascii	"\363\303uLx\263\343\302\236@\334\300\204\315\345\227"
 193      78B3E3C2 
 193      9E40DCC0 
 193      84CDE597 
 194 06ff BBF5B889 		.ascii	"\273\365\270\211\011\275\007\247\352\364\370\002\023"
 194      09BD07A7 
 194      EAF4F802 
 194      13
ARM GAS  C:\Users\RAKIBU~1\AppData\Local\Temp\cccMzIlR.s 			page 15


 195 070c FA939A3A 		.ascii	"\372\223\232:\015\370\"\023\236\017_}\033\210/3A\032"
 195      0DF82213 
 195      9E0F5F7D 
 195      1B882F33 
 195      411A
 196 071e 3F75538F 		.ascii	"?uS\217\2572\341\326\3267\375\376\270\233\011\315\327"
 196      AF32E1D6 
 196      D637FDFE 
 196      B89B09CD 
 196      D7
 197 072f D24E43E5 		.ascii	"\322NC\345f\302\276\326~I\207o3\241nC\353[\003\356g"
 197      66C2BED6 
 197      7E49876F 
 197      33A16E43 
 197      EB5B03EE 
 198 0744 426ECDBA 		.ascii	"Bn\315\272$#\276\313\204\262\351\261M&<\310\271\325"
 198      2423BECB 
 198      84B2E9B1 
 198      4D263CC8 
 198      B9D5
 199 0756 7514096C 		.ascii	"u\024\011l\221\204\222\215|}Z3fw\206B\330r\007\234)"
 199      9184928D 
 199      7C7D5A33 
 199      66778642 
 199      D872079C 
 200 076b 78B313A1 		.ascii	"x\263\023\241P\366\231\023j\016-\"\201\250\357\336\251"
 200      50F69913 
 200      6A0E2D22 
 200      81A8EFDE 
 200      A9
 201 077c 6B3FB021 		.ascii	"k?\260!]*l@t\037\326\0109\321-\314\221k\377\033\032"
 201      5D2A6C40 
 201      741FD608 
 201      39D12DCC 
 201      916BFF1B 
 202 0791 9CC5F0A5 		.ascii	"\234\305\360\245a#&~\310\225\352S0\325n\365\326\016"
 202      6123267E 
 202      C895EA53 
 202      30D56EF5 
 202      D60E
 203 07a3 23CAD548 		.ascii	"#\312\325H\326n\210\226\265[\274\265\353\274m\017(\264"
 203      D66E8896 
 203      B55BBCB5 
 203      EBBC6D0F 
 203      28B4
 204 07b5 9BBCB5F7 		.ascii	"\233\274\265\367\013^\332\243\012&\027U\231(\224o*L"
 204      0B5EDAA3 
 204      0A261755 
 204      9928946F 
 204      2A4C
 205 07c7 9FF7563E 		.ascii	"\237\367V>\211\274y_Q"
 205      89BC795F 
 205      51
 206 07d0 A837ABAB 		.ascii	"\2507\253\253S\343Y\364\241\005\032<\236\240K\220l\355"
 206      53E359F4 
 206      A1051A3C 
 206      9EA04B90 
ARM GAS  C:\Users\RAKIBU~1\AppData\Local\Temp\cccMzIlR.s 			page 16


 206      6CED
 207 07e2 C012B5F1 		.ascii	"\300\022\265\361\021\220\202\350\006\244\343U!\024u"
 207      119082E8 
 207      06A4E355 
 207      211475
 208 07f1 40BB02ED 		.ascii	"@\273\002\355:\264.h\327\240uB\273\011\355\262\020J"
 208      3AB42E68 
 208      D7A07542 
 208      BB09EDB2 
 208      104A
 209 0803 9704C36E 		.ascii	"\227\004\303nQ`_P\217\031\243\312\026\365\360\303Y\211"
 209      51605F50 
 209      8F19A3CA 
 209      16F5F0C3 
 209      5989
 210 0815 804FD434 		.ascii	"\200O\3244|=\313\266\206\237\316.J\226\232\027Qc\347"
 210      7C3DCBB6 
 210      869FCE2E 
 210      4A969A17 
 210      5163E7
 211 0828 D443CA8C 		.ascii	"\324C\312\214A\316t\365?=%(W\210RY\203n\271WHo]\321"
 211      41CE74F5 
 211      3F3D2528 
 211      57885259 
 211      836EB957 
 212 0840 EB405CE2 		.ascii	"\353@\\\342O\022\017\027\037\237|\027\214B\315s\030"
 212      4F120F17 
 212      1F9F7C17 
 212      8C42CD73 
 212      18
 213 0851 62D7D0DC 		.ascii	"b\327\320\334\335\024\021\324\321Y@\354S\237\026F\276"
 213      DD1411D4 
 213      D15940EC 
 213      539F1646 
 213      BE
 214 0862 7D8891EF 		.ascii	"}\210\221\357\363$\237\305\267!4\254\356\301=\334\032"
 214      F3249FC5 
 214      B72134AC 
 214      EEC13DDC 
 214      1A
 215 0873 096B2F84 		.ascii	"\011k/\204\3656\017\033Y\012I\017\2060>F\031\241'\203"
 215      F5360F1B 
 215      590A490F 
 215      86303E46 
 215      19A12783 
 216 0887 655D02AE 		.ascii	"e]\002\256aB~_C/\337W7\022\371x_v\252\211/\014\362\212"
 216      61427E5F 
 216      432FDF57 
 216      3712F978 
 216      5F76AA89 
 217 089f E1C1AB57 		.ascii	"\341\301\253W]z\334\310\224\217L\227\256\305\270\205"
 217      5D7ADCC8 
 217      948F4C97 
 217      AEC5B885 
 218 08af 096F8B2F 		.ascii	"\011o\213/]7\340N&\234yw#\337\210{\250\360\257/\252"
 218      5D37E04E 
 218      269C7977 
ARM GAS  C:\Users\RAKIBU~1\AppData\Local\Temp\cccMzIlR.s 			page 17


 218      23DF887B 
 218      A8F0AF2F 
 219 08c4 BB7706A2 		.ascii	"\273w\006\2429\241\2469\260\224\3107\374\205\222s3|"
 219      39A1A639 
 219      B094C837 
 219      FC859273 
 219      337C
 220 08d6 C8FA82EF 		.ascii	"\310\372\202\357\271\241\364\012\254\264P\223\211t\232"
 220      B9A1F40A 
 220      ACB45093 
 220      89749A
 221 08e5 43DD1FB3 		.ascii	"C\335\037\263Y\335\301W\360\\\360\220;\230\214\315\350"
 221      59DDC157 
 221      F05CF090 
 221      3B988CCD 
 221      E8
 222 08f6 91475E3C 		.ascii	"\221G^<\250\323\275;\233\301\326\352c\010n\023\327V"
 222      A8D3BD3B 
 222      9BC1D6EA 
 222      63086E13 
 222      D756
 223 0908 09AE620E 		.ascii	"\011\256b\016\237x\314!\031\307\302\354\221\271w!s\007"
 223      9F78CC21 
 223      19C7C2EC 
 223      91B97721 
 223      7307
 224 091a 48E6EE06 		.ascii	"H\346\356\006\324!\316\240\010\316w\341PT\010\355Gh"
 224      D421CEA0 
 224      08CE77E1 
 224      505408ED 
 224      4768
 225 092c 3BA11540 		.ascii	";\241\025@\313\207\226\007-\027Z\016\264\035\320\326"
 225      CB879607 
 225      2D175A0E 
 225      B41DD0D6 
 226 093c 404B8426 		.ascii	"@K\204&A\233\206\214~\006m\030\332S\017\017F\377\235"
 226      419B868C 
 226      7E066D18 
 226      DA530F0F 
 226      46FF9D
 227 094f 65363CDF 		.ascii	"e6<\337\337\203\271\034R\222\357\361\261\250\334\324"
 227      DF83B91C 
 227      5292EFF1 
 227      B1A8DCD4 
 228 095f EEF011FF 		.ascii	"\356\360\021\377?\324\246Zg\263\264%\017\212\275\310"
 228      3FD4A65A 
 228      67B3B425 
 228      0F8ABDC8 
 229 096f 8BDCED19 		.ascii	"\213\334\355\031\005\242\267\225\247\371\010D\364\261"
 229      05A2B795 
 229      A7F90844 
 229      F4B1
 230 097d BABEF754 		.ascii	"\272\276\367T<\367\230\212\021\266\234<\234=\005WO\322"
 230      3CF7988A 
 230      11B69C3C 
 230      9C3D0557 
 230      4FD2
ARM GAS  C:\Users\RAKIBU~1\AppData\Local\Temp\cccMzIlR.s 			page 18


 231 098f C76670F6 		.ascii	"\307fp\3669w\366\035\244\372+ \374\022\332\250\007\351"
 231      3977F61D 
 231      A4FA2B20 
 231      FC12DAA8 
 231      07E9
 232 09a1 27177453 		.ascii	"'\027tSG%)U\217\306x><\367U+\0244^x\320\030\373)\032"
 232      47252955 
 232      8FC6783E 
 232      3CF7552B 
 232      14345E78 
 233 09ba 5300FD7E 		.ascii	"S\000\375~\032\003\373\260\264g\036\315\255[\352\034"
 233      1A03FBB0 
 233      B4671ECD 
 233      AD5BEA1C 
 234 09ca 5C851856 		.ascii	"\\\205\030V|\327v\277D\232\004\257A-\225\273\351\336"
 234      7CD776BF 
 234      449A04AF 
 234      412D95BB 
 234      E9DE
 235 09dc BB84A927 		.ascii	"\273\204\251'\201\373\372[ 1\316\011M\302\371\004\220"
 235      81FBFA5B 
 235      2031CE09 
 235      4DC2F904 
 235      90
 236 09ed 79E3BD4A 		.ascii	"y\343\275J\322\317)V\311\0300\032\367q\217R\307\030"
 236      D2CF2956 
 236      C918301A 
 236      F7718F52 
 236      C718
 237 09ff E5237C63 		.ascii	"\345#|c\014\230Y\036\273V\341L\373\212\022\327[\302"
 237      0C98591E 
 237      BB56E14C 
 237      FB8A12D7 
 237      5BC2
 238 0a11 4ADCB867 		.ascii	"J\334\270g\211c\027\237\265\353\322wo&;2\022\216\027"
 238      8963179F 
 238      B5EBD277 
 238      6F263B32 
 238      128E17
 239 0a24 F27B01A2 		.ascii	"\362{\001\242\355V\272\240\033\257$;\320\347j&\006\267"
 239      ED56BAA0 
 239      1BAF243B 
 239      D0E76A26 
 239      06B7
 240 0a36 F9C1F68A 		.ascii	"\371\301\366\212\316\352\003yG\367\234\216gt\357\326"
 240      CEEA0379 
 240      47F79C8E 
 240      6774EFD6 
 241 0a46 E9CA2FAC 		.ascii	"\351\312/\254\2252\255\364\345\303S\357d}\342\231\334"
 241      9532ADF4 
 241      E5C353EF 
 241      647DE299 
 241      DC
 242 0a57 6072F45B 		.ascii	"`r\364[y\212\236suwxFf\2507|\313\302\221\204\347\240"
 242      798A9E73 
 242      75777846 
 242      66A8377C 
ARM GAS  C:\Users\RAKIBU~1\AppData\Local\Temp\cccMzIlR.s 			page 19


 242      CBC29184 
 243 0a6d 97DED647 		.ascii	"\227\336\326G\274\326\365\214\242\227\002kY\255\350"
 243      BCD6F58C 
 243      A297026B 
 243      59ADE8
 244 0a7c 71EF7E64 		.ascii	"q\357~d\321{\350#zS\231\211\344\325\001 \277\226\203"
 244      D17BE823 
 244      7A539989 
 244      E4D50120 
 244      BF9683
 245 0a8f F7D0E5BC 		.ascii	"\367\320\345\274D\363!\255\224\347\303Z<\027\215{\023"
 245      44F321AD 
 245      94E7C35A 
 245      3C178D7B 
 245      13
 246 0aa0 7CA3F067 		.ascii	"|\243\360g\263\032C\015\035G\350m\007z\333\240\214l"
 246      B31A430D 
 246      1D47E86D 
 246      077ADBA0 
 246      8C6C
 247 0ab2 85960D2D 		.ascii	"\205\226\015-\023\332&h\251\320\326C[\207=\356\343\337"
 247      13DA2668 
 247      A9D0D643 
 247      5B873DEE 
 247      E3DF
 248 0ac4 B0B090A0 		.ascii	"\260\260\220\240O\000*\261\342s\177\322~ZQO&\337\247"
 248      4F002AB1 
 248      E2737FD2 
 248      7E5A514F 
 248      26DFA7
 249 0ad7 DDF02B66 		.ascii	"\335\360+fz\0036\241\267\276\225\025\213>\015+\027="
 249      7A0336A1 
 249      B7BE9515 
 249      8B3E0D2B 
 249      173D
 250 0ae9 8C9BB1E8 		.ascii	"\214\233\261\3507B\241M#\205v\003d\021Q'\036g\200\307"
 250      3742A14D 
 250      23857603 
 250      64115127 
 250      1E6780C7 
 251 0afd E9E0D946 		.ascii	"\351\340\331F\3313\362\034\321\243{6\372P\2226\233\350"
 251      D933F21C 
 251      D1A37B36 
 251      FA509236 
 251      9BE8
 252 0b0f BB8E7708 		.ascii	"\273\216w\010{\330\237\271\350\037\377\214\024\010\327"
 252      7BD89FB9 
 252      E81FFF8C 
 252      1408D7
 253 0b1e 8A27BA2A 		.ascii	"\212'\272*+\236O\370Z\035Ig\320\361\332\315\260\271"
 253      2B9E4FF8 
 253      5A1D4967 
 253      D0F1DACD 
 253      B0B9
 254 0b30 BCB48FCF 		.ascii	"\274\264\217\317%y}\221.\274'N]u<\252Y\020\250,\337"
 254      25797D91 
 254      2EBC274E 
ARM GAS  C:\Users\RAKIBU~1\AppData\Local\Temp\cccMzIlR.s 			page 20


 254      5D753CAA 
 254      5910A82C 
 255 0b45 DA8A406D 		.ascii	"\332\212@m\006M9PY,P>\356\247h\013\204G\276\245\272"
 255      064D3950 
 255      592C503E 
 255      EEA7680B 
 255      8447BEA5 
 256 0b5a 9372FC3A 		.ascii	"\223r\374:Y\255\304\322fyE>\246\205\326]\244j\317sG"
 256      59ADC4D2 
 256      6679453E 
 256      A685D65D 
 256      A46ACF73 
 257 0b6f E066B8E5 		.ascii	"\340f\270\345'\375 A\251\341w'\342u\366\373\264\037"
 257      27FD2041 
 257      A9E17727 
 257      E275F6FB 
 257      B41F
 258 0b81 FF826507 		.ascii	"\377\202e\007Q\336\352[\231\321}uBO\342\015:3w\217]"
 258      51DEEA5B 
 258      99D17D75 
 258      424FE20D 
 258      3A33778F 
 259 0b96 07672727 		.ascii	"\007g''K;\026\321\327\015\333\370\375\227?f\261e\323"
 259      4B3B16D1 
 259      D70DDBF8 
 259      FD973F66 
 259      B165D3
 260 0ba9 A1B8253E 		.ascii	"\241\270%>\376x\207T\237\210\351\033\203\"5\345Od\335"
 260      FE788754 
 260      9F88E91B 
 260      832235E5 
 260      4F64DD
 261 0bbc 16AE4BDE 		.ascii	"\026\256K\336\014\354U\323UL\342`9\237Dx\372De\336\373"
 261      0CEC55D3 
 261      554CE260 
 261      399F4478 
 261      FA4465DE 
 262 0bd1 06E51E96 		.ascii	"\006\345\036\226o\365\377\211\271\017Ot\350\204\272"
 262      6FF5FF89 
 262      B90F4F74 
 262      E884BA
 263 0be0 BAF299E3 		.ascii	"\272\362\231\343\037\345Z^\357\255=\363\301\340\246"
 263      1FE55A5E 
 263      EFAD3DF3 
 263      C1E0A6
 264 0bef 42FD8CBA 		.ascii	"B\375\214\272\272b&\332\367\363y#\333\326\006o\365\272"
 264      BA6226DA 
 264      F7F37923 
 264      DBD6066F 
 264      F5BA
 265 0c01 19D61BB8 		.ascii	"\031\326\033\270u\262\011\351WWWX\237\370\007\317;\351"
 265      75B209E9 
 265      57575758 
 265      9FF807CF 
 265      3BE9
 266 0c13 90FA9D94 		.ascii	"\220\372\235\224\317s)+\244C>\012\351\323\027$gIv\337"
 266      CF73292B 
ARM GAS  C:\Users\RAKIBU~1\AppData\Local\Temp\cccMzIlR.s 			page 21


 266      A4433E0A 
 266      E9D31724 
 266      674976DF 
 267 0c27 97737688 		.ascii	"\227sv\210\026R\330\376^\336_\224g\302\033\002\310\366"
 267      1652D8FE 
 267      5EDE5F94 
 267      67C21B02 
 267      C8F6
 268 0c39 F76F37E6 		.ascii	"\367o7\346\365\235\367G\346\271|\363;'\224\235\301\246"
 268      F59DF747 
 268      E6B97CF3 
 268      3B27949D 
 268      C1A6
 269 0c4b 17B6BFFC 		.ascii	"\027\266\277\374E\325\023]\301\335\014r_\253\204\344"
 269      45D5135D 
 269      C1DD0C72 
 269      5FAB84E4 
 270 0c5b 6B954BF3 		.ascii	"k\225K\363^<\327Ugg\334x\317\203\332^^j\253`e\035\202"
 270      5E3CD755 
 270      6767DC78 
 270      CF83DA5E 
 270      5E6AAB60 
 271 0c72 C2B3CFA3 		.ascii	"\302\263\317\243\360t\345\031\231\313%PB\232\271\372"
 271      F074E519 
 271      99CB2550 
 271      429AB9FA 
 272 0c82 876E1E34 		.ascii	"\207n\0364t\0241^\013\306\367\203\361R\217z\335\236"
 272      7414315E 
 272      0BC6F783 
 272      F1528F7A 
 272      DD9E
 273 0c94 C7278BFC 		.ascii	"\307'\213\374pu\0011\020\337\217\266My<-\313`\235\267"
 273      70750131 
 273      10DF8FB6 
 273      4D793C2D 
 273      CB609DB7 
 274 0ca8 A8AA7BD7 		.ascii	"\250\252{\327\226r\217\"\\\246R\204o\300\325\353d|\015"
 274      96728F22 
 274      5CA65284 
 274      6FC0D5EB 
 274      647C0D
 275 0cbb 503CC8E9 		.ascii	"P<\310\351V\303\371\011\240[\001\355\200G<\206\363g"
 275      56C3F909 
 275      A05B01ED 
 275      80473C86 
 275      F367
 276 0ccd 6F910807 		.ascii	"o\221\010\007r\367\277\011\034\310\020\367\356M\231"
 276      72F7BF09 
 276      1CC810F7 
 276      EE4D99
 277 0cdc 5FEA28DD 		.ascii	"_\352(\335|\310O\243\334\014aA'SY\317Gx\006]q\367\234"
 277      7CC84FA3 
 277      DC0C6141 
 277      275359CF 
 277      4778065D 
 278 0cf3 31ABC560 		.ascii	"1\253\305`\367\247g\365U.\237\325\303`\370\314_<\253"
 278      F7A767F5 
ARM GAS  C:\Users\RAKIBU~1\AppData\Local\Temp\cccMzIlR.s 			page 22


 278      552E9FD5 
 278      C360F8CC 
 278      5F3CAB
 279 0d06 87B903C7 		.ascii	"\207\271\003\307\301\370Q0~\304cV\207s\025\263\332\200"
 279      C1F85130 
 279      7EC46356 
 279      877315B3 
 279      DA80
 280 0d18 1888EF59 		.ascii	"\030\210\357Y\035\314\345\263z\014\263\275\335Lu\357"
 280      1DCCE5B3 
 280      7A0CB3BD 
 280      DD4C75EF 
 281 0d28 59AD5494 		.ascii	"Y\255T\224W\015\031'\257\253\336\\Z\\\017c\2255\327"
 281      570D1927 
 281      AFABDE5C 
 281      5A5C0F63 
 281      9535D7
 282 0d3b 951B44AE 		.ascii	"\225\033D\256\355U+\274\355\371\2344\371\335\361\"\017"
 282      ED552BBC 
 282      EDF99C34 
 282      F9DDF122 
 282      0F
 283 0d4c B9CF12DE 		.ascii	"\271\317\022\336\224\317\226\366A5\230\246\234yd?Cs"
 283      94CF96F6 
 283      413598A6 
 283      9C79643F 
 283      4373
 284 0d5e 6F0F76AF 		.ascii	"o\017v\257C\242\353R\231b,K<\207\223\374$o\004\317\234"
 284      43A2EB52 
 284      99622C4B 
 284      3C8793FC 
 284      246F04CF 
 285 0d73 3C1DD007 		.ascii	"<\035\320\007O4\344'\335Y\354\012b\337p$\215\312\323"
 285      4F34E427 
 285      DD59EC0A 
 285      62DF7024 
 285      8DCAD3
 286 0d86 AE0F62FD 		.ascii	"\256\017b\375\320+\260\003W%\202k\010r\367\010\334\206"
 286      D02BB003 
 286      5725826B 
 286      0872F708 
 286      DC86
 287 0d98 E0B24BFF 		.ascii	"\340\262K\377\270\001\244\264\312\25638\327G\303\364"
 287      B801A4B4 
 287      CAAE3338 
 287      D747C3F4 
 288 0da8 191F791C 		.ascii	"\031\037y\034\353\022d0\305\220\031\\5\356\313nR\262"
 288      EB126430 
 288      C590195C 
 288      35EECB6E 
 288      52B2
 289 0dba 93F49CBC 		.ascii	"\223\364\234\274\340|\272\361\240\251\037\236\0135\350"
 289      E07CBAF1 
 289      A0A91F9E 
 289      0B35E8
 290 0dc9 3B8D26D3 		.ascii	";\215&\323\020C\337\011\254M=\233\351\217\233iQD\005"
 290      1043DF09 
ARM GAS  C:\Users\RAKIBU~1\AppData\Local\Temp\cccMzIlR.s 			page 23


 290      AC4D3D9B 
 290      E98F9B69 
 290      514405
 291 0ddc 0563955A 		.ascii	"\005c\225Z\372\273w\215\373\367\361\341\374\216r\337"
 291      FABB778D 
 291      FBF7F1E1 
 291      FC8E72DF 
 292 0dec 3F6CD763 		.ascii	"?l\327c\362\303\366i\314\177\330\336+\255\273h\\P(\025"
 292      F2C3F669 
 292      CC7FD8DE 
 292      2BADBB68 
 292      5C502815 
 293 0e00 F6C3FE60 		.ascii	"\366\303\376`B\267\343\356#I2j\211\026:%\317\033\234"
 293      42B7E3EE 
 293      2349326A 
 293      89163A25 
 293      CF1B9C
 294 0e13 C2F749DC 		.ascii	"\302\367I\334\217P\035\356\003>g\360\002\362\023\372"
 294      8F501DEE 
 294      033E67F0 
 294      02F213FA 
 295 0e23 9DC9C702 		.ascii	"\235\311\307\002\3164Q*\007\313'+\215\224\012\3401&"
 295      CE34512A 
 295      07CB272B 
 295      8D940AE0 
 295      3126
 296 0e35 85B96995 		.ascii	"\205\271i\225\201J&\177\374\231\202I#er\326\305dS\333"
 296      814A267F 
 296      FC998249 
 296      236572D6 
 296      C56453DB 
 297 0e49 8B517FCE 		.ascii	"\213Q\177\316\244)\327\004\267\244$\211\274\305\006"
 297      A429D704 
 297      B7A42489 
 297      BCC506
 298 0e58 35D42053 		.ascii	"5\324 Si\360\246r\216R\231\336\335{2\020\347yS\371\316"
 298      69F0A672 
 298      8E5299DE 
 298      DD7B3210 
 298      E77953F9 
 299 0e6d 1594EEB7 		.ascii	"\025\224\356\267\257\353\344\177\0208\217i\347\372\341"
 299      AFEBE47F 
 299      10388F69 
 299      E7FAE1
 300 0e7c E16213ED 		.ascii	"\341b\023\355$\325\264\231u6ok\272g\360\031\276\026"
 300      24D5B499 
 300      75366F6B 
 300      BA67F019 
 300      BE16
 301 0e8e 4AFA828B 		.ascii	"J\372\202\213\364\330H\356X \220\356gw\237\351\335k"
 301      F4D848EE 
 301      582090EE 
 301      67779FE9 
 301      DD6B
 302 0ea0 D3A55D88 		.ascii	"\323\245]\210\252\241&\231t\023f/\240Q+%[}\263;)\020"
 302      AAA12699 
 302      7413662F 
ARM GAS  C:\Users\RAKIBU~1\AppData\Local\Temp\cccMzIlR.s 			page 24


 302      A0512B25 
 302      5B7DB33B 
 303 0eb6 1F64641F 		.ascii	"\037dd\037m\235HE\334DS\311\254]\311\205f\352\363Ey"
 303      6D9D4845 
 303      DC4453C9 
 303      AC5DC985 
 303      66EAF345 
 304 0ecb F845D7F0 		.ascii	"\370E\327\3606:<\243\355~V\240\362\215\031A\223kA;\253"
 304      363A3CA3 
 304      ED7E56A0 
 304      F28D1941 
 304      936B413B 
 305 0ee0 05E408CA 		.ascii	"\005\344\010\312\351i\251\005\376\270\332\344\363\337"
 305      E969A905 
 305      FEB8DAE4 
 305      F3DF
 306 0eee 29B23BFA 		.ascii	")\262;\372^\350\334A\270\314\202\260\341\365x\246\340"
 306      5EE8DC41 
 306      B8CC82B0 
 306      E1F578A6 
 306      E0
 307 0eff FB9F2368 		.ascii	"\373\237#h\020:\\Axr!c\275\026<\250\207\231\353*\373"
 307      103A5C41 
 307      78722163 
 307      BD163CA8 
 307      8799EB2A 
 308 0f14 BBA264A9 		.ascii	"\273\242d\251\004\206\205\0225tI\366\342\222\367\314"
 308      04868512 
 308      357449F6 
 308      E292F7CC 
 309 0f24 75526F0A 		.ascii	"uRo\012\023\323:uJo\032=\274\271\212]\033]r\252\371"
 309      13D33A75 
 309      4A6F1A3D 
 309      BCB98A5D 
 309      1B5D72AA 
 310 0f39 E5C28561 		.ascii	"\345\302\205a\360g[\036\2654*\316\261d\321'aq\216\260"
 310      F0675B1E 
 310      B5342ACE 
 310      B164D127 
 310      61718EB0 
 311 0f4d 15567B54 		.ascii	"\025V{T\\\202#,\322\352\214tX\226F\305FD\305.s\211\216"
 311      5C82232C 
 311      D2EA8C74 
 311      589646C5 
 311      4644C52E 
 312 0f64 D50E9B35 		.ascii	"\325\016\2335:z\241\315\360\233\337\375a\376\327\213"
 312      3A7AA1CD 
 312      F09BDFFD 
 312      61FED78B 
 313 0f74 176BB47F 		.ascii	"\027k\264\177\370\366w\377\021:\303\220\270\312\311"
 313      F8F677FF 
 313      113AC390 
 313      B8CAC9
 314 0f83 868439EC 		.ascii	"\206\2049\354\266\260\310\310\205\3135\372\345\2425"
 314      B6B0C8C8 
 314      85CB35FA 
 314      E5A235
ARM GAS  C:\Users\RAKIBU~1\AppData\Local\Temp\cccMzIlR.s 			page 25


 315 0f92 42B46B23 		.ascii	"B\264k#\355\242\250\213\267.\023\035zG"
 315      EDA2A88B 
 315      B72E131D 
 315      7A47
 316 0fa0 D47F8916 		.ascii	"\324\177\211\026g\204\355\227\341t\250\303\231\020\021"
 316      6784ED97 
 316      E174A8C3 
 316      991011
 317 0faf 1517EE8C 		.ascii	"\025\027\356\214\213\213v\204/\213M\230O\317\346[\355"
 317      8B8B7684 
 317      2F8B4D98 
 317      4FCFE65B 
 317      ED
 318 0fc0 31F3C598 		.ascii	"1\363\305\230\245bD\204\030\021\376\371\302E\363\227"
 318      A5624484 
 318      1811FEF9 
 318      C245F397 
 319 0fd0 2C5AFCF9 		.ascii	",Z\374\371\237>\015\217\216Z\032\276\314f\013\207\353"
 319      9F3E0D8F 
 319      8E5A1ABE 
 319      CC660B87 
 319      EB
 320 0fe1 1FC7C6C5 		.ascii	"\037\307\306\305\212\037\213\326\245Q\240\260d\341\342"
 320      8A1F8BD6 
 320      A551A0B0 
 320      64E1E2
 321 0ff0 F0A8585B 		.ascii	"\360\250X[tB\204\030\356p\302(\202\256\215\005"
 321      74428418 
 321      EE70C228 
 321      82AE8D05 
 322 1000 4A014021 		.ascii	"J\001@!\336\302y$8\304\010-a\240%\275\201\212K\026\247"
 322      DEC27924 
 322      38C4082D 
 322      61A025BD 
 322      818A4B16 
 323 1015 21DE1EB7 		.ascii	"!\336\036\267\"\012N\003c\304\230e\24232!\326\266\304"
 323      220A4E03 
 323      63C49865 
 323      A2333221 
 323      D6B6C4
 324 1028 E25CA816 		.ascii	"\342\\\250\026\2608\007\020\011\343\200p\015F\330\342"
 324      B0380710 
 324      09E38070 
 324      0D46D8E2 
 325 1038 EC226006 		.ascii	"\354\"`\006\300i\234}5\261\032\217c\234\253tq+cE\273"
 325      C0699C7D 
 325      35B11A8F 
 325      639CAB74 
 325      712B6345 
 326 104d C12E5AA3 		.ascii	"\301.Z\243\343!\310F\213%!*\326\371\011\030\216\374"
 326      E321C846 
 326      8B25212A 
 326      D6F90918 
 326      8EFC
 327 105f 2B43E0E9 		.ascii	"+C\340\351\272\313\351\030+\330\212\025\303-\340\272"
 327      BACBE918 
 327      2BD88A15 
ARM GAS  C:\Users\RAKIBU~1\AppData\Local\Temp\cccMzIlR.s 			page 26


 327      C32DE0BA 
 328 106f 3521DA69 		.ascii	"5!\332iq\256\216\027\035@\310\340\302\373\317\377S<"
 328      71AE8E17 
 328      1D40C8E0 
 328      C2FBCFFF 
 328      533C
 329 1081 C88A700B 		.ascii	"\310\212p\013D\032\214\003\210\237\2238gq~\251\026,"
 329      441A8C03 
 329      889F9338 
 329      67717EA9 
 329      162C
 330 1093 5B5C4C4C 		.ascii	"[\\LL\\lX|\234\335\351\010\373\352\367\277\375\372\267"
 330      5C6C587C 
 330      9CDDE908 
 330      FBEAF7BF 
 330      FDFAB7
 331 10a6 AB485F7C 		.ascii	"\253H_|T\264hw\204\375\346\353\257A\337\305\326\017"
 331      54B46877 
 331      84FDE6EB 
 331      AF41DFC5 
 331      D60F
 332 10b8 42160D0C 		.ascii	"B\026\015\014\015b\274H\2630@\\!\306:c\254\216\037`"
 332      0D62BC48 
 332      B330405C 
 332      21C63A63 
 332      AC8E1F60 
 333 10cc 86621CCB 		.ascii	"\206b\034\313\376\224 &\210\263l\313-\316\345\020\323"
 333      FE942026 
 333      88B36CCB 
 333      2DCEE510 
 333      D3
 334 10dd 08878576 		.ascii	"\010\207\205vh\343\355\342\212`\217.\213\323o\2455\312"
 334      68E3EDE2 
 334      8A608F2E 
 334      8BD36FA5 
 334      35CA
 335 10ef 09268215 		.ascii	"\011&\202\025\332\304v\220R\2608Q\202^\\I\000\364+\235"
 335      DAC47690 
 335      52B03851 
 335      825E5C49 
 335      00F42B9D 
 336 1103 801E0F07 		.ascii	"\200\036\017\007\207\030\023\217m\261N\177\213\205\007"
 336      8718138F 
 336      6DB14E7F 
 336      8B8507
 337 1112 CF8F1F75 		.ascii	"\317\217\037u\320\013\337\024\301\004vA\323\032\277"
 337      D00BDF14 
 337      C1047641 
 337      D31ABF
 338 1121 1CA6DECF 		.ascii	"\034\246\336\317Ah:\226\351\240\201\302J\247\323\036"
 338      41683A96 
 338      E9A081C2 
 338      4AA7D31E 
 339 1131 3F9B0159 		.ascii	"?\233\001Y\354b\244h\027cm\300\011\214\307-\375>\336"
 339      EC62A468 
 339      17636DC0 
 339      098CC72D 
ARM GAS  C:\Users\RAKIBU~1\AppData\Local\Temp\cccMzIlR.s 			page 27


 339      FD3EDE
 340 1144 20AE8A72 		.ascii	" \256\212r\332\342\"D\275=b5\214\320\202\212\303\237"
 340      DAE22244 
 340      BD3D6235 
 340      8CD0828A 
 340      C39F
 341 1156 E5C61780 		.ascii	"\345\306\027\200\346::I?\230\213\214\266.s\3709c`\004"
 341      E63A3A49 
 341      3F988B8C 
 341      B62E73F8 
 341      39636004 
 342 116a 480EA7D5 		.ascii	"H\016\247\325)\032\234\364@LZ\227Z\035\"\317\254\317"
 342      291A9CF4 
 342      404C5A97 
 342      5A1D22CF 
 342      ACCF
 343 117c 3E8538B9 		.ascii	">\2058\271N\214\016\347\017\326\350\250e\261\026\347"
 343      4E8C0EE7 
 343      0FD6E8A8 
 343      65B116E7 
 344 118c E20F9E99 		.ascii	"\342\017\236\231\345<\223\265\261\326\030Qk[n\265\353"
 344      E53C93B5 
 344      B1D61851 
 344      6B5B6EB5 
 344      EB
 345 119d E2A26159 		.ascii	"\342\242aY\350b\305\225\242\035\333\234\253\004G\274"
 345      E862C595 
 345      A21DDB9C 
 345      AB0447BC 
 346 11ad 106DC7F6 		.ascii	"\020m\307\366\305\213\241-\022\354\277\020\354_\010"
 346      C58BA12D 
 346      12ECBF10 
 346      EC5F08
 347 11bc F6CF05FB 		.ascii	"\366\317\005\373g\202\375\347\202\375\323\000b\220D"
 347      6782FDE7 
 347      82FDD300 
 347      629044
 348 11cb 0E747FFE 		.ascii	"\016t\177\376\227\341ZV|\036\003\330&j\301\026\027\353"
 348      97E15A56 
 348      7C1E03D8 
 348      266AC116 
 348      17EB
 349 11dd 8415AC25 		.ascii	"\204\025\254%\271\345\357\236D]L<\344\253\201\307\326"
 349      B9E5EF9E 
 349      445D4C3C 
 349      E4AB81C7 
 349      D6
 350 11ee 69800B31 		.ascii	"i\200\0131\011\240\347G\277-N\263\032\242\335\251X\255"
 350      09A0E747 
 350      BF2D4EB3 
 350      1AA2DDA9 
 350      58AD
 351 1200 0EDBF208 		.ascii	"\016\333\362\010\000\371\350\275\212\220\016\240\367"
 351      00F9E8BD 
 351      8A900EA0 
 351      F7
 352 120d CFEF37B8 		.ascii	"\317\3577\270\332\341J\340\367\033\205\224\001\275@"
ARM GAS  C:\Users\RAKIBU~1\AppData\Local\Temp\cccMzIlR.s 			page 28


 352      DAE14AE0 
 352      F71B8594 
 352      01BD40
 353 121c 459DB038 		.ascii	"E\235\2608\303>\260\310\020m\202\022\020\031i\001\021"
 353      C33EB0C8 
 353      106D8212 
 353      10196901 
 353      11
 354 122d CA729CED 		.ascii	"\312r\234\355_\376\372\212\25612;\244<\317\266-\377"
 354      5FFEFA8A 
 354      AE31323B 
 354      A43CCFB6 
 354      2DFF
 355 123f 06AC7F45 		.ascii	"\006\254\177EL~ErF\2140\262\256_\303\325\000\305\325"
 355      4C7E4572 
 355      468C30B2 
 355      AE5FC3D5 
 355      00C5D5
 356 1252 FF052EA0 		.ascii	"\377\005.\2409\365"
 356      39F5
 357              		.text
 358              		.section	.gnu.lto_.symtab.eb29d93c,"",%progbits
 359 0000 66665F6D 		.ascii	"ff_memalloc\000"
 359      656D616C 
 359      6C6F6300 
 360 000c 00       		.ascii	"\000"
 361 000d 00       		.ascii	"\000"
 362 000e 00       		.ascii	"\000"
 363 000f 00000000 		.ascii	"\000\000\000\000\000\000\000\000"
 363      00000000 
 364 0017 C1010000 		.ascii	"\301\001\000\000"
 365 001b 66665F6D 		.ascii	"ff_memfree\000"
 365      656D6672 
 365      656500
 366 0026 00       		.ascii	"\000"
 367 0027 00       		.ascii	"\000"
 368 0028 00       		.ascii	"\000"
 369 0029 00000000 		.ascii	"\000\000\000\000\000\000\000\000"
 369      00000000 
 370 0031 C5010000 		.ascii	"\305\001\000\000"
 371 0035 63684865 		.ascii	"chHeapAllocAligned\000"
 371      6170416C 
 371      6C6F6341 
 371      6C69676E 
 371      656400
 372 0048 00       		.ascii	"\000"
 373 0049 02       		.ascii	"\002"
 374 004a 00       		.ascii	"\000"
 375 004b 00000000 		.ascii	"\000\000\000\000\000\000\000\000"
 375      00000000 
 376 0053 CB010000 		.ascii	"\313\001\000\000"
 377 0057 63684865 		.ascii	"chHeapFree\000"
 377      61704672 
 377      656500
 378 0062 00       		.ascii	"\000"
 379 0063 02       		.ascii	"\002"
 380 0064 00       		.ascii	"\000"
ARM GAS  C:\Users\RAKIBU~1\AppData\Local\Temp\cccMzIlR.s 			page 29


 381 0065 00000000 		.ascii	"\000\000\000\000\000\000\000\000"
 381      00000000 
 382 006d CD010000 		.ascii	"\315\001\000\000"
 383              		.text
 384              		.section	.gnu.lto_.opts,"",%progbits
 385 0000 272D666D 		.ascii	"'-fmath-errno' '-fsigned-zeros' '-ftrapping-math' '"
 385      6174682D 
 385      6572726E 
 385      6F272027 
 385      2D667369 
 386 0033 2D666E6F 		.ascii	"-fno-trapv' '-fno-openmp' '-fno-openacc' '-mcpu=cor"
 386      2D747261 
 386      70762720 
 386      272D666E 
 386      6F2D6F70 
 387 0066 7465782D 		.ascii	"tex-m4' '-mthumb' '-O2' '-fomit-frame-pointer' '-fa"
 387      6D342720 
 387      272D6D74 
 387      68756D62 
 387      2720272D 
 388 0099 6C69676E 		.ascii	"lign-functions=16' '-ffunction-sections' '-fdata-se"
 388      2D66756E 
 388      6374696F 
 388      6E733D31 
 388      36272027 
 389 00cc 6374696F 		.ascii	"ctions' '-fno-common' '-flto'\000"
 389      6E732720 
 389      272D666E 
 389      6F2D636F 
 389      6D6D6F6E 
 390              		.text
 391              		.comm	__gnu_lto_v1,1,1
 392              		.comm	__gnu_lto_slim,1,1
 393              		.ident	"GCC: (GNU Tools for Arm Embedded Processors 7-2017-q4-major) 7.2.1 20170904 (release) [ARM
ARM GAS  C:\Users\RAKIBU~1\AppData\Local\Temp\cccMzIlR.s 			page 30


DEFINED SYMBOLS
                            *ABS*:00000000 fatfs_syscall.c
                            *COM*:00000001 __gnu_lto_v1
                            *COM*:00000001 __gnu_lto_slim

NO UNDEFINED SYMBOLS
