ARM GAS  C:\Users\RAKIBU~1\AppData\Local\Temp\ccw6PgC5.s 			page 1


   1              		.cpu cortex-m4
   2              		.eabi_attribute 20, 1
   3              		.eabi_attribute 21, 1
   4              		.eabi_attribute 23, 3
   5              		.eabi_attribute 24, 1
   6              		.eabi_attribute 25, 1
   7              		.eabi_attribute 26, 1
   8              		.eabi_attribute 30, 2
   9              		.eabi_attribute 34, 1
  10              		.eabi_attribute 18, 4
  11              		.file	"hal.c"
  12              		.section	.gnu.lto_.profile.e81029d9,"",%progbits
  13 0000 789C6363 		.ascii	"x\234cc```\001bF\006\0236\000\000\346\000F"
  13      60606001 
  13      62460613 
  13      360000E6 
  13      0046
  14              		.text
  15              		.section	.gnu.lto_.icf.e81029d9,"",%progbits
  16 0000 789C6363 		.ascii	"x\234cc``\340`@\000F\206\237\233\036\354\346e\000\000"
  16      6060E060 
  16      40004686 
  16      9F9B1EEC 
  16      E6650000 
  17 0014 106B0363 		.ascii	"\020k\003c"
  18              		.text
  19              		.section	.gnu.lto_.jmpfuncs.e81029d9,"",%progbits
  20 0000 789C6363 		.ascii	"x\234cc``\340b@\000F8\013\000\001\234\000\022"
  20      6060E062 
  20      40004638 
  20      0B00019C 
  20      0012
  21              		.text
  22              		.section	.gnu.lto_.inline.e81029d9,"",%progbits
  23 0000 789C6363 		.ascii	"x\234cc``\320e@\000F\006\006\016\023F\006& \223m\201"
  23      6060D065 
  23      40004606 
  23      060E1346 
  23      06262093 
  24 0016 3C135888 		.ascii	"<\023X\210\013\007\301\000\0002\275\001r"
  24      0B07C100 
  24      0032BD01 
  24      72
  25              		.text
  26              		.section	.gnu.lto_.pureconst.e81029d9,"",%progbits
  27 0000 789C6363 		.ascii	"x\234cc```\006bF\006\011\000\000}\000#"
  27      60606006 
  27      62460609 
  27      00007D00 
  27      23
  28              		.text
  29              		.section	.gnu.lto_halInit.e81029d9,"",%progbits
  30 0000 789C6363 		.ascii	"x\234cc``\360dd`P\001\322\322@\314\310\314\300\3104"
  30      6060F064 
  30      64605001 
  30      D2D240CC 
  30      C8CCC0C8 
ARM GAS  C:\Users\RAKIBU~1\AppData\Local\Temp\ccw6PgC5.s 			page 2


  31 0015 E11C0343 		.ascii	"\341\034\003C#\007\023##\210\321\300\301\310P\317\304"
  31      23071323 
  31      2388D1C0 
  31      C1C850CF 
  31      C4
  32 0026 58CFD8C3 		.ascii	"X\317\330\303<\205\231\361P\373\263\235L\232\313\033"
  32      3C8599F1 
  32      50FBB39D 
  32      4C9ACB1B 
  33 0036 80E0C0F4 		.ascii	"\200\340\300\364\017\222\015+\0160\316af`\230\006\304"
  33      0F920D2B 
  33      0E30CE61 
  33      66609806 
  33      C4
  34 0047 20C0B899 		.ascii	" \300\270\231Q\223\001\250\354\321\306\177Sy\331X \342"
  34      519301A8 
  34      ECD1C67F 
  34      5379D958 
  34      20E2
  35 0059 8C5B18D9 		.ascii	"\214[\030\331\030\200v0\254\277\304z\240\341\337\377"
  35      18807630 
  35      ACBFC47A 
  35      A0E1DFFF 
  36 0069 F686034F 		.ascii	"\366\206\003O\0261~\367bg`\350\000\312\003-i8\300\320"
  36      16317EF7 
  36      626760E8 
  36      00CA032D 
  36      6938C0D0 
  37 007d C9CC0462 		.ascii	"\311\314\004b5\037`x\303\330\274\340\2674X\023\320\244"
  37      351F6078 
  37      C3D8BCE0 
  37      B7345813 
  37      D0A4
  38 008f 9D3BDFDC 		.ascii	"\235;\337\334f\257\377\333\3001\207\231q\0323\320\024"
  38      66AFFFDB 
  38      C0318799 
  38      711A33D0 
  38      14
  39 00a0 C6AD8CF5 		.ascii	"\306\255\214\365\014s\200\252A\352V\362`W\307\004T\267"
  39      0C7380AA 
  39      41EA56F2 
  39      6057C704 
  39      54B7
  40 00b2 0D49DD53 		.ascii	"\015I\335S>\354\352\200\3263nG6O\024\273:\026\240\272"
  40      3EECEA80 
  40      D6336E47 
  40      364F14BB 
  40      3A16A0BA 
  41 00c6 1DC8E6E1 		.ascii	"\035\310\346\341P\307\012T\267\023\252\356\035c\323"
  41      50C70A54 
  41      B713AAEE 
  41      1D63D3
  42 00d5 82F75319 		.ascii	"\202\367S\031\301\012A\240\003\350z\240\017\201NS\322"
  42      C10A41A0 
  42      03E87AA0 
  42      0F814E53 
  42      D2
ARM GAS  C:\Users\RAKIBU~1\AppData\Local\Temp\ccw6PgC5.s 			page 3


  43 00e6 D3D307A2 		.ascii	"\323\323\007\242\344\214\314\244\314\374b#\003c\375"
  43      E48CCCA4 
  43      CCFC6223 
  43      0363FD
  44 00f5 FC62FD8C 		.ascii	"\374b\375\214\304\034\375\342\242d\020\255\227\314\000"
  44      C41CFDE2 
  44      A26410AD 
  44      97CC00
  45 0104 00AEEE77 		.ascii	"\000\256\356w{"
  45      7B
  46              		.text
  47              		.section	.gnu.lto_.symbol_nodes.e81029d9,"",%progbits
  48 0000 789C55C8 		.ascii	"x\234U\310\273\021\200 \024\005\321\345\"\326\245\225"
  48      BB118020 
  48      1405D1E5 
  48      22D6A595 
  49 0010 3D020BD0 		.ascii	"=\002\013\320\036\250\302\330\330\032\374\266\341\210"
  49      1EA8C2D8 
  49      D81AFCB6 
  49      E188
  50 001e 4412ECEC 		.ascii	"D\022\354\354\314i\201)\2076\031\214+\344\315\261\007"
  50      CC698129 
  50      8736198C 
  50      2BE4CDB1 
  50      07
  51 002f 77CB5C11 		.ascii	"w\313\\\021\210\261\313p\311T\301)\363\025\034\262\246"
  51      88B1CB70 
  51      C954C129 
  51      F3151CB2 
  51      A6
  52 0040 825D16FE 		.ascii	"\202]\026\376\340\011\244\355q\236\206\245\334s\225"
  52      E009A4ED 
  52      719E86A5 
  52      DC7395
  53 004f 8B61FFEE 		.ascii	"\213a\377\356H\371\274\223\036&`"
  53      48F9BC93 
  53      1E2660
  54              		.text
  55              		.section	.gnu.lto_.refs.e81029d9,"",%progbits
  56 0000 789C6363 		.ascii	"x\234cc```\004b\006\000\000D\000\010"
  56      60606004 
  56      62060000 
  56      440008
  57              		.text
  58              		.section	.gnu.lto_.decls.e81029d9,"",%progbits
  59 0000 789C8D91 		.ascii	"x\234\215\221]HTA\024\307\347\334\273\232\256\353\007"
  59      5D485441 
  59      14C7E7DC 
  59      BB9AAEEB 
  59      07
  60 0011 51E183C4 		.ascii	"Q\341\203\304\346\223=\264\327\217\036z\250^\264L\260"
  60      E6933DB4 
  60      D78F1E7A 
  60      A85EB44C 
  60      B0
  61 0022 94B44808 		.ascii	"\224\264H\010V\335\025vasew+\243\227k\332\227I\371 "
  61      56DD1576 
ARM GAS  C:\Users\RAKIBU~1\AppData\Local\Temp\ccw6PgC5.s 			page 4


  61      61736577 
  61      2BA3976B 
  61      DA9749F9 
  62 0037 91662604 		.ascii	"\221f&\004Q&!\251}\254\256\273\253n\212\030e\037\017"
  62      512621A9 
  62      7DACAEBB 
  62      AB6E8A18 
  62      651F0F
  63 004a 21E69259 		.ascii	"!\346\222Y\006a\206A\205\346v\356\314\275{%\223\034"
  63      06618641 
  63      85E676EE 
  63      CCBD7B25 
  63      931C
  64 005c EEB933E7 		.ascii	"\356\2713\347\314\371\377\316\231\231HB\210\231'\244"
  64      CCF9FFCE 
  64      99994842 
  64      889927A4 
  65 006c 19081171 		.ascii	"\031\010\021q\035\302\301\341\354'\352\210D\353A\363"
  65      1DC2C1E1 
  65      EC27EA88 
  65      44EB41F3 
  66 007c A079E5BD 		.ascii	"\240y\345\275\001\264\000Y9N\"\007q\244\030m\030\315"
  66      01B40059 
  66      394E2207 
  66      71A4186D 
  66      18CD
  67 008e FD172320 		.ascii	"\375\027# k\3752\313\363\017F\003\017n\277\307\0333"
  67      6BFD32CB 
  67      F30F4603 
  67      0F6EBFC7 
  67      1B33
  68 00a0 091380BD 		.ascii	"\011\023\200\275@\002\215\002\260?\316\222Q?\244\014"
  68      40028D02 
  68      B03FCE92 
  68      513FA40C 
  69 00b0 60718C72 		.ascii	"`q\214rl\222S%G\221@8\302\311\014N\341\322O\006\300"
  69      6C925325 
  69      47914038 
  69      C2C90C4E 
  69      E1D24F06 
  70 00c5 722ADB67 		.ascii	"r*\333g\345\224AX>\353G\325\261\020\247\026[&Y\321+"
  70      E5944158 
  70      3EEB47D5 
  70      B110A716 
  70      5B2659D1 
  71 00da 096F879B 		.ascii	"\011o\207\233R\017\011\362%\274\371Rw_\027\204w\270"
  71      520F09F2 
  71      25BCF952 
  71      775F1784 
  71      77B8
  72 00ec 5B44487D 		.ascii	"[DH}\3241\220\242s\235\342{-\317\321\365\364\342\247"
  72      D43190A2 
  72      739DE27B 
  72      2DCFD1F5 
  72      F4E2A7
  73 00ff 250DAFA5 		.ascii	"%\015\257\245\353\357-M3`h\027\331\210:J\340!\360\312"
  73      EBEF2D4D 
ARM GAS  C:\Users\RAKIBU~1\AppData\Local\Temp\ccw6PgC5.s 			page 5


  73      33606817 
  73      D9883A4A 
  73      E021F0CA 
  74 0113 7D06423F 		.ascii	"}\006B?|\361\227xX\257\005\016\335\227s\2437b\320\335"
  74      7CF19778 
  74      58AF050E 
  74      DD9773A3 
  74      3762D0DD 
  75 0127 A0850474 		.ascii	"\240\205\004t\333\353B\015\021\211W%]}\265\230\300A"
  75      DBEB420D 
  75      11895725 
  75      5D7DB598 
  75      C041
  76 0139 F1267802 		.ascii	"\361&x\002I\360\030\222\260\0337$\342\277\\\303HS\203"
  76      49F01892 
  76      B01B3724 
  76      E2BF5CC3 
  76      485383
  77 014c B3BFB9E4 		.ascii	"\263\277\271\344V\2615(\372\276\236\333|\273Z\274\203"
  77      56B13528 
  77      FABE9EDB 
  77      7CBB5ABC 
  77      83
  78 015d 32BD9405 		.ascii	"2\275\224\005\335\300\303#0HG\350\226jC\027\004\001"
  78      DDC0C323 
  78      304847E8 
  78      966A4317 
  78      0401
  79 016f 3A61124F 		.ascii	":a\022O\320\003\311\250>\377`v2\202?B\033\256\373\320"
  79      D003C9A8 
  79      3EFF6076 
  79      32823F42 
  79      1BAEFBD0 
  80 0183 D31D8FA4 		.ascii	"\323\035\217\244\240(\372B\327w\\\353\230\021/hi9\350"
  80      A028FA42 
  80      D7775CEB 
  80      98112F68 
  80      6939E8
  81 0196 5541BDF2 		.ascii	"UA\275\362!\300C\001\243\037'N\363\027\201\002\356\005"
  81      21C04301 
  81      A31F274E 
  81      F3178102 
  81      EE05
  82 01a8 6AAB3432 		.ascii	"j\25342`\274M\3776p\316\227\317\364}\252\276O\321{\251"
  82      60BC4DFF 
  82      3670CE97 
  82      CFF47DAA 
  82      BE4FD17B 
  83 01bd FEF9C8AD 		.ascii	"\376\371\310\255\305X\376\005\003\274j\270\373+V\006"
  83      C558FE05 
  83      03BC6AB8 
  83      FB2B5606 
  84 01cd 2CB85346 		.ascii	",\270SF\273\304\232\010\252\367\251z\237\242\367S}["
  84      BBC49A08 
  84      AAF7A97A 
  84      9FA2F753 
  84      7D5B
ARM GAS  C:\Users\RAKIBU~1\AppData\Local\Temp\ccw6PgC5.s 			page 6


  85 01df 7BE37434 		.ascii	"{\343t4\177\226]\377\353\252\313\033\225\372#)Kay\277"
  85      7F965DFF 
  85      EBAACB1B 
  85      95FA2329 
  85      4B6179BF 
  86 01f3 2AEF57E4 		.ascii	"*\357W\344\003T\336\330r\245\203\347\307\230|\326;\377"
  86      0354DED8 
  86      72A583E7 
  86      C7987CD6 
  86      3BFF
  87 0205 59E97F7E 		.ascii	"Y\351\177~<\365\347P\270\377A\0250\250\000\002\0240"
  87      3CF5E750 
  87      B8FF4115 
  87      30A80002 
  87      1430
  88 0217 56D3D1CC 		.ascii	"V\323\321\314\263\207\324\240\373\355Y\323T\034{H=\272"
  88      B387D4A0 
  88      FBED59D3 
  88      541C7B48 
  88      3DBA
  89 0229 3717171A 		.ascii	"7\027\027\032\343t\265\242xFl\255\026\243\367Q\330\020"
  89      E374B5A2 
  89      78466CAD 
  89      16A3F751 
  89      D810
  90 023b BEE453FA 		.ascii	"\276\344S\372\222\303\240\243(i^g)\261\345\224[][\014"
  90      92C3A0A3 
  90      28695E67 
  90      29B1E594 
  90      5B5D5B0C 
  91 024f 06013F93 		.ascii	"\006\001?\223\305Zj\265;\323S3\004\273S\300=\301\351"
  91      C55A6AB5 
  91      3BD35333 
  91      04BB53C0 
  91      3DC1E9
  92 0262 3049B3C1 		.ascii	"0I\263\301\024\225}\340\220>3-\215$\3777\225D:]\022"
  92      14957DE0 
  92      903E332D 
  92      8D24FF37 
  92      95443A5D 
  93 0277 74EB6A99 		.ascii	"t\353j\231\326r\223\355\270\271LZ\033\235.\203\205D"
  93      D67293ED 
  93      B8B94C5A 
  93      1B9D2E83 
  93      8544
  94 0289 97DA4B1C 		.ascii	"\227\332K\034fI\263s5\015\315p\012\005\205\306\202\302"
  94      6649B373 
  94      350DCD70 
  94      0A0585C6 
  94      82C2
  95 029b FD19E97B 		.ascii	"\375\031\351{\267\033\263r\0122\363\016\3579X\304\366"
  95      B71BB372 
  95      0A32F30E 
  95      EF3958C4 
  95      F6
  96 02ac 1013E9A4 		.ascii	"\020\023\351\244\214mk\252[\346\260b\263\026\022k\254"
  96      8C6D6BAA 
ARM GAS  C:\Users\RAKIBU~1\AppData\Local\Temp\ccw6PgC5.s 			page 7


  96      5BE6B062 
  96      B316126B 
  96      AC
  97 02bd 40D76633 		.ascii	"@\327f3\033\255\250\335\265\232\266\302\356pI\345\261"
  97      1BADA8DD 
  97      B59AB6C2 
  97      EE7049E5 
  97      B1
  98 02ce B6909B9B 		.ascii	"\266\220\233\233%d\347\347\344\235H\247(Y\217,\235e"
  98      2564E7E7 
  98      E49D48A7 
  98      28598F2C 
  98      9D65
  99 02e0 196AF75A 		.ascii	"\031j\367ZP\362a*+\005E\352:UQ\226\206\254?\017\235"
  99      50F2612A 
  99      2B0545EA 
  99      3A555196 
  99      86AC3F0F 
 100 02f5 72DF     		.ascii	"r\337"
 101              		.text
 102              		.section	.gnu.lto_.symtab.e81029d9,"",%progbits
 103 0000 68616C49 		.ascii	"halInit\000"
 103      6E697400 
 104 0008 00       		.ascii	"\000"
 105 0009 00       		.ascii	"\000"
 106 000a 00       		.ascii	"\000"
 107 000b 00000000 		.ascii	"\000\000\000\000\000\000\000\000"
 107      00000000 
 108 0013 BB000000 		.ascii	"\273\000\000\000"
 109 0017 7374496E 		.ascii	"stInit\000"
 109      697400
 110 001e 00       		.ascii	"\000"
 111 001f 02       		.ascii	"\002"
 112 0020 00       		.ascii	"\000"
 113 0021 00000000 		.ascii	"\000\000\000\000\000\000\000\000"
 113      00000000 
 114 0029 BD000000 		.ascii	"\275\000\000\000"
 115 002d 626F6172 		.ascii	"boardInit\000"
 115      64496E69 
 115      7400
 116 0037 00       		.ascii	"\000"
 117 0038 02       		.ascii	"\002"
 118 0039 00       		.ascii	"\000"
 119 003a 00000000 		.ascii	"\000\000\000\000\000\000\000\000"
 119      00000000 
 120 0042 BF000000 		.ascii	"\277\000\000\000"
 121 0046 7364496E 		.ascii	"sdInit\000"
 121      697400
 122 004d 00       		.ascii	"\000"
 123 004e 02       		.ascii	"\002"
 124 004f 00       		.ascii	"\000"
 125 0050 00000000 		.ascii	"\000\000\000\000\000\000\000\000"
 125      00000000 
 126 0058 C1000000 		.ascii	"\301\000\000\000"
 127 005c 5F70616C 		.ascii	"_pal_lld_init\000"
 127      5F6C6C64 
 127      5F696E69 
ARM GAS  C:\Users\RAKIBU~1\AppData\Local\Temp\ccw6PgC5.s 			page 8


 127      7400
 128 006a 00       		.ascii	"\000"
 129 006b 02       		.ascii	"\002"
 130 006c 00       		.ascii	"\000"
 131 006d 00000000 		.ascii	"\000\000\000\000\000\000\000\000"
 131      00000000 
 132 0075 C3000000 		.ascii	"\303\000\000\000"
 133 0079 68616C5F 		.ascii	"hal_lld_init\000"
 133      6C6C645F 
 133      696E6974 
 133      00
 134 0086 00       		.ascii	"\000"
 135 0087 02       		.ascii	"\002"
 136 0088 00       		.ascii	"\000"
 137 0089 00000000 		.ascii	"\000\000\000\000\000\000\000\000"
 137      00000000 
 138 0091 C5000000 		.ascii	"\305\000\000\000"
 139              		.text
 140              		.section	.gnu.lto_.opts,"",%progbits
 141 0000 272D666D 		.ascii	"'-fmath-errno' '-fsigned-zeros' '-ftrapping-math' '"
 141      6174682D 
 141      6572726E 
 141      6F272027 
 141      2D667369 
 142 0033 2D666E6F 		.ascii	"-fno-trapv' '-fno-openmp' '-fno-openacc' '-mcpu=cor"
 142      2D747261 
 142      70762720 
 142      272D666E 
 142      6F2D6F70 
 143 0066 7465782D 		.ascii	"tex-m4' '-mthumb' '-O2' '-fomit-frame-pointer' '-fa"
 143      6D342720 
 143      272D6D74 
 143      68756D62 
 143      2720272D 
 144 0099 6C69676E 		.ascii	"lign-functions=16' '-ffunction-sections' '-fdata-se"
 144      2D66756E 
 144      6374696F 
 144      6E733D31 
 144      36272027 
 145 00cc 6374696F 		.ascii	"ctions' '-fno-common' '-flto'\000"
 145      6E732720 
 145      272D666E 
 145      6F2D636F 
 145      6D6D6F6E 
 146              		.text
 147              		.comm	__gnu_lto_v1,1,1
 148              		.comm	__gnu_lto_slim,1,1
 149              		.ident	"GCC: (GNU Tools for Arm Embedded Processors 7-2017-q4-major) 7.2.1 20170904 (release) [ARM
ARM GAS  C:\Users\RAKIBU~1\AppData\Local\Temp\ccw6PgC5.s 			page 9


DEFINED SYMBOLS
                            *ABS*:00000000 hal.c
                            *COM*:00000001 __gnu_lto_v1
                            *COM*:00000001 __gnu_lto_slim

NO UNDEFINED SYMBOLS
