ARM GAS  C:\Users\RAKIBU~1\AppData\Local\Temp\cc7544fe.s 			page 1


   1              		.cpu cortex-m4
   2              		.eabi_attribute 20, 1
   3              		.eabi_attribute 21, 1
   4              		.eabi_attribute 23, 3
   5              		.eabi_attribute 24, 1
   6              		.eabi_attribute 25, 1
   7              		.eabi_attribute 26, 1
   8              		.eabi_attribute 30, 2
   9              		.eabi_attribute 34, 1
  10              		.eabi_attribute 18, 4
  11              		.file	"hal_st.c"
  12              		.section	.gnu.lto_.profile.eb2981b6,"",%progbits
  13 0000 789C6363 		.ascii	"x\234cc```\001bF\006%!\000\000\316\000@"
  13      60606001 
  13      62460625 
  13      210000CE 
  13      0040
  14              		.text
  15              		.section	.gnu.lto_.icf.eb2981b6,"",%progbits
  16 0000 789C6363 		.ascii	"x\234cc``\320d@\000v\206\325\253\276\376db\274\373\353"
  16      6060D064 
  16      40007686 
  16      D5ABBEFE 
  16      6462BCFB 
  17 0015 CD5C46A6 		.ascii	"\315\\F\246\236iw\374\230\247\266\256Z\311\305r\347"
  17      9E6977FC 
  17      98A7B6AE 
  17      5AC9C572 
  17      E7
  18 0026 D54C47D6 		.ascii	"\325LG\326\215\2177\212\261\275\377\363c*+\003\000\255"
  18      8D8F378A 
  18      B1BDFFF3 
  18      632A2B03 
  18      00AD
  19 0038 0F142D   		.ascii	"\017\024-"
  20              		.text
  21              		.section	.gnu.lto_.jmpfuncs.eb2981b6,"",%progbits
  22 0000 789C6363 		.ascii	"x\234cc``Pb@\000v\020\301\010\004\365s\230\031\230\030"
  22      60605062 
  22      40007610 
  22      C10804F5 
  22      73981998 
  23 0015 1898A14C 		.ascii	"\030\230\241L\026\006\006V\006\0066\240$\0004\027\002"
  23      16060656 
  23      060636A0 
  23      24003417 
  23      02
  24 0026 87       		.ascii	"\207"
  25              		.text
  26              		.section	.gnu.lto_.inline.eb2981b6,"",%progbits
  27 0000 789C6363 		.ascii	"x\234cc``\350f@\000v\006\006\026\036F\006& \223m\201"
  27      6060E866 
  27      40007606 
  27      06161E46 
  27      06262093 
  28 0016 3C886260 		.ascii	"<\210b`\344\002\021\014l\254@a\266\017zpq&\006\026f"
  28      E402110C 
ARM GAS  C:\Users\RAKIBU~1\AppData\Local\Temp\cc7544fe.s 			page 2


  28      6CAC4061 
  28      B60F7A70 
  28      71260616 
  29 002b A010D305 		.ascii	"\240\020\323\005~\270\0203\246\020\013\246\020+\246"
  29      7EB81033 
  29      A6100BA6 
  29      102BA6
  30 003a 101BA6F1 		.ascii	"\020\033\246\361\014\000;\324\014M"
  30      0C003BD4 
  30      0C4D
  31              		.text
  32              		.section	.gnu.lto_.pureconst.eb2981b6,"",%progbits
  33 0000 789C6363 		.ascii	"x\234cc``\340\007bv\006\011F)&)f)\026)V)6)\000\007w"
  33      6060E007 
  33      62760609 
  33      46292629 
  33      66291629 
  34 001b 00E6     		.ascii	"\000\346"
  35              		.text
  36              		.section	.gnu.lto_stInit.eb2981b6,"",%progbits
  37 0000 789C6363 		.ascii	"x\234cc``X\005\304\352@,\015\304\214\314\014\214L\023"
  37      60605805 
  37      C4EA402C 
  37      0DC48CCC 
  37      0C8C4C13 
  38 0014 CE313034 		.ascii	"\316104r012\202\030\015\034\214\014\365L\214\365\214"
  38      72303132 
  38      82180D1C 
  38      8C0CF54C 
  38      8CF58C
  39 0027 3DCC5398 		.ascii	"=\314S\230\031\017\265?\333\311\244\271\274\001\010"
  39      190FB53F 
  39      DBC9A4B9 
  39      BC0108
  40 0036 0E4C9FC0 		.ascii	"\016L\237\300\326\326\320*1\207\231\201a\032\020\203"
  40      D6D6D02A 
  40      31879981 
  40      611A1083 
  41 0046 00E36646 		.ascii	"\000\343fFM\006\240\262G\033\377M\345ec\201\2103nad"
  41      4D06A0B2 
  41      471BFF4D 
  41      E5656381 
  41      88336E61 
  42 005b 63600432 		.ascii	"c`\0042\326_b=\320\360\357\177{\303\201;\213\0307\273"
  42      D65F623D 
  42      D0F0EF7F 
  42      7BC3813B 
  42      8B1837BB 
  43 006f 01E53A80 		.ascii	"\001\345:\200\030hI\303\001\206Nf&\020\253\371\000\303"
  43      186849C3 
  43      01864E66 
  43      2610ABF9 
  43      00C3
  44 0081 1BC6E605 		.ascii	"\033\306\346\005\217{\230\301\272\200F\355\334\371\346"
  44      8F7B98C1 
  44      BA8046ED 
  44      DCF9E6
ARM GAS  C:\Users\RAKIBU~1\AppData\Local\Temp\cc7544fe.s 			page 3


  45 0090 367BFDDF 		.ascii	"6{\375\337\006\2169\314\214\323\230\201\3060ne\254g"
  45      068E39CC 
  45      8CD39881 
  45      C6306E65 
  45      AC67
  46 00a2 980354FE 		.ascii	"\230\003T\376\216\261i\301\363\036F\260B\020\350\000"
  46      8EB169C1 
  46      F31E46B0 
  46      4210E800 
  47 00b2 CA028D60 		.ascii	"\312\002\215`b`P\325\323\323\007\242\344\214\314\244"
  47      626050D5 
  47      D3D307A2 
  47      E48CCCA4 
  48 00c2 CCFC6223 		.ascii	"\314\374b#\003c\375\374b\375\214\304\034\375\342\242"
  48      0363FDFC 
  48      62FD8CC4 
  48      1CFDE2A2 
  49 00d2 64101D5F 		.ascii	"d\020\035_\\\242\227\314\000\000N\010F\015"
  49      5CA297CC 
  49      00004E08 
  49      460D
  50              		.text
  51              		.section	.gnu.lto_stStartAlarm.eb2981b6,"",%progbits
  52 0000 789C9D52 		.ascii	"x\234\235RMh\023A\024\236o'\335\255A\353Uh\016=\030"
  52      4D681341 
  52      149E6F27 
  52      DDAD41EB 
  52      55680E3D 
  53 0015 6A3D644D 		.ascii	"j=dM{\024<\211 \264'{/m\024\022\214D\272\301\243\235"
  53      7B143C89 
  53      20B4277B 
  53      2F6D1412 
  53      8C44BAC1 
  54 002b C4D4B434 		.ascii	"\304\324\2644\242\007\033eYu1\026\251\020\332Z\253\326"
  54      A2071B65 
  54      59753116 
  54      A910DA5A 
  54      ABD6
  55 003d 565DA3E6 		.ascii	"V]\243\346\"\326\237s)\301B\214R\244bQ\212\020}\263"
  55      22D69F73 
  55      29C1428C 
  55      52A46251 
  55      8A107DB3 
  56 0051 59A50705 		.ascii	"Y\245\007\005q\330\331y\357\361\275\357}\357\315\250"
  56      71D8D979 
  56      EFF1BDEF 
  56      7DEFCDA8 
  57 0061 8CB13985 		.ascii	"\214\2619\205\261\343t\266\322\006gP.,1\226jV\000i\210"
  57      B1E374B6 
  57      D2066750 
  57      2E2C3196 
  57      6A560069 
  58 0076 66B02105 		.ascii	"f\260!\005C\310\361\213\034\245lu^\351\270)h9\227V\324"
  58      43C8F18B 
  58      1CA56C75 
  58      5EE9B829 
  58      68399756 
ARM GAS  C:\Users\RAKIBU~1\AppData\Local\Temp\cc7544fe.s 			page 4


  59 008b B3627897 		.ascii	"\263bx\227\305\031\313\323\226\013\263\350 \324\233"
  59      C519CBD3 
  59      960BB3E8 
  59      20D49B
  60 009a CCB4C5C7 		.ascii	"\314\264\305\307\270\305\001\037\271\237_\232\253-\322"
  60      B8C5011F 
  60      B99F5F9A 
  60      AB2DD2
  61 00a9 55D046EE 		.ascii	"U\320F\356\367[\323\313;\371\0360\262\257\027\317O\250"
  61      F75BD3CB 
  61      3BF91E30 
  61      B2AF17CF 
  61      4FA8
  62 00bb ED1342A4 		.ascii	"\355\023B\244\205\263V\340b\267\3059\356\202\023!\346"
  62      85B356E0 
  62      62B7C539 
  62      EE821321 
  62      E6
  63 00cc 10C01D04 		.ascii	"\020\300\035\004\030\205\030\356\241]\342\337\315\324"
  63      188518EE 
  63      A15DE2DF 
  63      CDD4
  64 00da C777A83E 		.ascii	"\307w\250>\373WM\334\207\312@\306\324\333&G\324\177"
  64      FB574DDC 
  64      87CA40C6 
  64      D4DB2647 
  64      D47F
  65 00ec 6485B371 		.ascii	"d\205\263q\003\233\207TR/S\330\010\241\250\015\341\260"
  65      039B8754 
  65      522F53D8 
  65      08A1A80D 
  65      E1B0
  66 00fe 51AE48EB 		.ascii	"Q\256H\353\214\303\252P$W\356C\271\346\017\026\334\332"
  66      8CC3AA50 
  66      2457EE43 
  66      B9E60F16 
  66      DCDA
  67 0110 7573BB29 		.ascii	"us\273)\234L\333\037\312\273}\315#hR\376G\224\314\315"
  67      9C4CDB1F 
  67      CABB7DCD 
  67      236852FE 
  67      4794CCCD 
  68 0124 DA5A39A5 		.ascii	"\332Z9\245\375\326\222i\314\342\253\312%\310\025\224"
  68      FDD69269 
  68      CCE2ABCA 
  68      25C81594 
  69 0134 E7D8A295 		.ascii	"\347\330\242\225\341\001T,H\235\364\243x~\270\364J\223"
  69      E101542C 
  69      489DF4A3 
  69      787EB8F4 
  69      4A93
  70 0146 E3F0B9B0 		.ascii	"\343\360\271\260\245\342\267u\177\303\225Tr`\366\225"
  70      A5E2B775 
  70      7FC39554 
  70      7260F695 
  71 0156 F7DB6C5C 		.ascii	"\367\333l\\\205\305\233\360\220d,J\031\024\317V_\274"
  71      85C59BF0 
ARM GAS  C:\Users\RAKIBU~1\AppData\Local\Temp\cc7544fe.s 			page 5


  71      90642C4A 
  71      1914CF56 
  71      5FBC
  72 0168 6ED18B22 		.ascii	"n\321\213\"\223\022\225\302l\353\345\003\026W\361\010"
  72      931295C2 
  72      6CEBE503 
  72      1657F108 
  73 0178 36C6A94B 		.ascii	"6\306\251KYF\202\234\\zR\013OI\220}\233(4<\206\216\275"
  73      5946829C 
  73      5C7A520B 
  73      4F49907D 
  73      9B28343C 
  74 018f 010F0107 		.ascii	"\001\017\001\007a\257\225\215\332\362L\005\236\252\177"
  74      61AF958D 
  74      DAF24C05 
  74      9EAA7F
  75 019e A8699F96 		.ascii	"\250i\237\226lO\334z\360\330J\320\267\266\244Q\374)"
  75      6C4FDC7A 
  75      F0D84AD0 
  75      B7B6A451 
  75      FC29
  76 01b0 65BAEC2B 		.ascii	"e\272\354+\377\301\376\314eW<\366\347.\373\342\265\334"
  76      FFC1FECC 
  76      65573CF6 
  76      E72EFBE2 
  76      B5DC
  77 01c2 A4BFC1AE 		.ascii	"\244\277\301\256\240L\231U\244+c\013\0219kw\350\354"
  77      A04C9955 
  77      A42B630B 
  77      11396B77 
  77      E8EC
  78 01d4 13D2F697 		.ascii	"\023\322\366\227sp_\203\\#\244\217\356\232\036v0\024"
  78      73705F83 
  78      5C23A48F 
  78      EE9A1E76 
  78      3014
  79 01e6 D2E98B44 		.ascii	"\322\351\213Dc\003\261\204\321\271\257KO\030z\264?\256"
  79      6303B184 
  79      D1B9AF4B 
  79      4F187AB4 
  79      3FAE
  80 01f8 1B831179 		.ascii	"\033\203\021y\366\031\311P\204i\375\003F2v\342\330\376"
  80      F619C950 
  80      8469FD03 
  80      463276E2 
  80      D8FE
  81 020a BFA14F26 		.ascii	"\277\241O&\006\223\206~\244\267\247\253S\357\356>\250"
  81      0693867E 
  81      A4B7A7AB 
  81      53EFEE3E 
  81      A8
  82 021b F71EEE39 		.ascii	"\367\036\3569\025\366\362\373\342\361\243\241(\373\011"
  82      15F6F2FB 
  82      E2F1A3A1 
  82      28FB09
  83 022a E39702F6 		.ascii	"\343\227\002\366"
  84              		.text
ARM GAS  C:\Users\RAKIBU~1\AppData\Local\Temp\cc7544fe.s 			page 6


  85              		.section	.gnu.lto_stStopAlarm.eb2981b6,"",%progbits
  86 0000 789C754F 		.ascii	"x\234uO=HBQ\024>\337\273\371SPs\220\320\020\015-\357"
  86      3D484251 
  86      143EDFBB 
  86      F9535073 
  86      90D0100D 
  87 0016 96424BD0 		.ascii	"\226BK\320\024D\220S\356R6(\010\206/Z}\225\246aCCY\304"
  87      14449053 
  87      EE523628 
  87      08862F5A 
  87      7D95A661 
  88 002e 4B848626 		.ascii	"K\204\206&\211\350\327Z\036\0224\004\026M\215\375\200"
  88      89E8D75A 
  88      1E123404 
  88      164D8DFD 
  88      80
  89 003f 41433804 		.ascii	"AC8\0045Y\347j\204K\207{~\3569\3379\3379N\"\032\006"
  89      3559E76A 
  89      844B877B 
  89      7EEE39DF 
  89      39DF394E 
  90 0056 51887D0F 		.ascii	"Q\210}\017+\004A[\257\020-\2725@\005\246\033\224\320"
  90      2B04415B 
  90      AF102DBA 
  90      354005A6 
  90      1B94D0
  91 0069 90C09AD8 		.ascii	"\220\300\232\330\020(\247\253%m`\337d\261\267v\\+f\252"
  91      1028A7AB 
  91      256D60DF 
  91      64B1B776 
  91      5C2B66AA 
  92 007d DB124439 		.ascii	"\333\022D9V%8\302\0001\354\371\260\276\331\351lk\346"
  92      562538C2 
  92      0031ECF9 
  92      B0BED9E9 
  92      6C6BE6
  93 0090 710C2731 		.ascii	"q\014'1\007\035\334;l\263\376\2356\355\253=\034\216"
  93      071DDC3B 
  93      6CB3FE9D 
  93      36EDAB3D 
  93      1C8E
  94 00a2 732DC3CA 		.ascii	"s-\303\312$\246M\253BS\321\262Mo(\177|=\324\256\237"
  94      24A64DAB 
  94      4253D1B2 
  94      4D6F287F 
  94      7C3DD4AE 
  95 00b7 1C7F8392 		.ascii	"\034\177\203\222M\276\274K4\206\345\004ZIp\002'N\025"
  95      4DBEBC4B 
  95      3486E504 
  95      5A497002 
  95      274E15
  96 00ca 071BCEE7 		.ascii	"\007\033\316\347R\345[WVX\002\015X\245\370Y\353h~\325"
  96      52E55B57 
  96      5658020D 
  96      58A5F859 
  96      EB687ED5 
  97 00de 98364E15 		.ascii	"\2306N\025v_\333\013\310\303\022\032\316\341\301\031"
ARM GAS  C:\Users\RAKIBU~1\AppData\Local\Temp\cc7544fe.s 			page 7


  97      765FDB0B 
  97      C8C3121A 
  97      CEE1C119 
  98 00ee 3CA4A0E9 		.ascii	"<\244\240\351\352\315]\227,\232\311E\363\361\245\334"
  98      EACD5D97 
  98      2C9AC945 
  98      F3F1A5DC 
  99 00fe BB3D6A09 		.ascii	"\273=j\011\201\022\012\330\344=\025\015\341\002\262"
  99      81120AD8 
  99      E43D150D 
  99      E102B2
 100 010d 958237C1 		.ascii	"\225\2027\301%w\277c\3511\373\320\3278UI\206\013|\216"
 100      2577BF63 
 100      E931FBD0 
 100      D7385549 
 100      860B7C8E 
 101 0121 46D4AFEB 		.ascii	"F\324\257\353\222_(\034\231\211\304\014\357\240O\306"
 101      925F281C 
 101      9989C40C 
 101      EFA04FC6 
 102 0131 0C199E8E 		.ascii	"\014\031\236\216J#\036R>h\314\353!\032\371\0175\027"
 102      4A231E52 
 102      3E68CCEB 
 102      211AF90F 
 102      3517
 103 0143 8BCF1B72 		.ascii	"\213\317\033r*\340\367y\345\344\344\230\014L\370\027"
 103      2AE0F779 
 103      E5E4E498 
 103      0C4CF817 
 104 0153 867EFB82 		.ascii	"\206~\373\202\321\350\254\036\246\037\371\006\210%"
 104      D1E8AC1E 
 104      A61FF906 
 104      8825
 105              		.text
 106              		.section	.gnu.lto_stSetAlarm.eb2981b6,"",%progbits
 107 0000 789C7550 		.ascii	"x\234uPKHTa\024>\337\375\307{M\312\026n\202f\341\242"
 107      4B485461 
 107      143EDFFD 
 107      C77B4DCA 
 107      166E8266 
 108 0016 C16C31B7 		.ascii	"\301l1\267\321e\320*\210@W\271\027\235\202\031\232\230"
 108      D165D02A 
 108      884057B9 
 108      179D8219 
 108      9A98
 109 0028 F00E6DFD 		.ascii	"\360\016m\375g\032\033\303\001[\350D\303M.M\022\005"
 109      671A1BC3 
 109      015BE844 
 109      C34D2E4D 
 109      1205
 110 003a 8396BDEC 		.ascii	"\203\226\275\354y\231E\233\312\036\013W\"\2221YD\345"
 110      7999459B 
 110      CA1E0B57 
 110      22923159 
 110      44E5
 111 004c 4A24B0CE 		.ascii	"J$\260\316\271Z\270\260\303\3778\347\360\235s\276\363"
 111      B95AB8B0 
ARM GAS  C:\Users\RAKIBU~1\AppData\Local\Temp\cc7544fe.s 			page 8


 111      C3FF38E7 
 111      F09D73BE 
 111      F3
 112 005d 9944B40E 		.ascii	"\231D\264\016\2423\374\357\347\013E0.\317\021e\033\015"
 112      A233FCEF 
 112      E70B4530 
 112      2ECF1165 
 112      1B0D
 113 006f 401CDD08 		.ascii	"@\034\335\010\03240\210\242\032S\250\025\352\263F\373"
 113      1A343088 
 113      A21A53A8 
 113      15EAB346 
 113      FB
 114 0080 4DCDE65F 		.ascii	"M\315\346_\231\267.\352\241}\256\"*\361\025\303\014"
 114      99B72EEA 
 114      A17DAE22 
 114      2AF115C3 
 114      0C
 115 0091 DA19F53E 		.ascii	"\332\031\365>?\355\252\021\345* \304\341\352\233\362"
 115      3FEDAA11 
 115      E52A20C4 
 115      E1EA9BF2 
 116 00a1 72B38406 		.ascii	"r\263\204\006Z9\374u{za\257:\010b\377zut\322l\233\324"
 116      5A39FC75 
 116      7B7A61AF 
 116      3A0862FF 
 116      7A7574D2 
 117 00b8 3AA7FD85 		.ascii	":\247\375\205\212\322\007\\\245\360\000\212\033\342"
 117      8AD2075C 
 117      A5F0008A 
 117      1BE2
 118 00c6 3EC2B887 		.ascii	">\302\270\2070q\212\360\020m\202\377xgc|\217\031\362"
 118      30718AF0 
 118      106D82FF 
 118      7867637C 
 118      8F19F2
 119 00d9 FECEC423 		.ascii	"\376\316\304#\230\304\374i\352C\203\2577~\027\264\377"
 119      98C4FC69 
 119      EA4383AF 
 119      377E17B4 
 119      FF
 120 00ea E906568F 		.ascii	"\351\006V\217\207\230\275\224\3200\243x\015\355\323"
 120      8798BD94 
 120      D030A378 
 120      0DEDD3
 121 00f9 25658877 		.ascii	"%e\210w\301\247:\014\351U\374\362r\245)R\011f/N\354"
 121      C1A73A0C 
 121      E955FCF2 
 121      72A52952 
 121      09662F4E 
 122 010e 2E6B3FDF 		.ascii	".k?\337\272\303\370`\257YD\312\\\377\025\265\362\372"
 122      BAC3F860 
 122      AF5944CA 
 122      5CFF15B5 
 122      F2FA
 123 0120 CAB7D759 		.ascii	"\312\267\327Y\353\037\227\374\246\026\213\226\022P@"
 123      EB1F97FC 
ARM GAS  C:\Users\RAKIBU~1\AppData\Local\Temp\cc7544fe.s 			page 9


 123      A6168B96 
 123      125040
 124 012f A8A4B08D 		.ascii	"\250\244\260\215+\3411L<\021\236\374p\2764T{k\211\034"
 124      2BE1314C 
 124      3C119EFC 
 124      70BE3454 
 124      7B6B891C 
 125 0143 A1003657 		.ascii	"\241\0006W]\373\331\264\031J+\021\314\273\366y\227\207"
 125      5DFBD9B4 
 125      194A2B11 
 125      CCBBF679 
 125      9787
 126 0155 09B8AA01 		.ascii	"\011\270\252\001\317\230\306S\241\301\371B\375\325\273"
 126      CF98C653 
 126      A1C1F942 
 126      FDD5BB
 127 0164 66BBAAF3 		.ascii	"f\273\252\363Y\275T\231i\271z\324U&\236\303\3038o)c"
 127      59BD5499 
 127      69B97AD4 
 127      55269EC3 
 127      C3386F29 
 128 0179 04E41773 		.ascii	"\004\344\027s\267\254\330\224\200\274\273\334\302\302"
 128      B7ACD894 
 128      80BCBBDC 
 128      C2C2
 129 0187 0BD83814 		.ascii	"\013\3308\024\336B\300GLV\251#\2674\362#.|\003\342\364"
 129      DE42C047 
 129      4C56A923 
 129      B734F223 
 129      2E7C03E2 
 130 019c 1D396F79 		.ascii	"\0359oy\024\201\242b\303\274\005\353e\020E\242Q\233"
 130      1481A262 
 130      C3BC05EB 
 130      651045A2 
 130      519B
 131 01ae 4F3C91EC 		.ascii	"O<\221\354O\246\235\216\303\235v\332\261\023})\333\031"
 131      4FA69D8E 
 131      C39D76DA 
 131      B1137D29 
 131      DB19
 132 01c0 88CBDFEB 		.ascii	"\210\313\337\353d\242q\262\372\372\235L\362\354\351"
 132      64A271B2 
 132      FAFA9D4C 
 132      F2ECE9
 133 01cf 23FF439F 		.ascii	"#\377C\237K\017d\034\373dOwg\207\335\325u\314\3569\321"
 133      4B0F641C 
 133      FB644F77 
 133      6787DDD5 
 133      75CCEE39 
 134 01e4 7D3EB655 		.ascii	"}>\266U\337\233J\235\212&\350\017e%\305\373"
 134      DF9B4A9D 
 134      8A26E80F 
 134      6525C5FB 
 135              		.text
 136              		.section	.gnu.lto_stGetAlarm.eb2981b6,"",%progbits
 137 0000 789C7590 		.ascii	"x\234u\220=,\004A\024\307\337\177\347\354qA\247r\205"
 137      3D2C0441 
ARM GAS  C:\Users\RAKIBU~1\AppData\Local\Temp\cc7544fe.s 			page 10


 137      14C7DF7F 
 137      E7EC7141 
 137      A77285
 138 0013 464171E3 		.ascii	"FAq\343(\265\032BE/\234\342$\227\234X\021\235qN\020"
 138      28B51A42 
 138      452F9CE2 
 138      24979C58 
 138      119D714E 
 139 0028 12823BC1 		.ascii	"\022\202;\301\222\025\205(\004q\276?\262\221\320\210"
 139      92158528 
 139      0471BE3F 
 139      B291D088 
 140 0038 CF4A2908 		.ascii	"\317J)\010\211\210\240\021\015\336 \2421\231\331y\357"
 140      8988A011 
 140      0DDE20A2 
 140      3199D979 
 140      EF
 141 0049 ED6FDFFB 		.ascii	"\355o\337\373\377\327$\2426\020\205\370\316\345\003"
 141      FFD724A2 
 141      361085F8 
 141      CEE503
 142 0058 4130068F 		.ascii	"A0\006\217\211:\322\015@\007*\035\324n\240\035\375b"
 142      893AD20D 
 142      40072A1D 
 142      D46EA01D 
 142      FD62
 143 006a 44E02CBE 		.ascii	"D\340,\276h\213>a3\346\341\364\371h\374:[\247@\036\247"
 143      688B3E61 
 143      33E6E1F4 
 143      F968FC3A 
 143      5BA7401E 
 144 007f 0F8F07A9 		.ascii	"\017\217\007\251\314\202Y\245b\312\035M\372&R\247*\303"
 144      CC8259A5 
 144      62CA1D4D 
 144      FA2652A7 
 144      2AC3
 145 0091 16062519 		.ascii	"\026\006%\031O\301\217e\370\365\214\025\024\020\323"
 145      4FC18F65 
 145      F8F58C15 
 145      1410D3
 146 00a0 574BEF89 		.ascii	"WK\357\211,\323\343\010\322\000\327Wa\022k\241\205\363"
 146      2CD3E308 
 146      D200D757 
 146      61126BA1 
 146      85F3
 147 00b2 3457BD7F 		.ascii	"4W\275\177t+\367f\006K\025\334\300\026\014\364\360a"
 147      742BF766 
 147      064B15DC 
 147      C0160CF4 
 147      F061
 148 00c4 45CAA55E 		.ascii	"E\312\245^.q\324\351\322=\366v\337.\266\217\246\305"
 148      2E71D4E9 
 148      D23DF676 
 148      DF2EB68F 
 148      A6C5
 149 00d6 6FC3B8E2 		.ascii	"o\303\270\342\345\016O\371\276\032&\005\376\314\"\254"
 149      E50E4FF9 
ARM GAS  C:\Users\RAKIBU~1\AppData\Local\Temp\cc7544fe.s 			page 11


 149      BE1A2605 
 149      FECC22AC 
 150 00e6 C1C4BA9E 		.ascii	"\301\304\272\236\303\217qa\360\253d\327\336\211W{\360"
 150      C38F7161 
 150      F0AB64D7 
 150      DE89577B 
 150      F0
 151 00f7 7C91C7F3 		.ascii	"|\221\307\363\257O\276\357T7\322.\235\311\273\014\007"
 151      AF4FBEEF 
 151      5437D22E 
 151      9DC9BB0C 
 151      07
 152 0108 53B0451A 		.ascii	"S\260E\0326\331\306\206\266\301\365\356\333\303\323"
 152      36D9C686 
 152      B6C1F5EE 
 152      DBC3D3
 153 0117 6C39AFE2 		.ascii	"l9\257\342\035\352\362\372%gl\210\011\023[p\220`\251"
 153      1DEAF2FA 
 153      25676C88 
 153      09135B70 
 153      9060A9
 154 012a 7A94A6DC 		.ascii	"z\224\246\334\376\330\2347\270\240)g\323\260\205\027"
 154      FED89C37 
 154      B8A02967 
 154      D3B08517 
 155 013a DB9028F4 		.ascii	"\333\220(\364\377\020\330A\220\036\021\273\354\033\330"
 155      FF10D841 
 155      901E11BB 
 155      EC1BD8
 156 0149 37B56256 		.ascii	"7\265bV\305\377\200\335B{\3448?\020\220\274C\341\306"
 156      C5FF80DD 
 156      427BE438 
 156      3F1090BC 
 156      43E1C6
 157 015c FAC6A855 		.ascii	"\372\306\250U\\T\"\243\226\014\327E\244\325\034\322"
 157      5C5422A3 
 157      960CD745 
 157      A4D51CD2 
 158 016c 77ADD512 		.ascii	"w\255\325\022\010Q\351\177TS\264\271\305\222\3255U%"
 158      0851E97F 
 158      5453B4B9 
 158      C592D535 
 158      5525
 159 017e C5B2B2B2 		.ascii	"\305\262\262\262L\326\224W\265\006\177\276\253\215D"
 159      4CD69457 
 159      B5067FBE 
 159      AB8D44
 160 018d 1A0261FA 		.ascii	"\032\002a\372\004<a\234\302"
 160      043C619C 
 160      C2
 161              		.text
 162              		.section	.gnu.lto_stGetCounter.eb2981b6,"",%progbits
 163 0000 789C754F 		.ascii	"x\234uO=HBQ\024>\347]}\251\224kC\016-\015.\336~\306"
 163      3D484251 
 163      143EE75D 
 163      7DA9946B 
 163      430E2D0D 
ARM GAS  C:\Users\RAKIBU~1\AppData\Local\Temp\cc7544fe.s 			page 12


 164 0018 D6964227 		.ascii	"\326\226B'\333\245lP\020\214\236\264z-\303\302\206\350"
 164      DBA56C50 
 164      108C9EB4 
 164      7A2DC3C2 
 164      86E8
 165 002a C7A25E61 		.ascii	"\307\242^a44IE\366\337\360\020l\211\314\034\"\202 \022"
 165      34344945 
 165      F6DFF010 
 165      6C89CC1C 
 165      22822012 
 166 003e 0A22A440 		.ascii	"\012\"\244@\210\026\353\\\213h\351r\357=\177\3379\337"
 166      8816EB5C 
 166      8B68E972 
 166      EF3D7FDF 
 166      39DF
 167 0050 F95400F0 		.ascii	"\371T\000\360\"\200\237l\013=d\200\312L\001 fQ\020\245"
 167      22809F6C 
 167      0B3D6480 
 167      CA4C0120 
 167      665110A5 
 168 0064 232C0851 		.ascii	"#,\010Q\005\2438\315\346\031^\305\267u\226d:\301L\024"
 168      05A338CD 
 168      E6195EC5 
 168      B7759664 
 168      3AC14C14 
 169 0078 BE5D2C97 		.ascii	"\276],\227\3552Dl\245\360\245r\226mtn\0121&\214\305"
 169      ED32446C 
 169      A5F0A572 
 169      966D746E 
 169      0A31268C 
 170 008d 6BDB4AB6 		.ascii	"k\333J\266(\254:S E\360,:p\027\035\222c\017\235@\350"
 170      28AC3A53 
 170      2045F02C 
 170      3A70171D 
 170      92630F9D 
 171 00a3 879DDA42 		.ascii	"\207\235\332B\223j\222UJ\356\243\012\264\010l\225\314"
 171      936A9255 
 171      4AEEA30A 
 171      B4086C95 
 171      CC
 172 00b4 86A87D26 		.ascii	"\206\250}&\204Q\335\300\273>\352\326\031\001&\351\321"
 172      8451DDC0 
 172      BB3EEAD6 
 172      190126E9 
 172      D1
 173 00c5 3AC28029 		.ascii	":\302\200)J\2217n\3003\346\216?n\252\371u\366;-.\350"
 173      4A91376E 
 173      C033E68E 
 173      3F6EAAF9 
 173      75F63B2D 
 174 00db 1873B7B6 		.ascii	"\030s\267\266\372\300\024\303\277Dx\200*\036J\036\372"
 174      FAC014C3 
 174      BF447880 
 174      2A1E4A1E 
 174      FA
 175 00ec 969942A5 		.ascii	"\226\231B\245\324D\356\262A\0120\325\221\205\314\373"
 175      D444EEB2 
ARM GAS  C:\Users\RAKIBU~1\AppData\Local\Temp\cc7544fe.s 			page 13


 175      410A30D5 
 175      9185CCFB 
 176 00fc ABED3B94 		.ascii	"\253\355;\224\203\244\304\364\352\2235\215k\25033\036"
 176      83A4C4F4 
 176      EA93358D 
 176      6BA83333 
 176      1E
 177 010d 938623A9 		.ascii	"\223\206#\251\201\362\211\307\363\242\235gD<&\356\313"
 177      81F289C7 
 177      F3A29D67 
 177      443C26EE 
 177      CB
 178 011e A5E6A559 		.ascii	"\245\346\245YB\250x\202i\\\240U%\025\340)r\250\340\330"
 178      42A87882 
 178      695CA055 
 178      2515E029 
 178      72A8E0D8 
 179 0132 7D329357 		.ascii	"}2\223W\345>\304I\012I\013J\005\344\267\271\\\234\256"
 179      E53EC449 
 179      0A490B4A 
 179      05E4B7B9 
 179      5C9CAE
 180 0145 3F101C0C 		.ascii	"?\020\034\014\206\265\316\366.\036\326x` \304\265\021"
 180      86B5CEF6 
 180      2E1ED678 
 180      6020C4B5 
 180      11
 181 0156 BFB43E2D 		.ascii	"\277\264>-\342\362C\367\177\250\341\360HD\343\336~O"
 181      E2F243F7 
 181      7FA8E1F0 
 181      4844E3DE 
 181      7E4F
 182 0168 572777BB 		.ascii	"W'w\273{x\177\257g\264\343\247\317\027\012\015\271\002"
 182      7B787FAF 
 182      67B4E3A7 
 182      CF170A0D 
 182      B902
 183 017a F0057D14 		.ascii	"\360\005}\024\222\352"
 183      92EA
 184              		.text
 185              		.section	.gnu.lto_stIsAlarmActive.eb2981b6,"",%progbits
 186 0000 789C7590 		.ascii	"x\234u\220?H[A\034\307\177\337\273\227\030+\261k\253"
 186      3F485B41 
 186      1CC77FDF 
 186      BB97182B 
 186      B16BAB
 187 0013 593BB8E4 		.ascii	"Y;\270\344\324\214\256]D\235\352\036j:D\010D|\342$\344"
 187      D48CAE5D 
 187      449DEA1E 
 187      6A3A4408 
 187      447CE224 
 188 0028 624C62D0 		.ascii	"bLb\320A\244y!\362\224@\207\322AD\264\326\177\303Cp"
 188      41A47921 
 188      F2944087 
 188      D24144B4 
 188      D67FC343 
 189 003d 12527151 		.ascii	"\022RqQ7[K\005\021q\023A\214\277\313+\245K\217\273\337"
ARM GAS  C:\Users\RAKIBU~1\AppData\Local\Temp\cc7544fe.s 			page 14


 189      375B4B05 
 189      11711341 
 189      8CBFCB2B 
 189      A54B8FBB 
 190 0052 DDFDEE73 		.ascii	"\335\375\356s\337\357\335/HDy\020%x\356\344\001I\020"
 190      DFEFDD2F 
 190      48447910 
 190      2578EEE4 
 190      014910
 191 0065 0B75A26C 		.ascii	"\013u\242lH\000f\241C\240\214@\006\363\362\243D\271"
 191      480066A1 
 191      43A08C40 
 191      06F3F2A3 
 191      44B9
 192 0077 B4771AEE 		.ascii	"\264w\032\356\372\254\365\264\366*\213m\205\\\376\225"
 192      FAACF5B4 
 192      F62A8B6D 
 192      855CFE95 
 193 0087 2B891CBE 		.ascii	"+\211\034\276\026\213\240;b$6\320E\214\376\\\177*\207"
 193      168BA03B 
 193      622436D0 
 193      458CFE5C 
 193      7F2A87
 194 009a 839639E3 		.ascii	"\203\2269\343\344&\202\304>\264v\022\360\364S\243\250"
 194      E42682C4 
 194      3EB47612 
 194      F0F453A3 
 194      A8
 195 00ab BD5F9F50 		.ascii	"\275_\237P\035\010\010r%\233r\260\310(\321,\007\366"
 195      1D080872 
 195      259B72B0 
 195      C828D12C 
 195      07F6
 196 00bd D51E95A4 		.ascii	"\325\036\225\2440\253\234G\3278\330}8\333\254\377h\371"
 196      30AB9C47 
 196      D738D87D 
 196      38DBACFF 
 196      68F9
 197 00cf AB3BA3B9 		.ascii	"\253;\243\271y\025\247\255\243\251\355H\374\353\211"
 197      7915A7AD 
 197      A3A9ED48 
 197      FCEB89
 198 00de AF0862CB 		.ascii	"\257\010b\313XrX\222\202\217\234\374\301\367\2269\351"
 198      58725892 
 198      828F9CFC 
 198      C1F79639 
 198      E9
 199 00ef 4AD124EB 		.ascii	"J\321$\353\253\367w/\374\255Q\2628U[\276j\255a\005\256"
 199      ABF7772F 
 199      FCAD51B2 
 199      38555BBE 
 199      6AAD6105 
 200 0104 94D84604 		.ascii	"\224\330F\004\337\300\337\341|\361\367\321q\273Z\325"
 200      DFC0DFE1 
 200      7CF1F7D1 
 200      71BB5AD5 
 201 0114 33597D71 		.ascii	"3Y}qy\362\272:\345J\013;\250\241\314O5N\204](~d\356"
ARM GAS  C:\Users\RAKIBU~1\AppData\Local\Temp\cc7544fe.s 			page 15


 201      79F2BA3A 
 201      E54A0B3B 
 201      A8A1CC4F 
 201      354E845D 
 202 012c B170DEEA 		.ascii	"\261p\336\352;J\337\364\260q\357\2754.\200\300\036\353"
 202      3B4ADFF4 
 202      B071EFBD 
 202      342E80C0 
 202      1EEB
 203 013e 31B455FC 		.ascii	"1\264U\374\"}\310b\216\241\265\233\235\207\260\017\021"
 203      227DC862 
 203      8EA1B59B 
 203      9D87B00F 
 203      11
 204 014f F619BAC5 		.ascii	"\366\031\272\305\364E\351(`\376\305\0205\213\002S\012"
 204      F445E928 
 204      60FEC510 
 204      358B0253 
 204      0A
 205 0160 41F4261A 		.ascii	"A\364&\032U\334\023\311\321\221\321\264\335\333\035"
 205      55DC13C9 
 205      D191D1B4 
 205      DDDB1D
 206 016f 53695B25 		.ascii	"Si[%\337\247\224=\2360s\334\236\210&\250\357\177\324"
 206      DFA7943D 
 206      9E3073DC 
 206      9E8826A8 
 206      EF7FD4
 207 0182 587A7CC2 		.ascii	"Xz|\302V\357\206\207b\275jp\360\255\032\356\037\232"
 207      56EF8687 
 207      62BD6A70 
 207      F0AD1AEE 
 207      1F9A
 208 0194 ECF9732F 		.ascii	"\354\371s/\236J}\210&\351\0319\211\235\331"
 208      9E4A7D88 
 208      26E91939 
 208      899DD9
 209              		.text
 210              		.section	.gnu.lto_.symbol_nodes.eb2981b6,"",%progbits
 211 0000 789C55C8 		.ascii	"x\234U\310\271\015\2000\020\005\321\3617\340\266\240"
 211      B90D8030 
 211      1005D1F1 
 211      37E0B6A0 
 212 0010 B27509A4 		.ascii	"\262u\011\244\344TA\021\324`\356.\020\026\331\006\243"
 212      E4544111 
 212      D460EE2E 
 212      1016D906 
 212      A3
 213 0021 915E074C 		.ascii	"\221^\007L5Td0\256P\267\344\241\312&\013^v\231\274\034"
 213      35546430 
 213      AE50B7E4 
 213      A1CA260B 
 213      5E7699BC 
 214 0036 B2E8E594 		.ascii	"\262\350\345\2245^.Y\353\345\226uN\302#K\277@\316=D"
 214      355E2E59 
 214      EBE59675 
 214      4EC2234B 
ARM GAS  C:\Users\RAKIBU~1\AppData\Local\Temp\cc7544fe.s 			page 16


 214      BF40CE3D 
 215 004b 12737903 		.ascii	"\022sy\003\037sq(\202"
 215      1F737128 
 215      82
 216              		.text
 217              		.section	.gnu.lto_.refs.eb2981b6,"",%progbits
 218 0000 789C6363 		.ascii	"x\234cc```\004b\006\000\000D\000\010"
 218      60606004 
 218      62060000 
 218      440008
 219              		.text
 220              		.section	.gnu.lto_.decls.eb2981b6,"",%progbits
 221 0000 789CB558 		.ascii	"x\234\265X{P\024G\032\237\236\336\205eyyk\312\263\256"
 221      7B501447 
 221      1A9F9EDE 
 221      85657979 
 221      6BCAB3AE 
 222 0014 A82BCAC3 		.ascii	"\250+\312\303\223\272\272\3604\225\307]]\305\254\236"
 222      93BABAF0 
 222      3495C75D 
 222      5DC5AC9E 
 223 0024 311593AB 		.ascii	"1\025\223\253\325\253\272\253\243nC`\023\251\342\341"
 223      D5ABBAAB 
 223      A36E4360 
 223      13A9E2E1 
 224 0034 B14BAAF2 		.ascii	"\261K\252\362\317e`Q\0204\202\342\0131<ETb@\005\004"
 224      CF656051 
 224      103482E2 
 224      0B313C45 
 224      54624005 
 225 0049 82202F81 		.ascii	"\202 /\201\200\002\002\021\225G|\220h\022\004C\342\003"
 225      80020211 
 225      95477C90 
 225      68120443 
 225      E203
 226 005b 95FBBA7B 		.ascii	"\225\373\272{fg\030v\223\\\325\335\024\337\316|\335"
 226      66671876 
 226      935CD5DD 
 226      14DFCE7C 
 226      DD
 227 006c BFFE7DAF 		.ascii	"\277\376}\257\236\356\036\3348\216\373d1\307\275\206"
 227      9EEE1EDC 
 227      388EFB64 
 227      31C7BD86 
 228 007c 39EE059E 		.ascii	"9\356\005\236\343\346\340\322A\3339\020\004\322\304"
 228      E3E6E0D2 
 228      41DB3910 
 228      04D2C4
 229 008b B18BB475 		.ascii	"\261\213\264u\200t\203\\\000\351\005\271\0042\0102\002"
 229      8074835C 
 229      00E905B9 
 229      04320832 
 229      02
 230 009c 32C62DBC 		.ascii	"2\306-\274\262\201\000h\271\267@\306A\316\213\355\274"
 230      B2810068 
 230      B9B740C6 
 230      41CE8BED 
ARM GAS  C:\Users\RAKIBU~1\AppData\Local\Temp\cc7544fe.s 			page 17


 230      BC
 231 00ad C8E56CCC 		.ascii	"\310\345l\314\001\304l\2211\006\220gD\037\002\240\375"
 231      01C46C91 
 231      31069067 
 231      441F02A0 
 231      FD
 232 00be 372033F0 		.ascii	"7 3\360<\3011^\037\320\027\201\370\"\306I|\373-b~?\207"
 232      3CC1315E 
 232      1FD01781 
 232      F822C649 
 232      7CFB2D62 
 233 00d5 E6F31E02 		.ascii	"\346\363\036\002]#\362J\\\023b\214\322x\022\327\363"
 233      5D23F24A 
 233      5C13628C 
 233      D27812D7 
 233      F3
 234 00e6 AA71E42A 		.ascii	"\252q\344*\374\231>!\321'^\314\317\213\242/\253T\234"
 234      FC993E21 
 234      D1275ECC 
 234      CF8BA22F 
 234      AB549C
 235 00f9 47443E25 		.ascii	"GD>%\327\212\237\340#\2716\212|kT|\307Aw\377\021>\211"
 235      D78A9FE0 
 235      23B9368A 
 235      7C6B547C 
 235      C74177FF 
 236 0110 EB972217 		.ascii	"\353\227\"\027\251\331Z'q\326C\233\026\356\227]\214"
 236      A9D95A27 
 236      71D6439B 
 236      16EE975D 
 236      8C
 237 0121 97F244EA 		.ascii	"\227\362D\352\275\316\311\370\034\214F:\216\036\307"
 237      BDCEC9F8 
 237      1C8C463A 
 237      8E1EC7
 238 0130 9918ADD0 		.ascii	"\231\030\255\320#2\223|\241\351\223oj\037z\263&\202"
 238      2332937C 
 238      A1E9936F 
 238      6A1F7AB3 
 238      2682
 239 0142 78503196 		.ascii	"xP1\226\346\206y\372\234\377d\244\035\005\225\013\354"
 239      E68679FA 
 239      9CFF64A4 
 239      1D05950B 
 239      EC
 240 0153 D2BDC9A1 		.ascii	"\322\275\311\241*\204%\252\376\235\367J\334q\010\005"
 240      2A8425AA 
 240      FE9DF74A 
 240      DC710805 
 241 0163 F6A556E4 		.ascii	"\366\245V\344\021Z\203\036i@\235\356\311\275\341\003"
 241      115A831E 
 241      69409DEE 
 241      C9BDE103 
 242 0173 EA337AE4 		.ascii	"\3523z\344\237\203\371\261\341\331k>H\037\230.\010)"
 242      9F83F9B1 
 242      E1D96B3E 
 242      481F982E 
ARM GAS  C:\Users\RAKIBU~1\AppData\Local\Temp\cc7544fe.s 			page 18


 242      0829
 243 0185 42815DF0 		.ascii	"B\201]\360x\225C\265\310\017\235A~\034\252G\201\304"
 243      789543B5 
 243      C80F9D41 
 243      7E1CAA47 
 243      81C4
 244 0197 74350AE2 		.ascii	"t5\012\342\320ih<\005\215\245\304\\\323\330\375\025"
 244      D069683C 
 244      058DA5C4 
 244      5CD3D8FD 
 244      15
 245 01a8 D96982C0 		.ascii	"\331i\202\300\243:\244G5\010S\014D\272B\317\0348Z\222"
 245      A33AA447 
 245      3508530C 
 245      44BA42CF 
 245      1C385A92 
 246 01bc 5DE4868B 		.ascii	"]\344\206\213\020\361\200\257?x\253\215we\343\254k\033"
 246      10F180AF 
 246      3F78AB8D 
 246      7765E3AC 
 246      6B1B
 247 01ce 1F2F6BDF 		.ascii	"\037/k\337Bl4\200\215Oe\033`\222\031\331Yu\365\261/"
 247      426C3480 
 247      8D4F651B 
 247      609219D9 
 247      5975F5B1 
 248 01e3 4EA3F9E0 		.ascii	"N\243\371\340\267\\\254\276\355\322\3109\227F.v\255"
 248      B75CACBE 
 248      EDD2C839 
 248      97462E76 
 248      AD
 249 01f4 3C342008 		.ascii	"<4 \010\376\250\011\2144\312F\032\250\021\322\012\206"
 249      FEA8098C 
 249      34CA461A 
 249      A811D20A 
 249      86
 250 0205 EACE3534 		.ascii	"\352\31654z\216\241\021\004\025D\213h\222\021b\277p"
 250      7A8EA111 
 250      0415448B 
 250      68921162 
 250      BF70
 251 0217 2742F539 		.ascii	"'B\3659\351B\254\035Zyv\023\241D\221\206 G\013/r\360"
 251      E942AC1D 
 251      5A797613 
 251      A1449186 
 251      20470B2F 
 252 022d 122FFD13 		.ascii	"\022/\375\023\011\220\222\225\3653s\322\305\346\027"
 252      09909295 
 252      F53373D2 
 252      C5E617
 253 023c 7B508C63 		.ascii	"{P\214cM\274lL1d\201\257\234\243\333\341\224\034$\022"
 253      4DBC6C4C 
 253      316481AF 
 253      9CA3DBE1 
 253      941C2412 
 254 0250 E7D4E037 		.ascii	"\347\324\3407\333Ox\215\243Q\350\375;\307e\351\342\350"
 254      DB4F788D 
ARM GAS  C:\Users\RAKIBU~1\AppData\Local\Temp\cc7544fe.s 			page 19


 254      A351E8FD 
 254      3BC765E9 
 254      E2E8
 255 0262 EC4A3B39 		.ascii	"\354J;99\246\305ulN\266\315\335o\362eS\215'\263p\252"
 255      39A6C575 
 255      6C4EB6CD 
 255      DD6FF265 
 255      538D27B3 
 256 0278 FB90279B 		.ascii	"\373\220'\233j\213@-\337>\227\243]\272\227\244=\313"
 256      6A8B402D 
 256      DF3E97A3 
 256      5DBA97A4 
 256      3DCB
 257 028a 2E2CE2D1 		.ascii	".,\342\321[KP;\024\243\015\212\301\241\363h)\374\306"
 257      5B4B503B 
 257      14A30D8A 
 257      C1A1F368 
 257      29FCC6
 258 029d 6B98B186 		.ascii	"k\230\261\206\247\003\323>\313\012\204\202q(\321e\377"
 258      A703D33E 
 258      CB0A8482 
 258      7128D165 
 258      FF
 259 02ae FDDD5B85 		.ascii	"\375\335[\205^\030\3672\305\241V\271N\255d\322\243\026"
 259      5E18F732 
 259      C5A156B9 
 259      4EAD64D2 
 259      A316
 260 02c0 348E5033 		.ascii	"4\216P3\032\003\337:\3202\030o/\277\222\241\305_2\267"
 260      1A03DF3A 
 260      D032186F 
 260      2FBF92A1 
 260      C55F32B7 
 261 02d4 2ACA3F1E 		.ascii	"*\312?\036\321ixVNb\002\332\204\314\201]\276.\235\371"
 261      D1697856 
 261      4E6202DA 
 261      84CC815D 
 261      BE2E9DF9 
 262 02e8 8C3AD385 		.ascii	"\214:\323\205DoJ\322v\334\362\002o\306\301\233G\277"
 262      446F4AD2 
 262      76DCF202 
 262      6FC6C19B 
 262      47BF
 263 02fa CA159A52 		.ascii	"\312\025\232R\0042/\001\205:eW:\325\256tSW:gO\372\340"
 263      04322F01 
 263      853A6557 
 263      3AD5AE74 
 263      53573A67 
 264 0311 19E649E7 		.ascii	"\031\346I\347p\306\011\275Ht\307\317ADb\352\221\211"
 264      70C609BD 
 264      4874C7CF 
 264      414462EA 
 264      9189
 265 0323 7AD44417 		.ascii	"z\324D\027(\321\256S\367\363\265X\300\224i\270\346Z"
 265      28D1AE53 
 265      F7F3B558 
 265      C09469B8 
ARM GAS  C:\Users\RAKIBU~1\AppData\Local\Temp\cc7544fe.s 			page 20


 265      E65A
 266 0335 87BBC874 		.ascii	"\207\273\310t\345\327\363\\\272(3]T3\365R\246\362\231"
 266      E5D7F35C 
 266      BA28335D 
 266      5433F552 
 266      A6F299
 267 0348 DE93DE64 		.ascii	"\336\223\336dM L\217wn\235\346\225\231 I\222S\321?\257"
 267      4D204C8F 
 267      776E9DE6 
 267      95992049 
 267      9253D13F 
 268 035d 2E252D65 		.ascii	".%-e\203\274hv\264lI\241](\023\310\333\003(\324'\333"
 268      83BC6876 
 268      B46C49A1 
 268      5D2813C8 
 268      DB0328D4 
 269 0373 ED53DBBD 		.ascii	"\355S\333\275D\355\326^\236Mu\307{\231\335\023G\267"
 269      44EDD65E 
 269      9E4D75C7 
 269      7B99DD13 
 269      47B7
 270 0385 6EF79522 		.ascii	"n\367\225\"\370\235#\002\3024 3\015\250\231\006)S\372"
 270      F89D2302 
 270      C2342033 
 270      0DA89906 
 270      2953FA
 271 0398 F09D260D 		.ascii	"\360\235&\015.fL=m\227\366\273\343ST\321\034l\255\236"
 271      2E664C3D 
 271      6D97F6BB 
 271      E35354D1 
 271      1C6CAD9E 
 272 03ac F4441E7E 		.ascii	"\364D\036~\010\"@\201id5\020\354Y\260\325\241p?\024"
 272      08224081 
 272      69643510 
 272      EC59B0D5 
 272      A1703F14 
 273 03c0 026BC155 		.ascii	"\002k\301UX\013.#\017`\035\006\310\025\0102W\320\321"
 273      580B2E23 
 273      0F601D06 
 273      C8150832 
 273      57D0D1
 274 03d3 965C0116 		.ascii	"\226\\\001\026\217E\364\261TZW9\242\242\317\305\245"
 274      8F45F4B1 
 274      545A5739 
 274      A2A2CFC5 
 274      A5
 275 03e4 952561AE 		.ascii	"\225%a\256}\252\\\247\314\030\201\310\031\2736/cmE]"
 275      7DAA5CA7 
 275      CC1881C8 
 275      19BB362F 
 275      636D455D 
 276 03f8 1352A12E 		.ascii	"\023R\241.\224{9\342\004\024\032\222\343\034R\3079B"
 276      947B39E2 
 276      04141A92 
 276      E31C52C7 
 276      3942
 277 040a E39CDE7E 		.ascii	"\343\234\336~\267\300\027\327\2628\347\246O\014i\011"
ARM GAS  C:\Users\RAKIBU~1\AppData\Local\Temp\cc7544fe.s 			page 21


 277      B7C017D7 
 277      B238E7A6 
 277      4F0C6909 
 278 041a 15AC5B77 		.ascii	"\025\254[w\037\3741\335\276u\207\000\373+\235>\2432"
 278      1FFC31DD 
 278      BE758700 
 278      FB2B9D3E 
 278      A332
 279 042c D5A8E82C 		.ascii	"\325\250\350,\320\020\212\374\307\263\007|\2742\034"
 279      D0108AFC 
 279      C7B3077C 
 279      BC321C
 280 043b CB22854B 		.ascii	"\313\"\205K+#\007\006\275(\030\356\000\256\371bO\243"
 280      2B230706 
 280      BD2818EE 
 280      00AEF962 
 280      4FA3
 281 044d 077B832F 		.ascii	"\007{\203/\023\223\271\3653]Z\246\353H\367\344\361\032"
 281      1393B9F5 
 281      335D5AA6 
 281      EB48F7E4 
 281      F11A
 282 045f 6FF64637 		.ascii	"o\366F7\221\356K\023\205\251^\254\273\227\350-C\347"
 282      91EE4B13 
 282      85A95EAC 
 282      BB97E82D 
 282      43E7
 283 0471 A7343859 		.ascii	"\24748YC\335\335\337_\271F\017\031\265\377\2545\037"
 283      43DDDDDF 
 283      5FB9460F 
 283      19B5FFAC 
 283      351F
 284 0483 067477CF 		.ascii	"\006tw\317\366hq\032\033\235\331V\325.n[\035D\317\251"
 284      F668711A 
 284      1B9DD956 
 284      D52E6E5B 
 284      1D44CFA9 
 285 0497 6BA9F7C4 		.ascii	"k\251\367\304\031\254\363F\306\365\0267\274\223)\222"
 285      19ACF346 
 285      C6F51637 
 285      BC932992 
 286 04a7 5306D1A9 		.ascii	"S\006\321\251\374\253\337w!\274\233u\326\327|\332.\006"
 286      FCABDF77 
 286      21BC9B75 
 286      D6D77CDA 
 286      2E06
 287 04b9 10A25892 		.ascii	"\020\242X\222\014lI\252\236\350l\327\263x\004D\226\235"
 287      0C6C49AA 
 287      9EE86CD7 
 287      B3780444 
 287      969D
 288 04cb FE6B2FE3 		.ascii	"\376k/\343\375ld\363\275\212#bl\030\324\361\254\226"
 288      FD6C64F3 
 288      BD8A2362 
 288      6C18D4F1 
 288      AC96
 289 04dd 395F128E 		.ascii	"9_\022\216 \246\021\332\345,\336#\333\005\012\366C\323"
ARM GAS  C:\Users\RAKIBU~1\AppData\Local\Temp\cc7544fe.s 			page 22


 289      20A611DA 
 289      E52CDE23 
 289      DB050AF6 
 289      43D3
 290 04ef 2C94EFB3 		.ascii	",\224\357\263*\376l\310\2423\004V-\015\335\302\356\002"
 290      2AFE6CC8 
 290      A2330456 
 290      2D0DDDC2 
 290      EE02
 291 0501 7A92A2BF 		.ascii	"z\222\242\277C\006i\014\001'\177qx\324G\211\236\370"
 291      4306690C 
 291      01277F71 
 291      78D44789 
 291      9EF8
 292 0513 31F489E2 		.ascii	"1\364\211\342\303\373\3648\2179y\360\273\221\333b\275"
 292      C3FBF438 
 292      8F3979F0 
 292      BB91DB62 
 292      BD
 293 0524 02412DFD 		.ascii	"\002A-\375\241\336\256\303\005\254o\367\331C=\356\270"
 293      A1DEAEC3 
 293      05AC6FF7 
 293      D9433DEE 
 293      B8
 294 0535 8429D2B6 		.ascii	"\204)\322\266o\240\333>J\371\374\025\\\306z\032\263"
 294      6FA0DB3E 
 294      4AF9FC15 
 294      5CC67A1A 
 294      B3
 295 0546 778D205C 		.ascii	"w\215 \\\316\224\311\324[\343b~\226\202\272\347\263"
 295      CE94C9D4 
 295      5BE3627E 
 295      9682BAE7 
 295      B3
 296 0557 AF57E04A 		.ascii	"\257W\340J\326\365\264\243e\005\256a\317\355\325eG\020"
 296      D6F5B4A3 
 296      6505AE61 
 296      CFEDD565 
 296      4710
 297 0569 6E60CABD 		.ascii	"n`\312\275\334\366\257\365\370\034S\012\372\363\316"
 297      DCF6AFF5 
 297      F81C530A 
 297      FAF3CE
 298 0578 E8702B53 		.ascii	"\350p+SJ\037\354-\365\302\235L\031\250\035L\367\304"
 298      4A1FEC2D 
 298      F5C29D4C 
 298      19A81D4C 
 298      F7C4
 299 058a 1798925E 		.ascii	"\027\230\222^Y\271\337\023\3673%\245~8[\3346\306\211"
 299      59B9DF13 
 299      F73325A5 
 299      7E385BDC 
 299      36C689
 300 059d 7EF3F0CD 		.ascii	"~\363\360\315\002\017\261*n\240g\364w\337Gx\210\201"
 300      020FB12A 
 300      6EA067F4 
 300      77DF4778 
ARM GAS  C:\Users\RAKIBU~1\AppData\Local\Temp\cc7544fe.s 			page 23


 300      8881
 301 05af B3A7EEED 		.ascii	"\263\247\356\355vsY\207t^\254C\010-CMU\361]\235\272"
 301      76735987 
 301      745EAC43 
 301      082D434D 
 301      55F15D9D 
 302 05c4 0E37007D 		.ascii	"\0167\000}\235\242\267\361\006i\014A\267\2666<A\352"
 302      9DA2B7F1 
 302      06690C41 
 302      B7B6363C 
 302      41EA
 303 05d6 3AB8422F 		.ascii	":\270B/iJ+\330\342\211\002\330\2658@\272\002\311O\221"
 303      694A2BD8 
 303      E28902D8 
 303      B53840BA 
 303      02C94F91 
 304 05ea 906A8703 		.ascii	"\220j\207\003\314A\234Qy\263/Y(YJ\251 \010\264\213_"
 304      CC419C51 
 304      79B32F59 
 304      28594AA9 
 304      2008B48B 
 305 05ff 2CBF073F 		.ascii	",\277\007?P\336Z\362\313\261!w>\200\005\"\025S\370S"
 305      50DE5AF2 
 305      CBB12177 
 305      3E800522 
 305      1553F853 
 306 0613 35FC3185 		.ascii	"5\3741\205\207\312\350.\005:\205W\241\257\317C'\013"
 306      87CAE82E 
 306      053A8557 
 306      A1AFCF43 
 306      270B
 307 0625 4DD7D371 		.ascii	"M\327\323q2\205\317 \003\232\022\311\245i\206\276]\340"
 307      3285CF20 
 307      039A12C9 
 307      A56986BE 
 307      5DE0
 308 0637 4BBF823D 		.ascii	"K\277\202=\3319\273\022~E\001\027\324\360I\265\353\217"
 308      D939BB12 
 308      7E450117 
 308      D4F049B5 
 308      EB8F
 309 0649 D2B10CBF 		.ascii	"\322\261\014\277\255\216\364+\005{\266X\017\001vc\264"
 309      AD8EF42B 
 309      057BB658 
 309      0F017663 
 309      B4
 310 065a 95F7435B 		.ascii	"\225\367C[x\322I\360\260\200\240<>\020\355\345\003\320"
 310      78D249F0 
 310      B080A03C 
 310      3E10EDE5 
 310      03D0
 311 066c 6E901D20 		.ascii	"n\220\035 ;A\262@>\002\331\016\222\003\262\037d\037"
 311      3B41B240 
 311      3E02D90E 
 311      9203B21F 
 311      641F
 312 067e 48014826 		.ascii	"H\001H&H>\310\207 \271 {@\262A\016\201\034\0009\310"
ARM GAS  C:\Users\RAKIBU~1\AppData\Local\Temp\cc7544fe.s 			page 24


 312      483EC887 
 312      20B9207B 
 312      40B2410E 
 312      811C0039 
 313 0693 07D0D593 		.ascii	"\007\320\325\223\271\331\254\010\312\256\016*X\235\202"
 313      B9D9AC08 
 313      CAAE0E2A 
 313      589D82
 314 06a2 7B0AF413 		.ascii	"{\012\364\023\347\325\233\007W\346\340\216\363\034("
 314      E7D59B07 
 314      57E6E08E 
 314      F31C28
 315 06b1 53F66F19 		.ascii	"S\366o\031\235\352\324\027\005\270Y\311\375H\315\375"
 315      9DEAD417 
 315      05B859C9 
 315      FD48CDFD 
 316 06c1 70812F8F 		.ascii	"p\201/\217\024\256\317:\207+'\3366\005\373-5\374\346"
 316      14AECF3A 
 316      872B27DE 
 316      3605FB2D 
 316      35FCE6
 317 06d4 C269ADF4 		.ascii	"\302i\255\364\346\0335\376\353\371x\230\244\375\333"
 317      E61B35FE 
 317      EBF97898 
 317      A4FDDB
 318 06e3 C4A99AC1 		.ascii	"\304\251\232\301\033P\232\030\253\364&\242/dw\330!\376"
 318      1B509A18 
 318      ABF426A2 
 318      2F6477D8 
 318      21FE
 319 06f5 87A78664 		.ascii	"\207\247\206d\230\037\004\305\211\273\240\\\302\366"
 319      981F04C5 
 319      89BBA05C 
 319      C2F6
 320 0703 6DB8F6B4 		.ascii	"m\270\366\264 ls\243\306\277t\356\254\"\266\353\212"
 320      206C73A3 
 320      C6BF74EE 
 320      AC22B6EB 
 320      8A
 321 0714 4CCCA9D1 		.ascii	"L\314\251\321\223\013\247\2752\264\357\325\370o\027"
 321      930BA7BD 
 321      32B4EFD5 
 321      F86F17
 322 0723 644E097F 		.ascii	"dN\011\177\340|A\240p\362A\330=T\346\203\367j\351\367"
 322      E07C41A0 
 322      70F241D8 
 322      3D54E683 
 322      F76AE9F7 
 323 0737 4D55FA70 		.ascii	"MU\372p\271/\012\\\314\"\036\335\206\355$\342b\030]"
 323      B92F0A5C 
 323      CC221EDD 
 323      86ED24E2 
 323      62185D
 324 074a C83BB67E 		.ascii	"\310;\266~\222\000\027o\014*\202\027\345\377\375\322"
 324      9200176F 
 324      0C2A8217 
 324      E5FFFDD2 
ARM GAS  C:\Users\RAKIBU~1\AppData\Local\Temp\cc7544fe.s 			page 25


 325 075a 906FA5C6 		.ascii	"\220o\245\306\302\032\215\362\270Q\254\010\220C%<;n"
 325      C21A8DF2 
 325      B851AC08 
 325      9043253C 
 325      3B6E
 326 076c C01DC085 		.ascii	"\300\035\300\205\247fr\275q\221\226\355WU\203\215np"
 326      A76672BD 
 326      719196ED 
 326      5755838D 
 326      6E70
 327 077e BC691A27 		.ascii	"\274i\032'\307\233\200\035\366\314\035BA\262\360\362"
 327      C79B801D 
 327      F6CC1D42 
 327      41B2F0F2 
 328 078e ABF4547B 		.ascii	"\253\364T{X\216\022\036\347\237\225Jyz\252\315)\330"
 328      588E121E 
 328      E79F954A 
 328      797AAACD 
 328      29D8
 329 07a0 E38BAB18 		.ascii	"\343\213\253\030Y\361\235\332\026q\337\367\006\365Z"
 329      59F19DDA 
 329      1671DFF7 
 329      06F55A
 330 07af 51CE610D 		.ascii	"Q\316a\015\333R\276\"\335\205=\337\355\325\343\026\206"
 330      DB52BE22 
 330      DD853DDF 
 330      EDD5E316 
 330      86
 331 07c0 9DFD2A67 		.ascii	"\235\375*g\0301,qj\242.\247U\357r\207"
 331      18312C71 
 331      6AA22EA7 
 331      55EF7287 
 332 07d0 29977698 		.ascii	")\227v\230\343<\335b\006\0374<\362\302\335\224ISn?6"
 332      E33CDD62 
 332      061F343C 
 332      F2C2DD94 
 332      49536E3F 
 333 07e5 A54181EC 		.ascii	"\245A\201\354\360\251W\034\"+y=\372\230w\034\"\351I"
 333      F0A9571C 
 333      222B793D 
 333      FA98771C 
 333      22E949
 334 07f8 73EA03D2 		.ascii	"s\352\003\322LO\237\344N?\\\205b\001/u\034UO@\231*\251"
 334      4C4F9FE4 
 334      4E3F5C85 
 334      62012F75 
 334      1C554F40 
 335 080f BD0AA8E2 		.ascii	"\275\012\250\342'\314\240 \364\336\325\312\273\024\242"
 335      27CCA020 
 335      F4DED5CA 
 335      BB14A2
 336 081e DC47A1BF 		.ascii	"\334G\241\277\214\256\213'\351.U.\355i\225y\035\017"
 336      8CAE8B27 
 336      E92E552E 
 336      ED699579 
 336      1D0F
 337 0830 3DF42277 		.ascii	"=\364\"w\372Oq\317\355\313\233vWr\237\3721\356c\225"
ARM GAS  C:\Users\RAKIBU~1\AppData\Local\Temp\cc7544fe.s 			page 26


 337      FA4F71CF 
 337      EDCB9B76 
 337      57729FFA 
 337      31EE6395 
 338 0844 99A77C96 		.ascii	"\231\247|\226\027\013\275M\344#-\340`\251\220^\001\301"
 338      170BBD4D 
 338      E4232DE0 
 338      60A9905E 
 338      01C1
 339 0856 9C8677F6 		.ascii	"\234\206w\366\030T\013>\177\024c\217@\313?y\016U\361"
 339      18540B3E 
 339      7F14638F 
 339      40CB3F79 
 339      0E55F1
 340 0869 CB61E8D5 		.ascii	"\313a\350\325\271\332\002o\334\307\362\177x\242\307"
 340      B9DA026F 
 340      DCC7F27F 
 340      78A2C7
 341 0878 EE21177E 		.ascii	"\356!\027~\247\\xrT\255\226\013_\255.|\015-|\343\355"
 341      A75C7872 
 341      54AD960B 
 341      5FAD2E7C 
 341      0D2D7CE3 
 342 088d 925C0DBE 		.ascii	"\222\\\015\276\301\310\276\274X\266I\344\352:\200\331"
 342      C1C8BEBC 
 342      58B649E4 
 342      EA3A80D9 
 343 089d 71BB907D 		.ascii	"q\273\220}\030\235\221\231\316\250\231j)\323\323\336"
 343      189D9199 
 343      CEA8996A 
 343      29D3D3DE 
 344 08ad FC190D9E 		.ascii	"\374\031\015\236aL\237\017\247\326\212\323\302Sq4~F"
 344      614C9F0F 
 344      A7D68AD3 
 344      C2537134 
 344      7E46
 345 08bf 3C1A3F99 		.ascii	"<\032?\231\352}\"\236\017\311\377\010f;\266\346#\227"
 345      EA7D229E 
 345      0FC9FF08 
 345      663BB6E6 
 345      2397
 346 08d1 B3E6AC34 		.ascii	"\263\346\2544k\032X\242\317~\326?\354\243.\342\247\220"
 346      6B1A58A2 
 346      CF7ED63F 
 346      ECA32EE2 
 346      A790
 347 08e3 AC7A9AAC 		.ascii	"\254z\232\254F\232\350\263R\242\007F\267\033\325Uq\011"
 347      469AE8B3 
 347      52A20746 
 347      B71BD555 
 347      7109
 348 08f5 BE3A5D53 		.ascii	"\276:]S\245qTe\345GbU\232\304\252\300\027\240bl\235"
 348      A5715465 
 348      E5476255 
 348      9AC4AAC0 
 348      17A0626C 
 349 090a 589573B4 		.ascii	"X\225s\264*\325\373\366\374\011\247\270\321\350\257"
ARM GAS  C:\Users\RAKIBU~1\AppData\Local\Temp\cc7544fe.s 			page 27


 349      2AD5FBF6 
 349      FC09A7B8 
 349      D1E8AF
 350 0919 9ECBBFC2 		.ascii	"\236\313\277\302;\212\2622\267\370C\251(\344\013\255"
 350      3B8AB232 
 350      B7F843A9 
 350      28E40BAD 
 351 0929 594E65B3 		.ascii	"YNe\263:\225-4\225Eg\237\244\272\341\335\214,edhR\341"
 351      3A952D34 
 351      9545679F 
 351      A4BAE1DD 
 351      8C2C6564 
 352 0940 5399CAA7 		.ascii	"S\231\312\247K\363|j\025}j\243>=\314?\366\330\033\027"
 352      4BF37C6A 
 352      157D6AA3 
 352      3E3DCC3F 
 352      F6D81B17 
 353 0954 329E2359 		.ascii	"2\236#Y\007.\3718\234\372}\346|\247\332e\247\332\325"
 353      072EF938 
 353      9CFA7DE6 
 353      7CA7DA65 
 353      A7DAD5
 354 0967 4E9DA74E 		.ascii	"N\235\247N]x\334Q\351\206O3\262\276\272\276\323\322"
 354      5D78DC51 
 354      E9864F33 
 354      B2BEBABE 
 354      D3D2
 355 0979 7A339A87 		.ascii	"z3\232\207\313a\223\330\"\010\315\032\372i\326!su\250"
 355      CB6193D8 
 355      2208CD1A 
 355      FA69D621 
 355      7375A8
 356 098c B93AF965 		.ascii	"\271:\371e\\@PP0\374Em\212y;&\301\032\026\022\036\234"
 356      5C405050 
 356      30FC456D 
 356      8A793B26 
 356      C11A1612 
 357 09a2 600DDE14 		.ascii	"`\015\336\024\031\033lM\214\"w\263\325\026\024\245["
 357      191B6C4D 
 357      8C2277B3 
 357      D51614A5 
 357      5B
 358 09b3 FBC65FFD 		.ascii	"\373\306_\375\215\241\241\234\336lN\212\211\267\205"
 358      8DA1A19C 
 358      DE6C4E8A 
 358      89B785
 359 09c2 87996DEF 		.ascii	"\207\231m\357D\275\024AGYmI\3211\011\021\266\204\204"
 359      44BD1441 
 359      47596D49 
 359      D1310911 
 359      B68484
 360 09d5 586BC4BB 		.ascii	"Xk\304\273\361I\376\364\311?21\316\337\022\367\266%"
 360      F149FEF4 
 360      C93F3231 
 360      CEDF12F7 
 360      B625
 361 09e7 3ADA121D 		.ascii	":\332\022\035\361|P\210\177XH\350\363\377Z\031\001\355"
ARM GAS  C:\Users\RAKIBU~1\AppData\Local\Temp\cc7544fe.s 			page 28


 361      F17C5088 
 361      7F5848E8 
 361      F3FF5A19 
 361      01ED
 362 09f9 CFC627C4 		.ascii	"\317\306'\304[\236\265D\276\035\023\021\023\037\025"
 362      5B9EB544 
 362      BE1D1311 
 362      131F15
 363 0a08 9B146D89 		.ascii	"\233\024m\211\210\213\004\256xK\2049\332\362NdR\254"
 363      888B04AE 
 363      784B8439 
 363      DAF24E64 
 363      52AC
 364 0a1a CD6C7B7F 		.ascii	"\315l{\177\263\305\032\264\211\323I\366\376\361?\265"
 364      B3C51AB4 
 364      89D349F6 
 364      FEF13FB5 
 365 0a2a 677DDF1A 		.ascii	"g}\337\032\001\241E\0039\030\361\000\325\026\023g1\333"
 365      01A14503 
 365      3918F100 
 365      D5161367 
 365      31DB
 366 0a3c 029DA523 		.ascii	"\002\235\245#\321\026,\216\203\016\202\203!nV\333\272"
 366      D1162C8E 
 366      830E8283 
 366      216E56DB 
 366      BA
 367 0a4d F818DBF2 		.ascii	"\370\030\333\362\237\223>\316\313j\333`\213L\264\255"
 367      9F933ECE 
 367      CB6ADB60 
 367      8B4CB4AD 
 368 0a5d 8A056F3C 		.ascii	"\212\005o<\211\222\260\231>\353\341\331b\223\036\327"
 368      8992B099 
 368      3EEBE1D9 
 368      62931ED7 
 369 0a6d 8A8F5EF4 		.ascii	"\212\217^\364\321\230\220\024o\263$\372\202!+m^\025"
 369      D1989014 
 369      6FB324FA 
 369      82212B6D 
 369      5E15
 370 0a7f 658B79CF 		.ascii	"e\213y\317\2425\277\002\361\002\211966\332\034\003>"
 370      A235BF02 
 370      F1028939 
 370      3636DA1C 
 370      033E
 371 0a91 FCC1950F 		.ascii	"\374\301\225\017\233\023\022m\326\340\015\033\327\207"
 371      9B13126D 
 371      D6E00D1B 
 371      D787
 372 0a9f 8705BFFE 		.ascii	"\207\005\277\376\372\352\340\215\353\326\277\027*zE"
 372      FAEAE08D 
 372      EBD6BF17 
 372      2A7A45
 373 0aae 4643185A 		.ascii	"FC\030Z\243q\275)\234\177\323\244Y\275~\225\011\257"
 373      A371BD29 
 373      9C7FD3A4 
 373      59BD7E95 
ARM GAS  C:\Users\RAKIBU~1\AppData\Local\Temp\cc7544fe.s 			page 29


 373      09AF
 374 0ac0 369A34AF 		.ascii	"6\2324\257\254\336h\302F\243\011\233@V\231L\370/\033"
 374      ACDE68C2 
 374      46A3099B 
 374      4056994C 
 374      F82F1B
 375 0ad3 8CD8F8C6 		.ascii	"\214\330\370\306F\215\321\270\306D\361a\3647\024\257"
 375      468DD1B8 
 375      C644F161 
 375      F43714AF 
 376 0ae3 596BE237 		.ascii	"Yk\3427\300\310ukL\232\015\353\001m4\205\201\204\002"
 376      C0C8756B 
 376      4C9A0DEB 
 376      016D3485 
 376      818402
 377 0af6 F26FA697 		.ascii	"\362o\246\227\376;\257\254\2668R\345\2308p\312\323\241"
 377      FE3BAFAC 
 377      B63852E5 
 377      983870CA 
 377      D3A1
 378 0b08 986D0631 		.ascii	"\230m\0061P+\311\2379\222\344\301\333l~')>\312l\016"
 378      502BC99F 
 378      3992E4C1 
 378      DB6C7E27 
 378      293ECA6C 
 379 0b1d 7A213CEC 		.ascii	"z!<\354\005\235\244i\2426E&\376\302\001O\330\314\320"
 379      059DA469 
 379      A2364526 
 379      FEC2014F 
 379      D8CCD0
 380 0b30 8BA4168B 		.ascii	"\213\244\026\213\223\341\341\317I\335\357:\355~\321"
 380      93E1E1CF 
 380      49DDEF3A 
 380      ED7ED1
 381 0b3f A0E88E62 		.ascii	"\240\350\216b\005Y\"\245\336\312\006\230#i]\376\003"
 381      055922A5 
 381      DECA0698 
 381      23695DFE 
 381      03
 382 0b50 E06FD653 		.ascii	"\340o\326S"
 383              		.text
 384              		.section	.gnu.lto_.symtab.eb2981b6,"",%progbits
 385 0000 7374496E 		.ascii	"stInit\000"
 385      697400
 386 0007 00       		.ascii	"\000"
 387 0008 00       		.ascii	"\000"
 388 0009 00       		.ascii	"\000"
 389 000a 00000000 		.ascii	"\000\000\000\000\000\000\000\000"
 389      00000000 
 390 0012 C8000000 		.ascii	"\310\000\000\000"
 391 0016 73745374 		.ascii	"stStartAlarm\000"
 391      61727441 
 391      6C61726D 
 391      00
 392 0023 00       		.ascii	"\000"
 393 0024 00       		.ascii	"\000"
 394 0025 00       		.ascii	"\000"
ARM GAS  C:\Users\RAKIBU~1\AppData\Local\Temp\cc7544fe.s 			page 30


 395 0026 00000000 		.ascii	"\000\000\000\000\000\000\000\000"
 395      00000000 
 396 002e CC000000 		.ascii	"\314\000\000\000"
 397 0032 73745374 		.ascii	"stStopAlarm\000"
 397      6F70416C 
 397      61726D00 
 398 003e 00       		.ascii	"\000"
 399 003f 00       		.ascii	"\000"
 400 0040 00       		.ascii	"\000"
 401 0041 00000000 		.ascii	"\000\000\000\000\000\000\000\000"
 401      00000000 
 402 0049 CE000000 		.ascii	"\316\000\000\000"
 403 004d 73745365 		.ascii	"stSetAlarm\000"
 403      74416C61 
 403      726D00
 404 0058 00       		.ascii	"\000"
 405 0059 00       		.ascii	"\000"
 406 005a 00       		.ascii	"\000"
 407 005b 00000000 		.ascii	"\000\000\000\000\000\000\000\000"
 407      00000000 
 408 0063 D0000000 		.ascii	"\320\000\000\000"
 409 0067 73744765 		.ascii	"stGetAlarm\000"
 409      74416C61 
 409      726D00
 410 0072 00       		.ascii	"\000"
 411 0073 00       		.ascii	"\000"
 412 0074 00       		.ascii	"\000"
 413 0075 00000000 		.ascii	"\000\000\000\000\000\000\000\000"
 413      00000000 
 414 007d D3000000 		.ascii	"\323\000\000\000"
 415 0081 73744765 		.ascii	"stGetCounter\000"
 415      74436F75 
 415      6E746572 
 415      00
 416 008e 00       		.ascii	"\000"
 417 008f 00       		.ascii	"\000"
 418 0090 00       		.ascii	"\000"
 419 0091 00000000 		.ascii	"\000\000\000\000\000\000\000\000"
 419      00000000 
 420 0099 D5000000 		.ascii	"\325\000\000\000"
 421 009d 73744973 		.ascii	"stIsAlarmActive\000"
 421      416C6172 
 421      6D416374 
 421      69766500 
 422 00ad 00       		.ascii	"\000"
 423 00ae 00       		.ascii	"\000"
 424 00af 00       		.ascii	"\000"
 425 00b0 00000000 		.ascii	"\000\000\000\000\000\000\000\000"
 425      00000000 
 426 00b8 DD000000 		.ascii	"\335\000\000\000"
 427 00bc 73745F6C 		.ascii	"st_lld_init\000"
 427      6C645F69 
 427      6E697400 
 428 00c8 00       		.ascii	"\000"
 429 00c9 02       		.ascii	"\002"
 430 00ca 00       		.ascii	"\000"
 431 00cb 00000000 		.ascii	"\000\000\000\000\000\000\000\000"
ARM GAS  C:\Users\RAKIBU~1\AppData\Local\Temp\cc7544fe.s 			page 31


 431      00000000 
 432 00d3 DF000000 		.ascii	"\337\000\000\000"
 433              		.text
 434              		.section	.gnu.lto_.opts,"",%progbits
 435 0000 272D666D 		.ascii	"'-fmath-errno' '-fsigned-zeros' '-ftrapping-math' '"
 435      6174682D 
 435      6572726E 
 435      6F272027 
 435      2D667369 
 436 0033 2D666E6F 		.ascii	"-fno-trapv' '-fno-openmp' '-fno-openacc' '-mcpu=cor"
 436      2D747261 
 436      70762720 
 436      272D666E 
 436      6F2D6F70 
 437 0066 7465782D 		.ascii	"tex-m4' '-mthumb' '-O2' '-fomit-frame-pointer' '-fa"
 437      6D342720 
 437      272D6D74 
 437      68756D62 
 437      2720272D 
 438 0099 6C69676E 		.ascii	"lign-functions=16' '-ffunction-sections' '-fdata-se"
 438      2D66756E 
 438      6374696F 
 438      6E733D31 
 438      36272027 
 439 00cc 6374696F 		.ascii	"ctions' '-fno-common' '-flto'\000"
 439      6E732720 
 439      272D666E 
 439      6F2D636F 
 439      6D6D6F6E 
 440              		.text
 441              		.comm	__gnu_lto_v1,1,1
 442              		.comm	__gnu_lto_slim,1,1
 443              		.ident	"GCC: (GNU Tools for Arm Embedded Processors 7-2017-q4-major) 7.2.1 20170904 (release) [ARM
ARM GAS  C:\Users\RAKIBU~1\AppData\Local\Temp\cc7544fe.s 			page 32


DEFINED SYMBOLS
                            *ABS*:00000000 hal_st.c
                            *COM*:00000001 __gnu_lto_v1
                            *COM*:00000001 __gnu_lto_slim

NO UNDEFINED SYMBOLS
