ARM GAS  C:\Users\RAKIBU~1\AppData\Local\Temp\ccvPnrip.s 			page 1


   1              		.cpu cortex-m4
   2              		.eabi_attribute 20, 1
   3              		.eabi_attribute 21, 1
   4              		.eabi_attribute 23, 3
   5              		.eabi_attribute 24, 1
   6              		.eabi_attribute 25, 1
   7              		.eabi_attribute 26, 1
   8              		.eabi_attribute 30, 2
   9              		.eabi_attribute 34, 1
  10              		.eabi_attribute 18, 4
  11              		.file	"hal_lld.c"
  12              		.section	.gnu.lto_.profile.eb29b84b,"",%progbits
  13 0000 789C6363 		.ascii	"x\234cc```\005bF\206\036\306\012\000\002\253\001\022"
  13      60606005 
  13      6246861E 
  13      C60A0002 
  13      AB0112
  14              		.text
  15              		.section	.gnu.lto_.icf.eb29b84b,"",%progbits
  16 0000 789C6363 		.ascii	"x\234cc``\020a@\000f\206\2673\037\254dcl9\266\347\027"
  16      60601061 
  16      40006686 
  16      B7331FAC 
  16      64636C39 
  17 0017 3BD393A6 		.ascii	";\323\223\246\235?\270\031\000c\261\011_"
  17      9D3FB819 
  17      0063B109 
  17      5F
  18              		.text
  19              		.section	.gnu.lto_.jmpfuncs.eb29b84b,"",%progbits
  20 0000 789C6363 		.ascii	"x\234cc``\340b@\000&0\311\010\304\000\001\252\000\024"
  20      6060E062 
  20      40002630 
  20      C908C400 
  20      01AA0014 
  21              		.text
  22              		.section	.gnu.lto_.inline.eb29b84b,"",%progbits
  23 0000 789C6363 		.ascii	"x\234cc``\260`@\000&\006\006\203\003\014\214\014Lak"
  23      6060B060 
  23      40002606 
  23      0683030C 
  23      8C0C4C61 
  24 0015 A6B132B0 		.ascii	"\246\2612\260-\220g\002\2112r\301\011\2063\014\177\031"
  24      2D906702 
  24      893272C1 
  24      0986330C 
  24      7F19
  25 0027 81F29318 		.ascii	"\201\362\223\030\333\256\313\301\0250\000\000\365\245"
  25      DBAECBC1 
  25      15300000 
  25      F5A5
  26 0035 0851     		.ascii	"\010Q"
  27              		.text
  28              		.section	.gnu.lto_.pureconst.eb29b84b,"",%progbits
  29 0000 789C6363 		.ascii	"x\234cc```\005b&\006)F)\000\000\374\000C"
  29      60606005 
  29      62260629 
ARM GAS  C:\Users\RAKIBU~1\AppData\Local\Temp\ccvPnrip.s 			page 2


  29      46290000 
  29      FC0043
  30              		.text
  31              		.section	.gnu.lto_hal_lld_init.eb29b84b,"",%progbits
  32 0000 789CA596 		.ascii	"x\234\245\226]L\034U\024\307\357\231;;\373\321mmS\033"
  32      5D4C1C55 
  32      14C7EF99 
  32      3B3BFBD1 
  32      6D6D531B 
  33 0014 A9A50949 		.ascii	"\251\245\011IiK_\030\323\022b|\360\321\007\023\237\364"
  33      694B5F18 
  33      D312627C 
  33      F0D10713 
  33      9FF4
  34 0026 DD587C68 		.ascii	"\335X|h\023\022\214\364\241\017&\314v\027\330\252\215"
  34      13128CF4 
  34      A10F26CC 
  34      7617D8AA 
  34      8D
  35 0037 7D289098 		.ascii	"}(\220\230\255\2561\266Ec\033#jw\021Y\266\266\026[\373"
  35      ADAE31B6 
  35      45631B23 
  35      6A771159 
  35      B6B6165B 
  36 004c 09F5034B 		.ascii	"\011\365\003K+\002\002\205\026\005-P\226\365\234{g\271"
  36      2B020285 
  36      16052D50 
  36      96F59C7B 
  36      67B9
  37 005e B31B1319 		.ascii	"\263\033\023\031v\302\376\231\235\271\373;\377{\356"
  37      76C2FE99 
  37      9DB9FB3B 
  37      FF7BEE
  38 006d D7311863 		.ascii	"\3271\030c\327\203\214=\203\377\253\360\003\036\006"
  38      D7838C3D 
  38      83FFABF0 
  38      031E06
  39 007c DAD12B8C 		.ascii	"\332\321+\214\205|\232\306OT3+\240O<\301\254 \007]>"
  39      857C9AC6 
  39      4F54332B 
  39      A04F3CC1 
  39      AC20075D 
  40 0091 D601E8C6 		.ascii	"\326\001\350\306\362\001k\320\270\016\015\3606?\306"
  40      F2016BD0 
  40      B80E0DF0 
  40      363FC6
  41 00a0 21DD3C9A 		.ascii	"!\335<\232\320v\235\264\360J\265\365y\233\254\306\222"
  41      D0769DB4 
  41      F04AB5F5 
  41      799BACC6 
  41      92
  42 00b1 1867AC15 		.ascii	"\030g\254\025?t\301\347\260\213a\263\241\317\226Z\326"
  42      3F74C1E7 
  42      B08B61B3 
  42      A1CF965A 
  42      D6
  43 00c2 1ABA7C0E 		.ascii	"\032\272|\016\035`0\300\23337<)k)\333l\245.\177\010"
ARM GAS  C:\Users\RAKIBU~1\AppData\Local\Temp\ccvPnrip.s 			page 3


  43      1D6030C0 
  43      9B33373C 
  43      296B29DB 
  43      6CA52E7F 
  44 00d7 379FAF04 		.ascii	"7\237\257\004\026\343\240\221p\022\235\304Cb\220xI|"
  44      16E3A091 
  44      70129DC4 
  44      43629078 
  44      497C
  45 00e9 247E9200 		.ascii	"$~\222\000\311\032\222 \311z\222\015$\033I6\221\224"
  45      C91A9220 
  45      C97A920D 
  45      241B4936 
  45      9194
  46 00fb 906C26D9 		.ascii	"\220l&\331B\262\225\244\214d\033I9\311v\222\035$;I*"
  46      42B295A4 
  46      8C641B49 
  46      39C97692 
  46      1D243B49 
  47 0110 48188BA2 		.ascii	"H\030\213\242M\354\255\225b\207\271Fw\341\024\233\200"
  47      4DECAD95 
  47      6287B946 
  47      77E1149B 
  47      80
  48 0121 74727CAE 		.ascii	"tr|\256\206\314\277\313\001\373\324\332\230\276\352"
  48      86CCBFCB 
  48      01FBD4DA 
  48      98BEEA
  49 0130 7D8BC7B8 		.ascii	"}\213\307\270\006\324\305\310\361\363\243~\371\325\232"
  49      06D4C5C8 
  49      F1F3A37E 
  49      F9D59A
  50 013f 8E5A3A3E 		.ascii	"\216Z:>\032\350\034\0324\342\360^\010\263S\026\343\034"
  50      1AE81C1A 
  50      34E2F05E 
  50      08B35316 
  50      E31C
  51 0151 BE8452F8 		.ascii	"\276\204R\370\002J\031\265\2777\334\333\265\316\374"
  51      024A19B5 
  51      BF37DCDB 
  51      B5CEFC
  52 0160 D48A400C 		.ascii	"\324\212@\014\323\371\025\304\241E$\015\316\202\211"
  52      D3F915C4 
  52      A145240D 
  52      CE8289
  53 016f C1C2734D 		.ascii	"\301\302sM ci2\334H\262\377\354Z\342\003X\213\331\354"
  53      20636932 
  53      DC48B2FF 
  53      EC5AE203 
  53      588BD9EC 
  54 0183 63904010 		.ascii	"c\220@\020\232\352{S\264s\027.\251\302u\202\2111D\367"
  54      9AEA7B53 
  54      B473172E 
  54      A9C27582 
  54      893144F7 
  55 0197 FC322077 		.ascii	"\3742 w\307\372Z\261\272\244\365\305\234u]\302\216\366"
  55      C7FA5AB1 
ARM GAS  C:\Users\RAKIBU~1\AppData\Local\Temp\ccvPnrip.s 			page 4


  55      BAA4F5C5 
  55      9C755DC2 
  55      8EF6
  56 01a9 5F3AA24B 		.ascii	"_:\242K\353Y\016\337\024\341\273[\305J\221o\335\351"
  56      EB590EDF 
  56      14E1BB5B 
  56      C54A916F 
  56      DDE9
  57 01bb 7BFD8A59 		.ascii	"{\375\212Y!z\247C\217\242\245\205\363t\262}\201K\330"
  57      217AA743 
  57      8FA2A585 
  57      F374B27D 
  57      814BD8
  58 01ce 0677C6CE 		.ascii	"\006w\306\316\011\024Mj\370V\242f}\356\273w^Q.\200\211"
  58      09144D6A 
  58      F856A266 
  58      7DEEBB77 
  58      5E512E80 
  59 01e3 AF6F5F6C 		.ascii	"\257o_l\377\204\333\231\313\322\240\177'\223\227\353"
  59      FF84DB99 
  59      CBD2A07F 
  59      279397EB 
  60 01f3 F24677FC 		.ascii	"\362Fw\374\213\212\337\273z\227\337+\312%\341\362\314"
  60      8B8ADFBB 
  60      7A97DF2B 
  60      CA25E1F2 
  60      CC
  61 0204 6462DE9E 		.ascii	"db\336\236\232\014.\347;\334\344vP~P\364+\271AY\264"
  61      9A0C2EE7 
  61      3BDCE476 
  61      507E50F4 
  61      2BB94159 
  62 0219 07C5E3CE 		.ascii	"\007\305\343\316\350U\201\322\010u\255`Q\331\260#\231"
  62      E85581D2 
  62      0875AD60 
  62      51D9B023 
  62      99
  63 022a 3B3D8EFC 		.ascii	";=\216\374\256\203\353EL\316\033*\334M\232\234\2063"
  63      AE83EB45 
  63      4CCE1B2A 
  63      DC4D9A9C 
  63      8633
  64 023c 0F5E77AC 		.ascii	"\017^w\254>\305\352/XT>\011\273\220\\\230\011\332\373"
  64      3EC5EA2F 
  64      58543E09 
  64      BB905C98 
  64      09DAFB
  65 024f 015E00B7 		.ascii	"\001^\000\267\212\260\376\243\012\367\023Y\3679\255"
  65      8AB0FEA3 
  65      0AF71359 
  65      F739AD
  66 025e 97B81DC2 		.ascii	"\227\270\035\302\237\025\355\227\334\020f\354!\334\354"
  66      9F15ED97 
  66      DC1066EC 
  66      21DCEC
  67 026d CED88040 		.ascii	"\316\330\200@\211S\343\327\325\317\330\333\2122\010"
  67      8953E3D7 
ARM GAS  C:\Users\RAKIBU~1\AppData\Local\Temp\ccvPnrip.s 			page 5


  67      D5CFD8DB 
  67      8A3208
  68 027c 66E122DA 		.ascii	"f\341\"\332\342\016vG\301\356\256\336\322o\2122\204"
  68      E20E7647 
  68      C1EEAEDE 
  68      D26F8A32 
  68      84
  69 028d 960A56CD 		.ascii	"\226\012V\315V\267)\377]\341\206s)\217z$\314\357\316"
  69      56B729FF 
  69      5DE18673 
  69      298F7A24 
  69      CCEFCE
  70 02a0 D98840E9 		.ascii	"\331\210@\351\204\032-X5\001\204\0255\317\376P\3541"
  70      841A2D58 
  70      35018415 
  70      35CFFE50 
  70      EC31
  71 02b2 9A670167 		.ascii	"\232g\001g\247\327\270c\215\013\226\207X\023\005>\203"
  71      A7D7B863 
  71      8D0B9687 
  71      5813053E 
  71      83
  72 02c3 082BCAE7 		.ascii	"\010+\312\347=\305\236$\237A\247\3172\267\2033\245h"
  72      3DC59E24 
  72      9F41A7CF 
  72      32B78333 
  72      A568
  73 02d5 F7EDC119 		.ascii	"\367\355\301\031\237\257^.\213\"\242z\032<e\210\312"
  73      9FAF5E2E 
  73      8B22A27A 
  73      1A3C6588 
  73      CA
  74 02e6 A89583B3 		.ascii	"\250\225\203\263b\202\007`\3004\025L\323\024{\233\263"
  74      62820760 
  74      C034154C 
  74      D3147B9B 
  74      B3
  75 02f7 F0F08896 		.ascii	"\360\360\210\226\037d\"\247\375\362\253u7$\012\217S"
  75      1F6422A7 
  75      FDF2AB75 
  75      37240A8F 
  75      53
  76 0308 3D49CB8F 		.ascii	"=I\313\217\356\260/\006\374\205\316\376\264\235u\265"
  76      EEB02F06 
  76      FC85CEFE 
  76      B49D75B5 
  77 0318 7534C372 		.ascii	"u4\303r/g\204/C\304`0\233K\342\361\007\206\014V.\343"
  77      2F67842F 
  77      43C46030 
  77      9B4BE2F1 
  77      07860C56 
  78 032e 9D1EEB8E 		.ascii	"\235\036\353\216\005\354\235F\203\277UZ\247EZW\030\354"
  78      05EC9D46 
  78      83BF555A 
  78      A7455A57 
  78      18EC
  79 0340 9FBC600F 		.ascii	"\237\274`\017)\253\345r\236\276!\243mw\244\025\376/"
ARM GAS  C:\Users\RAKIBU~1\AppData\Local\Temp\ccvPnrip.s 			page 6


  79      29ABE572 
  79      9EBE21A3 
  79      6D77A415 
  79      FE2F
  80 0352 A57382E6 		.ascii	"\245s\202\346\265i\363\271-\262\335#Y;$n\370\243\341"
  80      B569F3B9 
  80      2DB2DD23 
  80      593B246E 
  80      F8A3E1
  81 0365 B8DF766E 		.ascii	"\270\337vn\300\002\262F 2p\256\312n\204-\332\246\346"
  81      C002B246 
  81      203270AE 
  81      CA6E842D 
  81      DAA6E6
  82 0378 9FB41BE8 		.ascii	"\237\264\033\350\360\210\202\341u\030\027\322\211jY"
  82      F08882E1 
  82      751817D2 
  82      896A59
  83 0387 F3CD8E2D 		.ascii	"\363\315\216-=kwt%\346\342{\311\335b\236\273\2148$?"
  83      3D6B7774 
  83      25E6E27B 
  83      C9DD629E 
  83      BB8C3824 
  84 039c 7EF8FE8C 		.ascii	"~\370\376\214(\202t\334\257uX\222i\234\035\313\272\307"
  84      288274DC 
  84      AF755892 
  84      699C1DCB 
  84      BAC7
  85 03ae 67F3F096 		.ascii	"g\363\360\226f:'\205\216gpH+\025\335\320\235\265ko\330"
  85      663A2785 
  85      8E677048 
  85      2B15DDD0 
  85      9DB56B6F 
  86 03c3 2BFBBD73 		.ascii	"+\373\275s\345\203vH\243H>;RX[>\211\004\250B\262:\336"
  86      E5837648 
  86      A3483E3B 
  86      52585B3E 
  86      8904A842 
  87 03da E9ECB78F 		.ascii	"\351\354\267\217\377\354#*R\"\332\352\246Hc^\264&\015"
  87      FFEC232A 
  87      5222DAEA 
  87      A648635E 
  87      B4260D
  88 03ed A748059B 		.ascii	"\247H\005\233\204p\274\373\2308=\350\027\211\304\344"
  88      8470BCFB 
  88      98383DE8 
  88      1789C4E4 
  89 03fd 80B72163 		.ascii	"\200\267!c\371b\334\333Jg\0144k\015X\265\373D\303\251"
  89      F962DCDB 
  89      4A670C34 
  89      6B0D58B5 
  89      FB44C3A9 
  90 0411 C7FFBB1D 		.ascii	"\307\377\273\035n\214\020\265\333\335\207C\361\223-"
  90      6E8C10B5 
  90      DBDD8743 
  90      F1932D
  91 0420 625310A3 		.ascii	"bS\020\243\035\305\005\207iB\324\323\225\225&\376\325"
ARM GAS  C:\Users\RAKIBU~1\AppData\Local\Temp\ccvPnrip.s 			page 7


  91      1DC50587 
  91      6942D4D3 
  91      959526FE 
  91      D5
  92 0431 ECDBBF77 		.ascii	"\354\333\277w\177]\375\356\247\366\230u\365\346\276"
  92      7F5DFDEE 
  92      A7F69875 
  92      F5E6BE
  93 0440 576ACDD7 		.ascii	"Wj\315\327\352^?Po\276\370\322\013{vK}\256\352\340A"
  93      EA5E3F50 
  93      6FBEF8D2 
  93      0B7B764B 
  93      7DAEEAE0 
  94 0455 7AF3726D 		.ascii	"z\363rm\355\253\2255\354_\315M&,"
  94      EDAB9535 
  94      EC5FCD4D 
  94      262C
  95              		.text
  96              		.section	.gnu.lto_stm32_clock_init.eb29b84b,"",%progbits
  97 0000 789CA558 		.ascii	"x\234\245XYp\025E\024\235\333\363\3665d_^\026\226\037"
  97      59701545 
  97      149DDBF3 
  97      F635645F 
  97      5E16961F 
  98 0014 7E781650 		.ascii	"~x\026P\205\362\227\037\377\374\322\362\317\262\024"
  98      85F2971F 
  98      FFFCD2F2 
  98      CFB214
  99 0023 3F40A98A 		.ascii	"?@\251\212%\226\305\037\363\310\016a\323\0200\004\012"
  99      2596C51F 
  99      F3C80E61 
  99      D3103004 
  99      0A
 100 0034 77100822 		.ascii	"w\020\010\" $l/\201\230\2055\010J D\014\004\022H\010"
 100      20246C2F 
 100      81988535 
 100      084A2044 
 100      0C041248 
 101 0049 420412B2 		.ascii	"B\004\022\262\330\267oOf\034\312\322!\257R\367\365t"
 101      D8B76F4F 
 101      661CCAD2 
 101      21AF52F7 
 101      F574
 102 005b CF9C7BFA 		.ascii	"\317\234{\372\334e\372\305\245(J\3614EY\310\277w\201"
 102      DC65FAC5 
 102      A5284AF1 
 102      344559C8 
 102      BF7781
 103 006e A2409E02 		.ascii	"\242@\236\002l\3759E\211y\030\2504PY\356\201FE\321|"
 103      6CFD3945 
 103      897918A8 
 103      345059EE 
 103      814645D1 
 104 0083 8E4EBFA2 		.ascii	"\216N\277\242\005ri>\337\001NZw\262\034Zw\211\365\034"
 104      0572693E 
 104      DF014E5A 
 104      77B21C5A 
ARM GAS  C:\Users\RAKIBU~1\AppData\Local\Temp\ccvPnrip.s 			page 8


 104      7789F51C 
 105 0097 9ACF7781 		.ascii	"\232\317w\201\233\326\335,\233\326=b=\233\346\363=\340"
 105      9BD6DD2C 
 105      9BD63D62 
 105      3D9BE6F3 
 105      3DE0
 106 00a9 A5752F8B 		.ascii	"\245u/\213\320\272O\254Gh>\337\007~Z\367\263,ZO\023"
 106      D0BA4FAC 
 106      47683EDF 
 106      077E5AF7 
 106      B32C5A4F 
 107 00be EB59349F 		.ascii	"\353Y4\237\237\006\001\374\206\000\313\244\345\240X"
 107      9F0601FC 
 107      8600CBA4 
 107      E5A058
 108 00cd CEA4E9FC 		.ascii	"\316\244\351\374 \013\265d\362\331\204\226y|6\304\302"
 108      200BB564 
 108      F2D98496 
 108      797C36C4 
 108      C2
 109 00de A6AB3024 		.ascii	"\246\2530$\022t\202>H\204T\001\226\3122\010,I\200e\320"
 109      1274823E 
 109      48845401 
 109      96CA3208 
 109      2C498065 
 110 00f3 747E1224 		.ascii	"t~\022$\323}\311,\235\326S\304z:\315\347\247\000\340"
 110      D37DC92C 
 110      9DD653C4 
 110      7A3ACDE7 
 110      A700E0
 111 0106 B7E60165 		.ascii	"\267\346\001e\005Ss\035\316\034\227;\333\343\215\370"
 111      0553731D 
 111      CE1C973B 
 111      DBE38DF8 
 112 0116 FC596981 		.ascii	"\374Yi\201\314`(\234\220\230\232\221\224\234\236\002"
 112      CC60289C 
 112      90989A91 
 112      949C9E02 
 113 0126 2BBCAA22 		.ascii	"+\274\252\"?N}\340\326\007^}\340\327\007\001}\220\252"
 113      3F4E7DE0 
 113      D6075E7D 
 113      E0D70701 
 113      7D90AA
 114 0139 0F92F541 		.ascii	"\017\222\365A\205Z\251Bc\351\355:6\373;\215\177\342"
 114      855AA942 
 114      63E9ED3A 
 114      36FB3B8D 
 114      7FE2
 115 014b 9B867C25 		.ascii	"\233\206|%Zqz\015wP%\235\300~\230\255\360\333\272\367"
 115      5A717A0D 
 115      7750259D 
 115      C07E98AD 
 115      F0DBBAF7 
 116 015f 8D6F0CBA 		.ascii	"\215o\014\272\0344\017\007\300\245\360X+{/:\343\332"
 116      1C340F07 
 116      C0A5F058 
 116      2B7B2F3A 
ARM GAS  C:\Users\RAKIBU~1\AppData\Local\Temp\ccvPnrip.s 			page 9


 116      E3DA
 117 0171 F844A916 		.ascii	"\370D\251\026\357\377\012\352\336|\005\224\032\025\030"
 117      EFFF0AEA 
 117      DE7C0594 
 117      1A1518
 118 0180 1A158D03 		.ascii	"\032\025\215\003\215\023\215\013\215\033\215\007\215"
 118      8D138D0B 
 118      8D1B8D07 
 118      8D
 119 018d 178D0F8D 		.ascii	"\027\215\017\215\037M\000M\020M\010M\030M\002\232ih"
 119      1F4D004D 
 119      104D084D 
 119      184D029A 
 119      6968
 120 019f 12D124A1 		.ascii	"\022\321$\241IF\223\202&\025M\032\232t4\031h2\321d\241"
 120      49469382 
 120      26154D1A 
 120      9A743419 
 120      6832D164 
 121 01b4 89A0C946 		.ascii	"\211\240\311F\223\203&\027M\036\232\351hf\240\231\211"
 121      93832617 
 121      4D1E9AE9 
 121      6866A099 
 121      89
 122 01c5 66169A05 		.ascii	"f\026\232\005h\024\245\214o\254\323\257\305\225r\225"
 122      6814A58C 
 122      6FACD3AF 
 122      C5957295 
 123 01d5 F141615C 		.ascii	"\361Aa\\\271\013\215C\275\255\305>\334-W\240\252\270"
 123      B90B8D43 
 123      BDADC53E 
 123      DC2D57A0 
 123      AAB8
 124 01e7 F1BC7BB5 		.ascii	"\361\274{\265Z\2432@A\212\2666\335\366\322\245\366\240"
 124      5AA33240 
 124      418AB636 
 124      DDF6D2A5 
 124      F6A0
 125 01f9 4C73F0A9 		.ascii	"Ls\360\251kG\272\273\\\333a[\214k\271=\263FU\341'\210"
 125      6B47BABB 
 125      5CDB615B 
 125      8C6BB93D 
 125      B34655E1 
 126 020f C0414E07 		.ascii	"\300AN\007\037\270w\253\365X(\272G+\212iy5\252\003\016"
 126      1FB877AB 
 126      F55828BA 
 126      472B8A69 
 126      7935AA03 
 127 0224 C176D828 		.ascii	"\301v\330(T\206\303\020\3457\034\272\\\335\346DD\007"
 127      5486C310 
 127      E5371CBA 
 127      5CDDE644 
 127      4407
 128 0236 603400EA 		.ascii	"`4\000\352\370\223\202\304\271\036\227\225\204S\220"
 128      F89382C4 
 128      B91E9795 
 128      845390
ARM GAS  C:\Users\RAKIBU~1\AppData\Local\Temp\ccvPnrip.s 			page 10


 129 0245 F862ACA8 		.ascii	"\370b\254\250\326K\227\332\215\230 \261\243\241^\363"
 129      D64B97DA 
 129      8D9820B1 
 129      A3A15EF3 
 130 0255 9A48B8E0 		.ascii	"\232H\270\340\010'Q/I\034\333t\240\024L$\216\012\022"
 130      0827512F 
 130      491CDB74 
 130      A0144C24 
 130      8E0A12
 131 0268 184A3826 		.ascii	"\030J8&H4\325\216t{u\022*\034'\012\365}\327\211B\265"
 131      4834D58E 
 131      747B7512 
 131      2A1C270A 
 131      F57DD789 
 132 027e 0A968DE6 		.ascii	"\012\226\215\346\375\353>\001AN\010\007\014\035\304"
 132      FDEB3E01 
 132      414E0807 
 132      0C1DC4
 133 028d 21CAB10A 		.ascii	"!\312\261\012\237\226\000!1\002;p\252\271\304\203\036"
 133      9F960021 
 133      31023B70 
 133      AAB9C483 
 133      1E
 134 029e 817F1AC8 		.ascii	"\201\177\032\310\337\245U 7l\303U\243\341\352$D\253"
 134      DFA55520 
 134      376CC355 
 134      A3E1EA24 
 134      44AB
 135 02b0 C5A85C55 		.ascii	"\305\250\\U\025^W\024\315\372\276\256\0367\371V\377"
 135      155E5714 
 135      CDFABEAE 
 135      1E37F956 
 135      FF
 136 02c1 37B414EA 		.ascii	"7\264\024\352\224\001\336D\373\030-iu\022\230\203\360"
 136      9401DE44 
 136      FB182D69 
 136      75129883 
 136      F0
 137 02d2 9A269EC4 		.ascii	"\232&\236\304\303\264\021\006?s\234\036(\272z\362\214"
 137      C3B41106 
 137      3F739C1E 
 137      28BA7AF2 
 137      8C
 138 02e3 DC2DC666 		.ascii	"\334-\306fo\177\335p\220\356P\240\031=)\230x\271\012"
 138      6F7FDD70 
 138      90EE50A0 
 138      193D2998 
 138      78B90A
 139 02f6 EF0850AE 		.ascii	"\357\010P\256:&\363\256\276\257\377\033\311\324iO\204"
 139      3A26F3AE 
 139      BEAFFF1B 
 139      C9D4694F 
 139      84
 140 0307 16C15314 		.ascii	"\026\301S\024i\253\316S2\220`\307\037\027\177B\034F"
 140      69ABCE53 
 140      329060C7 
 140      1F177F42 
ARM GAS  C:\Users\RAKIBU~1\AppData\Local\Temp\ccvPnrip.s 			page 11


 140      1C46
 141 0319 272626C2 		.ascii	"'&&\302\3206\005\311O\033\336\316\240\344.!\271\323"
 141      D03605C9 
 141      4F1BDECE 
 141      A0E42E21 
 141      B9D3
 142 032b 2CF94093 		.ascii	",\371@\223\334\210\333\256\344g\015\360s\372V:\244\344"
 142      DC88DBAE 
 142      E4670DF0 
 142      73FA563A 
 142      A4E4
 143 033d 1EC27BD6 		.ascii	"\036\302{\326[\331\001\264\231\000\234'\311\257MJ\356"
 143      5BD901B4 
 143      99009C27 
 143      C9AF4D4A 
 143      EE
 144 034e 31699C23 		.ascii	"1i\234#5v\2314\036\326s\332ko\327\027\214\\h\267h\354"
 144      35769934 
 144      1ED673DA 
 144      6B6FD717 
 144      8C5C68B7 
 145 0364 23B0BDAD 		.ascii	"#\260\275\255\305\315\222\3270\300\305)(\374\213\341"
 145      C5CD92D7 
 145      30C0C529 
 145      28FC8BE1 
 146 0374 EB122AEC 		.ascii	"\353\022*\354\243\2160B\351a\273\351\\64\375U\324\373"
 146      A38E3042 
 146      E961BBE9 
 146      5C3634FD 
 146      55D4FB
 147 0387 644371F0 		.ascii	"dCq\360\224\374M\257\366\325w\2442~{l\257\030l;,\325"
 147      94FC4DAF 
 147      F6D577A4 
 147      327E7B6C 
 147      AF186C3B 
 148 039d 1E20B03B 		.ascii	"\036 \260;\367wW\270I\031Ms\300\325)Hs\315p\326\211"
 148      F77757B8 
 148      49194D73 
 148      C0D52948 
 148      73CD70D6 
 149 03b2 D20444F2 		.ascii	"\322\004D\362\271\315\311\267\246Y&_\320n\362]7\300"
 149      B9CDC9B7 
 149      A659265F 
 149      D06EF25D 
 149      37C0
 150 03c4 BBF418D7 		.ascii	"\273\364\030\327\311\344\013\021\336\311m\333\212\230"
 150      C9E40B11 
 150      DEC96DDB 
 150      8A98
 151 03d2 BE150FFC 		.ascii	"\276\025\017\374n\255\370\220)\375\262e\372yL\351\267"
 151      6EADF890 
 151      29FDB265 
 151      FA794CE9 
 151      B7
 152 03e3 A554920B 		.ascii	"\245T\222\013\333\333\367\015A\315\201\324\376\260\210"
 152      DBDBF70D 
 152      41CD81D4 
ARM GAS  C:\Users\RAKIBU~1\AppData\Local\Temp\ccvPnrip.s 			page 12


 152      FEB088
 153 03f2 9CC0C1A6 		.ascii	"\234\300\301\246\324C\273\015\354\233\250i\202\320\324"
 153      D443BB0D 
 153      EC9BA869 
 153      82D0D4
 154 0401 6BD6B446 		.ascii	"k\326\264F\327t\232]Mo\031\340=\326\036\232\310\361"
 154      D7749A5D 
 154      4D6F19E0 
 154      3DD61E9A 
 154      C8F1
 155 0413 9E6F9A89 		.ascii	"\236o\232\211&\011#RB\237\351\355\374}\251\357\205\312"
 155      26092352 
 155      429FE9ED 
 155      FC7DA9EF 
 155      85CA
 156 0425 E0B66082 		.ascii	"\340\266`\202\307'\270#\312 >2xK\276\366\312v\304\026"
 156      C727B823 
 156      CA203E32 
 156      784BBEF6 
 156      CA76C416 
 157 0439 42AF5E09 		.ascii	"B\257^\011\273\365JH\262'd\237\221?w-AJ&\260\366\236"
 157      BBF54A48 
 157      B227649F 
 157      913F772D 
 157      414A26B0 
 158 044f 91F35E3D 		.ascii	"\221\363^=}x\376\334\233B\330\372\015o\003\030\266d"
 158      7D78FEDC 
 158      9B42D8FA 
 158      0D6F0318 
 158      B664
 159 0461 1136BF39 		.ascii	"\0216\2779l\207\365\260\245X\016\011y\377uF\270/\300"
 159      6C87F5B0 
 159      A5580E09 
 159      79FF7546 
 159      B82FC0
 160 0474 B1B5C3A0 		.ascii	"\261\265\303\2405l\251\204w\255\355\360\245\311\252"
 160      356CA984 
 160      77ADEDF0 
 160      A5C9AA
 161 0483 0678608D 		.ascii	"\006x`\215c\252)\216Y\"\216ej\032\217#\017g\300L\362"
 161      63AA298E 
 161      59228E65 
 161      6A1A8F23 
 161      0F67C04C 
 162 0498 CA1D4932 		.ascii	"\312\035I2\315nn\375i(\360\320J2\235\360NOT\014:'\005"
 162      CD6E6EFD 
 162      6928F0D0 
 162      4A329DF0 
 162      4E4F540C 
 163 04af 4F804756 		.ascii	"O\200GV\226\351&\226\2312\333\202\246l\253\330\371b"
 163      96E92696 
 163      9932DB82 
 163      A66CABD8 
 163      F962
 164 04c1 4D77C868 		.ascii	"Mw\310h\272\177\211lk\350\332\\\242\037\262v|yJ\205"
 164      BA7F896C 
 164      6BE8DA5C 
ARM GAS  C:\Users\RAKIBU~1\AppData\Local\Temp\ccvPnrip.s 			page 13


 164      A21FB276 
 164      7C794A85 
 165 04d5 C77ABAF5 		.ascii	"\307z\272\365\267J\0012\314\275\331-\016{\253\012\033"
 165      B74A0132 
 165      CCBDD92D 
 165      0E7BAB0A 
 165      1B
 166 04e6 7EF4D0A5 		.ascii	"~\364\320\245\026_\257\205\370T\307@\321>\277!\221\007"
 166      165FAF85 
 166      F854C740 
 166      D13EBF21 
 166      9107
 167 04f8 9E721A4F 		.ascii	"\236r\032O$\215\372\376\235\207\\&\032\303\202\006\376"
 167      248DFAFE 
 167      9D875C26 
 167      1AC38206 
 167      FE
 168 0509 5480112E 		.ascii	"T\200\021.\221\330\372|\303[\373\332\226\263A\"\265"
 168      91D8FA7C 
 168      C35BFBDA 
 168      96B34122 
 168      B5
 169 051a A125A631 		.ascii	"\241%\2461x&\305(WC\312\270*C\324\372\026=\221i\346"
 169      7826C528 
 169      5743CAB8 
 169      2A43D4FA 
 169      163D9169 
 170 052f E715FC62 		.ascii	"\347\025\374buG+\235t\251]-\024\374\356\266\017]p\032"
 170      75472B9D 
 170      74A95D2D 
 170      14FCEEB6 
 170      0F5D701A 
 171 0543 FC7C30C6 		.ascii	"\374|0\306\371\215J~%\353*\306T\316\257R\360\363\303"
 171      F98D4A7E 
 171      25EB2AC6 
 171      54CEAF52 
 171      F0F3C3
 172 0556 B8E0E741 		.ascii	"\270\340\347A~\023:\277!\207\341.>\266\355`\010\361"
 172      7E133ABF 
 172      2187E12E 
 172      3EB6ED60 
 172      08F1
 173 0568 FDD05074 		.ascii	"\375\320Pt\242\214k\307t\202ae\017\350Q\032(\177\356"
 173      A28C6BC7 
 173      74826165 
 173      0FE8511A 
 173      287FEE
 174 057b C41E10FC 		.ascii	"\304\036\020\374z\177h\036\011\322\245\366\224N\354"
 174      7A7F681E 
 174      09D2A5F6 
 174      944EEC
 175 058a 17BFDDD1 		.ascii	"\027\277\335\321\340\321\343\370>\377!\020\204\225,"
 175      E0D1E3F8 
 175      3EFF2110 
 175      84952C
 176 0599 0231460C 		.ascii	"\0021F\014'n\216\3547WB!C\206\370\033\013\212\030\006"
 176      276E8EEC 
ARM GAS  C:\Users\RAKIBU~1\AppData\Local\Temp\ccvPnrip.s 			page 14


 176      37574221 
 176      4386F81B 
 176      0B8A1806 
 177 05ad F2495369 		.ascii	"\362ISiU\2104+f\374/\"\330$({}:\233\301I66}\225\030"
 177      5588342B 
 177      66FC2F22 
 177      D824287B 
 177      7D3A9BC1 
 178 05c7 BE4A85AF 		.ascii	"\276J\205\257\007\373:\013\244\253\020\224IW\211<=c"
 178      07FB3A0B 
 178      A4AB1094 
 178      4957893C 
 178      3D63
 179 05d9 71314CC5 		.ascii	"q1L\305B\002\221Ec\344\264Z\315\262\370\315\373/\257"
 179      42029145 
 179      63E4B45A 
 179      CDB2F8CD 
 179      FB2FAF
 180 05ec E586D755 		.ascii	"\345\206\327UL\226Q\237,\243\010\341\325>\034\252uQ"
 180      4C96519F 
 180      2CA308E1 
 180      D53E1CAA 
 180      7551
 181 05fe 19856135 		.ascii	"\031\205a5\263\234\271\"\374\216\326\257\353G\003t\207"
 181      B39CB922 
 181      FC8ED6AF 
 181      EB470374 
 181      87
 182 060f 132A985E 		.ascii	"\023*\230^R\031\262\244\222L\357\300\325\273d\276g\333"
 182      5219B2A4 
 182      924CEFC0 
 182      D5BB64BE 
 182      67DB
 183 0621 6B786BD8 		.ascii	"kxk\330dI\255e\377l\2579\034L\274I^\264\231\2563\260"
 183      6449AD65 
 183      FF6CAF39 
 183      1C4CBC49 
 183      5EB499AE 
 184 0637 D733DE4C 		.ascii	"\3273\336Ls\204\274\311\346>UqZ\322\316\265\333\247"
 184      7384BCC9 
 184      E63E5571 
 184      5AD2CEB5 
 184      DBA7
 185 0649 3618E09F 		.ascii	"6\030\340\2372\313\2416\217\343=\177\212\315\343(\325"
 185      32CBA136 
 185      8FE33D7F 
 185      8ACDE328 
 185      D5
 186 065a 4786DA64 		.ascii	"G\206\332d\353\362\300g\223\212\246KES\314\247\212\017"
 186      EBF2C067 
 186      938AA64B 
 186      4553CCA7 
 186      8A0F
 187 066c E8B1E9F6 		.ascii	"\350\261\351\3666])x\371\220\327F\213\24038\230h\351"
 187      365D2978 
 187      F990D746 
 187      8BA03338 
ARM GAS  C:\Users\RAKIBU~1\AppData\Local\Temp\ccvPnrip.s 			page 15


 187      9868E9
 188 067f 2F2A6895 		.ascii	"/*h\225\201\275\011\005\235!\230z\011}\246=\254\315"
 188      81BD0905 
 188      9D21987A 
 188      097DA63D 
 188      ACCD
 189 0691 020BFFBB 		.ascii	"\002\013\377\273\001\237[x\316\342`S\342Ym`oA\236\263"
 189      019F5B78 
 189      CEE26053 
 189      E2596D60 
 189      6F419EB3 
 190 06a5 CC3C17D8 		.ascii	"\314<\027\330\215t\215\201\266\2253\275\017+\267?\332"
 190      8D748D81 
 190      B69533BD 
 190      0F2BB73F 
 190      DA
 191 06b6 2D58C9E8 		.ascii	"-X\311\350\001\217\032\177a\275<gN\224\377-Z\274\344"
 191      018F1A7F 
 191      61BD3C67 
 191      4E94FF2D 
 191      5ABCE4
 192 06c9 DD2505CB 		.ascii	"\335%\005\313\346\2764/Z\260,\272\370\235\245\321\017"
 192      E6BE342F 
 192      5AB02CBA 
 192      F89DA5D1 
 192      0F
 193 06da 0B3EFA78 		.ascii	"\013>\372xY\364\3657^\2337\227\354\253\363\227/\307"
 193      59F4F537 
 193      5E9B3797 
 193      ECABF397 
 193      2FC7
 194 06ec 95B7972E 		.ascii	"\225\267\227.}o\316\"\345o_p\345w"
 194      7D6FCE22 
 194      E56F5F70 
 194      E577
 195              		.text
 196              		.section	.gnu.lto_.symbol_nodes.eb29b84b,"",%progbits
 197 0000 789C6363 		.ascii	"x\234cc``H\004b\006\246GL\365\014\014\023\31610\000"
 197      60604804 
 197      6206A647 
 197      4CF50C0C 
 197      13CE3130 
 198 0015 A95D0D8E 		.ascii	"\251]\015\216@\221\307L\365\214(\"\254\017\230\030\032"
 198      4091C74C 
 198      F58C2822 
 198      AC0F9818 
 198      1A
 199 0026 95808A19 		.ascii	"\225\200\212\031\2372\3253\201\245\030\030\032\032\034"
 199      9F32D533 
 199      81A51818 
 199      1A1A1C
 200 0035 80024F98 		.ascii	"\200\002O\230\352\231\221\005\230\031X\030\236L{#\317"
 200      EA999105 
 200      98195818 
 200      9E4C7B23 
 200      CF
 201 0046 0C64B54C 		.ascii	"\014d\265L\177#\317\000\000\267\362\0304"
ARM GAS  C:\Users\RAKIBU~1\AppData\Local\Temp\ccvPnrip.s 			page 16


 201      7F23CF00 
 201      00B7F218 
 201      34
 202              		.text
 203              		.section	.gnu.lto_.refs.eb29b84b,"",%progbits
 204 0000 789C6363 		.ascii	"x\234cc```\004b\006\000\000D\000\010"
 204      60606004 
 204      62060000 
 204      440008
 205              		.text
 206              		.section	.gnu.lto_.decls.eb29b84b,"",%progbits
 207 0000 789CCD59 		.ascii	"x\234\315Y}P\024I\226\357\254l\272i\2764\320\270\365"
 207      7D501449 
 207      96EFAC6C 
 207      BA69BE34 
 207      D0B8F5
 208 0013 368858C3 		.ascii	"6\210X\303so\210\273]\020\364v\214\215\275\273\305F"
 208      736F88BB 
 208      5D10F476 
 208      8C8DBDBB 
 208      C546
 209 0025 06E27487 		.ascii	"\006\342t\207h\234\275\2309\"X\007\230\033n\005f\005"
 209      689CBD98 
 209      39225807 
 209      981B6E05 
 209      6605
 210 0037 EF34F6FE 		.ascii	"\3574\366\376(\276\004Q\024\021?\000\371\030`\024\204"
 210      28BE0451 
 210      14113F00 
 210      F9186014 
 210      84
 211 0048 415C4554 		.ascii	"A\\ET@\020\220\001FQ\361\023\004D\004D@D\020?\000\345"
 211      40109001 
 211      4651F113 
 211      04440444 
 211      4044103F 
 212 005e 5E665651 		.ascii	"^fVQ\331\325\315\314\354\306\305\305u\360\252\352e\376"
 212      D9D5CDCC 
 212      ECC6C5C5 
 212      75F0AAEA 
 212      65FE
 213 0070 F2BD97EF 		.ascii	"\362\275\227\357\275\314\312W\3504\032\315\307?\321"
 213      BDCCCA57 
 213      E8341ACD 
 213      C73FD1
 214 007f 6862B51A 		.ascii	"hb\265\032\315\257\220F3\007?\014m\2274\312\017\272"
 214      CDAF9046 
 214      33073F0C 
 214      6D9734CA 
 214      0FBA
 215 0091 34554035 		.ascii	"4U@5@\265R\037@5m\032\363\337\177A\243\001\356\277\003"
 215      40B5521F 
 215      40356D1A 
 215      F3DF7F41 
 215      A301EEBF 
 216 00a6 7A0FE86F 		.ascii	"z\017\350o\201_\011t\003\236\335\340\3763 w\240\013"
 216      815F0974 
ARM GAS  C:\Users\RAKIBU~1\AppData\Local\Temp\ccvPnrip.s 			page 17


 216      039EDDE0 
 216      FE332077 
 216      A00B
 217 00b8 1A86B381 		.ascii	"\032\206\263\201\347\037\001\331\001\331\002\375\004"
 217      E71F01D9 
 217      01D902FD 
 217      04
 218 00c5 E8C740EF 		.ascii	"\350\307@\357\001-\005\372;\244\350\366@Lo\255\306\362"
 218      012D05FA 
 218      3BA4E8F6 
 218      404C6FAD 
 218      C6F2
 219 00d7 F747E873 		.ascii	"\367G\350s\372\036\275\377\014\364\217@\311@I@\353\201"
 219      FA1EBDFF 
 219      0CF48F40 
 219      C9404940 
 219      EB81
 220 00e9 7281B281 		.ascii	"r\201\262\201\0344L7\321\353\010\364\327@+\200t\222"
 220      1C344C37 
 220      D1EB08F4 
 220      D7402B80 
 220      7492
 221 00fb 0DBF008A 		.ascii	"\015\277\000\212\005\312\"\363\003rAl\3765VlI\307\350"
 221      05CA22F3 
 221      0372416C 
 221      FE35566C 
 221      49C7E8
 222 010e C2A59A5A 		.ascii	"\302\245\232Z\373\007\250\033\011\000[L[\021bW\270\023"
 222      FB07A81B 
 222      09005B4C 
 222      5B116257 
 222      B813
 223 0120 A2FC9CFC 		.ascii	"\242\374\234\374C\254\035Z\005v\223\240\204\221\207"
 223      43AC1D5A 
 223      057693A0 
 223      849187
 224 012f A0F91641 		.ascii	"\240\371\026A\222!\310r\351\237$\000\361RY?S'\377X\344"
 224      9221C872 
 224      E99F2400 
 224      F152593F 
 224      5327FF58 
 225 0144 D803378E 		.ascii	"\330\0037\2165\011\2122n\210\205\255\232\371\356y\243"
 225      35098A32 
 225      6E8885AD 
 225      9AF9EE79 
 225      A3
 226 0155 944922C9 		.ascii	"\224I\"\311\011\267G\367\2249\364\242\036\350\375X\243"
 226      09B747F7 
 226      9439F4A2 
 226      1EE8FD58 
 226      A3
 227 0166 49B50D47 		.ascii	"I\265\015G\2445#g_9\306\002}N\177\321\326\342\210\027"
 227      A4352367 
 227      5F39C602 
 227      7D4E7FD1 
 227      D6E28817 
 228 017a D1E7C3E3 		.ascii	"\321\347\303\343=\007\034\335JE\366\263\335\2075\350"
ARM GAS  C:\Users\RAKIBU~1\AppData\Local\Temp\ccvPnrip.s 			page 18


 228      3D071CDD 
 228      4A45F6B3 
 228      DD8735E8 
 229 018a 2CC2B243 		.ascii	",\302\262C/\317\275\252[\264\033#g;$\000\333>~%\333"
 229      2FCFBDAA 
 229      5BB41B23 
 229      673B2400 
 229      DB3E7E25 
 230 019f 1ED8A576 		.ascii	"\036\330\245vh1\260\245{\346\322m\226\035\"\003S\343"
 230      6831B0A5 
 230      7BE6D26D 
 230      961D2203 
 230      53E3
 231 01b1 C4C502FA 		.ascii	"\304\305\002\372\335_\241\363\310\005\235C.`\316\005"
 231      DD5FA1F3 
 231      C8059D43 
 231      2E60CE05 
 232 01c1 B40CAE11 		.ascii	"\264\014\256\021Z&iw\361\365\263\366+\362\304\274^\261"
 232      5A266977 
 232      F1F5B3F6 
 232      2BF2C4BC 
 232      5EB1
 233 01d3 EE9B4CD7 		.ascii	"\356\233L\327\234+;\305\3530\356\327\024\207*\020F\225"
 233      9C2B3BC5 
 233      EB30EED7 
 233      14872A10 
 233      4695
 234 01e5 C88DCCA2 		.ascii	"\310\215\314\242\202hGgP/B\247\321\003\230D\025Z\001"
 234      82684767 
 234      502F42A7 
 234      D1039844 
 234      155A01
 235 01f8 E3C5A1AA 		.ascii	"\343\305\241\252\256Ex\027\242F\357\354|\366Z/\011k"
 235      AE457817 
 235      A246EFEC 
 235      7CF65A2F 
 235      096B
 236 020a FFFB4CB1 		.ascii	"\377\373L\261.\026D\011TR\265\"\251Z-\251\206J\332="
 236      2E164409 
 236      5452B522 
 236      A95A2DA9 
 236      864ADA3D 
 237 021e 32BD0FE1 		.ascii	"2\275\017\341L&)\246\272\252Q\007\222zE\261\356n\351"
 237      4C2629A6 
 237      BAAA5107 
 237      927A45B1 
 237      EE6EE9
 238 0231 CF5ACA87 		.ascii	"\317Z\312\207\304$;f\323EE\322E\311#\250\226Jhy\\\337"
 238      C4243B66 
 238      D34545D2 
 238      45C923A8 
 238      964A6879 
 239 0247 83713793 		.ascii	"\203q7\223P\022\273\247\337Q\2220R\275\366D\303\316"
 239      5012BBA7 
 239      DF519230 
 239      52BDF644 
 239      C3CE
ARM GAS  C:\Users\RAKIBU~1\AppData\Local\Temp\ccvPnrip.s 			page 19


 240 0259 3A7F26A0 		.ascii	":\177&\240N\021P'\013\270D\005t7\027\227`\360\343{v"
 240      4E115027 
 240      0BB84405 
 240      74371797 
 240      60F0E37B 
 241 026e 88847611 		.ascii	"\210\204v\0214\235\034=\377\306\2215\021\251\355\373"
 241      349D1C3D 
 241      FFC69135 
 241      11A9EDFB 
 242 027e 260AF538 		.ascii	"&\012\3658\217\305\353F|\371Q\314\242\240\005\366\371"
 242      8FC5EB46 
 242      7CF951CC 
 242      A2A005F6 
 242      F9
 243 028f D5CC474E 		.ascii	"\325\314GN,\012\313\323\261\360\240c\246\313\011\331"
 243      2C0ACBD3 
 243      B1F0A063 
 243      A6CB09D9 
 244 029f B9268962 		.ascii	"\271&\211b\254\230\027'\032|5\250\011\242p\031\242\200"
 244      AC981727 
 244      1A7C35A8 
 244      09A27019 
 244      A280
 245 02b1 9A912B11 		.ascii	"\232\221+\021I\314@\015\320X\017\215\307H\300\352\036"
 245      49CC400D 
 245      D0580F8D 
 245      C748C0EA 
 245      1E
 246 02c2 5CFDA78C 		.ascii	"\\\375\247\214\011Q\\\216\276Av\250Q1\365=;\026\260"
 246      09515C8E 
 246      BE4176A8 
 246      5131F53D 
 246      3B16B0
 247 02d5 E2C2FDF9 		.ascii	"\342\302\375\371:\234\206\211\005BU\326\300ea!\035\337"
 247      3A9C8689 
 247      054255D6 
 247      C0656121 
 247      1DDF
 248 02e7 2EAC6364 		.ascii	".\254cdES\002\211L+\350hQt\200J)W\353;\373\3650\025"
 248      45530289 
 248      4C2BE868 
 248      5174804A 
 248      2957EB3B 
 249 02ff D22FBE48 		.ascii	"\322/\276H\271N\332\312\013\007\376\006\277\242z\321"
 249      B94EDACA 
 249      0B07FE06 
 249      BFA27AD1 
 250 030f DEA26B5D 		.ascii	"\336\242k]\272\237\026\210y\365$k~U\330\260SLE\024}"
 250      BA9F1688 
 250      79F5246B 
 250      7E55D8B0 
 250      534C4514 
 251 0324 95499BB7 		.ascii	"\225I\233\267BC[\256\020{\332\320Oa\350\331\301\226"
 251      42435BAE 
 251      107BDAD0 
 251      4F61E8D9 
 251      C196
ARM GAS  C:\Users\RAKIBU~1\AppData\Local\Temp\ccvPnrip.s 			page 20


 252 0336 263BE634 		.ascii	"&;\3464\021\001_\327\264\347)\302\211Z*\367H\373\251"
 252      11015FD7 
 252      B4E729C2 
 252      895A2AF7 
 252      48FBA9
 253 0349 F5763099 		.ascii	"\365v0\231\270\0374\031\030\220\3640\361\246$\3555\341"
 253      B81F3419 
 253      1890F430 
 253      F1A624ED 
 253      35E1
 254 035b 33AB5EB4 		.ascii	"3\253^\264\3320\336\026\330\312\261\222JG\026\222:\322"
 254      DA30DE16 
 254      D8CAB192 
 254      4A471692 
 254      3AD2
 255 036d 3D57FFEA 		.ascii	"=W\377\352\236#Na\312\366\217O\034\320\021m\"\323F\006"
 255      9E234E61 
 255      CAF68F4F 
 255      1CD0116D 
 255      22D34606 
 256 0381 2966DF21 		.ascii	")f\337!\276@\356.h\025UTYQ\360\314\3269\225\256)X\036"
 256      BE40EE2E 
 256      68155554 
 256      5951F0CC 
 256      D63995AE 
 257 0398 5A3AD95B 		.ascii	"Z:\331[\200\276I\321w\221\263<\206\352y\322Q``f\214"
 257      80BE49D1 
 257      7791B33C 
 257      86EA79D2 
 257      51606066 
 258 03ad D3D57CBE 		.ascii	"\323\325|\276o\334\011\037\226\3646LM\332\343,\306t"
 258      6FDC091F 
 258      96F4364C 
 258      4DDAE32C 
 258      C674
 259 03bf E5A77FA5 		.ascii	"\345\247\177\245e\310!\302g\317\316\306kq\036\353\214"
 259      65C821C2 
 259      67CFCEC6 
 259      6B711EEB 
 259      8C
 260 03d0 ADEAD82F 		.ascii	"\255\352\330/-\363^\232}\261\007\012u\370\004\353\234"
 260      2DF35E9A 
 260      7DB1070A 
 260      75F804EB 
 260      9C
 261 03e1 193B3EAE 		.ascii	"\031;>\256\303g\030S\371\360`\255\244\360\036\341\033"
 261      C3671853 
 261      F9F060AD 
 261      A4F01EE1 
 261      1B
 262 03f2 268F3E77 		.ascii	"&\217>w\300\027YgB\341\255=z\334\314\230\233\203_\306"
 262      C0175967 
 262      42E1AD3D 
 262      7ADCCC98 
 262      9B835FC6 
 263 0406 3B30240D 		.ascii	";0$\015\353\344\375\224&\007\334\316:\033\233\037\335"
 263      EBE4FD94 
ARM GAS  C:\Users\RAKIBU~1\AppData\Local\Temp\ccvPnrip.s 			page 21


 263      2607DCCE 
 263      3A1B9B1F 
 263      DD
 264 0417 B4C55D8C 		.ascii	"\264\305]\214\331}\271\242IJ\357f\272&\207\312\0231"
 264      D97DB9A2 
 264      494AEF66 
 264      BA2687CA 
 264      1331
 265 0429 1E94144A 		.ascii	"\036\224\024J\236u\226<\373\374zC\262\001\217\263\316"
 265      9E75963C 
 265      FBFC7A43 
 265      B2018FB3 
 265      CE
 266 043a ABBBD20E 		.ascii	"\253\273\322\016\012\3705c\212\006\217\356\225\024\256"
 266      0AF83563 
 266      8A068FEE 
 266      9514AE
 267 0449 25AEC91A 		.ascii	"%\256\311\032\317v\300\242\015\355\253.H(\266\305\311"
 267      CF76C0A2 
 267      0DEDAB2E 
 267      4828B6C5 
 267      C9
 268 045a 8CA9AAAC 		.ascii	"\214\251\252\254n\222b\267\012\330\370\266\224.\007"
 268      6E9262B7 
 268      0AD8F8B6 
 268      942E07
 269 0469 9CC6FACA 		.ascii	"\234\306\372\312\206\022\353\3648\2231Y\223\335O\244"
 269      8612EBF4 
 269      38933159 
 269      93DD4FA4 
 270 0479 C9BA1221 		.ascii	"\311\272\022!W\337\224:\341|\326'/Bg\272\010Q\365\375"
 270      57DF943A 
 270      E17CD627 
 270      2F4267BA 
 270      0851F5FD 
 271 048d 0A775CCA 		.ascii	"\012w\\\312\272\276\034:\177`\021\256`\314X\374@\257"
 271      BABE1C3A 
 271      7F6011AE 
 271      60CC58FC 
 271      40AF
 272 049f 3DC32D03 		.ascii	"=\303-\003\366a\367\343d'|\221\365\355\254=Xc\300\315"
 272      F661F7E3 
 272      64277C91 
 272      F5EDAC3D 
 272      5863C0CD 
 273 04b3 8C91F756 		.ascii	"\214\221\367Vg\266\2676\366\366 |\203u\215$\327u\010"
 273      67B6B736 
 273      F6F6207C 
 273      83758D24 
 273      D77508
 274 04c6 B89331C5 		.ascii	"\270\2231\305\347S\036\332\340G\214yT\031\377R\213\037"
 274      E7531EDA 
 274      E0478C79 
 274      5419FF52 
 274      8B1F
 275 04d8 33A66436 		.ascii	"3\246d6\347\272\001\2172\346\372\205\336\001'\374\202"
 275      E7BA018F 
ARM GAS  C:\Users\RAKIBU~1\AppData\Local\Temp\ccvPnrip.s 			page 22


 275      32E6FA85 
 275      DE0127FC 
 275      82
 276 04e9 31A557BF 		.ascii	"1\245W\277\351\222<\234D\326BiQ\367\240^JW\222\276\205"
 276      E9923C9C 
 276      44D64269 
 276      51F7A05E 
 276      4A5792BE 
 277 04fe E77A6711 		.ascii	"\347zg\021~E\301\313\317N\245\227\350\320J\213\337\022"
 277      7E45C1CB 
 277      CF4EA597 
 277      E8D04A8B 
 277      DF12
 278 0510 7A7595B8 		.ascii	"zu\225\270|1>\016\266\314f<s\272\360F\214X\270\014\335"
 278      7C313E0E 
 278      B6CC663C 
 278      73BAF046 
 278      8C58B80C 
 279 0525 8044ED83 		.ascii	"\200D\355\2035xPX\242,\247^\232\265\036p\321\344\223"
 279      35785058 
 279      A22CA75E 
 279      9AB51E70 
 279      D1E493
 280 0538 BDA36E22 		.ascii	"\275\243n\"\033\303~\035\317\226\374+5\374%\2057!\206"
 280      1BC37E1D 
 280      CF96FC2B 
 280      35FC2585 
 280      372186
 281 054b 271A3A65 		.ascii	"'\032:e<\021?\243\306\277\341\305\023x=\017\177\247"
 281      3C113FA3 
 281      C6BFE1C5 
 281      13783D0F 
 281      7FA7
 282 055d 86BBF3D2 		.ascii	"\206\273\363\322\311\0065\235\213c(\034\326\025\352"
 282      C906359D 
 282      8B63281C 
 282      D615EA
 283 056c 92E0F26A 		.ascii	"\222\340\362jC\367-\244\347p\322_\250\245OZ\030?\315"
 283      43F72DA4 
 283      E770D25F 
 283      A8A54F5A 
 283      183FCD
 284 057f E39FA8F1 		.ascii	"\343\237\250\361C\226x\336\372)\353\362=\024\353\353"
 284      439678DE 
 284      FA29EBF2 
 284      3D14EBEB 
 285 058f 79EB1FAB 		.ascii	"y\353\037\253\255\037T\303\333\2138\370m5\274]=\331"
 285      AD1F54C3 
 285      DB8B38F8 
 285      6D35BC5D 
 285      3DD9
 286 05a1 E9A39C31 		.ascii	"\351\243\2341sV]\311\305u8\207\213\353\250\032=\202"
 286      73565DC9 
 286      C5753887 
 286      8BEBA81A 
 286      3D82
 287 05b3 D49E6FCD 		.ascii	"\324\236o\315\341\214\231P\033\363\\mL;\357\231Y\265"
ARM GAS  C:\Users\RAKIBU~1\AppData\Local\Temp\ccvPnrip.s 			page 23


 287      E18C9950 
 287      1BF35C6D 
 287      4C3BEF99 
 287      59B5
 288 05c5 F89B169E 		.ascii	"\370\233\026\236\034\346\361\257\255\247\031'\276\223"
 288      1CE6F1AF 
 288      ADA71927 
 288      BE93
 289 05d3 0FD43335 		.ascii	"\017\32435|\314B|\037\217\177j}\266|\336\024q\360N5"
 289      7CCC427C 
 289      1F8F7F6A 
 289      7DB67CDE 
 289      1471F04E 
 290 05e8 FC9E02DF 		.ascii	"\374\236\002\337/\355\373\"\322jP\214\340\202D\201\364"
 290      2FEDFB22 
 290      D26A508C 
 290      E0824481 
 290      F4
 291 05f9 113879D9 		.ascii	"\0218y\331e\011\256(EX\211v\002e\000\245\002%\000\035"
 291      6509AE28 
 291      45588976 
 291      026500A5 
 291      0225001D 
 292 060d 06DA0F14 		.ascii	"\006\332\017\024\017\224\014\224\004\264\017(\007(\015"
 292      0F940C94 
 292      04B40F28 
 292      07280D
 293 061c E800D05E 		.ascii	"\350\000\320^\240\\\240]@\273\201\016\001}\011\024\007"
 293      A05CA05D 
 293      40BB810E 
 293      017D0914 
 293      07
 294 062d 74042813 		.ascii	"t\004(\023\350(P\"P:P>\320\036\240<\240la%=\276\260"
 294      E8285022 
 294      503A503E 
 294      D01EA03C 
 294      A06C6125 
 295 0644 D9B4E672 		.ascii	"\331\264\346r\263\031P\317\346\221z\362}|(\246\255\257"
 295      B31950CF 
 295      E6917AF2 
 295      7D7C28A6 
 295      ADAF
 296 0656 E0F9CC80 		.ascii	"\340\371\314\200L\352\313\3452\351\241\365\015\205\217"
 296      4CEACBE5 
 296      32E9A1F5 
 296      0D858F
 297 0665 452B2FFF 		.ascii	"E+/\377\255\365\324\340\314\031\346\255\177\240\206"
 297      ADF5D4E0 
 297      CC19E6AD 
 297      7FA086
 298 0674 772B7076 		.ascii	"w+pv\204\031;\2123Dq1Ai\244\343\213\342\211\227\271"
 298      84193B8A 
 298      33447131 
 298      4169A4E3 
 298      8BE28997 
 299 0689 B8F88C28 		.ascii	"\270\370\214(\356\322Qa=\326\205\231\345\015\237\010"
 299      EED25161 
ARM GAS  C:\Users\RAKIBU~1\AppData\Local\Temp\ccvPnrip.s 			page 24


 299      3DD68599 
 299      E50D9F08 
 300 0699 B1820A7F 		.ascii	"\261\202\012\177\315\002\337\316\347\331\270\365\274"
 300      CD02DFCE 
 300      E7D9B8F5 
 300      BC
 301 06a6 E4E636C1 		.ascii	"\344\3466\301\303\207\255\3577|\326\363\326\\W\303\257"
 301      C387ADEF 
 301      377CD6F3 
 301      D65C57C3 
 301      AF
 302 06b7 59AC41DE 		.ascii	"Y\254A\336s\375\326\343n\026\030^|\207\365\254gxx\005"
 302      73FDD6E3 
 302      6E16185E 
 302      7C87F5AC 
 302      67787805 
 303 06cb 4D959676 		.ascii	"M\225\226v\333\343\032\035=n>|u>K@K\\\255.\007\364\025"
 303      DBE31A1D 
 303      3D6E3E7C 
 303      753E4B40 
 303      4B5CAD2E 
 304 06e2 AC82FF2F 		.ascii	"\254\202\377/+BJ\222\"\034\007F\242B\260\252@\230?\346"
 304      2B424A92 
 304      221C0746 
 304      A242B0AA 
 304      40983FE6 
 305 06f6 929CA193 		.ascii	"\222\234\241\223\253\275s\345\216\336!y\376\360L\201"
 305      ABBD73E5 
 305      8EDE2179 
 305      FEF04C81 
 306 0706 CA11F098 		.ascii	"\312\021\360\230\340@\213\003\270\247cmWi\342\010\274"
 306      E0408B03 
 306      B8A7636D 
 306      5769E208 
 306      BC
 307 0717 7F97B84A 		.ascii	"\177\227\270J\357\330\261,>\311\310F\\d}#6\363\226r"
 307      EFD8B12C 
 307      3EC9C846 
 307      5C647D23 
 307      36F39672 
 308 072b 642C925C 		.ascii	"d,\222\\U\014\256:\016\246\23703\275'\213\345w\221\325"
 308      550CAE3A 
 308      0EA69F30 
 308      33BD278B 
 308      E57791D5 
 309 073f FC3653DD 		.ascii	"\3746S\335aU\365|\0043\377\324X\253\307-,\202)U3\345"
 309      6155F57C 
 309      0433FFD4 
 309      58ABC72D 
 309      2C822955 
 310 0755 481DC1F9 		.ascii	"H\035\301\371\355\375k0\345\273\315z\227\305<Z\012\250"
 310      EDFD6B30 
 310      E5BBCD7A 
 310      97C53C5A 
 310      0AA8
 311 0767 12C5A345 		.ascii	"\022\305\243E\262G\273\356\265\267b\336\243\245f\036"
 311      B247BBEE 
ARM GAS  C:\Users\RAKIBU~1\AppData\Local\Temp\ccvPnrip.s 			page 25


 311      B5B762DE 
 311      A3A5661E 
 312 0777 2D933C5A 		.ascii	"-\223<ZF<\212rgg2\234x0\251\316\024\360I\011|\222\202"
 312      463C8A72 
 312      6767329C 
 312      7830A9CE 
 312      14F04909 
 313 078e B3EFE55F 		.ascii	"\263\357\345_\024\360m\035\253\216\367\037K\326BqWG"
 313      14F06D1D 
 313      AB8EF71F 
 313      4BD64271 
 313      5747
 314 07a0 ABD6B577 		.ascii	"\253\326\265w\032h\325\232'U\255\345\212a\360h^k\236"
 314      1A68D59A 
 314      2755ADE5 
 314      8A61F068 
 314      5E6B9E
 315 07b3 1248A1F7 		.ascii	"\022H\241\367\246}o\202\015\036g\302\032\272\313\313"
 315      A67D6F82 
 315      0D1E67C2 
 315      1ABACBCB 
 316 07c3 6DF12BC6 		.ascii	"m\361+\306\310\345\311R\251<y\333_"
 316      C8E5C952 
 316      A93C79DB 
 316      5F
 317 07d0 DB6BC0EF 		.ascii	"\333k\300\357h\247.~\"-NO\217`\256K\346\017Z\331%\311"
 317      68A72E7E 
 317      222D4E4F 
 317      8F60AE4B 
 317      E60F5AD9 
 318 07e6 29500821 		.ascii	")P\010!\032\213\323\240\272j\241\3671}\345|\242\254"
 318      1A8BD3A0 
 318      BA6AA1F7 
 318      317DE57C 
 318      A2AC
 319 07f8 BD0A35D8 		.ascii	"\275\0125\330\362}9\361\261\371\273\336R\266\3319\205"
 319      F27D39F1 
 319      B1F9BBDE 
 319      52B6D939 
 319      85
 320 0809 43FFC9BA 		.ascii	"C\377\311\272pn\013\355\351p\216!\261\2542O1\263\324"
 320      706E0BED 
 320      E9708E21 
 320      B1AC324F 
 320      31B3D4
 321 081c 38038B9B 		.ascii	"8\003\213\233\275\012\252\244\274\270\000yq\026\362"
 321      BD0AAAA4 
 321      BCB80079 
 321      7116F2
 322 082b E21CD079 		.ascii	"\342\034\320y\240J)?H\365\326\377\266\027\341\004=\315"
 322      A04A293F 
 322      48F5D6FF 
 322      B617E104 
 322      3DCD
 323 083d B4B223CD 		.ascii	"\264\262#\315'\354\325\231&\213C\027A\312\367IdV\266"
 323      27ECD599 
 323      268B4317 
ARM GAS  C:\Users\RAKIBU~1\AppData\Local\Temp\ccvPnrip.s 			page 26


 323      41CAF749 
 323      6456B6
 324 0850 756A45D1 		.ascii	"ujE\321\026\325\000\270Z\211k\225\234p\325\331s\011"
 324      16D500B8 
 324      5A896B95 
 324      9C70D5D9 
 324      7309
 325 0862 063E876A 		.ascii	"\006>\207j\314\022\256V\312\241Z\232C\317g\263+\245"
 325      CC12AE56 
 325      CAA15A9A 
 325      43CF67B3 
 325      2BA5
 326 0874 C2612989 		.ascii	"\302a)\211\355\203\324T\351\270\235Gb=zdw\334\242\005"
 326      ED83D454 
 326      E9B89D47 
 326      623D7A64 
 326      77DCA205 
 327 0888 0BC27A41 		.ascii	"\013\302zA*\010/\263\322\363V\367\300!\007uEx\011&X"
 327      2A082FB3 
 327      D2F356F7 
 327      C0210775 
 327      45780926 
 328 089d 47CF060D 		.ascii	"G\317\006\015\202\263<\210\240+\332\357\2764\340t\352"
 328      82B33C88 
 328      A02BDAEF 
 328      BE34E074 
 328      EA
 329 08ae 1BD47128 		.ascii	"\033\324q(y\324F\256s\223~H\235[8x\352\231\201WvY\370"
 329      79D446AE 
 329      73937E48 
 329      9D5B3878 
 329      EA998157 
 330 08c5 0E65554D 		.ascii	"\016eUM\355P\325g0e\365\023\345\307\245\372\013\003"
 330      ED50D567 
 330      3065F513 
 330      E5C7A5FA 
 330      0B03
 331 08d7 DB9BDA30 		.ascii	"\333\233\3320\267\360$[\344I6\013T\357Tj\271\217z\216"
 331      B7F0245B 
 331      E449360B 
 331      54EF546A 
 331      B98F7A8E 
 332 08eb 4A4EB452 		.ascii	"JN\264R\265-\262\332\214\354\3412Am\344\202\350\301"
 332      B52DB2DA 
 332      8CECE132 
 332      416DE482 
 332      E8C1
 333 08fd 77A75BF5 		.ascii	"w\247[\3658\207\031y \355u\253-\316g\314d\311\370W:"
 333      38871979 
 333      20ED75AB 
 333      2DCE67CC 
 333      64C9F857 
 334 0912 7C8C3155 		.ascii	"|\2141U1\205\267\261Z\350\202\205\367\2217_\016;\342"
 334      3185B7B1 
 334      5AE88285 
 334      F791375F 
 334      0E3BE2
ARM GAS  C:\Users\RAKIBU~1\AppData\Local\Temp\ccvPnrip.s 			page 27


 335 0925 136CE8D3 		.ascii	"\023l\350\323\261\331\223N\370$cJJ/\265\331\3433\214"
 335      B1D9934E 
 335      F824634A 
 335      4A2FB5D9 
 335      E3338C
 336 0938 994DCD3D 		.ascii	"\231M\315=m\300\027$\007\025\344\244\031p-c\346R\223"
 336      6DC01724 
 336      0715E4A4 
 336      19702D63 
 336      E65293
 337 094b 32F4B891 		.ascii	"2\364\270\2211\351m\351\005\366\270\20513C\351\035\210"
 337      31E96DE9 
 337      05F6B885 
 337      313343E9 
 337      1D88
 338 095d F9D181AB 		.ascii	"\371\321\201\253\315\227J\265y\331\313\275\207\355\361"
 338      CD974AB5 
 338      79D9CBBD 
 338      87EDF1
 339 096c 3586BDDB 		.ascii	"5\206\275\333\021\177^\302\332\003\033Wz\361\254\315"
 339      117F5EC2 
 339      DA031B57 
 339      7AF1ACCD 
 340 097c 823EBF2F 		.ascii	"\202>\277/\373\274\223\371\374dB\177\261-\014v!K\236"
 340      FBBC93F9 
 340      FC64427F 
 340      B12D0C76 
 340      214B9E
 341 098f FB04E5C2 		.ascii	"\373\004\345\302>A\235\251\233\374Z\213o\262Uv\352\353"
 341      3E419DA9 
 341      9BFC5A8B 
 341      6FB25576 
 341      EAEB
 342 09a1 FEFF40AE 		.ascii	"\376\377@\256v\362\247#\267\204D\362Y\247\027\\\324"
 342      76F2A723 
 342      B78444F2 
 342      59A7175C 
 342      D4
 343 09b2 A32C1617 		.ascii	"\243,\026\027\342\034\372\211H,\020\3612\015ZM\277j"
 343      E21CFA89 
 343      482C10F1 
 343      320D5A4D 
 343      BF6A
 344 09c4 A007B0F0 		.ascii	"\240\007\260\360\\\244\\\353\2060u1\375\305\271E\215"
 344      5CA45CEB 
 344      86307531 
 344      FDC5B945 
 344      8D
 345 09d5 8EB89B29 		.ascii	"\216\270\233)\350\371\372Y\033V4\214\2548M?\034=\002"
 345      E8F9FA59 
 345      1B56348C 
 345      AC384D3F 
 345      1C3D02
 346 09e8 0D0F150D 		.ascii	"\015\017\025\015\275\302\002*\372\254\253H)+\254\325"
 346      BDC2022A 
 346      FAACAB48 
 346      292BACD5 
ARM GAS  C:\Users\RAKIBU~1\AppData\Local\Temp\ccvPnrip.s 			page 28


 347 09f8 29414554 		.ascii	")AET\336=\350\277K\323\271\237f\312}9Sb\033w\215 \266"
 347      DE3DE8BF 
 347      4BD3B99F 
 347      66CA7D39 
 347      53621B77 
 348 0a0f 5C7E90F4 		.ascii	"\\~\220\364\266\301\335\327\354y\351\003\337%\275\246"
 348      B6C1DDD7 
 348      EC79E903 
 348      DF25BDA6 
 349 0a1f BDEBD778 		.ascii	"\275\353\327x\200\305m\252\255\013N\266O\030\023\377"
 349      80C56DAA 
 349      AD0B4EB6 
 349      4F1813FF 
 350 0a2f 6DCB713D 		.ascii	"m\313q=~\312\230\321\342\253\315:<\311\230\376\301\351"
 350      7ECA98D1 
 350      E2ABCD3A 
 350      3CC998FE 
 350      C1E9
 351 0a41 7318BF66 		.ascii	"s\030\277f\314\261\321\374\024\003~+\215\351\037k\223"
 351      CCB1D1FC 
 351      14037E2B 
 351      8DE91F6B 
 351      93
 352 0a52 BE16EC21 		.ascii	"\276\026\354!\261\233\031?{K\316\022R\321\017O\015\314"
 352      B19B193F 
 352      7B4BCE12 
 352      52D10F4F 
 352      0DCC
 353 0a64 D9E2385B 		.ascii	"\331\3428[\002\376\321\251\366+y\0064_\302\257T\025"
 353      02FED1A9 
 353      F62B7906 
 353      345FC2AF 
 353      5415
 354 0a76 F2E95088 		.ascii	"\362\351P\210]\333e\223u\255U\244\357\227o\005g\364"
 354      5DDB6593 
 354      75AD55A4 
 354      EF976F05 
 354      67F4
 355 0a88 0DF87C12 		.ascii	"\015\370|\022v\270\371\215\324\374X\017#\352\267\303"
 355      76B8F98D 
 355      D4FC580F 
 355      23EAB7C3 
 356 0a98 25069617 		.ascii	"%\006\226\027\240;$\264<w\363\002+\235\234\035w\260"
 356      A03B24B4 
 356      3C77F302 
 356      2B9D9C1D 
 356      77B0
 357 0aaa 37065954 		.ascii	"7\006YTW$\364\374^4\310\275\216\314\266\3611\220\367"
 357      5724F4FC 
 357      5E34C8BD 
 357      8ECCB6F1 
 357      3190F7
 358 0abd 94FA7252 		.ascii	"\224\372rR\332\303\347 \022\261x%z\011\373\267\010\367"
 358      DAC3E720 
 358      12B17825 
 358      7A09FBB7 
 358      08F7
ARM GAS  C:\Users\RAKIBU~1\AppData\Local\Temp\ccvPnrip.s 			page 29


 359 0acf 04A0D7F0 		.ascii	"\004\240\327\360\374\006\3509P\014\360q@\263\360\374"
 359      FC06E839 
 359      500CF071 
 359      40B3F0FC 
 360 0adf 0EE82DD0 		.ascii	"\016\350-\320\013r\016\204\266\235@\257\340y\002h\034"
 360      0B720E84 
 360      B69D40AF 
 360      E0790268 
 360      1C
 361 0af0 680A6806 		.ascii	"h\012h\006h\332\254\272\231\330\256\274\333n\250-5\253"
 361      68DAACBA 
 361      99D8AEBC 
 361      DB6EA82D 
 361      35AB
 362 0b02 EC88DFFA 		.ascii	"\354\210\337\372v\260*\266\011\274\320(\241\345\355"
 362      76B02AB6 
 362      09BCD028 
 362      A1E5ED
 363 0b11 922F26A4 		.ascii	"\222/&\244\003w\244\"{D-\333\354-K|\326\312\371\354"
 363      0377A422 
 363      7B442DDB 
 363      EC2D4B7C 
 363      D6CAF9EC 
 364 0b25 AA759FF1 		.ascii	"\252u\237\361g\177N\366\220\032m\361\235d\232C?\266"
 364      677F4EF6 
 364      901A6DF1 
 364      9D649A43 
 364      3FB6
 365 0b37 8E363B1E 		.ascii	"\2166;\036\354\340\312c5\234\325\250\334\207\206a\311"
 365      ECE0CA63 
 365      359CD5A8 
 365      DC878661 
 365      C9
 366 0b48 29F0B6A0 		.ascii	")\360\266\240\237x\314\234r\317Bx'\347\361[j\341\317"
 366      9F78CC9C 
 366      72CF4278 
 366      27E7F15B 
 366      6AE1CF
 367 0b5b 2D4B7B0E 		.ascii	"-K{\016\336\256\206[)\3259\370M\353p\356\254\322\364"
 367      DEAE865B 
 367      29D539F8 
 367      4DEB70EE 
 367      ACD2F4
 368 0b6e 8C9D5526 		.ascii	"\214\235U&\255\035\207\007\237-\315\217\023\233W\261"
 368      AD1D8707 
 368      9F2DCD8F 
 368      139B57B1 
 369 0b7e F24A2DCB 		.ascii	"\362J-\313\242\322l\3454\337Q\243\315?\026\321%\022"
 369      A2D26CE5 
 369      34DF51A3 
 369      CD3F16D1 
 369      2512
 370 0b90 A9847BD4 		.ascii	"\251\204{\324jr\360\265\030'\373\266u\237\361\321\346"
 370      6A72F0B5 
 370      1827FBB6 
 370      759FF1D1 
 370      E6
ARM GAS  C:\Users\RAKIBU~1\AppData\Local\Temp\ccvPnrip.s 			page 30


 371 0ba1 D0D7ADE7 		.ascii	"\320\327\255\347\264\231\207\271\344xb}\232\363\206"
 371      B49987B9 
 371      E478627D 
 371      9AF386
 372 0bb0 939D400A 		.ascii	"\223\235@\012\3675\010w\233\004\237?\352sE'\3311\037"
 372      F7350877 
 372      9B049F3F 
 372      EA734527 
 372      D9311F
 373 0bc3 1C6CD3E2 		.ascii	"\034l\323\342o\351\266$t?9\263\333\342\344&/y\264\013"
 373      6FE9B624 
 373      743F39B3 
 373      DBE2E426 
 373      2F79B40B 
 374 0bd7 BBFE9FAC 		.ascii	"\273\376\237\254z\251\336x\243#\247\277$\274\004%\342"
 374      7AA9DE78 
 374      A323A7BF 
 374      24BC0425 
 374      E2
 375 0be8 F9D7CDA4 		.ascii	"\371\327\315\244|\372+\030\354k\320\362\247?\002T\336"
 375      7CFA2B18 
 375      EC6BD0F2 
 375      A73F0254 
 375      DE
 376 0bf9 ACC9989D 		.ascii	"\254\311\230\235\376\340\016\340;O\263\323l\360-:I4"
 376      FEE00EE0 
 376      3B4FB3D3 
 376      6CF02D3A 
 376      4934
 377 0c0b 91D93462 		.ascii	"\221\3314b\207;\031\223Uv\"\036\343n\306tU\3074:\341"
 377      873B1993 
 377      5576221E 
 377      E36EC674 
 377      55C7343A 
 378 0c20 01C63CCC 		.ascii	"\001\306<\314\215\355\267\301\303\2149W\363\324\223"
 378      8DEDB7C1 
 378      C38C3957 
 378      F3D493
 379 0c2f EDED2EC0 		.ascii	"\355\355.\300]\350~^'\375\323\255\227l\365\271#C\275"
 379      5DE87E5E 
 379      27FDD3AD 
 379      976CF5B9 
 379      2343BD
 380 0c42 F6788C42 		.ascii	"\366x\214B\015\015\335\267*\220\274\265\273*_e\233O"
 380      0D0DDDB7 
 380      2A90BCB5 
 380      BB2A5F65 
 380      9B4F
 381 0c54 72C5C26E 		.ascii	"r\305\302n\230\321!\374\235\013|\372\217\346\347\177"
 381      98D121FC 
 381      9D0B7CFA 
 381      8FE6E77F 
 382 0c64 2B70FE1B 		.ascii	"+p\376\033\012\207NQ\013\347\326\201Yd\367c\027\224"
 382      0A874E51 
 382      0BE7D681 
 382      5964F763 
 382      1794
ARM GAS  C:\Users\RAKIBU~1\AppData\Local\Temp\ccvPnrip.s 			page 31


 383 0c76 8A491F81 		.ascii	"\212I\037\201\223\260fB\210\263 <\031@\007\201\016\003"
 383      93B06642 
 383      88B3203C 
 383      19400781 
 383      0E03
 384 0c88 A5031D00 		.ascii	"\245\003\035\000:\202\3156eN\341\036\353\012\315\276"
 384      3A82CD36 
 384      654EE11E 
 384      EB0ACDBE 
 385 0c98 3CFCB702 		.ascii	"<\374\267\002OS\303->\376\365q\302\367\252\321\334\256"
 385      4F53C32D 
 385      3EFEF571 
 385      C2F7AAD1 
 385      DCAE
 386 0caa 2CD50933 		.ascii	",\325\0113l\207\000\224\345\016\3213\343\254\354\020"
 386      6C870094 
 386      E50ED133 
 386      E3ACEC10 
 387 0cba FBACCA92 		.ascii	"\373\254\312\222\227\302\316\016\361\236=\236bK\241"
 387      97C2CE0E 
 387      F19E3D9E 
 387      624BA1
 388 0cc9 B93CB1DA 		.ascii	"\271<\261\332\240^\012\262\303P\016\370\351\317\361"
 388      A05E0AB2 
 388      C3500EF8 
 388      E9CFF1
 389 0cd8 1933F4CE 		.ascii	"\0313\364\316,M\351l\030xTIib6\325\177\360xa\207=\237"
 389      2C4DE96C 
 389      18785449 
 389      696236D5 
 389      7FF07861 
 390 0cef D2D96629 		.ascii	"\322\331f)\235+\2454\271;|\276yK\320\226-!Aa\021a\321"
 390      9D2BA534 
 390      B93B7CBE 
 390      794BD096 
 390      2D214161 
 391 0d06 EFBBB9B9 		.ascii	"\357\273\271\271\303_\360\347a\237\206EFy\256Z\355\036"
 391      C35FF0E7 
 391      619F8645 
 391      4679AE5A 
 391      ED1E
 392 0d18 19E50E00 		.ascii	"\031\345\016\000\367/\"\267FG\271\007l\332\270\332\223"
 392      F72F22B7 
 392      4647B907 
 392      6CDAB8DA 
 392      93
 393 0d29 5D7DD66C 		.ascii	"]}\326l\337\356.\015u\013\266\375\3407\037-7zxh\326"
 393      DFEE2E0D 
 393      750BB6FD 
 393      E0371F2D 
 393      377A7868 
 394 0d3e FE850234 		.ascii	"\376\205\0024\213\243\242\303W{\006\005o\211\014\376"
 394      8BA3A2C3 
 394      577B0605 
 394      6F890CFE 
 395 0d4e 3D35451F 		.ascii	"=5E\037\266\365\017~p\377\345\237'\221\211\011\213\332"
 395      B6F50F7E 
ARM GAS  C:\Users\RAKIBU~1\AppData\Local\Temp\ccvPnrip.s 			page 32


 395      70FFE59F 
 395      27918909 
 395      8BDA
 396 0d60 EAF6B946 		.ascii	"\352\366\271F\037\022\276\371\007\213\330\260\301\333"
 396      1F12BEF9 
 396      078BD8B0 
 396      C1DB
 397 0d6e DD7BA3D7 		.ascii	"\335{\243\327\177zJ\"`,\210\260\013\012\332\026\026"
 397      7F7A4A22 
 397      602C88B0 
 397      0B0ADA16 
 397      16
 398 0d7f 110D7CF4 		.ascii	"\021\015|\364g\301\277\014\244\"\242\242\267\205\204"
 398      67C1BF0C 
 398      A422A2A2 
 398      B78584
 399 0d8e 45064647 		.ascii	"E\006FGFn\211\012\374\367\210m\313\351\323\362\315["
 399      466E890A 
 399      FCF7886D 
 399      CBE9D3F2 
 399      CD5B
 400 0da0 C3978786 		.ascii	"\303\227\207\206\177\032\032\022\022\032\022\370\276"
 400      7F1A1A12 
 400      121A12F8 
 400      BE
 401 0dad DBAAE59E 		.ascii	"\333\252\345\236\253<\336\377\303\232@h\377yDdD\350"
 401      AB3CDEFF 
 401      C39A4068 
 401      FF794464 
 401      44E8
 402 0dbf CF43377F 		.ascii	"\317C7\177\032\026\030\026\021\274e[Hh`\370f\220\025"
 402      1A161816 
 402      11BC655B 
 402      486860F8 
 402      669015
 403 0dd2 111A1814 		.ascii	"\021\032\030\024\022\372\331\346m[\242\203\242w|\021"
 403      12FAD9E6 
 403      6D5BA283 
 403      A2777C11 
 404 0de2 1A051A6D 		.ascii	"\032\005\032me}\377\366\277\252/jGT`PTt\010\010\007"
 404      657DFFF6 
 404      BFAA2F6A 
 404      47546050 
 404      54740808 
 405 0df7 258B0276 		.ascii	"%\213\002vDE\207\206\033#\267\206\032\211\307m\002\002"
 405      44458786 
 405      1B23B786 
 405      1A89C76D 
 405      0202
 406 0e09 8C1F980C 		.ascii	"\214\037\230\014\246\365\001\353M\277]\357\375\013l"
 406      A6F501EB 
 406      4DBF5DEF 
 406      FD0B6C
 407 0e18 0C3069D7 		.ascii	"\0140i\327y\033\225\246\1770x\371\257\363\334\340\277"
 407      791B95A6 
 407      7F3078F9 
 407      AFF3DCE0 
ARM GAS  C:\Users\RAKIBU~1\AppData\Local\Temp\ccvPnrip.s 			page 33


 407      BF
 408 0e29 FE3726F2 		.ascii	"\3767&\362\344\301\236\344\3365\006/\337u\253\245^\337"
 408      E4C19EE4 
 408      DE35062F 
 408      DF75ABA5 
 408      5EDF
 409 0e3b 799CAF1A 		.ascii	"y\234\257\032\267ZO\244@\013\271{\360=\236z\"\201\366"
 409      B75A4FA4 
 409      400BB97B 
 409      F03D9E7A 
 409      2281F6
 410 0e4e F84A085F 		.ascii	"\370J\010_s\204\207-\031k\012\330d\"\017\036\344a\276"
 410      7384872D 
 410      196B0AD8 
 410      64220F1E 
 410      E461BE
 411 0e61 6F952D19 		.ascii	"o\225-\031\315\372|e\220/\003a\243\237Ik\364\371\300"
 411      CDFA7C65 
 411      902F0361 
 411      A39F496B 
 411      F4F9C0
 412 0e74 A4F7DFB0 		.ascii	"\244\367\337\260\201\334\005\243\311\016\036\375<\003"
 412      81DC05A3 
 412      C90E1EFD 
 412      3C03
 413 0e82 08673539 		.ascii	"\010g59\202#\303\303##\334C\267GCv\250\263\353\2635"
 413      8223C3C3 
 413      2323DC43 
 413      B7474376 
 413      A8B3EBB3 
 414 0e97 ABDEDFBE 		.ascii	"\253\336\337\276\035\274ho2\032\2036A\334\274C?\263"
 414      1DBC686F 
 414      321A8336 
 414      41DCBC43 
 414      3FB3
 415 0ea9 F7FF5793 		.ascii	"\367\377W\223\374\374cyI}\2729\370\367\333\276\010\012"
 415      FCFC6379 
 415      497DBA39 
 415      F8F7DBBE 
 415      080A
 416 0ebb 890CDF1C 		.ascii	"\211\014\337\034\026A\263ZGL\367\371D\347\347m\374\320"
 416      1641B35A 
 416      474CF7F9 
 416      44E7E76D 
 416      FCD0
 417 0ecd 7B3DE13C 		.ascii	"{=\341<}>q\362^\367\301F\343G\362p\255_\200\227I\273"
 417      7D3E71F2 
 417      5EF7C146 
 417      E347F270 
 417      AD5F8097 
 418 0ee3 71A38F09 		.ascii	"q\243\217\011{y\233\2607\334\375}LZ/\037\022\023\037"
 418      7B799BB0 
 418      37DCFD7D 
 418      4C5A2F1F 
 418      12131F
 419 0ef6 2F930D74 		.ascii	"/\223\015t\001\300\233\360\276\344b\204\213M\200/\304"
 419      01C09BF0 
ARM GAS  C:\Users\RAKIBU~1\AppData\Local\Temp\ccvPnrip.s 			page 34


 419      BEE46284 
 419      8B4D802F 
 419      C4
 420 0f07 0C07F8FA 		.ascii	"\014\007\370\372\033X\312\256\015\212\326Kwl4B\217\321"
 420      1B58CAAE 
 420      0D8AD64B 
 420      776C3442 
 420      8FD1
 421 0f19 64E3E567 		.ascii	"d\343\345g2\232\264\277\335\364\241I\353\007h\033\243"
 421      329AB4BF 
 421      DDF4A149 
 421      EB07681B 
 421      A3
 422 0f2a FF477EDE 		.ascii	"\377G~\336p\3652\232\274\276\307\015^\246\215\356\306"
 422      70F5329A 
 422      BCBEC70D 
 422      5EA68DEE 
 422      C6
 423 0f3b 8D017E01 		.ascii	"\215\001~\001\356$i\334\375XZ\001bkhPp\370\032\222\270"
 423      EE2469DC 
 423      FD585A01 
 423      626B6850 
 423      70F81A92 
 424 0f50 01C67574 		.ascii	"\001\306ut\0126\037\372o2\232\204\000\223\036\036\376"
 424      0A361FFA 
 424      6F329A84 
 424      00931E1E 
 424      FE
 425 0f61 65FDC726 		.ascii	"e\375\307&-\271`P\242\243=\036\216>\033\274\002|\345"
 425      2DB96050 
 425      A2A33D1E 
 425      8E3E1BBC 
 425      027CE5
 426 0f74 E9FE0FA3 		.ascii	"\351\376\017\243+0 "
 426      2B3020
 427              		.text
 428              		.section	.gnu.lto_.symtab.eb29b84b,"",%progbits
 429 0000 68616C5F 		.ascii	"hal_lld_init\000"
 429      6C6C645F 
 429      696E6974 
 429      00
 430 000d 00       		.ascii	"\000"
 431 000e 00       		.ascii	"\000"
 432 000f 00       		.ascii	"\000"
 433 0010 00000000 		.ascii	"\000\000\000\000\000\000\000\000"
 433      00000000 
 434 0018 BB000000 		.ascii	"\273\000\000\000"
 435 001c 73746D33 		.ascii	"stm32_clock_init\000"
 435      325F636C 
 435      6F636B5F 
 435      696E6974 
 435      00
 436 002d 00       		.ascii	"\000"
 437 002e 00       		.ascii	"\000"
 438 002f 00       		.ascii	"\000"
 439 0030 00000000 		.ascii	"\000\000\000\000\000\000\000\000"
 439      00000000 
ARM GAS  C:\Users\RAKIBU~1\AppData\Local\Temp\ccvPnrip.s 			page 35


 440 0038 BD000000 		.ascii	"\275\000\000\000"
 441 003c 53797374 		.ascii	"SystemCoreClock\000"
 441      656D436F 
 441      7265436C 
 441      6F636B00 
 442 004c 00       		.ascii	"\000"
 443 004d 00       		.ascii	"\000"
 444 004e 00       		.ascii	"\000"
 445 004f 00000000 		.ascii	"\000\000\000\000\000\000\000\000"
 445      00000000 
 446 0057 CE000000 		.ascii	"\316\000\000\000"
 447 005b 69727149 		.ascii	"irqInit\000"
 447      6E697400 
 448 0063 00       		.ascii	"\000"
 449 0064 02       		.ascii	"\002"
 450 0065 00       		.ascii	"\000"
 451 0066 00000000 		.ascii	"\000\000\000\000\000\000\000\000"
 451      00000000 
 452 006e BF000000 		.ascii	"\277\000\000\000"
 453 0072 646D6149 		.ascii	"dmaInit\000"
 453      6E697400 
 454 007a 00       		.ascii	"\000"
 455 007b 02       		.ascii	"\002"
 456 007c 00       		.ascii	"\000"
 457 007d 00000000 		.ascii	"\000\000\000\000\000\000\000\000"
 457      00000000 
 458 0085 C1000000 		.ascii	"\301\000\000\000"
 459              		.text
 460              		.section	.gnu.lto_.opts,"",%progbits
 461 0000 272D666D 		.ascii	"'-fmath-errno' '-fsigned-zeros' '-ftrapping-math' '"
 461      6174682D 
 461      6572726E 
 461      6F272027 
 461      2D667369 
 462 0033 2D666E6F 		.ascii	"-fno-trapv' '-fno-openmp' '-fno-openacc' '-mcpu=cor"
 462      2D747261 
 462      70762720 
 462      272D666E 
 462      6F2D6F70 
 463 0066 7465782D 		.ascii	"tex-m4' '-mthumb' '-O2' '-fomit-frame-pointer' '-fa"
 463      6D342720 
 463      272D6D74 
 463      68756D62 
 463      2720272D 
 464 0099 6C69676E 		.ascii	"lign-functions=16' '-ffunction-sections' '-fdata-se"
 464      2D66756E 
 464      6374696F 
 464      6E733D31 
 464      36272027 
 465 00cc 6374696F 		.ascii	"ctions' '-fno-common' '-flto'\000"
 465      6E732720 
 465      272D666E 
 465      6F2D636F 
 465      6D6D6F6E 
 466              		.text
 467              		.comm	__gnu_lto_v1,1,1
 468              		.comm	__gnu_lto_slim,1,1
ARM GAS  C:\Users\RAKIBU~1\AppData\Local\Temp\ccvPnrip.s 			page 36


 469              		.ident	"GCC: (GNU Tools for Arm Embedded Processors 7-2017-q4-major) 7.2.1 20170904 (release) [ARM
ARM GAS  C:\Users\RAKIBU~1\AppData\Local\Temp\ccvPnrip.s 			page 37


DEFINED SYMBOLS
                            *ABS*:00000000 hal_lld.c
                            *COM*:00000001 __gnu_lto_v1
                            *COM*:00000001 __gnu_lto_slim

NO UNDEFINED SYMBOLS
