ARM GAS  C:\Users\RAKIBU~1\AppData\Local\Temp\cclGMIcA.s 			page 1


   1              		.cpu cortex-m4
   2              		.eabi_attribute 20, 1
   3              		.eabi_attribute 21, 1
   4              		.eabi_attribute 23, 3
   5              		.eabi_attribute 24, 1
   6              		.eabi_attribute 25, 1
   7              		.eabi_attribute 26, 1
   8              		.eabi_attribute 30, 2
   9              		.eabi_attribute 34, 1
  10              		.eabi_attribute 18, 4
  11              		.file	"hal_flash.c"
  12              		.section	.gnu.lto_.profile.e8100c01,"",%progbits
  13 0000 789C6363 		.ascii	"x\234cc```\001bF\206\004\003\000\001h\000\234"
  13      60606001 
  13      62468604 
  13      03000168 
  13      009C
  14              		.text
  15              		.section	.gnu.lto_.icf.e8100c01,"",%progbits
  16 0000 789C6363 		.ascii	"x\234cc``\020a@\000f\206M\313\036^\346b<\372e\347\001"
  16      60601061 
  16      40006686 
  16      4DCB1E5E 
  16      E6623CFA 
  17 0017 36A6254F 		.ascii	"6\246%OoLac\000\000e\261\011j"
  17      6F4C6163 
  17      000065B1 
  17      096A
  18              		.text
  19              		.section	.gnu.lto_.jmpfuncs.e8100c01,"",%progbits
  20 0000 789C6363 		.ascii	"x\234cc``8\305\200\000\314\014\214\214\214\365s\230"
  20      606038C5 
  20      8000CC0C 
  20      8C8C8CF5 
  20      7398
  21 0012 19981818 		.ascii	"\031\230\030\030\030\017\26002\000\361\177 \340gd\234"
  21      180FB030 
  21      3200F17F 
  21      20E06764 
  21      9C
  22 0023 C2CC38AD 		.ascii	"\302\3148\255\365\320y\366n\3469\314\214\214\014\214"
  22      F5D079F6 
  22      6EE639CC 
  22      8C8C0C8C 
  23 0033 9B196580 		.ascii	"\233\031e\200B\257\367l\270\301\012\021\202\250\333"
  23      42AFF76C 
  23      B8C10A11 
  23      82A8DB
  24 0042 C228C3C2 		.ascii	"\302(\303\302T\311\200\246\035\211\377\007\254\214\011"
  24      54C980A6 
  24      1D89FF07 
  24      AC8C09
  25 0051 D93826A0 		.ascii	"\3318&\240q[\031e@\270^\201\221\211\221\221\031\344"
  25      715B1965 
  25      40B85E81 
  25      91899191 
  25      19E4
ARM GAS  C:\Users\RAKIBU~1\AppData\Local\Temp\cclGMIcA.s 			page 2


  26 0063 04206666 		.ascii	"\004 ff\002\032\305\210fT\275\002\023a%\014\0009\244"
  26      021AC588 
  26      6654BD02 
  26      1361250C 
  26      0039A4
  27 0076 3B12     		.ascii	";\022"
  28              		.text
  29              		.section	.gnu.lto_.inline.e8100c01,"",%progbits
  30 0000 789C6363 		.ascii	"x\234cc``\230\300\200\000\314\014,\302\257\030\031\031"
  30      606098C0 
  30      8000CC0C 
  30      2CC2AF18 
  30      1919
  31 0012 98F8AF9D 		.ascii	"\230\370\257\235ce`_\025\314\004\022e\342fd`\234\340"
  31      6365605F 
  31      15CC0412 
  31      65E26664 
  31      609CE0
  32 0025 C7260494 		.ascii	"\307&\004\224\270\303\315\300\310 $\315\310\304\240"
  32      B8C3CDC0 
  32      C82024CD 
  32      C8C4A0
  33 0034 C00854CE 		.ascii	"\300\010T\316\010$\031X\005\356\3042\260-\220gb`|\301"
  33      08241958 
  33      05EEC432 
  33      B02D9067 
  33      62607CC1 
  34 0048 CE022119 		.ascii	"\316\002!\031\2306qq\2004\263\0122\200431\010J\241j"
  34      98367171 
  34      8034B30A 
  34      32803433 
  34      31084AA1 
  35 005d E23B1041 		.ascii	"\342;\020AH\023\003\000\237\365\022\212"
  35      48130300 
  35      9FF5128A 
  36              		.text
  37              		.section	.gnu.lto_.pureconst.e8100c01,"",%progbits
  38 0000 789C6363 		.ascii	"x\234cc```\007bf\006KFI&I\000\002T\000\177"
  38      60606007 
  38      6266064B 
  38      46492649 
  38      00025400 
  39              		.text
  40              		.section	.gnu.lto_flashWaitErase.e8100c01,"",%progbits
  41 0000 789C7594 		.ascii	"x\234u\224\337OTG\024\307\317\367\316\375\261\354\272"
  41      DF4F5447 
  41      14C7CFF7 
  41      CEFDB1EC 
  41      BA
  42 0011 60FAE403 		.ascii	"`\372\344\003\017<\224XcdI\215\211}\350{\377\213\206"
  42      0F3C9458 
  42      6364498D 
  42      897DE87B 
  42      FF8B86
  43 0024 22061A2A 		.ascii	"\"\006\032*\015kL\372\304]v)\"\244\241\246lq]\311\246"
  43      0D6B4CFA 
  43      C45D7629 
ARM GAS  C:\Users\RAKIBU~1\AppData\Local\Temp\cclGMIcA.s 			page 3


  43      22A4A1A6 
  43      6C715DC9 
  44 0039 84189BFE 		.ascii	"\204\030\233\376\320\026\265(\255\227\305\256\326\202"
  44      D016B528 
  44      AD97C5AE 
  44      D682
  45 0047 3F9A4651 		.ascii	"?\232FQ\011!\030\245\264\304\3066\342C#\366;sw#&z\263"
  45      092118A5 
  45      B4C4C636 
  45      E24323F6 
  45      3B737723 
  46 005e 7B76EE99 		.ascii	"{v\356\231\357\371\3149gf\326\025\221/m\221\367\371"
  46      EFF9CC39 
  46      6766D615 
  46      912F6D91 
  46      F7F9
  47 0070 FB0EBF70 		.ascii	"\373\016\277p\005\326\340U\221T\304\202\012\007\312"
  47      05D6E055 
  47      9154C482 
  47      0A07CA
  48 007f B2E763E2 		.ascii	"\262\347c\342G\235\361\242\210\277\311\006\264\337\217"
  48      479DF1A2 
  48      88BFC906 
  48      B4DF8F
  49 008e 38A1602A 		.ascii	"8\241`*\002\351\262\224\355\200V\312\317\200\372La\250"
  49      02E9B294 
  49      ED8056CA 
  49      CF80FA4C 
  49      61A8
  50 00a0 EFFCADF8 		.ascii	"\357\374\255\370\266\343\276\337\355\007\237\257\275"
  50      B6E3BEDF 
  50      ED079FAF 
  50      BD
  51 00ad 9D4AF76C 		.ascii	"\235J\367l\311S\221U\202\235\265h\254\325\353}\217m"
  51      C9539155 
  51      829DB568 
  51      ACD5EB7D 
  51      8F6D
  52 00bf 54DEC89C 		.ascii	"T\336\310\234\314\253~\225W\200\315\327G\263\271{\325"
  52      CCAB7E95 
  52      5780CDD7 
  52      47B3B97B 
  52      D5
  53 00d0 FAD5421D 		.ascii	"\372\325B\035_\007o>\374J\251\355\020\216\013\377\335"
  53      5F076F3E 
  53      FC4AA9ED 
  53      108E0BFF 
  53      DD
  54 00e1 B85DBD75 		.ascii	"\270]\275u\3140g\306\224\377z^)\234\201\322\320\323"
  54      CC3067C6 
  54      94FF7A5E 
  54      299C81D2 
  54      D0D3
  55 00f3 A8C5386A 		.ascii	"\250\3058j\205.\301Yl\325\372\245S\353Cq\327\326\213"
  55      852EC159 
  55      6CD5FAA5 
  55      53EB4371 
ARM GAS  C:\Users\RAKIBU~1\AppData\Local\Temp\cclGMIcA.s 			page 4


  55      D7D68B
  56 0106 72B51FE0 		.ascii	"r\265\037\340\202\316/N\214\376\013\325h\200\217\357"
  56      82CE2F4E 
  56      8CFE0BD5 
  56      68808FEF 
  57 0116 CF1D8FD6 		.ascii	"\317\035\217\326\217\372\001\201\353\313*\347\007\231"
  57      8FFA0181 
  57      EBCB2AE7 
  57      0799
  58 0124 BABCB231 		.ascii	"\272\274\2621\361\"S?T\227\012\227\256xj\227\211\\\273"
  58      F122533F 
  58      54970A97 
  58      AE786A97 
  58      895CBB
  59 0137 3972DB61 		.ascii	"9r\333a\244Ne\355\2543\354\007)F\012\316\207\221\225"
  59      A44E65ED 
  59      AC33EC07 
  59      29460ACE 
  59      879195
  60 014a 1265431A 		.ascii	"\022eC\032\230D=\316\241\336db&\322\337\255NF\325[\006"
  60      98443DCE 
  60      A1DE6462 
  60      26D2DFAD 
  60      4E46D55B 
  61 015f 7831185F 		.ascii	"x1\030_\252.\003\027\236TRq\360\323KS\011\221\031\237"
  61      AA2E0317 
  61      9E545271 
  61      F0D34B53 
  61      0991199F 
  62 0173 4F503A12 		.ascii	"OP:\022\305\005\215\375\021nVac\341\010X\363\224\336"
  62      C5058DFD 
  62      116E5661 
  62      63E10858 
  62      F394DE
  63 0186 571A8858 		.ascii	"W\032\210X\225\034\276\375\315\011\374\365g\275z-\214"
  63      951CBEFD 
  63      CD09FCF5 
  63      67BD7A2D 
  63      8C
  64 0197 FD3580D7 		.ascii	"\3755\200\327\300\316\271\026\215\247h\"6M\225\243\215"
  64      C0CEB916 
  64      8DA76822 
  64      364D95A3 
  64      8D
  65 01a8 AB8DA74D 		.ascii	"\253\215\247MDO\304\240\273\033\027M\2521V\344 \373"
  65      444FC4A0 
  65      BB1B174D 
  65      AA3156E4 
  65      20FB
  66 01ba 3B1FF303 		.ascii	";\037\363\003\016,\016R\201\364q\027x>\322\201\374\211"
  66      0E2C0E52 
  66      81F47117 
  66      783ED281 
  66      FC89
  67 01cc EE732B87 		.ascii	"\356s+\207\356\271:\273\234\322\033\220\355)^\363\364"
  67      EEB93ABB 
  67      9CD21B90 
ARM GAS  C:\Users\RAKIBU~1\AppData\Local\Temp\cclGMIcA.s 			page 5


  67      ED295EF3 
  67      F4
  68 01dd 0687B94E 		.ascii	"\006\207\271N\026gKn\001#)\326\302\212\2439\025CQW\312"
  68      16674B6E 
  68      012329D6 
  68      C28AA339 
  68      15435157 
  69 01f2 B9DF7BE7 		.ascii	"\271\337{\347\026b\211\257\375p\312\3054\012\0302\347"
  69      166289AF 
  69      FD70CAC5 
  69      340A1832 
  69      E7
  70 0203 0C179130 		.ascii	"\014\027\2210\354\252\020lm\004\273/\003\307\270:~."
  70      ECAA106C 
  70      6D04BB2F 
  70      03C7B83A 
  70      7E2E
  71 0215 831FF51F 		.ascii	"\203\037\365\037\236\003\301\203fj\023J\006\014\015"
  71      9E03C183 
  71      666A134A 
  71      060C0D
  72 0224 BE44F02A 		.ascii	"\276D\360*z\012{Cp\234laN\014\372\273gj\304\356z\252"
  72      7A0A7B43 
  72      709C6C61 
  72      4E0CFABB 
  72      676AC4EE 
  73 023a B329ECCB 		.ascii	"\263)\354\313\253\270n\244\026\011.\243+\257\252\345"
  73      ABB86EA4 
  73      16092EA3 
  73      2BAFAAE5 
  74 024a 01BAC330 		.ascii	"\001\272\3030\335\026\206\312}d\356N/\0147\226Qd\234"
  74      DD1686CA 
  74      7D64EE4E 
  74      2F0C3796 
  74      51649C
  75 025d EE9D3915 		.ascii	"\356\2359\025\3259\012\200_\312\033\332\247l\266\315"
  75      D5390A80 
  75      5FCA1BDA 
  75      A76CB6CD 
  76 026d 34AB38BF 		.ascii	"4\2538\27720\355\031\006\351\0148\262\030\034vv\237"
  76      3230ED19 
  76      06E90C38 
  76      B2181C76 
  76      769F
  77 027f F10F8207 		.ascii	"\361\017\202\007Sp\005\273\345!\272\353Bb\015\203\327"
  77      537005BB 
  77      E521BAEB 
  77      42620D83 
  77      D7
  78 0290 5043B4BA 		.ascii	"PC\264\272\263t\031\0049\302\213\032\266=\2732<\212"
  78      B3741904 
  78      39C28B1A 
  78      B63DBB32 
  78      3C8A
  79 02a2 50A7CCB9 		.ascii	"P\247\314\271\243\357\237\336\262\307\246\223\216t\356"
  79      A3EF9FDE 
  79      B2C7A693 
ARM GAS  C:\Users\RAKIBU~1\AppData\Local\Temp\cclGMIcA.s 			page 6


  79      8E74EE
  80 02b1 E3B2C3A1 		.ascii	"\343\262\303\241\217\313]\377\346\304Qs\373\252\364"
  80      8FCB5DFF 
  80      E6C45173 
  80      FBAAF4
  81 02c0 45C7AFCC 		.ascii	"E\307\257\314\220\252lE\245\205T\365-\1772\240B\325"
  81      90AA6C45 
  81      A58554F5 
  81      2D7F32A0 
  81      42D5
  82 02d2 B2879950 		.ascii	"\262\207\231Pt\262\"\362\250\243\350\330\360\247O\253"
  82      74B222F2 
  82      A8A3E8D8 
  82      F0A74FAB 
  83 02e2 42D11F1E 		.ascii	"B\321\037\036f\215\350y\002\021\352t\303L%\372\374\322"
  83      668DE879 
  83      0211EA74 
  83      C34C25FA 
  83      FCD2
  84 02f4 C5BE6716 		.ascii	"\305\276g\026\237\245\037\227`\016-\031\023\023\253"
  84      9FA51F97 
  84      600E2D19 
  84      1313AB
  85 0303 773DB63C 		.ascii	"w=\266<\222W5Y\376#\004\272\333W\321\305\035\241k\263"
  85      92573559 
  85      FE2304BA 
  85      DB57D1C5 
  85      1DA16BB3 
  86 0317 062CF697 		.ascii	"\006,\366\227\3134\227\300\264\020\257\356\3375\366"
  86      CB3497C0 
  86      B410AFEE 
  86      DF35F6
  87 0326 4F1F58B0 		.ascii	"O\037X\260\341\226\310\033\015\015\011~\232[\333\336"
  87      E196C81B 
  87      0D0D097E 
  87      9A5BDBDE 
  88 0336 6BEB48BE 		.ascii	"k\353H\276\331\2703\321\221L\2646\265'\222\235\315\372"
  88      D9B833D1 
  88      914CB436 
  88      B527929D 
  88      CDFA
  89 0348 F7DDBDED 		.ascii	"\367\335\275\355M\311\326\206f\261\367\264\034\370\320"
  89      4DC9D686 
  89      66B1F7B4 
  89      1CF8D0
  90 0357 FE20D9D2 		.ascii	"\376 \331\322\254Z:;\235=-\355M\037m\177UpG\222\246"
  90      AC5A3A3B 
  90      9D3D2DED 
  90      4D1F6D7F 
  90      55704792 
  91 036c 73FF8E7D 		.ascii	"s\377\216}m\341\270\241U\376\007(\360\2327"
  91      6DE1B8A1 
  91      55FE0728 
  91      F09A37
  92              		.text
  93              		.section	.gnu.lto_flashGetSectorOffset.e8100c01,"",%progbits
  94 0000 789C9552 		.ascii	"x\234\225R\335K\024Q\024\277g\356\235\331\017w\327\214"
ARM GAS  C:\Users\RAKIBU~1\AppData\Local\Temp\cclGMIcA.s 			page 7


  94      DD4B1451 
  94      14BF67EE 
  94      9DD90F77 
  94      D78C
  95 0012 88587CF0 		.ascii	"\210X|\360!1\011\\\311\240\267\036z\362\277\010]W\024"
  95      2131095C 
  95      C9A0B71E 
  95      7AF2BF08 
  95      5D5714
  96 0025 84955DE9 		.ascii	"\204\225]\351\245\007\257\273\233f\206H~\004\303$K["
  96      A507AFBB 
  96      9B668648 
  96      7E04C324 
  96      4B5B
  97 0037 16545864 		.ascii	"\026TXd\232_\271\251\231V[\031Q\226\220ah%\262!\210"
  97      9A5FB9A9 
  97      99565B19 
  97      51969061 
  97      6825B221 
  98 004c 50A675EE 		.ascii	"P\246u\356\235]R\331\227\206\231;\347\336{~\277\363"
  98      9D5D52D9 
  98      9786993B 
  98      E7DE7B7E 
  98      BFF3
  99 005e 3B1F1A21 		.ascii	";\037\032!\244\203\021R\212\377\223\370\201F@i{IH\203"
  99      A4831152 
  99      8AFF93F8 
  99      81464069 
  99      7B494883 
 100 0072 5551E856 		.ascii	"UQ\350V\011\341v\326\356&\334AA5\217Y\332P\001\204\301"
 100      09E176D6 
 100      EE26DC41 
 100      41358F59 
 100      DA500184 
 101 0087 AD40EA15 		.ascii	"\255@\352\025\312T\250\207\213\264\203\302l\344\256"
 101      CA54A887 
 101      8BB483C2 
 101      6CE4AE
 102 0096 415BA841 		.ascii	"A[\250A\0110\334\256%\364/.\261\005\310\303\355jr\252"
 102      0930DCAE 
 102      25F42F2E 
 102      B105C8C3 
 102      ED6A72AA 
 103 00aa CF517883 		.ascii	"\317Qx\203\363\020\217_\236\323n\366\275\3466\203*\244"
 103      F3108F5F 
 103      9ED36EF6 
 103      BDE63683 
 103      2AA4
 104 00bc 0BDDFB20 		.ascii	"\013\335\373 \027\356C\256\220\361\000\012\321\271\355"
 104      17EE43AE 
 104      90F1000A 
 104      D1B9ED
 105 00cb 5DF236A5 		.ascii	"]\3626\245G\201\240\035\335\234\375\340*\270.\201\223"
 105      4781A01D 
 105      DD9CFDE0 
 105      2AB82E81 
 105      93
ARM GAS  C:\Users\RAKIBU~1\AppData\Local\Temp\cclGMIcA.s 			page 8


 106 00dc 3D941F36 		.ascii	"=\224\0376(\205~\240;\201xD`\000\012\320}!\036\2120"
 106      28857EA0 
 106      3B817844 
 106      60000AD0 
 106      7D211E8A 
 107 00f1 5A2CA1F3 		.ascii	"Z,\241\363\233?\317\246\220I\375PO\230\227\032\224\301"
 107      9B3FCFA6 
 107      9049FD50 
 107      4F98971A 
 107      94C1
 108 0103 C3BD5846 		.ascii	"\303\275XF`\020\012\004\240?\2768\310\350\011\011\356"
 108      60100A04 
 108      A03FBE38 
 108      C8E80909 
 108      EE
 109 0114 5EFC7AC5 		.ascii	"^\374z\305\225\037\223\350m\335\035\013\363i\316\014"
 109      951F93E8 
 109      6DDD1D0B 
 109      F369CE0C 
 110 0124 AAC2D06E 		.ascii	"\252\302\320n\274x\320}\275\375\343\202\213\236\222"
 110      BC78D07D 
 110      BDFDE382 
 110      8B9E92
 111 0133 D0D0B7D6 		.ascii	"\320\320\267\326\227i\350\206~\340j\012\252\300HF\350"
 111      9769E886 
 111      7EE06A0A 
 111      AAC04846 
 111      E8
 112 0144 E2BDED4E 		.ascii	"\342\275\355N\247\306`\024\362a\030\362\243\224\210"
 112      A7C66014 
 112      F26118F2 
 112      A39488
 113 0153 AA60311E 		.ascii	"\252`1\036\211\256\020\242\244oz\337\250q\276\375\247"
 113      89AE10A2 
 113      A46F7ADF 
 113      A871BEFD 
 113      A7
 114 0164 09D371FF 		.ascii	"\011\323q\377^_\312\311\006T\257)\270X\220\025\235\030"
 114      5E5FCAC9 
 114      0654AF29 
 114      B8589015 
 114      9D18
 115 0176 9A561517 		.ascii	"\232V\025\027\233&,\213\260l *\223E\004\201\003D\246"
 115      9B262C8B 
 115      B06C202A 
 115      93450481 
 115      0344A6
 116 0189 4EE9EB92 		.ascii	"N\351\353\222+!\3471\024\366\223\307I3\266\003\255p"
 116      2B21E731 
 116      14F693C7 
 116      4933B603 
 116      AD70
 117 019b 9CAC4068 		.ascii	"\234\254@h\350{\357\304A\241@\247\200\032\273\316\215"
 117      E87BEFC4 
 117      41A140A7 
 117      801ABBCE 
 117      8D
ARM GAS  C:\Users\RAKIBU~1\AppData\Local\Temp\cclGMIcA.s 			page 9


 118 01ac BFB2886E 		.ascii	"\277\262\210nR\231\341\310xbJ\213Bw\003\347<\317\240"
 118      5299E1C8 
 118      78624A8B 
 118      427703E7 
 118      3CCFA0
 119 01bf 769DDA60 		.ascii	"v\235\332`Ld\204wo\233\346>ey\356p\363J\2038D\241S\344"
 119      4C648477 
 119      6F9BE63E 
 119      6579EE70 
 119      F34A8338 
 120 01d7 43E03178 		.ascii	"C\3401x$\267\315$Vv\022k\231\210\2630:\214\247\210\327"
 120      24B7CD24 
 120      5676126B 
 120      9988B330 
 120      3A8CA788 
 121 01ec 5A2ECD01 		.ascii	"Z.\315\001\022\267\311+\007LHb\020\304\223H\274\012"
 121      12B7C92B 
 121      074C4862 
 121      10C49348 
 121      BC0A
 122 01fe 91E80698 		.ascii	"\221\350\006\230\314\210S\010\2122\250\223,C(O\234\212"
 122      CC885308 
 122      8A32A893 
 122      2C43284F 
 122      9C8A
 123 0210 02E08D99 		.ascii	"\002\340\215\231\334p\314nz\262\235\032\324L\032\\\010"
 123      DC70CC6E 
 123      7AB29D1A 
 123      D44C1A5C 
 123      08
 124 0221 82271935 		.ascii	"\202'\0315d\303\224\324\240\010\015OQ\303\022D\346'"
 124      64C394D4 
 124      A0080D4F 
 124      51C31244 
 124      E627
 125 0233 8E6760C6 		.ascii	"\216g`\306V\301t\252\345\3158\255[%\262\314a\27511p"
 125      56C174AA 
 125      E5CD38AD 
 125      5B25B2CC 
 125      61BD3131 
 126 0248 4D3101AA 		.ascii	"M1\001\252N\035\210\271\360\353}\253U`\030Xa\0061\350"
 126      4E1D88B9 
 126      F0EB7DAB 
 126      55601858 
 126      610631E8 
 127 025c 6634A612 		.ascii	"f4\246\022\023\274\350)\223\230\3115\317\\{4G{\304H"
 127      13BCE829 
 127      9398C935 
 127      CF5C7B34 
 127      477BC448 
 128 0270 EC436733 		.ascii	"\354Cg3\344n\331\321e\305\2409\360L\012\227c\366\034"
 128      E46ED9D1 
 128      65C5A039 
 128      F04C0A97 
 128      63F61C
 129 0283 856391A2 		.ascii	"\205c\221\242\001Y\245QQ%\227\224\311H\273;=\015c\261"
 129      0159A551 
ARM GAS  C:\Users\RAKIBU~1\AppData\Local\Temp\cclGMIcA.s 			page 10


 129      51259794 
 129      C948BB3B 
 129      3D0D63B1 
 130 0297 72339AE5 		.ascii	"r3\232\345\277*\264\037^\310@L\004J\310\366c\3163\324"
 130      BF2AB41F 
 130      5EC8404C 
 130      044AC8F6 
 130      63CE33D4 
 131 02ab E472221D 		.ascii	"\344r\"\035&\375\257E2\270S\006WS\263\270\014\0121\317"
 131      26FDAF45 
 131      32B85306 
 131      5753B3B8 
 131      0C0A31CF 
 132 02bf 2949A2CA 		.ascii	")I\242\312[\255n\023,\264o\000E\261T\377\361\031\020"
 132      5BAD6E13 
 132      2CB46F00 
 132      45B154FF 
 132      F11910
 133 02d2 C756FC38 		.ascii	"\307V\3748\316 \200\330\221#EE\036|\275U\325\345\325"
 133      CE2080D8 
 133      91234545 
 133      1E7CBD55 
 133      D5E5D5
 134 02e5 FEE0B1E2 		.ascii	"\376\340\261\342\022\217?\350\251*\253\361\004\003^"
 134      128F3FE8 
 134      A92AABF1 
 134      04035E
 135 02f4 F13F5D59 		.ascii	"\361?]YS\026\254*\362\022V\341;S\253\005}\336:\177\300"
 135      5316AC2A 
 135      F21256E1 
 135      3B53AB05 
 135      7DDE3A7F 
 136 0309 5EE10B7A 		.ascii	"^\341\013z\003\325\265hj\376\312\312\240\257\356/\276"
 136      03D5B568 
 136      6AFECACA 
 136      A0AFEE2F 
 136      BE
 137 031a B787A4   		.ascii	"\267\207\244"
 138              		.text
 139              		.section	.gnu.lto_flashGetSectorSize.e8100c01,"",%progbits
 140 0000 789C7D52 		.ascii	"x\234}R\335K\024Q\024\277g\356\235q\335/\363%d1\360"
 140      DD4B1451 
 140      14BF67EE 
 140      9D71DD2F 
 140      F3256431 
 141 0015 2131095C 		.ascii	"!1\011\\\311\240\267\036z\210\376\213\260u\303\015A"
 141      C9A0B71E 
 141      7A88FE8B 
 141      B075C30D 
 141      41
 142 0026 71A30785 		.ascii	"q\243\007\205\274\373\221\246FH\246\3012\332\224H\330"
 142      BCFB91A6 
 142      4648A6C1 
 142      32DA9448 
 142      D8
 143 0037 07156D96 		.ascii	"\007\025m\226\233\332\246\266ife\364aH\005F\366\201"
 143      9BDAA6B6 
ARM GAS  C:\Users\RAKIBU~1\AppData\Local\Temp\cclGMIcA.s 			page 11


 143      696665F4 
 143      61480546 
 143      F681
 144 0049 09BE4865 		.ascii	"\011\276Hen\235{g\004\265\245ev\346\334{\317\357\343"
 144      6E9D7B67 
 144      04B5A565 
 144      76E6DC7B 
 144      CFEFE3
 145 005c 9C7B3442 		.ascii	"\234{4BH\035#d?~\367\342\0374\002J\333SBB6E\241\253"
 145      481D2364 
 145      3F7EF7E2 
 145      1F34024A 
 145      DB534242 
 146 0074 6584DB59 		.ascii	"e\204\333Y\273\207p'\005\325\334fk\201\012 \002n\003"
 146      BB877027 
 146      05D5DC66 
 146      6B810A20 
 146      026E03
 147 0087 D2A050A6 		.ascii	"\322\240P\246B\003\234\242g)LGo\350\264\225\352\224"
 147      42039CA2 
 147      67294C47 
 147      6FE8B495 
 147      EA94
 148 0099 00C3E5D2 		.ascii	"\000\303\345\322T\354\243[,\001\012p\271\260\230\212"
 148      54ECA35B 
 148      2C010A70 
 148      B9B0988A 
 149 00a9 3B8B2F71 		.ascii	";\213/q\036\346\311s\211\254X\3749\317\326\251B:1=\016"
 149      1EE6C973 
 149      89AC58FC 
 149      39CFD6A9 
 149      423A313D 
 150 00be F9700BF2 		.ascii	"\371p\013\362\205\215\333P\214\311m\257\027\257R\272"
 150      858DDB50 
 150      8CC96DAF 
 150      17AF52BA 
 151 00ce 1308C6C6 		.ascii	"\023\010\306\306\312\364[wQ\257\004\216\365R\276]\247"
 151      CAF45B77 
 151      51AF048E 
 151      F552BE5D 
 151      A7
 152 00df 14FA81AE 		.ascii	"\024\372\201\256\007\342\026\201;P\204\351\037\222\341"
 152      07E21681 
 152      3B5084E9 
 152      1F92E1
 153 00ee 28A3A512 		.ascii	"(\243\245\022:\273\362\263\336B.w\345\365F\370\001\235"
 153      3ABBF2B3 
 153      DE422E77 
 153      E5F546F8 
 153      019D
 154 0100 32B8BB19 		.ascii	"2\270\273\031\313\010\014@\221\000\364'\347\006\030"
 154      CB080C40 
 154      9100F427 
 154      E70618
 155 010f DD23C1DD 		.ascii	"\335#\301\335s\237\273\334\205=\022\235\352\366\364"
 155      739FBBDC 
 155      853D129D 
ARM GAS  C:\Users\RAKIBU~1\AppData\Local\Temp\cclGMIcA.s 			page 12


 155      EAF6F4
 156 011e 44F83867 		.ascii	"D\3708g:U!\261\021/~\230~1\364j\322E\367I\350\225\363"
 156      3A5521B1 
 156      112F7E98 
 156      7E31F46A 
 156      D245F749 
 157 0135 A13EBB05 		.ascii	"\241>\273\005Mw\345]\260\240\012\014f\204\316\335Lw"
 157      4D77E55D 
 157      B0A00A0C 
 157      6684CEDD 
 157      4C77
 158 0147 B8340643 		.ascii	"\2704\006CP\010\367\240\320\240Dt\005\2331,n\205\020"
 158      5008F7A0 
 158      D0A04474 
 158      059B312C 
 158      6E8510
 159 015a 65EDE4FA 		.ascii	"e\355\344\372\0135\311\323\177\232\260\234m\013\361"
 159      0B35C9D3 
 159      7F9AB09C 
 159      6D0BF1
 160 0169 74AE1BD0 		.ascii	"t\256\033\320\275\246\340+\013Y1\211ahS\361\225\255"
 160      BDA6E02B 
 160      0B593189 
 160      616853F1 
 160      95AD
 161 017b 89C806A2 		.ascii	"\211\310\006\242)v\"\260\016\231\340\004Q\252K\306\204"
 161      297622B0 
 161      0E99E004 
 161      51AA4BC6 
 161      84
 162 018c 9C4415BC 		.ascii	"\234D\025\274J\236$\315x\023\030E\222\344\033\204\023"
 162      4A9E24CD 
 162      78131845 
 162      92E41B84 
 162      13
 163 019d 5FBF8C6E 		.ascii	"_\277\214n\025\3421\012h\257\363\304\310\263,q\221T"
 163      15E2310A 
 163      68AFF3C4 
 163      C8B32C71 
 163      9154
 164 01af 16373832 		.ascii	"\026782\225\322\014\350\016q\316\013tj\217Q\033\334"
 164      95D20CE8 
 164      0E71CE0B 
 164      746A8F51 
 164      1BDC
 165 01c1 17C5E0D9 		.ascii	"\027\305\340\331\313\246\231\367\016\3575n\036i\220"
 165      CBA699F7 
 165      0EEF356E 
 165      1E6990
 166 01d0 04033A44 		.ascii	"\004\003:D)\004\036\200Wrg\233\304\312zb-\023\261\003"
 166      29041E80 
 166      5772679B 
 166      C4CA7A62 
 166      2D13B103 
 167 01e4 D561C422 		.ascii	"\325a\304\"^j=3\003H\334&\217\2340*\211A\020\217!\361"
 167      5E6A3D33 
 167      0348DC26 
ARM GAS  C:\Users\RAKIBU~1\AppData\Local\Temp\cclGMIcA.s 			page 13


 167      8F9C302A 
 167      8941108F 
 168 01fa 02448D65 		.ascii	"\002D\215e0\231\321\220B\320\224N]d\036\302\005bW4\000"
 168      3099D190 
 168      42D0944E 
 168      5D641EC2 
 168      05625734 
 169 020f 4FCCE216 		.ascii	"O\314\342\026z\354f&[\357A\315\344\301\215 x\230\321"
 169      7AEC6626 
 169      5BEF41CD 
 169      E4C18D20 
 169      7898D1
 170 0222 430EA4A4 		.ascii	"C\016\244\244\007Exx\204\036>Atvtw\006\346\034 0n\335"
 170      07457878 
 170      841E3E41 
 170      74767477 
 170      06E61C20 
 171 0239 76330EEA 		.ascii	"v3\016\352j\231ls$\326\370n\350\267eZ\215Q'bZ~\2759"
 171      6A996C73 
 171      24D6F86E 
 171      E8B7655A 
 171      8D512762 
 172 0251 6D131806 		.ascii	"m\023\030\0066\230@\014\246\351\215V\216\340\305LY\304"
 172      3698400C 
 172      A6E98D56 
 172      8EE0C54C 
 172      59C4
 173 0263 84C7DC73 		.ascii	"\204\307\334sm\362l\244\305Hl\301dSr\243mcX\321i.<\226"
 173      6DF26CA4 
 173      C5486CC1 
 173      645372A3 
 173      6D6358D1 
 174 027b C6E5844D 		.ascii	"\306\345\204M\242ql\222qDviHt\311%m2\322\356\261\246"
 174      A2716C92 
 174      71447669 
 174      4874C925 
 174      6D32D2EE 
 175 0291 A1EF0735 		.ascii	"\241\357\0075\305\034\233\305\022B\354?=\312\205'R\212"
 175      C51C9BC5 
 175      1242EC3F 
 175      3DCA8527 
 175      528A
 176 02a3 09A9A97F 		.ascii	"\011\251\251\177\245\034RJ\265&o\036\024b\356S\262\210"
 176      A51C524A 
 176      B5266F1E 
 176      1462EE53 
 176      B288
 177 02b5 89DF734C 		.ascii	"\211\337sLYat\031(:\243\227\353\021\304Z\216\343\344"
 177      59617419 
 177      283AA397 
 177      EB11C45A 
 177      8EE3E4
 178 02c8 824061F3 		.ascii	"\202@a\363w\224\224x\361\361U\006\016\005\252\203\273"
 178      77949478 
 178      F1F15506 
 178      0E05AA83 
 178      BB
ARM GAS  C:\Users\RAKIBU~1\AppData\Local\Temp\cclGMIcA.s 			page 14


 179 02d9 4ACBBCD5 		.ascii	"J\313\274\325Aoey\2257X\353\023\337\203\207\253\312"
 179      416F6579 
 179      953758EB 
 179      13DF8387 
 179      ABCA
 180 02eb 8395253E 		.ascii	"\203\225%>\302*\374\307j\264\240\337w\264\272\326^\341"
 180      C22AFCC7 
 180      6AB4A0DF 
 180      77B4BAD6 
 180      5EE1
 181 02fd 0FFA6A03 		.ascii	"\017\372j\0035\030\262`\240\316\377\027\004\203~\307"
 181      3518B260 
 181      A0CEFF17 
 181      04837EC7 
 182              		.text
 183              		.section	.gnu.lto_.symbol_nodes.e8100c01,"",%progbits
 184 0000 789C6363 		.ascii	"x\234cc``\310\002b\006\246\007L\365\014\014\023\316"
 184      6060C802 
 184      6206A607 
 184      4CF50C0C 
 184      13CE
 185 0012 313000A9 		.ascii	"10\000\251]\015\216@\221\207L\365\214\250\"\217\230"
 185      5D0D8E40 
 185      91874CF5 
 185      8CA8228F 
 185      98
 186 0023 EA995044 		.ascii	"\352\231PD\030\0373\3253\203E\030\030\032\032\034\030"
 186      181F33D5 
 186      33834518 
 186      181A1A1C 
 186      18
 187 0034 189881B0 		.ascii	"\030\230\201\260\245\353\351\016f\026\006\206//\216"
 187      A5EBE90E 
 187      66160686 
 187      2F2F8E
 188 0043 C832B030 		.ascii	"\3102\26002|y\360\217\221\201\205\011B3\000\000\003"
 188      327C79F0 
 188      8F918185 
 188      09423300 
 188      0003
 189 0055 131DD4   		.ascii	"\023\035\324"
 190              		.text
 191              		.section	.gnu.lto_.refs.e8100c01,"",%progbits
 192 0000 789C6363 		.ascii	"x\234cc```\004b\006\000\000D\000\010"
 192      60606004 
 192      62060000 
 192      440008
 193              		.text
 194              		.section	.gnu.lto_.decls.e8100c01,"",%progbits
 195 0000 789CAD59 		.ascii	"x\234\255Y\013TTG\232\276u\253i\272\233\227\003\356"
 195      0B545447 
 195      9ABE75AB 
 195      69BA9B97 
 195      03EE
 196 0012 1C73B6CF 		.ascii	"\034s\266\317\256\353\222\023v&\301Gf\307\331\307\331"
 196      AEEB9213 
 196      7626C147 
ARM GAS  C:\Users\RAKIBU~1\AppData\Local\Temp\cclGMIcA.s 			page 15


 196      66C7D9C7 
 196      D9
 197 0023 B366068D 		.ascii	"\263f\006\215\347D\315A3s\3140\333\203\320\012\273\010"
 197      E744CD41 
 197      3373CC30 
 197      DB83D00A 
 197      BB08
 198 0035 0EDDE44C 		.ascii	"\016\335\344L2gw.\362\214h\000\361\201\240(\210\021"
 198      3267772E 
 198      F28C6800 
 198      F181A028 
 198      8811
 199 0047 10500405 		.ascii	"\020P\004\005\224G\213`@D\321\200\257\310K@Q\221w@\036"
 199      94478B60 
 199      4044D180 
 199      AFC84B40 
 199      51917740 
 200 005c CAFE5575 		.ascii	"\312\376Uuo\367\355\266;\311\316\331>\026\267\252\356"
 200      6FF7EDB6 
 200      3BC9CED9 
 200      3E16B7AA 
 200      EE
 201 006d 57FFFFD5 		.ascii	"W\377\377\325\377\377\365W\325U\311q\334J-\307)\235"
 201      FFFFF557 
 201      D555C971 
 201      DC4A2DC7 
 201      299D
 202 007f 38AE1171 		.ascii	"8\256\021q\334<\374\024\320w\011\012yn\201\276`(uP\037"
 202      DC3CFC14 
 202      D077090A 
 202      796E81BE 
 202      60287550 
 203 0094 E0D88FF4 		.ascii	"\340\330\217\364\377\027\364\355\200\022\005\345S\304"
 203      FF17F4ED 
 203      801205E5 
 203      53C4
 204 00a2 BDF6BBC3 		.ascii	"\275\366\273\303s\334\217\340\331\003\305\023\312BQ"
 204      73DC8FE0 
 204      D903C513 
 204      CA4251
 205 00b1 968963F2 		.ascii	"\226\211c\362\336\207\322\007\365\267\240\370@\371="
 205      DE87D207 
 205      F5B7A0F8 
 205      40F93D
 206 00c0 B4D740F9 		.ascii	"\264\327@\371L\324\325\013\345OP\377#\024\020\305\375"
 206      4CD4D50B 
 206      E54F50FF 
 206      231410C5 
 206      FD
 207 00d1 0E9EABA1 		.ascii	"\016\236\253\241`Q\367\177;\320\333\003`/\231N\005b"
 207      6051F77F 
 207      3BD0DB03 
 207      602F994E 
 207      0562
 208 00e3 7A09F77F 		.ascii	"z\011\367\177\024\365\256\204\262\0041\335\222\336\377"
 208      14F5AE84 
 208      B20431DD 
ARM GAS  C:\Users\RAKIBU~1\AppData\Local\Temp\cclGMIcA.s 			page 16


 208      92DEFF
 209 00f2 81F27328 		.ascii	"\201\362s(?\203\362g(\177\007E\200\022\015\305I\324"
 209      3F83F267 
 209      287F0745 
 209      80120DC5 
 209      49D4
 210 0104 BF0ACA3F 		.ascii	"\277\012\312?@\321By\007\012Q\277C|\246\330py\3063\016"
 210      40D14279 
 210      070A51BF 
 210      437CA6D8 
 210      7079C633 
 211 0119 120F13F7 		.ascii	"\022\017\023\367\227\363\260\307\341\257e\034\242\304"
 211      97F3B0C7 
 211      E1AF651C 
 211      A2C4
 212 0127 67BA0D87 		.ascii	"g\272\015\207}\030\335\214=s\030'a\344\251A\012h\216"
 212      7D18DD8C 
 212      3D731827 
 212      61E4A941 
 212      0A688E
 213 013a B664F4BA 		.ascii	"\266d\364\272Cs\241\006-\206f\352|n\233\032\363\210"
 213      4373A106 
 213      2D8666EA 
 213      7C6E9B1A 
 213      F388
 214 014c 208762FB 		.ascii	" \207b\373\273]\030r\0214\367\237\177\331\245\306J\372"
 214      BB5D1872 
 214      1134F79F 
 214      7FD9A5C6 
 214      4AFA
 215 015e AAA331FF 		.ascii	"\252\2431\377\024\021\362\226\006\221\360\360\200\256"
 215      1411F296 
 215      0691F0F0 
 215      80AE
 216 016c D38395D3 		.ascii	"\323\203\225\323n\254\213 \332\233c\357j\260'\255\037"
 216      6EAC8B20 
 216      DA9B63EF 
 216      6AB027AD 
 216      1F
 217 017d 49AEAA42 		.ascii	"I\256\252B\276\205\002\373\251>\343\320\005\204%>\267"
 217      BE8502FB 
 217      A93EE3D0 
 217      0584253E 
 217      B7
 218 018e 92C7729D 		.ascii	"\222\307r\235\361/\011\220\357\2727\373\300\035i|\022"
 218      F12F0990 
 218      EFBA37FB 
 218      C01D697C 
 218      12
 219 019f 0561A770 		.ascii	"\005a\247p,FP\277\317\2412\244E\245H\313\241\032\344"
 219      2C4650BF 
 219      CFA132A4 
 219      45A548CB 
 219      A11AE4
 220 01b2 43845F44 		.ascii	"C\204_D\276\034\252\204\316\012\350\374\222\0104M\035"
 220      BE1CAA84 
 220      CE0AE8FC 
ARM GAS  C:\Users\RAKIBU~1\AppData\Local\Temp\cclGMIcA.s 			page 17


 220      9208344D 
 220      1D
 221 01c3 FAB74363 		.ascii	"\372\267Cc\202\260\030U#\015\252B\230b\300\000oi\230"
 221      82B01855 
 221      230DAA42 
 221      9862C000 
 221      6F6998
 222 01d6 8AFCDCD4 		.ascii	"\212\374\334\324\034%>\207\250\216\213\231\375\015\274"
 222      1C253E87 
 222      A88E8B99 
 222      FD0DBC
 223 01e5 231D971C 		.ascii	"#\035\227\034\3538\275\344J\234 \360\310\004:j-:@%S"
 223      EB38BDE4 
 223      4A9C20F0 
 223      C8043A6A 
 223      2D3A4025 
 224 01fa 32DFF175 		.ascii	"2\337\361u\223\322u\227Y*\005J\2029T\207\\\305\011\227"
 224      93D27597 
 224      592A054A 
 224      82395487 
 224      5CC50997 
 225 020e 96545FE5 		.ascii	"\226T_\345\025<\353C\341\012\3227\333\263\373\2423\355"
 225      153CEB43 
 225      E10AD237 
 225      DBB3FBA2 
 225      33ED
 226 0220 D3B9A2CB 		.ascii	"\323\271\242\313\210\3665\314O\231<\230\371yb\247\221"
 226      88F635CC 
 226      4F993C98 
 226      F97962A7 
 226      91
 227 0231 6B475C98 		.ascii	"kG\\\230\243\026\020s\307\365\345\253\240\251\005\017"
 227      A3161073 
 227      C7F5E5AB 
 227      A0A9050F 
 228 0241 2099F9B5 		.ascii	" \231\371\265\314\374\023\273\342\246\210\203>\326 "
 228      CCFC13BB 
 228      E2A68883 
 228      3ED620
 229 0250 67689E38 		.ascii	"gh\2368r\344\2263\316`~\355>u\353\271\033(CWa\032M\204"
 229      72E49633 
 229      CE607EED 
 229      3E75EBB9 
 229      1B284357 
 230 0268 1D74F6CD 		.ascii	"\035t\366\315\026]pg\003\224\320\314L\353\311q\301e"
 230      165D7067 
 230      0394D0CC 
 230      4CEBC971 
 230      C165
 231 027a 6CC0BE81 		.ascii	"l\300\276\201B%\301\267\000\376\032\314\250\231\021"
 231      4225C1B7 
 231      00FE1ACC 
 231      A89911
 232 0289 6CCABD30 		.ascii	"l\312\2750\347\312\2068A\363`\332\304n5nfC\236u\226"
 232      E7CA8638 
 232      41F360DA 
 232      C46E356E 
ARM GAS  C:\Users\RAKIBU~1\AppData\Local\Temp\cclGMIcA.s 			page 18


 232      66439E75 
 233 029e EF752263 		.ascii	"\357u\"cZa\314\015\030s\235\215\221\242\357c\026}\261"
 233      5A61CC0D 
 233      18739D8D 
 233      91A2EF63 
 233      167DB1
 234 02b1 B53929EE 		.ascii	"\2659)\356\270\223\215\211)\317\351\243z\276\2061\267"
 234      B8938D89 
 234      29CFE9A3 
 234      7ABE8631 
 234      B7
 235 02c2 60CC4D36 		.ascii	"`\314M6\246\256\273\274\332\005\2170Ptr]\031\261\036"
 235      A6AEBBBC 
 235      DA058F30 
 235      5074725D 
 235      19B11E
 236 02d5 6A07D0DB 		.ascii	"j\007\320\333Z\324fm\254\217\231\261\342oN\244{\340"
 236      5AD4666D 
 236      AC8F99B1 
 236      E26F4EA4 
 236      7BE0
 237 02e7 584C87D4 		.ascii	"XL\207\3247\355\237\241\\\356\302\220; \3676\033\223"
 237      37ED9FA1 
 237      5CEEC290 
 237      3B20F736 
 237      1B93
 238 02f9 3D736846 		.ascii	"=shF\211\3673\320\263\013\011\177$\230\373\200\371\251"
 238      89F733D0 
 238      B30B097F 
 238      2498FB80 
 238      F9A9
 239 030b 16DD6390 		.ascii	"\026\335c\220\234[i/]q\036\203\244_>\274\033\023\314"
 239      9C5B692F 
 239      5D711E83 
 239      A45F3EBC 
 239      1B13CC
 240 031e 03C0FC44 		.ascii	"\003\300\374D\213\276\241\030>\243\362@\243\023R\371"
 240      8BBEA118 
 240      3EA3F240 
 240      A31352F9 
 241 032e C413D70B 		.ascii	"\304\023\327\0131\321x\021\207\336\325\242e\304\353"
 241      31D17811 
 241      87DED5A2 
 241      65C4EB
 242 033d 9D484502 		.ascii	"\235HE\002\005uA\\u \005j\004\355_\231cj~\350\355\303"
 242      0575415C 
 242      7520056A 
 242      04ED5F99 
 242      636A7EE8 
 243 0353 55246E01 		.ascii	"U$n\001\306\211\001%\006\311\235\323s\015\316\270\217"
 243      C6890125 
 243      06C99DD3 
 243      730DCEB8 
 243      8F
 244 0364 2AE6FB1A 		.ascii	"*\346\373\032J\323\354k@\017A\360w+ytD\011k\016\365"
 244      4AD3EC6B 
 244      400F41F0 
ARM GAS  C:\Users\RAKIBU~1\AppData\Local\Temp\cclGMIcA.s 			page 19


 244      772B7974 
 244      44096B0E 
 245 0379 00A8DB12 		.ascii	"\000\250\333\022\266D#U\224Us=\317i\321\001\002M\211"
 245      B6442355 
 245      9455733D 
 245      CF69D101 
 245      024D89
 246 038c 1116F014 		.ascii	"\021\026\360\024x\005$4\320\260\355E\213\340o=R0\364"
 246      78052434 
 246      D0B0ED45 
 246      8BE06F3D 
 246      5230F4
 247 039f 99BCB16B 		.ascii	"\231\274\261kH\036\344\360^\026\344}\346 \227\242\325"
 247      481EE4F0 
 247      5E16E47D 
 247      E62097A2 
 247      D5
 248 03b0 93456BE5 		.ascii	"\223Ek\345L\355\011\015\036cv\234-\037IW\3428\005\235"
 248      4CED090D 
 248      1E63769C 
 248      2D1F4957 
 248      E238059D 
 249 03c4 5BF29957 		.ascii	"[\362\231W\015JG\313\361\211\303\3458\231\265\020L\201"
 249      0D4A47CB 
 249      F189C3E5 
 249      3899B510 
 249      4C81
 250 03d6 D0002CB2 		.ascii	"\320\000,\262\307\226i\231\244\325x|&\361\000[d\004"
 250      C7966999 
 250      A4D5787C 
 250      26F1005B 
 250      6404
 251 03e8 C1165959 		.ascii	"\301\026YYZ_\225ZZdO\231\203+\347\253\247\260\343\351"
 251      5A5F955A 
 251      5A644F99 
 251      832BE7AB 
 251      A7B0E3E9 
 252 03fc 0FD2E93F 		.ascii	"\017\322\351?\223\246?4z\376\036/\237\376\240\325\364"
 252      93A63F34 
 252      7AFE1E2F 
 252      9FFEA0D5 
 252      F4
 253 040d 9F9BA75F 		.ascii	"\237\233\247_}\343^\235\022\357\243SD\305\205\263g4"
 253      7DE35E9D 
 253      12EFA353 
 253      44C585B3 
 253      6734
 254 041f 925E4665 		.ascii	"\222^Fe\317\023\323\330w\250\035\241j\207%\265\271\015"
 254      CF13D3D8 
 254      77A81DA1 
 254      6A8725B5 
 254      B90D
 255 0431 5D57AC52 		.ascii	"]W\254R\313\210\225\332Q\263\332\214\213\023W\235\230"
 255      CB8895DA 
 255      51B3DA8C 
 255      8B13579D 
 255      98
ARM GAS  C:\Users\RAKIBU~1\AppData\Local\Temp\cclGMIcA.s 			page 20


 256 0442 D555C408 		.ascii	"\325U\304\010\035}Mn8\227\261(3\215\027)p!\263zIQ\337"
 256      1D7D4D6E 
 256      3897B128 
 256      338D1729 
 256      7021B37A 
 257 0459 7F221F8D 		.ascii	"\177\"\037\215\224>}\343\022Hj\233\004SMX\214\251%\266"
 257      943E7DE3 
 257      12486A9B 
 257      04534D58 
 257      8CA925B6 
 258 046d A47E118E 		.ascii	"\244~\021\216\013\262\230\373\026\274\242\025\275\""
 258      0BB298FB 
 258      16BCA215 
 258      BD22
 259 047b C51AC9B2 		.ascii	"\305\032\311\262G\363\352\335\360y\246\240\263h\370"
 259      47F3EADD 
 259      F079A6A0 
 259      B368F8
 260 048a 3AB66838 		.ascii	":\266h8\275\244\224&\317i\3200e\3210\211\034\250xa_"
 260      BDA49426 
 260      CF69D030 
 260      65D13089 
 260      1CA87861 
 261 049f C5F4E33A 		.ascii	"\305\364\343:A\241\021\361\211\337\217o\275Q4l\345\257"
 261      41A111F1 
 261      89DF8F6F 
 261      BD51346C 
 261      E5AF
 262 04b1 19AB9C3C 		.ascii	"\031\253\234<k6\334\215\252\252,W\352\242YsN\226\366"
 262      6B36DC8D 
 262      AAAA2C57 
 262      EAA25973 
 262      4E96F6
 263 04c4 B8CDAFEF 		.ascii	"\270\315\257\357q\233Y\222\315\235\036.w\3055l\306-"
 263      719B5992 
 263      CD9D1E2E 
 263      77C5356C 
 263      C62D
 264 04d6 AD531754 		.ascii	"\255S\027T\216\0029\232\367!\203(\277W\320\371\322\034"
 264      8E02399A 
 264      F7218328 
 264      BF57D0F9 
 264      D21C
 265 04e8 C8C3E97F 		.ascii	"\310\303\351\177_\3618I\020\024H\340I*7\333f\263\030"
 265      5FF13849 
 265      101448E0 
 265      492A37DB 
 265      66B318
 266 04fb C9AD272E 		.ascii	"\311\255'._u\247\324\010`\216\205\355\305\322C\025\012"
 266      5F75A7D4 
 266      08608E85 
 266      EDC5D243 
 266      150A
 267 050d 5CE04435 		.ascii	"\\\340D5\327\266]\353w\270k\306\361\216\226\320\374"
 267      D7B65DEB 
 267      77B86BC6 
 267      F18E96D0 
ARM GAS  C:\Users\RAKIBU~1\AppData\Local\Temp\cclGMIcA.s 			page 21


 267      FC
 268 051e 9077561B 		.ascii	"\220wV\033\311>\261 7\206\177}\015\335\027*\367)\250"
 268      C93EB120 
 268      37867F7D 
 268      0DDD172A 
 268      F729A8
 269 0531 6682D8C9 		.ascii	"f\202\330\311S\315c\207\322\212\335\244`\216g}\246\352"
 269      53CD6387 
 269      D28ADDA4 
 269      608E677D 
 269      A6EA
 270 0543 8E160FC7 		.ascii	"\216\026\017\307\321\234\310\223hN\340\305hN\273?\326"
 270      D19CC893 
 270      684EE0C5 
 270      684EBB3F 
 270      D6
 271 0554 E526770A 		.ascii	"\345&w\012\274\2279\345s^r\312P\374\205\016w\\I'\211"
 271      BC9739E5 
 271      735E72CA 
 271      50FC850E 
 271      775C4927 
 272 0569 0ACA0ABF 		.ascii	"\012\312\012\277\364\220\217\232\266re\222y\324\215"
 272      F4908F9A 
 272      B6726592 
 272      79D48D
 273 0578 A4E40A15 		.ascii	"\244\344\012\025%\010}\242+\037O\364\237T\232m\270\233"
 273      25087DA2 
 273      2B1F4FF4 
 273      9F549A6D 
 273      B89B
 274 058a B1EEB89B 		.ascii	"\261\356\270\233\234\211\314\323\333\303:\333_d\375"
 274      9C89CCD3 
 274      DBC33ADB 
 274      5F64FD
 275 0599 8B34BB2F 		.ascii	"\2134\273/X\327\323\344\023\303J\307\263K\241\263K\226"
 275      58D7D3E4 
 275      13C34AC7 
 275      B34BA1B3 
 275      4B96
 276 05ab 66B7ABB9 		.ascii	"f\267\253\271%\307Y\3163\305jv\251f\236\3517{'\334p"
 276      25C759CE 
 276      33C56A76 
 276      A9669EE9 
 276      377B27DC 
 277 05c0 8D93A314 		.ascii	"\215\223\243\024\321V2|\235\307-\354\375\365\347\331"
 277      D156327C 
 277      9DC72DEC 
 277      FDF5E7D9 
 278 05d0 C1B89DD5 		.ascii	"\301\270\235\325\307\363O\244z\340\207\2541\221v\277"
 278      C7F34FA4 
 278      7AE087AC 
 278      319176BF 
 279 05e0 CB1D3F65 		.ascii	"\313\035?e\215\362\241S\345n\354\210`\242\273Wt{\263"
 279      8DF2A153 
 279      E56EEC88 
 279      60A2BB57 
 279      747BB3
ARM GAS  C:\Users\RAKIBU~1\AppData\Local\Temp\cclGMIcA.s 			page 22


 280 05f3 1B1EA52F 		.ascii	"\033\036\245/\025\323%\247R0\362\362\366\366I\245S\201"
 280      15D325A7 
 280      5230F2F2 
 280      F6F649A5 
 280      5381
 281 0605 02B184D2 		.ascii	"\002\261\204\322y-\032\243\3242x/\272\215\034\201\210"
 281      792D1AA3 
 281      D432782F 
 281      BA8D1C81 
 281      88
 282 0616 39CC7BA3 		.ascii	"9\314{\243L\336\233\356F9d.\246\316<\317\3431B\3432"
 282      4CDE9BEE 
 282      4639642E 
 282      A6CE3CCF 
 282      E33142E3 
 283 062b 7AAC3904 		.ascii	"z\2549\004\321B\340\346([J\004\224\0211\"|\346o3\004"
 283      D142E0E6 
 283      285B4A04 
 283      94113122 
 283      7CE66F33 
 284 0640 13ECBFC4 		.ascii	"\023\354\277\304\264\007\355\242\227\0230\213\304\316"
 284      B407EDA2 
 284      9713308B 
 284      C4CE
 285 064e A39ED124 		.ascii	"\243\236\321$\231\003\310f\033\354\276[]\357\201'Y\234"
 285      9903C866 
 285      1BECBE5B 
 285      5DEF8127 
 285      599C
 286 0660 E7D4A64F 		.ascii	"\347\324\246O\"\344\343%\356kyt_;\006\202\263,\301K"
 286      22E4E325 
 286      EE6B7974 
 286      5F3B0682 
 286      B32CC14B 
 287 0674 44709CDD 		.ascii	"Dp\234\335\031\242\24301G\223$\011\2626a\257\223\227"
 287      19A2A330 
 287      31479324 
 287      09B23661 
 287      AF9397
 288 0687 3834D1E1 		.ascii	"84\321\341P\316v\\\311\331'\331*\271\307\263es\345P"
 288      50CE765C 
 288      C9D927D9 
 288      2AB9C7B3 
 288      6573E550 
 289 069b 8ED9E3ED 		.ascii	"\216\331\343\355\215\231S\3168\205\235\240\233csz]p"
 289      8D9953CE 
 289      38859DA0 
 289      9B63737A 
 289      5D70
 290 06ad 166B8C7C 		.ascii	"\026k\214|\376\315^\214\363X\243\242\372\371\012\226"
 290      FECD5E8C 
 290      F358A3A2 
 290      FAF90A96 
 291 06bd C3B5D0BA 		.ascii	"\303\265\320\272\3201j\022\217}\335p\316S\037\276Z\332"
 291      D0316A12 
 291      8F7DDD70 
 291      CE531FBE 
ARM GAS  C:\Users\RAKIBU~1\AppData\Local\Temp\cclGMIcA.s 			page 23


 291      5ADA
 292 06cf E88CBCBD 		.ascii	"\350\214\274\275\301\221\336>\336\336\314\332C\3712"
 292      C191DE3E 
 292      DEDECCDA 
 292      43F932
 293 06de E79C006B 		.ascii	"\347\234\000k\024\3307\267\350\312S\213r)\032\250\241"
 293      14D837B7 
 293      E8CA538B 
 293      72291AA8 
 293      A1
 294 06ef 03B66816 		.ascii	"\003\266h\026\014\314\227Vv<\011\306\370\222'/\013D"
 294      0CCC9756 
 294      763C09C6 
 294      F892272F 
 294      0B44
 295 0701 23168355 		.ascii	"#\026\203U\362\300\030\247\240\024B\311\207R\004\345"
 295      F2C018A7 
 295      A01442C9 
 295      875204E5 
 296 0711 34943356 		.ascii	"4\2243V\321s\275@F0\327.Ay\364<\375\011\213\036\262"
 296      D173BD40 
 296      4630D72E 
 296      4179F43C 
 296      FD098B1E 
 297 0726 771FB74F 		.ascii	"w\037\267OP6\237\253o34\221\275\337\026\335\217l\202"
 297      50369FAB 
 297      6F333491 
 297      BDDF16DD 
 297      8F6C82
 298 0739 ED7A3E0B 		.ascii	"\355z>\013\266\002\353`c\242&\013\0272\236$w\354\263"
 298      B602EB60 
 298      63A2260B 
 298      17329E24 
 298      77ECB3
 299 074c 2F4B4EF4 		.ascii	"/KN\364v\221\315\252\260\302\237\267\350\246k\370J\034"
 299      7691CDAA 
 299      B0C29FB7 
 299      E8A66BF8 
 299      4A1C
 300 075e 8F4BA993 		.ascii	"\217K\251\223\371\241\272\2317\314\241\334YDC\271\024"
 300      F9A1BA99 
 300      37CCA1DC 
 300      594443B9 
 300      14
 301 076f C6965842 		.ascii	"\306\226XB\271\340\365P\226\\\200\316\202\345\377/^"
 301      B9E0F550 
 301      965C80CE 
 301      82E5FF2F 
 301      5E
 302 0780 00F52F76 		.ascii	"\000\365/v&_\326X\207\267=q\334\017\221U\332~\366\241"
 302      265FD658 
 302      87B73D71 
 302      DC0F9155 
 302      DA7EF6A1 
 303 0794 421EF265 		.ascii	"B\036\362eV!\177\316\034\362g\017\326\276'O\235\360"
 303      56217FCE 
 303      1CF2670F 
ARM GAS  C:\Users\RAKIBU~1\AppData\Local\Temp\cclGMIcA.s 			page 24


 303      D6BE274F 
 303      9DF0
 304 07a6 46963ACF 		.ascii	"F\226:\317\323\324\231&\245\316\244\322\234?\311\205"
 304      D3D49926 
 304      A5CEA4D2 
 304      9C3FC985 
 305 07b6 9EB7CA9C 		.ascii	"\236\267\312\234\345f\241\305\267\006\276\345\361\025"
 305      E566A1C5 
 305      B706BEE5 
 305      F115
 306 07c4 B65AF2AF 		.ascii	"\266Z\362\257u\234D\3706kH\227"
 306      759C44F8 
 306      366B4897 
 307 07d0 594F7699 		.ascii	"YOv\231-\036\250=\254akG \267\202\266c\327o`\334K\261"
 307      2D1EA83D 
 307      AC616B47 
 307      20B782B6 
 307      63D76F60 
 308 07e7 9A9A2759 		.ascii	"\232\232'Y\015\010\026\2227]H^\342Jz\372O,\226\310>"
 308      0D081692 
 308      375D485E 
 308      E24A7AFA 
 308      4F2C96C8 
 309 07fc 5101BE68 		.ascii	"Q\001\276h\370\256\205\324\212\300\363\220\321\321."
 309      F8AE85D4 
 309      8AC0F390 
 309      D1D12E
 310 080b 5BE46B31 		.ascii	"[\344k1J\241pPCC\310\006\332o\027\012GI\364\310>T\036"
 310      4AA17050 
 310      4343C806 
 310      DA6F170A 
 310      4749F4C8 
 311 0822 7F140B96 		.ascii	"\177\024\013\226A{\355r}\015J\304V\331B\317\313\304"
 311      417BED72 
 311      7D0D4AC4 
 311      56D942CF 
 311      CBC4
 312 0834 8AB9B572 		.ascii	"\212\271\265r\001]#\015\366\326\310P\245\222\331\010"
 312      015D230D 
 312      F6D6C850 
 312      A592D908 
 313 0844 766A346E 		.ascii	"vj4n\313\321a\372\270\010\301v\201\004[\245\250\237"
 313      CBD161FA 
 313      B808C176 
 313      81045BA5 
 313      A89F
 314 0856 C4EE6508 		.ascii	"\304\356e\010\274j\210\255KPj\240\324C\251\205b\202"
 314      BC6A88AD 
 314      4B506AA0 
 314      D443A985 
 314      6282
 315 0868 72054A9D 		.ascii	"r\005J\235U\026\241S\200;\006*\267\325j\275\322\272"
 315      5516A153 
 315      803B062A 
 315      B7D56ABD 
 315      D2BA
 316 087a E26EEE53 		.ascii	"\342n\356S[\207\272=\355\334\017RM.c\023W\313\254N,"
ARM GAS  C:\Users\RAKIBU~1\AppData\Local\Temp\cclGMIcA.s 			page 25


 316      5B87BA3D 
 316      EDDC0F52 
 316      4D2E6313 
 316      57CBAC4E 
 317 088f 5F59857B 		.ascii	"_Y\205{\24392;\216\014\217+\360\010\013\306\244\314"
 317      A339323B 
 317      8E0C8F2B 
 317      F0080BC6 
 317      A4CC
 318 08a1 810A259E 		.ascii	"\201\012%\236d\215\232\306KI\354\316\315\323\3730\205"
 318      648D9AC6 
 318      4B49ECCE 
 318      CDD3FB30 
 318      85
 319 08b2 CFB68D43 		.ascii	"\317\266\215CF\330\351L\021\211q\365\313\011\340\032"
 319      46D8E94C 
 319      118971F5 
 319      CB09E01A 
 320 08c2 CF2EBFCD 		.ascii	"\317.\277\315\354\3641\276\347f\221\032\357f\230\236"
 320      ECF431BE 
 320      E766911A 
 320      EF66989E 
 321 08d2 E4FA7E2A 		.ascii	"\344\372~*\005N\006\344\362\333\3020\251/\022\252\\"
 321      054E06E4 
 321      F2DBC230 
 321      A92F12AA 
 321      5C
 322 08e3 F14186A9 		.ascii	"\361A\206\251\330U\374\205\007\275y\363\354\266{\203"
 322      D855FC85 
 322      07BD79F3 
 322      ECB67B83 
 323 08f3 81E632DB 		.ascii	"\201\3462\333\356\272\340\343\014\324\33403N\257\304"
 323      EEBAE0E3 
 323      0CD4DC30 
 323      334EAFC4 
 324 0903 B7787ADD 		.ascii	"\267xz\335\275\3110\205\315'\313\325\270\230a\036OE"
 324      BDC93085 
 324      CD27CBD5 
 324      B898611E 
 324      4F45
 325 0915 B7D2EB78 		.ascii	"\267\322\353x\033O\257\273_S\014\177\256\371\354\214"
 325      1B4FAFBB 
 325      5F530C7F 
 325      AEF9EC8C 
 326 0925 DAC175F7 		.ascii	"\332\301u\3676\317n\242w\300\255\355\274\355M\364U\206"
 326      36CF6EA2 
 326      77C0ADED 
 326      BCED4DF4 
 326      5586
 327 0937 964615A0 		.ascii	"\226F\025\240l\266\371}\025\011O4\370\"\325\313\367"
 327      6CB6F97D 
 327      15094F34 
 327      F822D5CB 
 327      F7
 328 0948 BCB854AF 		.ascii	"\274\270T\257B>*\361\242\227Is\343}\220|\327\222\033"
 328      423E2AF1 
 328      A2974973 
ARM GAS  C:\Users\RAKIBU~1\AppData\Local\Temp\cclGMIcA.s 			page 26


 328      E37D907C 
 328      D7921B
 329 095b 89088EB3 		.ascii	"\211\010\216\263s\037\276\007\232\035\261\200CP\353"
 329      731FBE07 
 329      9A1DB180 
 329      4350EB
 330 096a B303822B 		.ascii	"\263\003\202+\202\325\356\303\"\252\356_\323\005S4\246"
 330      82D5EEC3 
 330      22AAEE5F 
 330      D3055334 
 330      A6
 331 097b E29B40FC 		.ascii	"\342\233@\374\003p\254(i\251\2038\266\034\230\036\210"
 331      0370AC28 
 331      69A98338 
 331      B61C981E 
 331      88
 332 098c 41DC097A 		.ascii	"A\334\011z: b\276\261\012\326W\027\265lk\200\360@\347"
 332      3A2062BE 
 332      B10AD657 
 332      17B56C6B 
 332      80F040E7 
 333 09a0 1093EDF0 		.ascii	"\020\223\355\360\0104t\221\355J\017^;\002\305N\226D"
 333      08347491 
 333      ED4A0F5E 
 333      3B02C54E 
 333      9644
 334 09b2 BBE02666 		.ascii	"\273\340&f\233\251\203\355\345\316\310\313\376\021\016"
 334      9BA983ED 
 334      E5CEC8CB 
 334      FE110E
 335 09c1 F5001147 		.ascii	"\365\000\021G\244\304\315\257\212Z\263\033@]\026k>\240"
 335      A4C4CDAF 
 335      8A5AB31B 
 335      405D166B 
 335      3EA0
 336 09d3 3B0DC99F 		.ascii	";\015\311\237M\361G\235\344\201\336m\025\350\017Y\240"
 336      4DF1479D 
 336      E481DE6D 
 336      15E80F59 
 336      A0
 337 09e4 93278027 		.ascii	"\223'\200'\233\016\236r\303_3b\031\323U\227\035~U\353"
 337      9B0E9E72 
 337      C35F3362 
 337      19D35597 
 337      1D7E55EB 
 338 09f8 777807B9 		.ascii	"wx\007\2711\207\247/\357\"\267\237>H\270\275\266\227"
 338      3187A72F 
 338      EF22B79F 
 338      3E48B8BD 
 338      B697
 339 0a0a 10D24BCE 		.ascii	"\020\322K\316@\227\252k]\272P\007\"\007\344\005t:\010"
 339      4097AA6B 
 339      5DBA5007 
 339      2207E405 
 339      743A08
 340 0a1d B1BFF024 		.ascii	"\261\277\360$\205\266\347\245\037b\375\320\313\263\207"
 340      85B6E7A5 
ARM GAS  C:\Users\RAKIBU~1\AppData\Local\Temp\cclGMIcA.s 			page 27


 340      1F62FDD0 
 340      CBB387
 341 0a2c 08250D69 		.ascii	"\010%\015i\0102\367\360\242\014^\222K\377\211\002\220"
 341      0832F7F0 
 341      A20C5E92 
 341      4BFF8902 
 341      90
 342 0a3d 5C2A7BCF 		.ascii	"\\*{\317\324I?\216\341\031\037\3138\326\305[\224\311"
 342      D4493F8E 
 342      E1191FCB 
 342      38D6C55B 
 342      94C9
 343 0a4f 86BCC695 		.ascii	"\206\274\306\2253\2776\223\262L\022I\247\307\301\335"
 343      33BF3693 
 343      B24C1249 
 343      A7C7C1DD 
 344 0a5f C5AEDDA8 		.ascii	"\305\256\335\250\023\336n\346\270\024\325v\366mk\346"
 344      13DE6EE6 
 344      B814D576 
 344      F66D6BE6 
 345 0a6f 2B418577 		.ascii	"+A\205w\251\330\322\277Tc\302\364\026\361\320|\365\251"
 345      A9D8D2BF 
 345      5463C2F4 
 345      16F1D07C 
 345      F5A9
 346 0a81 7D5833ED 		.ascii	"}X3\355\346\370\366\362\224n\301O\244-\270\246%{\336"
 346      E6F8F6F2 
 346      946EC14F 
 346      A42DB8A6 
 346      257BDE
 347 0a94 79C931E1 		.ascii	"y\3111\341X7\370&\311i\266f@\0204\012\202B\003\026\347"
 347      5837F826 
 347      C969B666 
 347      4010340A 
 347      82420316 
 348 0aa9 4015FE3E 		.ascii	"@\025\376>\346\273\021z\304w\001\241g\374\022\222\301"
 348      E6BB117A 
 348      C47701A1 
 348      67FC1292 
 348      C1
 349 0aba 0EDFCF76 		.ascii	"\016\337\317v\303u\214\213\275\0170\331\305\011\311"
 349      C3758C8B 
 349      BD0F30D9 
 349      C509C9
 350 0ac9 CE667ECF 		.ascii	"\316f~\317Y\316\351\035\3339guy$W\006\013\301aJpH\""
 350      59CEE91D 
 350      DB396775 
 350      79245706 
 350      0BC1614A 
 351 0ae0 387C7CEA 		.ascii	"8||\352\251Z$\370(cAN\214\220'\220;,\300\320\240\205"
 351      A95A24F8 
 351      2863414E 
 351      8C902790 
 351      3B2CC0D0 
 352 0af6 E1A02DC3 		.ascii	"\341\240-\303\021\3120\251(#_\205\357\374P\206c\214"
 352      11CA30A9 
 352      28235F85 
ARM GAS  C:\Users\RAKIBU~1\AppData\Local\Temp\cclGMIcA.s 			page 28


 352      EFFC5086 
 352      638C
 353 0b08 E1ED9CCA 		.ascii	"\341\355\234\312s\274\234!9\354Y\030NP\206\343\022\303"
 353      73BC9C21 
 353      39EC5918 
 353      4E5086E3 
 353      12C3
 354 0b1a FB7BEA87 		.ascii	"\373{\352\207T\"\303\241#\013\263%\206\000C\243\026"
 354      5422C3A1 
 354      230BB325 
 354      860043A3 
 354      16
 355 0b2b 86A3B60C 		.ascii	"\206\243\266\014\277\245\0143R>o\204\373\034c\230{\375"
 355      BFA50C33 
 355      523E6F84 
 355      FB1C6398 
 355      7BFD
 356 0b3d CB390FCA 		.ascii	"\3139\017\312\206\254\016\306\260\247k\177\234\025\231"
 356      86AC0EC6 
 356      B0A76B7F 
 356      9C1599
 357 0b4c DFFF58C6 		.ascii	"\337\377X\306\345\005\3452%q)\273[\177\206p\351&\037"
 357      E505E532 
 357      257129BB 
 357      5B7F8670 
 357      E9261F
 358 0b5f 1AB29C5E 		.ascii	"\032\262\234^&\304\357\021\262\021\205\241I\013\227"
 358      26C4EF11 
 358      B21185A1 
 358      490B97
 359 0b6e 499E7D8D 		.ascii	"I\236}\215G\323\224CJjY\276\273\224\005\022\035}\344"
 359      47D39443 
 359      4A6A59BE 
 359      BB940512 
 359      1D7DE4
 360 0b81 4333340B 		.ascii	"C34\013\314\217?M\265\272\227\277\260:\265\315\212)"
 360      CC8F3F4D 
 360      B5BA97BF 
 360      B03AB5CD 
 360      8A29
 361 0b93 63968277 		.ascii	"c\226\202we\034\272\354\204\263\325\210}\003k:L\\i\""
 361      651CBAEC 
 361      84B3D588 
 361      7D036B3A 
 361      4C5C6922 
 362 0ba7 B156EC94 		.ascii	"\261V\354\224U~\346f\264\2600VM%\314Y\330\315\331Z\352"
 362      557EE666 
 362      B4B03056 
 362      4D25CC59 
 362      D8CDD95A 
 363 0bbc 256579A2 		.ascii	"%ey\242\357\333\001^\316\322\356q\021\275\242\2123\237"
 363      EFDB015E 
 363      CED2EE71 
 363      11BDA28A 
 363      339F
 364 0bce 0F1AE558 		.ascii	"\017\032\345X\273W44O\261\246\256\351X\027M\242\031"
 364      BB573434 
ARM GAS  C:\Users\RAKIBU~1\AppData\Local\Temp\cclGMIcA.s 			page 29


 364      4FB1A6AE 
 364      E958174D 
 364      A219
 365 0be0 FC3D1F53 		.ascii	"\374=\037S\220\200I\216\352\250\256\214w\267?\312\336"
 365      9080498E 
 365      EAA8AE8C 
 365      77B73FCA 
 365      DE
 366 0bf1 7F2AA068 		.ascii	"\177*\240h:j\266v\"\006\341\016f\220\336\223\257\016"
 366      3A6AB676 
 366      2206E10E 
 366      6690DE93 
 366      AF0E
 367 0c03 2AD9E9F5 		.ascii	"*\331\351\365\257\310\316\237w6K\305N\257y\344\013\177"
 367      AFC8CE9F 
 367      77364BC5 
 367      4EAF79E4 
 367      0B7F
 368 0c15 76CBF801 		.ascii	"v\313\370\001\015~\306\260\243sG\312\325\014\273\020"
 368      0D7EC6B0 
 368      A37347CA 
 368      D50CBB10 
 369 0c25 9AC2A5E1 		.ascii	"\232\302\245\341~\017\242]\020\275\340)\3778\222\200"
 369      7E0FA25D 
 369      10BDE029 
 369      FF389280 
 370 0c35 2199C296 		.ascii	"!\231\302\226\203\342\261\226}\344\250\236q\305\023"
 370      83E2B196 
 370      7DE4A89E 
 370      71C513
 371 0c44 5492A230 		.ascii	"T\222\2420\246`D\201|\264\010\340\210}\257#\377I\303"
 371      A6604481 
 371      7CB408E0 
 371      887DAF23 
 371      FF49C3
 372 0c57 A1DD5883 		.ascii	"\241\335X\203\0221\026w\".\003NR\302\310\237I7\324U"
 372      12311677 
 372      222E034E 
 372      52C2C89F 
 372      4937D455 
 373 0c6b F469E7CB 		.ascii	"\364i\347\313\335\347\330\207\276\342P\022\326\242]"
 373      DDE7D887 
 373      BEE25012 
 373      D6A25D
 374 0c7a 4CE1D0D1 		.ascii	"L\341\320\321\236\004w\317\024q\323\372wDe\307\302\373"
 374      9E0477CF 
 374      1471D3FA 
 374      774465C7 
 374      C2FB
 375 0c8c 184CF8ED 		.ascii	"\030L\370\355\301\236\022Kz\241>\3348\255\266\367\225"
 375      C19E124B 
 375      7AA13EDC 
 375      38ADB6F7 
 375      95
 376 0c9d CFAEECC1 		.ascii	"\317\256\354\301\344\342Q7\271\354/\276Kv\353\223\226"
 376      E4E25137 
 376      B9EC2FBE 
ARM GAS  C:\Users\RAKIBU~1\AppData\Local\Temp\cclGMIcA.s 			page 30


 376      4B76EB93 
 376      96
 377 0cae 1AA7378F 		.ascii	"\032\2477\217\013\255&\232\340*{c\205\350x\330w\223"
 377      0BAD269A 
 377      E02A7B63 
 377      85E878D8 
 377      7793
 378 0cc0 B1278AC3 		.ascii	"\261'\212\303\230\344\011\331\340\235\320\363\037p\002"
 378      98E409D9 
 378      E09DD0F3 
 378      1F7002
 379 0ccf 4AC16F92 		.ascii	"J\301o\222\377\"\310()p\306\323\314\001\023\225\361"
 379      FF22C828 
 379      2970C6D3 
 379      CC011395 
 379      F1
 380 0ce0 33E255C3 		.ascii	"3\342U\303\013\232M;\367\234te\316J'\316*\351\236\253"
 380      0B9A4D3B 
 380      F79C7465 
 380      CE4A27CE 
 380      2AE99EAB 
 381 0cf4 52B0D79E 		.ascii	"R\260\327\236\320|\264\367\305\200\253C\377\354\227"
 381      D07CB4F7 
 381      C580AB43 
 381      FFEC97
 382 0d03 FCB38F4D 		.ascii	"\374\263\217M\251~\260\374\236\207\255\271\322\200\325"
 382      A97EB0FC 
 382      9E87ADB9 
 382      D280D5
 383 0d12 5ECAEA00 		.ascii	"^\312\352\000\235\322~iJ\023Y\323\275\274\255\001\034"
 383      9DD27E69 
 383      4A1359D3 
 383      BDBCAD01 
 383      1C
 384 0d23 A29F55C6 		.ascii	"\242\237U\306ex\210\006\270\3657\321\307L\321\213\321"
 384      65788806 
 384      B8F537D1 
 384      C74CD18B 
 384      D1
 385 0d34 4171F290 		.ascii	"Aq\362\220\202d\003S\305\311\247\34379\374\311v\243"
 385      82640353 
 385      C5C9A7E3 
 385      3739FCC9 
 385      76A3
 386 0d46 CB1FA2F4 		.ascii	"\313\037\242\364\221\237\352\364\221\201\006\375[\276"
 386      919FEAF4 
 386      918106FD 
 386      5BBE
 387 0d54 BE4BE15F 		.ascii	"\276K\341_PH\350\226\320\010\303\212e\357.\2150,\015"
 387      5048E896 
 387      D008C38A 
 387      65EF2E8D 
 387      302C0D
 388 0d67 090C5B6A 		.ascii	"\011\014[j\210\014\"O\335\326\260@C\210o\220j\315\372"
 388      880C224F 
 388      DDD6B040 
 388      43886F90 
ARM GAS  C:\Users\RAKIBU~1\AppData\Local\Temp\cclGMIcA.s 			page 31


 388      6ACDFA
 389 0d7a 8F16FF72 		.ascii	"\217\026\377r\371rN\243\323E\205\206\033\337]\2413n"
 389      F9724EA3 
 389      D3458586 
 389      1BDF5DA1 
 389      336E
 390 0d8c 0DFAE700 		.ascii	"\015\372\347\000:\320`\214\012\016\215\0100FD\204\031"
 390      3AD0608C 
 390      0A0E8D08 
 390      30464484 
 390      19
 391 0d9d 02B68547 		.ascii	"\002\266\205G-\246\265\305\201\221\333\027\353\267o"
 391      2DA6B5C5 
 391      8191DB17 
 391      EBB76F
 392 0dac D10707EB 		.ascii	"\321\007\007\353\203\003V\372.[\274b\331\362\225\177"
 392      830356FA 
 392      2E5BBC62 
 392      D9F2957F 
 393 0dbc F85900F4 		.ascii	"\370Y\000\364\277\023\036\021\256\177G\037\270%4 4<"
 393      BF131E11 
 393      AE7F471F 
 393      B8253420 
 393      343C
 394 0dce 282C2A58 		.ascii	"(,*X\037\260=\020d\205\353\003t\301\372\255\201QaF\235"
 394      1FB03D10 
 394      6485EB03 
 394      74C1FAAD 
 394      81516146 
 395 0de3 F1D31D7A 		.ascii	"\361\323\035z\203o\010\247\222\364\375\366\377U\237"
 395      836F08A7 
 395      92F4FDF6 
 395      FF559F
 396 0df2 E1534380 		.ascii	"\341SC\200\316`\014\006\341\240\344\215\325\037\254"
 396      CE600C06 
 396      E1A0E48D 
 396      D51FAC
 397 0e01 DAF8BECE 		.ascii	"\332\370\276\316\317\337\177\203\277\356\243\365k\327"
 397      CFDF7F83 
 397      BFEEA3F5 
 397      6BD7
 398 0e0f 7DF881DF 		.ascii	"}\370\201\337:\277\365\233\374~\365c\371\233\367\177"
 398      3ABFF59B 
 398      FC7EF563 
 398      F99BF77F 
 399 0e1f A35BBD6A 		.ascii	"\243[\275j\355\007\037\371\373y\312\273\177\355\347"
 399      ED071FF9 
 399      FB79CABB 
 399      7FEDE7
 400 0e2e BF76F5E6 		.ascii	"\277v\365\346\037\311\273\374\374Wm\364\363\222\367"
 400      1FC9BBFC 
 400      FC576DF4 
 400      F392F7
 401 0e3d 7CE8BF61 		.ascii	"|\350\277a\215\377\252u\013\344}\376~\253~%Jz\357\243"
 401      8DFFAA75 
 401      0BE47DFE 
 401      7EAB7E25 
ARM GAS  C:\Users\RAKIBU~1\AppData\Local\Temp\cclGMIcA.s 			page 32


 401      4A7AEFA3 
 402 0e51 8D9BE9A8 		.ascii	"\215\233\351\250\265\353\327\270\263\256\365\033\030"
 402      B5EBD7B8 
 402      B3AEF51B 
 402      18
 403 0e5e EC6D474E 		.ascii	"\354mGN\022\347\"sT\010\347F+\340\335\310\210H\235\321"
 403      12E72273 
 403      5408E746 
 403      2BE0DDC8 
 403      88489DD1 
 404 0e72 D3600C8C 		.ascii	"\323`\014\21442_\353\014\372 cD\244;\003\260\206\316"
 404      34325FEB 
 404      0CFA2063 
 404      44A43B03 
 404      B086CE
 405 0e85 E8214704 		.ascii	"\350!G\004\206\2059\357\210\214\330\026\031\270]\315"
 405      868539EF 
 405      888CD816 
 405      19B85DCD 
 406 0e95 1CFD0B9D 		.ascii	"\034\375\013\235\321Y|*\015\241\237\351u\306\340\277"
 406      D1597C2A 
 406      0DA19FE9 
 406      75C6E0BF 
 407 0ea5 D00D61A1 		.ascii	"\320\015a\241[\002\266\005\005\331\270c\245\357\012"
 407      5B02B605 
 407      05D9B863 
 407      A5EF0A
 408 0eb4 DFE516A7 		.ascii	"\337\345\026\247\030a\324V\230\205H2b\353V\203\036B"
 408      1861D456 
 408      98854832 
 408      62EB5683 
 408      1E42
 409 0ec6 4111A90F 		.ascii	"A\021\251\017\014v\337\006\325`\275!(2t\007Pw\016\014"
 409      0C76DF06 
 409      D560BD21 
 409      28327407 
 409      50770E0C 
 410 0eda 0E8ED41B 		.ascii	"\016\216\324\033\014\256l&\006\035\241\347,6\224l\244"
 410      0CAE6C26 
 410      061DA1E7 
 410      2C36946C 
 410      A4
 411 0eeb 82F4BD61 		.ascii	"\202\364\275a5a\213\000\235\321M\032\032\024\021\025"
 411      35618B00 
 411      9DD14D1A 
 411      1A141115 
 412 0efb 6E54EF08 		.ascii	"nT\357\010\334\246\247R4\201Fcd\350\226(\243\336\340"
 412      DCA6A752 
 412      34814663 
 412      64E89628 
 412      A3DEE0
 413 0f0e C906CB47 		.ascii	"\311\006\313Gy\204\206\203\315\302\203\364\"=\327\367"
 413      79848683 
 413      CDC283F4 
 413      223DD7F7 
 414 0f1e C074AB09 		.ascii	"\300t\253\011\354\327\3536\271~\242\217\014\335*\256"
 414      ECD7EB36 
ARM GAS  C:\Users\RAKIBU~1\AppData\Local\Temp\cclGMIcA.s 			page 33


 414      B97EA28F 
 414      0CDD2AAE 
 415 0f2e 2E27C019 		.ascii	".'\300\031\365.\222\307!\"\324\254\376\341\232u\032"
 415      F52E92C7 
 415      2122D4AC 
 415      FEE19A75 
 415      1A
 416 0f3f 562311E0 		.ascii	"V#\021\340b\251n\026\2737n\332\360\241+\253B4\256_\273"
 416      62A96E16 
 416      BB376EDA 
 416      F0A12BAB 
 416      4234AE5F 
 417 0f54 49742B15 		.ascii	"It+\025\2503\252\315*\335 \216\301=\372\310O \006\214"
 417      A833AACD 
 417      2ADD208E 
 417      C13DFAC8 
 417      4F20068C 
 418 0f68 3EF62225 		.ascii	">\366\"%\322h\016\224\240\020c\350v\275\331\276\277"
 418      D2680E94 
 418      A01063E8 
 418      76BDD9BE 
 418      BF
 419 0f79 090C35FA 		.ascii	"\011\0145\372\021\242v\307\331I\003\334BZY\2437n\244"
 419      11A276C7 
 419      D94903DC 
 419      425A59A3 
 419      376EA4
 420 0f8c 96DB400D 		.ascii	"\226\333@\015\340i\335\271\221X0(dSH\360\3060\275~"
 420      E069DDB9 
 420      91583028 
 420      645348F0 
 420      C630BD7E 
 421 0fa0 C74FBF9F 		.ascii	"\307O\277\237S\010q/Y\353\036\021\206\300\260M\264\351"
 421      5308712F 
 421      59EB1E11 
 421      86C0B04D 
 421      B4E9
 422 0fb2 782CE145 		.ascii	"x,\341Ep \344\235\360PV'\201\257\323m\215\012\017\322"
 422      7020E49D 
 422      F0505627 
 422      81AFD36D 
 422      8D0A0FD2 
 423 0fc6 E97C7FB1 		.ascii	"\351|\177\261l\371\317URK\021\024\022\030)\177\267\342"
 423      6CF9CF55 
 423      524B1114 
 423      1218297F 
 423      B7E2
 424 0fd8 DDFF053B 		.ascii	"\335\377\005;\231\223\245"
 424      9993A5
 425              		.text
 426              		.section	.gnu.lto_.symtab.e8100c01,"",%progbits
 427 0000 666C6173 		.ascii	"flashWaitErase\000"
 427      68576169 
 427      74457261 
 427      736500
 428 000f 00       		.ascii	"\000"
 429 0010 00       		.ascii	"\000"
ARM GAS  C:\Users\RAKIBU~1\AppData\Local\Temp\cclGMIcA.s 			page 34


 430 0011 00       		.ascii	"\000"
 431 0012 00000000 		.ascii	"\000\000\000\000\000\000\000\000"
 431      00000000 
 432 001a 6B010000 		.ascii	"k\001\000\000"
 433 001e 666C6173 		.ascii	"flashGetSectorOffset\000"
 433      68476574 
 433      53656374 
 433      6F724F66 
 433      66736574 
 434 0033 00       		.ascii	"\000"
 435 0034 00       		.ascii	"\000"
 436 0035 00       		.ascii	"\000"
 437 0036 00000000 		.ascii	"\000\000\000\000\000\000\000\000"
 437      00000000 
 438 003e 70010000 		.ascii	"p\001\000\000"
 439 0042 666C6173 		.ascii	"flashGetSectorSize\000"
 439      68476574 
 439      53656374 
 439      6F725369 
 439      7A6500
 440 0055 00       		.ascii	"\000"
 441 0056 00       		.ascii	"\000"
 442 0057 00       		.ascii	"\000"
 443 0058 00000000 		.ascii	"\000\000\000\000\000\000\000\000"
 443      00000000 
 444 0060 75010000 		.ascii	"u\001\000\000"
 445 0064 63685468 		.ascii	"chThdSleep\000"
 445      64536C65 
 445      657000
 446 006f 00       		.ascii	"\000"
 447 0070 02       		.ascii	"\002"
 448 0071 00       		.ascii	"\000"
 449 0072 00000000 		.ascii	"\000\000\000\000\000\000\000\000"
 449      00000000 
 450 007a 79010000 		.ascii	"y\001\000\000"
 451              		.text
 452              		.section	.gnu.lto_.opts,"",%progbits
 453 0000 272D666D 		.ascii	"'-fmath-errno' '-fsigned-zeros' '-ftrapping-math' '"
 453      6174682D 
 453      6572726E 
 453      6F272027 
 453      2D667369 
 454 0033 2D666E6F 		.ascii	"-fno-trapv' '-fno-openmp' '-fno-openacc' '-mcpu=cor"
 454      2D747261 
 454      70762720 
 454      272D666E 
 454      6F2D6F70 
 455 0066 7465782D 		.ascii	"tex-m4' '-mthumb' '-O2' '-fomit-frame-pointer' '-fa"
 455      6D342720 
 455      272D6D74 
 455      68756D62 
 455      2720272D 
 456 0099 6C69676E 		.ascii	"lign-functions=16' '-ffunction-sections' '-fdata-se"
 456      2D66756E 
 456      6374696F 
 456      6E733D31 
 456      36272027 
ARM GAS  C:\Users\RAKIBU~1\AppData\Local\Temp\cclGMIcA.s 			page 35


 457 00cc 6374696F 		.ascii	"ctions' '-fno-common' '-flto'\000"
 457      6E732720 
 457      272D666E 
 457      6F2D636F 
 457      6D6D6F6E 
 458              		.text
 459              		.comm	__gnu_lto_v1,1,1
 460              		.comm	__gnu_lto_slim,1,1
 461              		.ident	"GCC: (GNU Tools for Arm Embedded Processors 7-2017-q4-major) 7.2.1 20170904 (release) [ARM
ARM GAS  C:\Users\RAKIBU~1\AppData\Local\Temp\cclGMIcA.s 			page 36


DEFINED SYMBOLS
                            *ABS*:00000000 hal_flash.c
                            *COM*:00000001 __gnu_lto_v1
                            *COM*:00000001 __gnu_lto_slim

NO UNDEFINED SYMBOLS
