ARM GAS  C:\Users\RAKIBU~1\AppData\Local\Temp\ccQDf0xG.s 			page 1


   1              		.cpu cortex-m4
   2              		.eabi_attribute 20, 1
   3              		.eabi_attribute 21, 1
   4              		.eabi_attribute 23, 3
   5              		.eabi_attribute 24, 1
   6              		.eabi_attribute 25, 1
   7              		.eabi_attribute 26, 1
   8              		.eabi_attribute 30, 2
   9              		.eabi_attribute 34, 1
  10              		.eabi_attribute 18, 4
  11              		.file	"hal_st_lld.c"
  12              		.section	.gnu.lto_.profile.eb29b023,"",%progbits
  13 0000 789C6363 		.ascii	"x\234cc```\001bF\206H\015\000\001R\000\215"
  13      60606001 
  13      62468648 
  13      0D000152 
  13      008D
  14              		.text
  15              		.section	.gnu.lto_.icf.eb29b023,"",%progbits
  16 0000 789C6363 		.ascii	"x\234cc``\220d@\000\026\206\2773\333n12\276\376\374"
  16      60609064 
  16      40001686 
  16      BF33DB6E 
  16      3132BEFE 
  17 0015 F82623D3 		.ascii	"\370&#\323\236\015\273\371\230\273W\355\270\304\304"
  17      9E0DBBF9 
  17      98BB57ED 
  17      B8C4C4
  18 0024 00009F41 		.ascii	"\000\000\237A\013\262"
  18      0BB2
  19              		.text
  20              		.section	.gnu.lto_.jmpfuncs.eb29b023,"",%progbits
  21 0000 789C6363 		.ascii	"x\234cc``\010d@\000\026\020\301\010\244\031\24703>="
  21      60600864 
  21      40001610 
  21      C108A419 
  21      A730333E 
  22 0015 39B98DA7 		.ascii	"9\271\215\247\233y\0163\003\243\014\343fF\031\006\306"
  22      9B790E33 
  22      03A30CE3 
  22      66461906 
  22      C6
  23 0026 032C8C32 		.ascii	"\003,\2142@\014T\002\224\356\372u\275\217\003\"\315"
  23      400C5402 
  23      94EEFA75 
  23      BD8F0322 
  23      CD
  24 0037 C1B8052A 		.ascii	"\301\270\005*\315\001\226f\002\232\302\0146\020\000"
  24      CD019666 
  24      029AC20C 
  24      361000
  25 0046 A8A90EB9 		.ascii	"\250\251\016\271"
  26              		.text
  27              		.section	.gnu.lto_.inline.eb29b023,"",%progbits
  28 0000 789C6363 		.ascii	"x\234cc``\310b@\000\026\006\0066>F\006&\226\005\362"
  28      6060C862 
  28      40001606 
ARM GAS  C:\Users\RAKIBU~1\AppData\Local\Temp\ccQDf0xG.s 			page 2


  28      06363E46 
  28      06269605 
  29 0015 0C6C0BE4 		.ascii	"\014l\013\344\231@b\214\\ \202AB\001(\256\262`&\023"
  29      9940628C 
  29      5C208241 
  29      420128AE 
  29      B2602613 
  30 0029 5C829987 		.ascii	"\\\202\231\207\201\201\011\204x\371\201RB\027z\030Q"
  30      81810984 
  30      78F98152 
  30      42177A18 
  30      51
  31 003a F53033B0 		.ascii	"\36503\260\2121\202T\240\031\005\"\030\000\376\216\007"
  31      8A318254 
  31      A0190522 
  31      1800FE8E 
  31      07
  32 004b F4       		.ascii	"\364"
  33              		.text
  34              		.section	.gnu.lto_.pureconst.eb29b023,"",%progbits
  35 0000 789C6363 		.ascii	"x\234cc``\340\002b\026\206]\214\214RLR\314\022\000\010"
  35      6060E002 
  35      6216865D 
  35      8C8C524C 
  35      52CC1200 
  36 0015 050122   		.ascii	"\005\001\""
  37              		.text
  38              		.section	.gnu.lto_st_lld_serve_interrupt.part.0.eb29b023,"",%progbits
  39 0000 789C8553 		.ascii	"x\234\205SilLQ\024>\347\3357\013\203\364\037?D\246\211"
  39      696C4C51 
  39      143EE7DD 
  39      370B83F4 
  39      1F3F44A6 
  40 0015 8908FAEC 		.ascii	"\211\010\372\354$\022\011\025I\023\223\210\362\273\341"
  40      24120915 
  40      49139388 
  40      F2BBE1
  41 0024 19FA9299 		.ascii	"\031\372\222\231N\363\336\020\375\325k\224\326\032\204"
  41      4EF3DE10 
  41      FDD56B94 
  41      D61A84
  42 0033 B14D5225 		.ascii	"\261MR%\202\240E-]tTm\265\264h\011I\023K\033MPbI\350"
  42      82A0452D 
  42      5D74546D 
  42      B5B46809 
  42      49134B1B 
  43 004c 1FE59CD7 		.ascii	"\037\345\234\327\3210S\334\314\334\355;\337\311w\316"
  43      D13053DC 
  43      CCDCED3B 
  43      DFC977CE 
  44 005c 779F1300 		.ascii	"w\237\023\000\226\251\0003\021`\022\355\321\001\250"
  44      96A90033 
  44      116012ED 
  44      D101A8
  45 006b EE6CA58D 		.ascii	"\356l\245\215\212\212\275*(x]\357\026\210\274\221n\204"
  45      8A8ABD2A 
  45      28785DEF 
ARM GAS  C:\Users\RAKIBU~1\AppData\Local\Temp\ccQDf0xG.s 			page 3


  45      1688BC91 
  45      6E84
  46 007d 62551158 		.ascii	"bU\021X\214\333\304\036\201M\245\335\265\312\370\343"
  46      8CDBC41E 
  46      814DA5DD 
  46      B5CAF8E3 
  47 008d 9246E3BE 		.ascii	"\222F\343\276\335c6\311\215\243\342\002 F\177\036X\215"
  47      DD6336C9 
  47      8DA3E202 
  47      20467F1E 
  47      588D
  48 009f E381C21E 		.ascii	"\343\201\302\036\225\234\215\213\255\"NYT:~j9\3305\202"
  48      959C8D8B 
  48      AD224E59 
  48      543A7E6A 
  48      39D83582 
  49 00b3 8F0A7AE9 		.ascii	"\217\012z\351X\366\276\371\251[\314E\216,\211\355\252"
  49      58F6BEF9 
  49      A95BCC45 
  49      8E2C89ED 
  49      AA
  50 00c4 F6F88E4A 		.ascii	"\366\370\216J\031\225\215\335\275\031G6\310f\251\306"
  50      19958DDD 
  50      BD194736 
  50      C866A9C6 
  51 00d4 85C04B28 		.ascii	"\205\300K((+^\304\321x\001G\333\331)\274F6v\252\"\333"
  51      282B5EC4 
  51      D1780147 
  51      DBD929BC 
  51      463676AA 
  52 00ea A6B6C6DE 		.ascii	"\246\266\306\336U\270\222\324\347\275\243*\222T\025"
  52      55B892D4 
  52      E7BDA32A 
  52      925415
  53 00f9 6B06A576 		.ascii	"k\006\245v\236\353\333;\334\251b-\372\3602\372X3\326"
  53      9EEBDB3B 
  53      DCA9622D 
  53      FAF032FA 
  53      5833D6
  54 010c A1333901 		.ascii	"\24139\001(|\313hU\233C\312\276\037\245R\036\2349\322"
  54      287CCB68 
  54      559B43CA 
  54      BE1FA552 
  54      1E9C39D2 
  55 0120 015046C5 		.ascii	"\001PF\305q/\312\204\312\253\330,\024{\355F\205\363"
  55      712FCA84 
  55      CAABD82C 
  55      147BED46 
  55      85F3
  56 0132 1EBBDB76 		.ascii	"\036\273\333v\325#\026\332\222NVV\354\037\226\224\364"
  56      D52316DA 
  56      924E5656 
  56      EC1F9694 
  56      F4
  57 0143 EDC0F453 		.ascii	"\355\300\364S];\266\313\303\321\014\026U\237.\012\257"
  57      5D3BB6CB 
  57      C3D10C16 
ARM GAS  C:\Users\RAKIBU~1\AppData\Local\Temp\ccQDf0xG.s 			page 4


  57      559F2E0A 
  57      AF
  58 0154 A08F48A5 		.ascii	"\240\217H\245od\203\312\335Q\321\213\015\204\275\303"
  58      6F6483CA 
  58      DD51D18B 
  58      0D84BDC3 
  59 0164 6867F59E 		.ascii	"hg\365\236\272\0278\240\272\244\277\341uc\034\266\334"
  59      BA1738A0 
  59      BAA4BFE1 
  59      75631CB6 
  59      DC
  60 0175 984048C1 		.ascii	"\230@H\301~\324L\337\242\003&\030TR\301\216\304D\003"
  60      7ED44CDF 
  60      A2032618 
  60      5452C18E 
  60      C44403
  61 0188 F02A6322 		.ascii	"\360*c\"\025\373r`v\015\351jdPM\005\337\236\026,\022"
  61      15FB7260 
  61      760DE96A 
  61      64504D05 
  61      DF9E162C 
  62 019d F01AC38E 		.ascii	"\360\032\303\216\337\332\010\330\204N\274\316\255\243"
  62      DFDA08D8 
  62      844EBCCE 
  62      ADA3
  63 01ab 09A98187 		.ascii	"\011\251\201\207\024B\217\224\237\357\035\232yZ)\227"
  63      14428F94 
  63      9FEF1D9A 
  63      795A2997 
  64 01bb FBBDF17E 		.ascii	"\373\275\361~\302\231\256z\351V\025*\367\006f\332N|"
  64      C299AE7A 
  64      E956152A 
  64      F70666DA 
  64      4E7C
  65 01cd EC79DCA1 		.ascii	"\354y\334\241\320\015\336\244w\307\005\003\336\262\337"
  65      D00DDEA4 
  65      77C70503 
  65      DEB2DF
  66 01dc C989C4F5 		.ascii	"\311\211\304\365\327\3032\253\222l'\307~\256<\377\304"
  66      D7C332AB 
  66      926C27C7 
  66      7EAE3CFF 
  66      C4
  67 01ed 63B36F33 		.ascii	"c\263o3\033\233Q\205n\214z\355\346\001\364\340\206\227"
  67      1B9B5185 
  67      6E8C7AED 
  67      E601F4E0 
  67      8697
  68 01ff 0DF1AFAB 		.ascii	"\015\361\257\253R;ue\240S\316?D\337!\255wY4O\004\324"
  68      523B7565 
  68      A053CE3F 
  68      44DF21AD 
  68      7759344F 
  69 0215 D6F674B8 		.ascii	"\326\366t\270\212\277Kw\\\270b\302\3058\340=,\206\270"
  69      8ABF4B77 
  69      5CB862C2 
  69      C538E03D 
ARM GAS  C:\Users\RAKIBU~1\AppData\Local\Temp\ccQDf0xG.s 			page 5


  69      2C86B8
  70 0228 7043D2E0 		.ascii	"pC\322\340\024S+\377c\352}\333\324\330\306\246\007\256"
  70      14532BFF 
  70      63EA7DDB 
  70      D4D8C6A6 
  70      07AE
  71 023a 7E53015B 		.ascii	"~S\001[\376ejb@\252;\335T\35762\265\225\301!\351\246"
  71      FE656A62 
  71      40AA3BDD 
  71      54EF3632 
  71      B595C121 
  72 0250 8E0D023E 		.ascii	"\216\015\002>`lh\272\251c\353H\327C\006=\251`S\225`"
  72      606C68BA 
  72      A963EB48 
  72      D743063D 
  72      A9605395 
  73 0265 91808FD2 		.ascii	"\221\200\217\322Mm\243\376\264s\017\332\1773\265\257"
  73      4D6DA3FE 
  73      B4730FDA 
  73      7F33B5AF 
  74 0275 FC55C2F3 		.ascii	"\374U\302\363\313\257\026\333\257\307\266_\251\346<"
  74      CBAF16DB 
  74      AFC7B65F 
  74      A9E63C
  75 0284 193087F3 		.ascii	"\0310\207\363\323\330L\357\215?\225\017\030}\271\365"
  75      D3D84CEF 
  75      8D3F950F 
  75      187DB9F5 
  76 0294 99667F6A 		.ascii	"\231f\177j<\312\350\001\323=1\347dei\364\323\363\215"
  76      3CCAE801 
  76      D33D31E7 
  76      646569F4 
  76      D3F38D
  77 02a7 1546D89A 		.ascii	"\025F\330\232:y\232\026\266\264\374\345A\2550lF,-w\251"
  77      3A799A16 
  77      B6B4FCE5 
  77      41AD306C 
  77      462C2D77 
  78 02bc 7FDA546D 		.ascii	"\177\332Tm\321\242\005\332\322\034\377\332)\214\344"
  78      D1A205DA 
  78      D21CFFDA 
  78      298CE4
  79 02cb 5991BC60 		.ascii	"Y\221\274`pe\226\016j\304\010\025*\226\351Z\261\334"
  79      7065960E 
  79      6AC40815 
  79      2A96E95A 
  79      B1DC
  80 02dd 0A2C368D 		.ascii	"\012,6\215\031\203\345\322\303\241P\270 \231n\336\022"
  80      1983E5D2 
  80      C3A150B8 
  80      20996EDE 
  80      12
  81 02ee 7FB67F1D 		.ascii	"\177\266\177\035E\350a3\220\267vV(+\037\346\377\203"
  81      45E86133 
  81      90B77656 
  81      282B1FE6 
  81      FF83
ARM GAS  C:\Users\RAKIBU~1\AppData\Local\Temp\ccQDf0xG.s 			page 6


  82 0300 15581761 		.ascii	"\025X\027a\216\226\355\317\315\311\325\262\211\244\345"
  82      8E96EDCF 
  82      CDC9D5B2 
  82      89A4E5
  83 030f 14E8C135 		.ascii	"\024\350\3015+\003\232\036\262\014+o\265\256S\212\011"
  83      2B039A1E 
  83      B20C2B6F 
  83      B5AE538A 
  83      09
  84 0320 7F2B226C 		.ascii	"\177+\"l\321dF&\025\030\375{\212\0357X\254\031\321\214"
  84      D1644626 
  84      1518FD7B 
  84      8A1D3758 
  84      AC19D18C 
  85 0334 5F79F3AD 		.ascii	"_y\363\255\"\213\3422\374\271K\274\\X\241iL\364\372"
  85      228BE232 
  85      FCB94BBC 
  85      5C58A169 
  85      4CF4FA
  86 0347 26836282 		.ascii	"&\203b\202+\024\010\205\315\"\370\011X}\314\016"
  86      2B140885 
  86      CD22F809 
  86      587DCC0E 
  87              		.text
  88              		.section	.gnu.lto_st_lld_init.eb29b023,"",%progbits
  89 0000 789CA595 		.ascii	"x\234\245\225ML\023A\024\200\347\355l\333\355\362\343"
  89      4D4C1341 
  89      1480E7ED 
  89      6CDBEDF2 
  89      E3
  90 0011 C9C4680F 		.ascii	"\311\304h\017^\361\300\012\034\2157/&p\222\233\007\242"
  90      5EF1C00A 
  90      1C8D372F 
  90      2670929B 
  90      07A2
  91 0023 78800483 		.ascii	"x\200\004\203\261\304\243]\376ZD4$\012&\246\230&\036"
  91      B1C4A35D 
  91      FE5A4434 
  91      240A26A6 
  91      98261E
  92 0036 0C260441 		.ascii	"\014&\004A\376Z@\227\012\"\002-\"\012\210\242\022\255"
  92      FE5A4097 
  92      0A22022D 
  92      220A88A2 
  92      12AD
  93 0048 FC694820 		.ascii	"\374iH \361'\021|o\266\264\015^l\235\264\323\335\231"
  93      F127117C 
  93      6FB6B40D 
  93      5E6C9DB4 
  93      D3DD99
  94 005b E9F7BD79 		.ascii	"\351\367\275y\273o\327\312\030k\2642v\034\177\017\341"
  94      BB6FD7CA 
  94      186BB432 
  94      761C7F0F 
  94      E1
  95 006c 173803A9 		.ascii	"\0278\003\2511\304X\245\"\001\320\201\256\000sI\340"
  95      31C458A5 
ARM GAS  C:\Users\RAKIBU~1\AppData\Local\Temp\ccQDf0xG.s 			page 7


  95      2201D081 
  95      AE007349 
  95      E0
  96 007d 82067E93 		.ascii	"\202\006~\223C\320\023\361KY\367tl\306\255\276\203n"
  96      43D013F1 
  96      4B59F774 
  96      6CC6ADBE 
  96      836E
  97 008f BDF68097 		.ascii	"\275\366\200\2273\326\214_j\360\020\262\030.[\352\330"
  97      33D68C5F 
  97      6AF010B2 
  97      182E5BEA 
  97      D8
  98 00a0 6ECAB0CA 		.ascii	"n\312\260\312\3468t\201\225\001\036\264O[\014}{\307"
  98      E6387481 
  98      95011EB4 
  98      4F5B0C7D 
  98      7BC7
  99 00b2 A31BC377 		.ascii	"\243\033\303w\341\347\351\375\300\274\034$\3528u2u\012"
  99      E1E7E9FD 
  99      C0BC1C24 
  99      EA387532 
  99      750A
 100 00c4 7576EA54 		.ascii	"uv\352T\352\030\253C\004\306\241\033\354\012\227\350"
 100      EA18AB43 
 100      04C6A11B 
 100      EC0A97E8 
 101 00d4 A8DA60AB 		.ascii	"\250\332`\253\020\014\254\334?O\340\333\034\320\327"
 101      100CACDC 
 101      3F4FE0DB 
 101      1CD0D7
 102 00e3 5C1B0CDB 		.ascii	"\\\033\014\333\256r/\227\200\3645-#\021\273y\252o\324"
 102      AE722F97 
 102      80F4352D 
 102      2311BB79 
 102      AA6FD4
 103 00f6 E9320E2D 		.ascii	"\3512\016-\364/-Z}p\247\022#?\354\345\034z\300\001\335"
 103      F42F2D5A 
 103      7D70A712 
 103      233FECE5 
 103      1C7AC001 
 104 010b E060B47E 		.ascii	"\340`\264~\355\323\330`\246\326\246\327\200\227\313"
 104      EDD3D860 
 104      A6D6A6D7 
 104      8097CB
 105 011a D00B3E68 		.ascii	"\320\013>h\022\033\202>\320PV\375\303\015\246K2u]\303"
 105      121B823E 
 105      D05056FD 
 105      C30DA64B 
 105      32755DC3 
 106 012e A36E85F8 		.ascii	"\243n\205\370\200\315\217\020\014h\246^\254IN\025\210"
 106      80CD8F10 
 106      0C68A65E 
 106      AC494E15 
 106      88
 107 013f ABFA4143 		.ascii	"\253\372AC\276\330\232\335\224\361\344X\003\202Ey\206"
 107      BED89ADD 
ARM GAS  C:\Users\RAKIBU~1\AppData\Local\Temp\ccQDf0xG.s 			page 8


 107      94F1E458 
 107      03824579 
 107      86
 108 0150 C13D61CB 		.ascii	"\301=a\313\010\373\2578\037\305\331\217)N91N\345\237"
 108      08FBAF38 
 108      1FC5D98F 
 108      294E3931 
 108      4EE59F
 109 0163 59953427 		.ascii	"Y\2254'\203\021\247\015\211H\203\201\326\266\014\023"
 109      8311A70D 
 109      89488381 
 109      D6B60C13 
 110 0173 664FBC9A 		.ascii	"fO\274\232\026q5\353\253\207:\025\363T7\032\365L\034"
 110      167135EB 
 110      AB873A15 
 110      F354371A 
 110      F54C1C
 111 0186 9AFF5AD3 		.ascii	"\232\377Z\323\221\026\327Y\341\011\352\202Q]`\275\265"
 111      9116D759 
 111      E109EA82 
 111      515D60BD 
 111      B5
 112 0197 D71A0B7D 		.ascii	"\327\032\013}X\310$\222\215\354I\213\212\272\277\323"
 112      58C82492 
 112      8DEC498B 
 112      8ABABFD3 
 113 01a7 9204FB69 		.ascii	"\222\004\373i\234=JiQ\211\264\265\334w-3\312\212\355"
 113      9C3D4A69 
 113      5189B4B5 
 113      DC772D33 
 113      CA8AED
 114 01ba C4267612 		.ascii	"\304&v\022j\373\276\241\232\247TAt_\372Z\276\330\243"
 114      6AFBBEA1 
 114      9AA75441 
 114      745FFA5A 
 114      BED8A3
 115 01cd 32DF65BC 		.ascii	"2\337e\274\343\025\030C\335\263\250\316\023\031\237"
 115      E3151843 
 115      DDB3A8CE 
 115      13199F
 116 01dc 4ACCDC73 		.ascii	"J\314\334s!\024E5\016\032.X\015\255\264\210\334\310"
 116      21144535 
 116      0E1A2E58 
 116      0DADB488 
 116      DCC8
 117 01ee 101E6230 		.ascii	"\020\036b0anfk\331\037\013!9\301\244\020\310$\010\011"
 117      616E666B 
 117      D91F0B21 
 117      39C1A410 
 117      C8240809 
 118 0202 C1DAC083 		.ascii	"\301\332\300\2039\213)\330\301\266\017\302\273\212@"
 118      398B29D8 
 118      C1B60FC2 
 118      BB8A40
 119 0211 8A8A29A1 		.ascii	"\212\212)\241\260\220\342\205P\304\222$\003\203\351"
 119      B090E285 
 119      50C49224 
ARM GAS  C:\Users\RAKIBU~1\AppData\Local\Temp\ccQDf0xG.s 			page 9


 119      0383E9
 120 0220 5D7C7F4A 		.ascii	"]|\177Jx;\274\024x|\244\321\244\321P\325j\313i\247I"
 120      783BBC14 
 120      787CA4D1 
 120      A4D150D5 
 120      6ACB69A7 
 121 0235 5FA7B864 		.ascii	"_\247\270d3\240\301\021\207\250\270W\220\023\327M\246"
 121      33A0C111 
 121      87A8B857 
 121      9013D74D 
 121      A6
 122 0246 B89BD742 		.ascii	"\270\233\327Bg#\336,\242c\274P\212\2749\301S\2107\237"
 122      6723DE2C 
 122      A263BC50 
 122      8ABC39C1 
 122      5388379F 
 123 025a C80BA7C8 		.ascii	"\310\013\247\310{#xv\342-\210lw{&:T3\333\000ow\361s"
 123      7B237876 
 123      E22D886C 
 123      777B263A 
 123      5433DB00 
 124 0272 29E2DF09 		.ascii	")\342\337\011\274J\370E\014\227x\353P\353\333\354\341"
 124      BC4AF845 
 124      0C9778EB 
 124      50EBDBEC 
 124      E1
 125 0283 E2A98FFF 		.ascii	"\342\251\217\377\360\373\327\027l\256\337\272\342\345"
 125      F0FBD717 
 125      6CAEDFBA 
 125      E2E5
 126 0291 6A33153D 		.ascii	"j3\025=\274\007\027M|\036\273\341N\247@\322\220\377"
 126      BC07174D 
 126      7C1EBBE1 
 126      4EA740D2 
 126      90FF
 127 02a3 011C54E9 		.ascii	"\001\034T\351\277f\257+\346\220\002\037\301\341\345"
 127      BF66AF2B 
 127      E690021F 
 127      C1E1E5
 128 02b2 E9EC1B54 		.ascii	"\351\354\033T\3716{Eq\212WL\0352\360-\200Ew,;[\303O"
 128      F9367B45 
 128      718A574C 
 128      1D32F02D 
 128      8045772C 
 129 02ca 7149E9D9 		.ascii	"qI\351\331\322rg\356\321<\255\334\251\225\234)\323."
 129      D27267EE 
 129      D13CADDC 
 129      A9959C29 
 129      D32E
 130 02dc 945FAC70 		.ascii	"\224_\254pj\247\012\013\362r\265\374\374\023Z\341\311"
 130      6AA70A0B 
 130      F272B5FC 
 130      FC135AE1 
 130      C9
 131 02ed 824B3934 		.ascii	"\202K94S\344\254(*+;\227]\314\376\000\00712\226"
 131      53E4AC28 
 131      2A2B3B97 
ARM GAS  C:\Users\RAKIBU~1\AppData\Local\Temp\ccQDf0xG.s 			page 10


 131      5DCCFE00 
 131      07313296 
 132              		.text
 133              		.section	.gnu.lto_st_lld_serve_interrupt.eb29b023,"",%progbits
 134 0000 789C8592 		.ascii	"x\234\205\222MHTQ\024\307\357\377\3357\363\236\232\325"
 134      4D485451 
 134      14C7EFFF 
 134      DD37F39E 
 134      9AD5
 135 0012 2E1783CC 		.ascii	".\027\203\314F\310\215/\265]\320\246Z\004\272\312\275"
 135      46C88D2F 
 135      B55DD0A6 
 135      5A04BACA 
 135      BD
 136 0023 942D1C50 		.ascii	"\224-\034P\024G\244Vs\325\361\253\357\"'\220W\214\265"
 136      1447A456 
 136      73D5F1AB 
 136      EF222790 
 136      578CB5
 137 0036 881662A1 		.ascii	"\210\026b\241\225cf\2571C\221\314\"h!\264\320\232\310"
 137      956366AF 
 137      314391CC 
 137      226821B4 
 137      D09AC8
 138 0049 A62F5C68 		.ascii	"\246/\\hP\3329\357\016H\021\370x\357\335\257\377\371"
 138      50DA39EF 
 138      0E4811F8 
 138      78EFDDAF 
 138      FFF9
 139 005b DDFF3DE7 		.ascii	"\335\377=\347\006\205\0205R\210#\324V\322\207\200\200"
 139      06851035 
 139      528823D4 
 139      56D28780 
 139      80
 140 006c 71695E88 		.ascii	"qi^\210v\3330\344BH\250|\323+\027j\207\204\311\3230"
 140      76DB30E4 
 140      4248A87C 
 140      D32B176A 
 140      8784C9D3 
 141 0081 016E950D 		.ascii	"\001n\225\015\0213\244\211\030\316\311\253\022\351\236"
 141      1133A489 
 141      18CEC9AB 
 141      12E99E
 142 0090 4CCA28BD 		.ascii	"L\312(\275\255\350\361\256])\356V]E.a\023\364\361\203"
 142      ADE8F1AE 
 142      5D29EE56 
 142      5D452E61 
 142      13F4F183 
 143 00a4 11940A92 		.ascii	"\021\224\012\222\275\212\337u\345Y\351J\300\244\341"
 143      BD8ADF75 
 143      E559E94A 
 143      C0A4E1
 144 00b3 8F1703CB 		.ascii	"\217\027\003\313;yh L\303\336/3omy\020\254\214'.\217"
 144      3B796820 
 144      4CC3DE2F 
 144      336F6D79 
 144      10AC8C27 
ARM GAS  C:\Users\RAKIBU~1\AppData\Local\Temp\ccQDf0xG.s 			page 11


 145 00c9 1494DC52 		.ascii	"\024\224\334R\252Cy\231\365\3357;\325\2142])\361\000"
 145      AA437999 
 145      F5DD373B 
 145      D58C325D 
 145      29F100
 146 00dc 92A8B88F 		.ascii	"\222\250\270\217\020F\021\362\351$\037S\336\222)\017"
 146      104611F2 
 146      E9241F53 
 146      DE92290F 
 147 00ec F9A1F389 		.ascii	"\371\241\363\211\317\203V.\364\335z\321`.\324\304\330"
 147      CF83562E 
 147      F4DD7AD1 
 147      602ED4C4 
 147      D8
 148 00fd 7F4397EE 		.ascii	"\177C\227\356m\364\027\006M\244P\202\207(\321\2361\216"
 148      6DF41706 
 148      4DA45082 
 148      8728D19E 
 148      318E
 149 010f A000B53C 		.ascii	"\240\000\265<=\374:\340\251\215\315\036\345\315\237"
 149      3DFC3AE0 
 149      A98DCD1E 
 149      E5CD9F
 150 011e 9A1BCDEE 		.ascii	"\232\033\315\356)\200pe\300\340\237\344\037)Ieq\327"
 150      29807065 
 150      C0E09FE4 
 150      1F294965 
 150      71D7
 151 0130 F6BB42F4 		.ascii	"\366\273B\364\022\204\362\244<\321'\015\356uz\"\203"
 151      1284F2A4 
 151      3CD1270D 
 151      EE757A22 
 151      83
 152 0141 8EE4C8C4 		.ascii	"\216\344\310\304^F\363F\354th\355{>\237_\2023g\342\021"
 152      5E46F346 
 152      EC7468ED 
 152      7B3E9F5F 
 152      823367E2 
 153 0156 D95A417A 		.ascii	"\331ZAz\374\323\205o`\335\200\014\222,\321\225~ii\031"
 153      FCD3856F 
 153      60DD800C 
 153      922CD195 
 153      7E696919 
 154 016a 1B4E5EFF 		.ascii	"\033N^\377\230\227\304\215v\212H\266\321\246A\016\303"
 154      9897C48D 
 154      768A48B6 
 154      D1A6410E 
 154      C3
 155 017b 049F8856 		.ascii	"\004\237\210V{2s\013;\235!\025oWaWZx\214$\372\3752`"
 155      7B32730B 
 155      3B9D2115 
 155      6F576157 
 155      5A788C24 
 156 0193 128E6FA2 		.ascii	"\022\216o\242\330\267@>\011\257\267\2738l\351\355\360"
 156      D8B7403E 
 156      09AFB7BB 
 156      386CE9ED 
ARM GAS  C:\Users\RAKIBU~1\AppData\Local\Temp\ccQDf0xG.s 			page 12


 156      F0
 157 01a4 373FBC1D 		.ascii	"7?\274\035\375\211O\007\323=\242\257\240\363W\367l@"
 157      FD894F07 
 157      D33DA2AF 
 157      A0F357F7 
 157      6C40
 158 01b6 B32C8D1B 		.ascii	"\263,\215\033\356z\177\307f\367\001l\002O\375\023\222"
 158      EE7A7FC7 
 158      66F7016C 
 158      024FFD13 
 158      92
 159 01c7 2AA24536 		.ascii	"*\242E6y )\373\012o\331\262I\323\261\321}~\365\264V"
 159      792029FB 
 159      0A6FD9B2 
 159      49D3B1D1 
 159      7D7EF5B4 
 160 01dc 197A2AFD 		.ascii	"\031z*\375\346\314\254\344\231\177\262P\274\235\315"
 160      E6CCACE4 
 160      997FB250 
 160      BC9DCD
 161 01eb F45612A6 		.ascii	"\364V\022\246\340\020O{\030Zm\324|I|\012\233\336\\\363"
 161      E0104F7B 
 161      185A6DD4 
 161      7C497C0A 
 161      9BDE5CF3 
 162 01ff 7669AB06 		.ascii	"vi\253\006\236\021\353\003\342\213S\373s\032>K6\365"
 162      9E11EB03 
 162      E28B53FB 
 162      731A3E4B 
 162      36F5
 163 0211 B3500B04 		.ascii	"\263P\013\004\246sw\250OJ\261\020\242\002g\341\233c"
 163      A67377A8 
 163      4F4AB110 
 163      A20267E1 
 163      9B63
 164 0223 03A95476 		.ascii	"\003\251Tv\321\212\375V\266+\355\004\347\007\317\021"
 164      D18AFD56 
 164      B62BED04 
 164      E707CF11 
 165 0233 A35AE5F9 		.ascii	"\243Z\345\371z3w#\276R1\226'\375J\373\244^R\322\212"
 165      7A337723 
 165      BE523196 
 165      27FD4AFB 
 165      A45E52D2 
 166 0248 21C481B2 		.ascii	"!\304\201\2622\207\336\272\372\310\211HS\264b_\245\323"
 166      3287DEBA 
 166      FAC88948 
 166      53B4625F 
 166      A5D3
 167 025a 1475EA8F 		.ascii	"\024u\352\21778\315M-\255Q\347XMue\205SUu\330\2519Z"
 167      3738CD4D 
 167      2DAD51E7 
 167      584D7565 
 167      85535575 
 168 0272 DD56CE2B 		.ascii	"\335V\316+\265\321\326\332\206\206\223eu\302l\21546"
 168      B5D1D6DA 
 168      86869365 
ARM GAS  C:\Users\RAKIBU~1\AppData\Local\Temp\ccQDf0xG.s 			page 13


 168      75C26C8D 
 168      3436
 169 0284 1BD1963F 		.ascii	"\033\321\226?\231\033&t"
 169      991B2674 
 170              		.text
 171              		.section	.gnu.lto_VectorB0.eb29b023,"",%progbits
 172 0000 789C6363 		.ascii	"x\234cc``\270\004\304\266@,\015\304\214\314\014\214"
 172      6060B804 
 172      C4B6402C 
 172      0DC48CCC 
 172      0C8C
 173 0012 4C13CE31 		.ascii	"L\023\316104r012\202\030\015\034\214\014\365L\214\365"
 173      30347230 
 173      31328218 
 173      0D1C8C0C 
 173      F54C8CF5 
 174 0026 8C3DCC53 		.ascii	"\214=\314S\230\031\017\265?\333\311\244\271\274\001"
 174      98190FB5 
 174      3FDBC9A4 
 174      B9BC01
 175 0035 080E4CFF 		.ascii	"\010\016L\377$\336\330\320*1\207\231\201a\032\020\203"
 175      24DED8D0 
 175      2A318799 
 175      81611A10 
 175      83
 176 0046 00E36646 		.ascii	"\000\343fFM\006\240\262G\033\377M\345ec\201\2103nad"
 176      4D06A0B2 
 176      471BFF4D 
 176      E5656381 
 176      88336E61 
 177 005b 63600432 		.ascii	"c`\0042\326_b=\320\360\357\177{\303\201/\213\031'F\261"
 177      D65F623D 
 177      D0F0EF7F 
 177      7BC3812F 
 177      8B192746 
 178 0070 30307400 		.ascii	"00t\000\345\201\2264\034`\350df\002\261\232\0170\274"
 178      E5819634 
 178      1C60E864 
 178      6602B19A 
 178      0F30BC
 179 0083 616C5EF0 		.ascii	"al^\360}=3X\027\320\250\235;\337\334f\257\377\333\300"
 179      7D3D3358 
 179      17D0A89D 
 179      3BDFDC66 
 179      AFFFDBC0 
 180 0097 31879971 		.ascii	"1\207\231q\0323\320\030\306\255\214\365\014s\200\312"
 180      1A33D018 
 180      C6AD8CF5 
 180      0C7380CA 
 181 00a7 410AFFEA 		.ascii	"A\012\377\352cW\307\004T\267\015\252\356\035c\323\202"
 181      6357C704 
 181      54B70DAA 
 181      EE1D63D3 
 181      82
 182 00b8 C55B18C1 		.ascii	"\305[\030\301\012A\240\003h\012\320*\240\022k==} J\316"
 182      0A41A003 
 182      680AD02A 
ARM GAS  C:\Users\RAKIBU~1\AppData\Local\Temp\ccQDf0xG.s 			page 14


 182      A0126B3D 
 182      3D7D204A 
 183 00cd C84CCACC 		.ascii	"\310L\312\314/620\326\317/\326\317H\314\321/\310/*)"
 183      2F363230 
 183      D6CF2FD6 
 183      CF48CCD1 
 183      2FC82F2A 
 184 00e2 D60F0EF1 		.ascii	"\326\017\016\36156\322\367\361q\321\017\361\364-3\004"
 184      3536D2F7 
 184      F171D10F 
 184      F1F42D33 
 184      04
 185 00f3 C9C41797 		.ascii	"\311\304\027\227\304\347\344\244\350%3\000\000-}Z\273"
 185      C4E7E4A4 
 185      E8253300 
 185      002D7D5A 
 185      BB
 186              		.text
 187              		.section	.gnu.lto_.symbol_nodes.eb29b023,"",%progbits
 188 0000 789C55CC 		.ascii	"x\234U\3141\012\302P\020\204\341\177w\363\3365\274\212"
 188      310AC250 
 188      1084E17F 
 188      77F3DE35 
 188      BC8A
 189 0012 9E6C1F12 		.ascii	"\236l\037\022\010Xy\006\033\317\240\235`\355\031\022"
 189      08587906 
 189      1BCFA09D 
 189      60ED1912 
 190 0022 4D482378 		.ascii	"MH#x\003q\025\213\274b\230\341+&\003\307\010:\253\303"
 190      0371158B 
 190      BC6298E1 
 190      2B2603C7 
 190      083AABC3 
 191 0036 FE068E9C 		.ascii	"\376\006\216\234\332KY\207\015\352\3627\316e\023rW\327"
 191      DA4B5987 
 191      0DEAF237 
 191      CE651372 
 191      57D7
 192 0048 5A7A75AB 		.ascii	"Zzu\253D&\365\346'P\27672\252\247\012\036\352y\011F"
 192      4426F5E6 
 192      2750BE37 
 192      32AAA70A 
 192      1EEA7909 
 193 005d 433BBCC5 		.ascii	"C;\274\305$1\356\236+S\330v\257d1\016}\270e\256\321"
 193      2431EE9E 
 193      2B53D876 
 193      AF64310E 
 193      7DB865AE 
 194 0072 7C00FA54 		.ascii	"|\000\372T-0"
 194      2D30
 195              		.text
 196              		.section	.gnu.lto_.refs.eb29b023,"",%progbits
 197 0000 789C6363 		.ascii	"x\234cc```\004b\006\000\000D\000\010"
 197      60606004 
 197      62060000 
 197      440008
 198              		.text
ARM GAS  C:\Users\RAKIBU~1\AppData\Local\Temp\ccQDf0xG.s 			page 15


 199              		.section	.gnu.lto_.decls.eb29b023,"",%progbits
 200 0000 789CCD59 		.ascii	"x\234\315YiPTY\226\316\373n\002I\262h\200S\341D83F\005"
 200      69505459 
 200      96CEFB6E 
 200      0249B268 
 200      8053E144 
 201 0018 13D23151 		.ascii	"\023\3221QlZcO\367DGk\202B\204T\031\211\325\321]MD\026"
 201      6C5A634F 
 201      F744476B 
 201      82428454 
 201      1989D5D1 
 202 0030 0569490C 		.ascii	"\005iI\014\213\015Xc\375\230\356D@67\0047\004EAEA\304"
 202      8B0D5863 
 202      FD98EE44 
 202      40363704 
 202      37044541 
 203 0047 524436D9 		.ascii	"RD6\331\024\221MEEQ\301\004w\261\000AdS\231s\357}\231"
 203      14914D45 
 203      4551C104 
 203      77B10041 
 203      64539973 
 204 005e EFE623A9 		.ascii	"\357\346#\251Y\242'b2\352\360\336\271\367{\3379\367"
 204      59A22762 
 204      32EAF0DE 
 204      B9F77BDF 
 204      39F7
 205 0070 9CF3EEBB 		.ascii	"\234\363\356\273\307\262U(\024\237\377\275B\221g\243"
 205      C7B25528 
 205      149FFFBD 
 205      429167A3 
 206 0080 50DC400A 		.ascii	"P\334@\012\305\014\374\340VQ\017\002\252\242F\301~v"
 206      C50CFCE0 
 206      56510F02 
 206      AAA246C1 
 206      7E76
 207 0092 2057409A 		.ascii	" W@\232AZ@\332@:@n\201\334Q\314\376\245\303\303\366"
 207      415A40DA 
 207      403A406E 
 207      81DC51CC 
 207      FEA5C3C3 
 208 00a7 70FD06C4 		.ascii	"p\375\006\304\005d\001\310\337\"\306\367\017pu\003\371"
 208      056401C8 
 208      DF22C6F7 
 208      0F707503 
 208      F9
 209 00b8 4790AB22 		.ascii	"G\220\253\"\336Q\344_\002c\277\000\371\014\304\013\344"
 209      DE51E45F 
 209      0263BF00 
 209      F90CC40B 
 209      E4
 210 00c9 7390E588 		.ascii	"s\220\345\210\331\372\027\270\376\032\3447 +\320l\233"
 210      D9FA17B8 
 210      FE1AE437 
 210      202BD06C 
 210      9B
 211 00da 1930E624 		.ascii	"\0310\346$\332\\\002\222\006z\012\310\003\270\337\007"
 211      DA5C0292 
ARM GAS  C:\Users\RAKIBU~1\AppData\Local\Temp\ccQDf0xG.s 			page 16


 211      067A0AC8 
 211      03B8DF07 
 212 00ea D73D88F9 		.ascii	"\327=\210\371\260\020\344%\214\355\027\375\351\004q"
 212      B010E425 
 212      8CED17FD 
 212      E90471
 213 00f9 004900FD 		.ascii	"\000I\000\375\317\210\361\374\015b\001@ \030D\011\242"
 213      CF88F1FC 
 213      0D620140 
 213      20184409 
 213      A2
 214 010a 02710571 		.ascii	"\002q\005q\000\021\304X\334\262\262vbG=\307\332\211"
 214      0011C458 
 214      DCB2B276 
 214      62473DC7 
 214      DA89
 215 011c 5F0B459F 		.ascii	"_\013E\237\016\300\365\262\202q\331\2106\0041\276W\254"
 215      0EC0F5B2 
 215      8271D988 
 215      360431BE 
 215      57AC
 216 012e F0123C16 		.ascii	"\360\022<\026y\371\330a1\037-s\344\"\013\243\236\346"
 216      79F9D861 
 216      311F2D73 
 216      E4220BA3 
 216      9EE6
 217 0140 9345381D 		.ascii	"\223E8\035\243%jD2<\017\206\316\274\256\230tbC\004\321"
 217      A3256A44 
 217      323C0F86 
 217      CEBCAE98 
 217      74624304 
 218 0155 FCB0E490 		.ascii	"\374\260\344\220\015\026\350\375\245\363\273\307\035"
 218      0D16E8FD 
 218      A5F3BBC7 
 218      1D
 219 0162 3D8A0DEC 		.ascii	"=\212\015\354\247\372\017\005*C\330D\325\271s\244\300"
 219      A7FA0F05 
 219      2A43D844 
 219      D5B973A4 
 219      C0
 220 0173 0EAFA2C0 		.ascii	"\016\257\242\300\233\211\2459\204\326E\215\224\240\276"
 220      9B89A539 
 220      84D6458D 
 220      94A0BE
 221 0182 69CF7EEC 		.ascii	"i\317~\354\014\352\0025Z\234\205\205G\335\323\017\235"
 221      0CEA0235 
 221      5A9C8585 
 221      47DDD30F 
 221      9D
 222 0193 91DA3DC5 		.ascii	"\221\332=\305`\330b\310K0\330\373+P\005Z\204.\242E\012"
 222      60D862C8 
 222      4B30D8FB 
 222      2B50055A 
 222      842EA245 
 223 01a8 5485DC89 		.ascii	"T\205\334\211\351\013\310C\201\316\303\3409\030<N\314"
 223      E90BC843 
 223      81CEC3E0 
ARM GAS  C:\Users\RAKIBU~1\AppData\Local\Temp\ccQDf0xG.s 			page 17


 223      39183C4E 
 223      CC
 224 01b9 D55DCFFE 		.ascii	"\325]\317\376\315\201\021\203a1\252DjT\2160\305@&\226"
 224      CD811183 
 224      6131AA44 
 224      6A548E30 
 224      C5402696 
 225 01cd A8990327 		.ascii	"\250\231\003'\0132\216\332\342\213\210x T\035|zE\230"
 225      0B328EDA 
 225      E28B8878 
 225      20541D7C 
 225      7A4598
 226 01e0 CBC6A5B9 		.ascii	"\313\306\245\271m\\\374\264)\311`\020P\015\330\250\226"
 226      6D5CFCB4 
 226      29C96010 
 226      500DD8A8 
 226      96
 227 01f1 6C804972 		.ascii	"l\200Ir\201Q0TY_S\353\360\010\365 H\012\232O\327\217"
 227      81513054 
 227      595F53EB 
 227      F008F520 
 227      480A9A4F 
 228 0207 10FB0B57 		.ascii	"\020\373\013W\"T\2371\375\020\033\207Q\201]D(QL\217"
 228      22549F31 
 228      FD101B87 
 228      51815D44 
 228      28514C8F 
 229 021b 20F38820 		.ascii	" \363\210 r\010&^\372\237H\200xV6\317\314\231~\246\352"
 229      7208265E 
 229      FA9F4880 
 229      785636CF 
 229      CC997EA6 
 230 0230 64AF81F9 		.ascii	"d\257\201\37196$H\306\270Gf\371\2520O\233\235\222\026"
 230      39362448 
 230      C6B84766 
 230      F9AA304F 
 230      9B9D9216 
 231 0244 89C474DF 		.ascii	"\211\304t\337y\275\255\304\321\210za\366\017\012\305"
 231      79BDADC4 
 231      D1887A61 
 231      F60F0AC5 
 232 0254 2E55244D 		.ascii	".U$M\374\207\347\217\032\355p.+\227+3\343u\363X\025"
 232      FC87E78F 
 232      1AED702E 
 232      2B972B33 
 232      E375F358 
 233 0269 08A44086 		.ascii	"\010\244@\206\333r\035X\025\314\007\265x\333L\226\315"
 233      DB721D58 
 233      15CC07B5 
 233      78DB4C96 
 233      CD
 234 027a C2BD24EC 		.ascii	"\302\275$\354\273\022\014\363\005\364\315'\250\021\222"
 234      BB120CF3 
 234      05F4CD27 
 234      A81192
 235 0289 D100C950 		.ascii	"\321\000\311P\240\313h!\374\215R2co'\366\376d\377i\236"
 235      A0CB6821 
ARM GAS  C:\Users\RAKIBU~1\AppData\Local\Temp\ccQDf0xG.s 			page 18


 235      FC8D5232 
 235      636F27F6 
 235      FE64FF69 
 236 029e A1CE68A8 		.ascii	"\241\316h\250{t\335m\242mk\312\015x\356\033\212C\365"
 236      7B74DD6D 
 236      A26D6BCA 
 236      0D78EE1B 
 236      8A43F5
 237 02b1 529EEA49 		.ascii	"R\236\352I=\242:dD\250\026=\002\337\256\240OI\001n\033"
 237      3DA23A64 
 237      44A8163D 
 237      02DFAEA0 
 237      4F49016E 
 238 02c6 CA9B87C7 		.ascii	"\312\233\207\307\231[?o\370\252\205\341[-w&l\300p\036"
 238      995B3F6F 
 238      F8AA85E1 
 238      5B2D7726 
 238      6CC0701E 
 239 02da 18EE0FCF 		.ascii	"\030\356\017\3176\324m1\220\352\000\020j\222\2546\311"
 239      36D46D31 
 239      90EA0010 
 239      6A92AC36 
 239      C9
 240 02eb AD3653AB 		.ascii	"\2556S\253\247.\035JU\343\004L\255&u\334{I\230\214\300"
 240      A72E1D4A 
 240      55E3044C 
 240      AD2675DC 
 240      7B49988C 
 241 0300 D4B29931 		.ascii	"\324\262\2311\3053\246k\022\32359S\013e\372i\350\365"
 241      C533A66B 
 241      12D33539 
 241      530B65FA 
 241      69E8F5
 242 0313 09679CCD 		.ascii	"\011g\234\315\230\222\207&3lE\237:\036\011\026N\265"
 242      98928726 
 242      336C459F 
 242      3A1E0916 
 242      4EB5
 243 0325 4A54AD72 		.ascii	"JT\255r\2526J\225Z\336\270\035\343|F\325R6\012\243\340"
 243      AA364A95 
 243      5ADEB81D 
 243      E37C46D5 
 243      52360AA3 
 244 033a 1494FEF8 		.ascii	"\024\224\376\370\340\277\266\226\2760\244\250i\014P"
 244      E0BFB696 
 244      BE30A4A8 
 244      690C50
 245 0349 BBC4D42E 		.ascii	"\273\304\324.\276\344\250\2032\034\274\335\237/\340"
 245      BEE4A883 
 245      321CBCDD 
 245      9F2FE0
 246 0358 5EC670B5 		.ascii	"^\306p\265\260\254\036)\005\366n\220\260\301X\353\370"
 246      B0AC1E29 
 246      05F66E90 
 246      B0C158EB 
 246      F8
 247 0369 895AA579 		.ascii	"\211Z\245y\354\006\242\203o.\365\356\025\346\214z'\215"
ARM GAS  C:\Users\RAKIBU~1\AppData\Local\Temp\ccQDf0xG.s 			page 19


 247      EC06A283 
 247      6F2EF5EE 
 247      15E68C7A 
 247      278D
 248 037b FA4D2486 		.ascii	"\372M$\206\275\340\307\234\"G\321\257\351\017\277<p"
 248      BDE0C79C 
 248      2247D1AF 
 248      E90FBF3C 
 248      70
 249 038c DE906843 		.ascii	"\336\220hC0\350\272\344\325u\223W\267\250W\217\206G"
 249      30E8BAE4 
 249      D5759357 
 249      B7A8578F 
 249      8647
 250 039e AF3AE07C 		.ascii	"\257:\340|%\365\252\263\272\341\261\223\370\374\350"
 250      25F5AAB3 
 250      BAE1B193 
 250      F8FCE8
 251 03ad 0E5C794E 		.ascii	"\016\\yNZ\327m\211\341\266\211\341\016e(\357\333Sk\317"
 251      5AD76D89 
 251      E1B689E1 
 251      0E6528EF 
 251      DB536BCF 
 252 03c1 CAF51E21 		.ascii	"\312\365\036!\311\256z\333b\303t\025\231\036,*wb\345"
 252      C9AE7ADB 
 252      62C37415 
 252      991E2C2A 
 252      7762E5
 253 03d4 5B474BE3 		.ascii	"[GK\343\331\221DG6}\203\350\215]W\207\225\3705s`\177"
 253      D9914447 
 253      367D83E8 
 253      8D5D5787 
 253      95F83573 
 254 03ea E7593F35 		.ascii	"\347Y?5\354=\011\377\255\275\007\036hk\233n\267\301"
 254      EC3D09FF 
 254      ADBD071E 
 254      686B9B6E 
 254      B7C1
 255 03fc 23ECE9F4 		.ascii	"#\354\351\364+eM\342\366\331L\364\254\312\306*\007<"
 255      2B654DE2 
 255      F6D94CF4 
 255      ACCAC62A 
 255      073C
 256 040e C6261FA7 		.ascii	"\306&\037\247\3657\332\342)\246\230\234r\021\235:\374"
 256      F537DAE2 
 256      29A6989C 
 256      72119D3A 
 256      FC
 257 041f 60AC05E1 		.ascii	"`\254\005\341\217l\262\252\274\272I\\\200\027\367\376"
 257      8F6CB2AA 
 257      BCBA495C 
 257      8017F7FE 
 258 042f B9B0F7EF 		.ascii	"\271\260\367\357\302\263kMj\266\036\003\002\275\246"
 258      C2B36B4D 
 258      6AB61E03 
 258      02BDA6
 259 043e F3E16F71 		.ascii	"\363\341oq\202\015}\262a\244\364\204\2706\014\252qW"
ARM GAS  C:\Users\RAKIBU~1\AppData\Local\Temp\ccQDf0xG.s 			page 20


 259      820D7DB2 
 259      61A4F484 
 259      B8360CAA 
 259      7157
 260 0450 E3CC3CB2 		.ascii	"\343\314<\262\034\003[\016\0317-H\201\236\223\275\021"
 260      1C035B0E 
 260      19372D48 
 260      819E93BD 
 260      11
 261 0461 792E42CF 		.ascii	"y.B\317\330R\306v\225\256r\331E\023m0\374VI\213\340"
 261      D852C676 
 261      95AE72D9 
 261      45136D30 
 261      FC56498B 
 262 0476 09A01F53 		.ascii	"\011\240\037S\364\013\344bz\206\200\343\373\216\365"
 262      F40BE462 
 262      7A8680E3 
 262      FB8EF5
 263 0485 3AF3E807 		.ascii	":\363\350\007?\207.\311?\266O\215\223\231\223\007G{"
 263      3F872EC9 
 263      3FB64F8D 
 263      93999307 
 263      477B
 264 0497 5E8AF972 		.ascii	"^\212\371r\007\365\370\273\252\004\025Ngs\231\227r\333"
 264      07F5F8BB 
 264      AA04154E 
 264      67739997 
 264      72DB
 265 04a9 EDF04EA6 		.ascii	"\355\360N\246\230>?.\364\363\203\266\334]\2113\331L"
 265      983E3F2E 
 265      F4F383B6 
 265      DC5D8933 
 265      D94C
 266 04bb 6DC6EE1E 		.ascii	"m\306\356\036\204\3671e0\361\251Q\214\317BP\367\264"
 266      84F73165 
 266      30F1A951 
 266      8CCF4250 
 266      F7B4
 267 04cd 0E2CC139 		.ascii	"\016,\3019l\352cs\343\022|\224\3357](<\201p!SF\262\233"
 267      6CEA6373 
 267      E3127C94 
 267      DD375D28 
 267      3C817021 
 268 04e5 06D4B898 		.ascii	"\006\324\270\230)y\2359\027U\370\014S\216O\354=\356"
 268      29799D39 
 268      1755F80C 
 268      538E4FEC 
 268      3DEE
 269 04f7 88CF33E5 		.ascii	"\210\3173\345v\305\235\024\007\\\301\224\224\263g\367"
 269      76C59D14 
 269      075CC194 
 269      94B367F7 
 270 0507 3BE01AA6 		.ascii	";\340\032\246l\251\352\316\020\367H#\321\237\034{\222"
 270      6CA9EACE 
 270      10F74823 
 270      D19F1C7B 
 270      92
ARM GAS  C:\Users\RAKIBU~1\AppData\Local\Temp\ccQDf0xG.s 			page 21


 271 0518 672F66C5 		.ascii	"g/f\305\026\364\264\316\266q\204\353\0318cx$\323v\316"
 271      16F4B4CE 
 271      B67184EB 
 271      19386378 
 271      24D376CE 
 272 052c 3C7C30E5 		.ascii	"<|0\345\301\213\246\241\274,\177H%\317\303=@\337\245"
 272      C18BA6A1 
 272      BC2C7F48 
 272      25CFC33D 
 272      40DFA5
 273 053f E88F34B2 		.ascii	"\350\2174\262\037L\221\275|\271\346\003\222\347a.\364"
 273      1F4C91BD 
 273      7CB9E603 
 273      92E7612E 
 273      F4
 274 0550 2775C979 		.ascii	"'u\311yI\016\310\215\375\\\335L?w\362\347\250!1\001"
 274      490EC88D 
 274      FD5CDD4C 
 274      3F77F2E7 
 274      A8213101 
 275 0564 76938B38 		.ascii	"v\223\2138\355\354\223\233\361\206\202\205\224\3525"
 275      EDEC939B 
 275      F1868285 
 275      94EA35
 276 0573 BC76C982 		.ascii	"\274v\311\202\253\364\036\014P\336\012\362W\301\036"
 276      ABF41E0C 
 276      50DE0AF2 
 276      57C11E
 277 0582 79F517D8 		.ascii	"y\365\027\330\312\0221\205\217\312\341o(\334[B\267p"
 277      CA123185 
 277      8FCAE16F 
 277      28DC5B42 
 277      B770
 278 0594 E87139FA 		.ascii	"\350q9\372\256\005:\036\366\356\024\034O\341/\221\013"
 278      AE053A1E 
 278      F6EE141C 
 278      4FE12F91 
 278      0B
 279 05a5 7A2AC24D 		.ascii	"z*\302Me\206\372g\371\322\311\261\277\263\316\316\303"
 279      6586FA67 
 279      F9D2C9B1 
 279      BFB3CECE 
 279      C3
 280 05b6 EF73F031 		.ascii	"\357s\36019\374\261\334\365\251\024,\301{\345\360\036"
 280      39FCB1DC 
 280      F5A9142C 
 280      C17BE5F0 
 280      1E
 281 05c7 8E3D43CC 		.ascii	"\216=C\314\207\0016F4\015\210):I\360\260\201\240\014"
 281      87013646 
 281      340D8829 
 281      3A49F0B0 
 281      81A00C
 282 05da C11DA50B 		.ascii	"\301\035\245\013n(\005d\013H\"H\022H&H<H*\310v\220m"
 282      6E280564 
 282      0B482248 
 282      12482648 
ARM GAS  C:\Users\RAKIBU~1\AppData\Local\Temp\ccQDf0xG.s 			page 22


 282      3C482AC8 
 283 05f1 207B400C 		.ascii	" {@\014 Y \011 ;A\322@\266\202\354\006\331\001\262K"
 283      20592009 
 283      203B41D2 
 283      40B682EC 
 283      06D901B2 
 284 0606 70A31B22 		.ascii	"p\243\033\"s\263\201[\324\204\334KOy\010F8\364\210\365"
 284      73B3815B 
 284      D484DC4B 
 284      4F790846 
 284      38F488F5 
 285 061a EC59C0F9 		.ascii	"\354Y\300\371\030<\262\036\003>d\177\226\320\223V}\341"
 285      183CB21E 
 285      033E647F 
 285      96D09356 
 285      7DE1
 286 062c C00D3CF7 		.ascii	"\300\015<\367\220\034=8\313\227)\316\365a\353p\276\360"
 286      901C3D38 
 286      CB9729CE 
 286      F561EB70 
 286      BEF0
 287 063e 5239F6FB 		.ascii	"R9\366\373rx\367\354\262\346\275\351\223\343\215\226"
 287      7278F7EC 
 287      B2E6BDE9 
 287      93E38D96 
 288 064e 7828D2CE 		.ascii	"x(\322\316T\261Tg\240T\337\213x\323\233\210\272$w\330"
 288      54B15467 
 288      A054DF8B 
 288      78D39B88 
 288      BA2477D8 
 289 0662 89F5DD47 		.ascii	"\211\365\335G\227x\250\017\202R\210\0376)\205M\251\270"
 289      9778A80F 
 289      8252881F 
 289      3629854D 
 289      A9B8
 290 0674 E2BCC190 		.ascii	"\342\274\301\220jK\215?\264\356,\267\266~.\022o\255"
 290      6A4B8D3F 
 290      B4EE2CB7 
 290      B67E2E12 
 290      6FAD
 291 0686 D7B145D9 		.ascii	"\327\261E\331\363K{%\307\367\317\212\034\017\377\311"
 291      F34B7B25 
 291      C7F7CF8A 
 291      1C0FFFC9 
 292 0696 FA8640E1 		.ascii	"\372\206@\341\2441i\353*t\306\361\266\3640_\226\322"
 292      A43169EB 
 292      2A74C6F1 
 292      B6F4305F 
 292      96D2
 293 06a8 5D3C0FB9 		.ascii	"]<\017\271\273\262\025\367\246\342\004\262\342\375\360"
 293      BBB215F7 
 293      A6E204B2 
 293      E2FDF0
 294 06b7 F45EC1FC 		.ascii	"\364^\301\3745'\001\230\343\215A\373\340E\371\277~i"
 294      35270198 
 294      E38D41FB 
 294      E045F9BF 
ARM GAS  C:\Users\RAKIBU~1\AppData\Local\Temp\ccQDf0xG.s 			page 23


 294      7E69
 295 06c9 4863507B 		.ascii	"HcP{\244\\\351\230fn9\250\213\322\006}@p\244\307\015"
 295      A45CE998 
 295      666E39A8 
 295      8BD2067D 
 295      4070A4C7 
 296 06de B89203F4 		.ascii	"\270\222\003\364D\315\224#\336NW\250,N85\254D\356\213"
 296      44CD9423 
 296      DE4E57A8 
 296      2C4E3835 
 296      AC44EE8B 
 297 06f2 108091FA 		.ascii	"\020\200\221\372\270\251\303R\240C\202\032e\013\330"
 297      B8A9C352 
 297      A043821A 
 297      650BD8
 298 0701 D4B2651B 		.ascii	"\324\262e\033`\367\037\376\013\031\206{\025\275\322"
 298      60F71FFE 
 298      0B19867B 
 298      15BDD2
 299 0710 16C7906F 		.ascii	"\026\307\220o\300\013\025h)\335\375\321AX#\231R\240"
 299      C00B1568 
 299      29DDFDD1 
 299      41582399 
 299      52A0
 300 0722 5C6111CA 		.ascii	"\\a\021\312\021\026\261O\315\340\264R\332\342\021\345"
 300      1116B14F 
 300      CDE0B452 
 300      DAE211E5 
 301 0732 968E6087 		.ascii	"\226\216`\207\005i\213'\012\371\030M\237\256\024?\234"
 301      05698B27 
 301      0AF9184D 
 301      9FAE143F 
 301      9C
 302 0743 E45B54DB 		.ascii	"\344[T\333\226X\3550\347\347\347\210 ~~\362\230\271"
 302      9658ED30 
 302      E7E7E788 
 302      207E7EF2 
 302      98B9
 303 0755 B76949E3 		.ascii	"\267iI\343\342!\306\016\324\302g9;\034\331\207\355\227"
 303      E221C60E 
 303      D4C26739 
 303      3B1CD987 
 303      ED97
 304 0767 A016F567 		.ascii	"\240\026\365g\265\"\2713\371\340\354Q\201\220\025Pg"
 304      B522B933 
 304      F9E0EC51 
 304      81901550 
 304      67
 305 0778 282555C8 		.ascii	"(%U\310\321\346\375\364\001g>\270\3444'\231?&\006\367"
 305      D1E6FDF4 
 305      01673EB8 
 305      E4342799 
 305      3F2606F7 
 306 078c 180DEEF3 		.ascii	"\030\015\356\363\023\206qg\274\233\006\027\235\2310"
 306      13867167 
 306      BC9B0617 
 306      9D9930
ARM GAS  C:\Users\RAKIBU~1\AppData\Local\Temp\ccQDf0xG.s 			page 24


 307 079b 26A8C5EE 		.ascii	"&\250\305\356a\250\015\027\235-\205\357\322\202D{\312"
 307      61A80D17 
 307      9D2D85EF 
 307      D282447B 
 307      CA
 308 07ac 705CAAA0 		.ascii	"p\\\252\240\343\202\354\304|B \347\302\341w\255\031"
 308      E382ECC4 
 308      7C4220E7 
 308      C2E177AD 
 308      19
 309 07bd 18DF645C 		.ascii	"\030\337d\\\317\372J\316(E\256\321A\267\227\360vA\277"
 309      CFFA4ACE 
 309      2845AED1 
 309      41B797F0 
 309      7641BF
 310 07d0 D8A0A45C 		.ascii	"\330\240\244\\\205\022W\241\234\353$\345j|\327u\332"
 310      851257A1 
 310      9CEB24E5 
 310      6A7CD775 
 310      DA
 311 07e1 0EF733AE 		.ascii	"\016\3673\256S\247\017\225:\3431\246\24474\346\330\302"
 311      53A70F95 
 311      3AE331A6 
 311      A43734E6 
 311      D8C2
 312 07f3 A11915D1 		.ascii	"\241\031\025\321l\303H]y\346\244\311\324\370\016\274"
 312      6CC3485D 
 312      79E6A4C9 
 312      D4F80EBC 
 313 0803 ADFC3575 		.ascii	"\255\3745u\373\027\324\324)\223)T,(\211fi\3554\265v"
 313      FB17D4D4 
 313      29932954 
 313      2C288966 
 313      69ED34B5 
 314 0818 7C7C22DD 		.ascii	"||\"\335\031'\330\315a\340\372`\346 \022\015\274*\302"
 314      1927D8CD 
 314      61E0FA60 
 314      E620120D 
 314      BC2AC2
 315 082b AC9138A2 		.ascii	"\254\2218\242\246\374%f\3763\300_\"\347/\245\374w\237"
 315      A6FC2566 
 315      FE33C05F 
 315      22E72FA5 
 315      FC779F
 316 083e 3584E1ED 		.ascii	"5\204\341\355s\321[k\015\366\335:Z\3514g\027p^ ]\300"
 316      73D15B6B 
 316      0DF6DD3A 
 316      5AE93467 
 316      17705E20 
 317 0854 3941EC02 		.ascii	"9A\354\002\016\276\251=`\352\372\036\014\340\007\327"
 317      0EBEA93D 
 317      60EAFA1E 
 317      0CE007D7 
 318 0864 B71AA0EB 		.ascii	"\267\032\240\353\313\363G\004\210\316\232=\374\021<"
 318      CBF34704 
 318      88CE9A3D 
 318      FC113C
ARM GAS  C:\Users\RAKIBU~1\AppData\Local\Temp\ccQDf0xG.s 			page 25


 319 0873 3C2BF7B0 		.ascii	"<+\367\260\214z81V_\257\302\275\314\305\352\262{;\355"
 319      8C7A3831 
 319      565FAFC2 
 319      BDCCC5EA 
 319      B27B3BED 
 320 0887 A53AA838 		.ascii	"\245:\2508\307\327\301\005)w\027\344\\\345\224\353\350"
 320      C7D7C105 
 320      297717E4 
 320      5CE594EB 
 320      E8
 321 0898 BDEE1F6D 		.ascii	"\275\356\037m\361\010\343\032>20d\342\032I7\305\216"
 321      F108E31A 
 321      3E323064 
 321      E21A4937 
 321      C58E
 322 08aa 35611725 		.ascii	"5a\027%\252\213r\252\012J\225u\354j\252\022'\253(\225"
 322      AA8B72AA 
 322      0A4A9575 
 322      EC6AAA12 
 322      27AB2895 
 323 08be F1DCD01D 		.ascii	"\361\334\320\035GsI-\033\260(\251J\211\253R\316UE\271"
 323      4773492D 
 323      1BB028A9 
 323      4A89AB52 
 323      CE5545B9 
 324 08d2 AE3D39DD 		.ascii	"\256=9\335\000\275\241j\216,$\225\304'\253\245*:lQE"
 324      00BDA16A 
 324      8E2C2495 
 324      C427ABA5 
 324      2A3A6C51 
 325 08e7 D5E618D6 		.ascii	"\325\346\030\326@\014\253\345\006.Q\003\306\303\317"
 325      400CABE5 
 325      062E5103 
 325      C6C3CF
 326 08f6 339DF099 		.ascii	"3\235\360\231\271\014\214\324\031\356\012\246**\261"
 326      B90C8CD4 
 326      19EE0AA6 
 326      2A2AB1
 327 0905 ACA25A33 		.ascii	"\254\242Z3\177\035\360\327\312\371\353)\277\251\021"
 327      7F1DF0D7 
 327      CAF9EB29 
 327      BFA911
 328 0914 71111B91 		.ascii	"q\021\033\221\272\246m\360q\250b\366R\372\222o\211\223"
 328      BAA66DF0 
 328      71A862F6 
 328      52FA926F 
 328      8993
 329 0926 13449F69 		.ascii	"\023D\237i\030\277\347\204\353\331\344\314\313\356|"
 329      18BFE784 
 329      EBD9E4CC 
 329      CBEE7C
 330 0935 B10318A6 		.ascii	"\261\003\030\246\325U\321?\354\214[\331dF\343\330\250"
 330      D555D13F 
 330      EC8C5BD9 
 330      6446E3D8 
 330      A8
 331 0946 03BECE94 		.ascii	"\003\276\316\224\207G\263\216)\031\362\005\321s\337"
ARM GAS  C:\Users\RAKIBU~1\AppData\Local\Temp\ccQDf0xG.s 			page 26


 331      8747B38E 
 331      2919F205 
 331      D173DF
 332 0955 BF4F54E2 		.ascii	"\277OT\342\333l\262sKf\201-\356e\312\364\340\211a[\374"
 332      DB6CB273 
 332      4B66812D 
 332      EE65CAF4 
 332      E089615B 
 333 096a 82298DA3 		.ascii	"\202)\215\2439o\034\361\010S\222\012no\263\303\357\231"
 333      396F1CF1 
 333      0853920A 
 333      6E6FB3C3 
 333      EF99
 334 097c 32FA607B 		.ascii	"2\372`{\223#\336jO\225\313\315\217o\251\360.\246\304"
 334      9323DE6A 
 334      4F95CBCD 
 334      8F6FA9F0 
 334      2EA6C4
 335 098f BF284DC6 		.ascii	"\277(M\3068\233)on4\246\331\343\002\246\264\247\356"
 335      389B296F 
 335      6E34A6D9 
 335      E302A6B4 
 335      A7EE
 336 09a1 DE23E062 		.ascii	"\336#\340b\246\230\366C\027\266\037\316\034\034\316"
 336      A698F643 
 336      17B61FCE 
 336      1C1CCE
 337 09b0 857681CD 		.ascii	"\205v\201\315U\347'\235T\341KLI\354\330\376\320\021"
 337      55E7279D 
 337      54E14B4C 
 337      49ECD8FE 
 337      D011
 338 09c2 3731A5E4 		.ascii	"71\245\344Er\235\035\356\020a\355\223\305\316\270KT"
 338      45729D1D 
 338      EE1061ED 
 338      93C5CEB8 
 338      4B54
 339 09d4 1E947962 		.ascii	"\036\224yb#\273?\362\242\"s\036~\311\224\276\236\347"
 339      23BB3FF2 
 339      A222731E 
 339      7EC994BE 
 339      9EE7
 340 09e6 69CE7884 		.ascii	"i\316x\204)[k\367\324\330\343\367\242\333F8|&\261\177"
 340      295B6BF7 
 340      D4D8E3F7 
 340      A2DB4638 
 340      7C26B17F 
 341 09fa E61B48AB 		.ascii	"\346\033H\253\353\026\360\016\246\234\254\330\336g\203"
 341      EB16F00E 
 341      A69CACD8 
 341      DE6783
 342 0a09 F731E571 		.ascii	"\3671\345qy\342;%>\310\224\242\367\207n\330\343<\246"
 342      79E23B25 
 342      3EC894A2 
 342      F7876ED8 
 342      E33CA6
 343 0a1c DCA8343E 		.ascii	"\334\2504>u\306\205L)n\277\372P\334\356SH\026\213\013"
ARM GAS  C:\Users\RAKIBU~1\AppData\Local\Temp\ccQDf0xG.s 			page 27


 343      75C6854C 
 343      296EBFFA 
 343      50DCEE53 
 343      48168B0B 
 344 0a30 7B9ED989 		.ascii	"{\236\331\211\3552i\237\013.\032\3410SD\301\213/\214"
 344      ED32699F 
 344      0B2E1AE1 
 344      305344C1 
 344      8B2F8C
 345 0a43 6515D922 		.ascii	"e\025\331\"\267Y?W\251\215\220:\211\016\233\351s\005"
 345      B7593F57 
 345      A98D903A 
 345      890E9BE9 
 345      7305
 346 0a55 5227D101 		.ascii	"R'\321\00155\311\037\034\272\370s\006|\035\352Fr\305"
 346      3535C91F 
 346      1CBAF873 
 346      067C1DEA 
 346      4672C5
 347 0a68 7306D977 		.ascii	"s\006\331w\036\312\341\263\317\242\367s\371\263\250"
 347      1ECAE1B3 
 347      CFA2F773 
 347      F9B3A8
 348 0a77 1C3FEBF8 		.ascii	"\034?\353\370\336\300\303\373\345p\213\20319\256L\035"
 348      DEC0C3FB 
 348      E5708B83 
 348      3139AE4C 
 348      1D
 349 0a88 16CF73D0 		.ascii	"\026\317s\320C\241\026\021n>\317]\023\344\354\207\370"
 349      43A11611 
 349      6E3ECF5D 
 349      13E4EC87 
 349      F8
 350 0a99 E3A59CDD 		.ascii	"\343\245\234\335\312\341\225\307w\312\361\306\331x\336"
 350      CAE195C7 
 350      77CAF1C6 
 350      D978DE
 351 0aa8 FB07D6F9 		.ascii	"\373\007\326\371\275%\357\033x\357o\312\275\357\221"
 351      BD25EF1B 
 351      78EF6FCA 
 351      BDEF91
 352 0ab7 C33B0B39 		.ascii	"\303;\0139\370\0259\374\262|\261S9\2343\217\255\206"
 352      F81539FC 
 352      B27CB153 
 352      399C338F 
 352      AD86
 353 0ac9 92CBEBAB 		.ascii	"\222\313\353\253C\\^\357\310\321\267\005y\344[\016q"
 353      435C5EEF 
 353      C8D1B705 
 353      79E45B0E 
 353      71
 354 0ada CE74CB9D 		.ascii	"\316t\313\235\031\220\347\265\223\217\214QN?\273\351"
 354      1990E7B5 
 354      938F8C51 
 354      4E3FBBE9 
 355 0aea 7BC5E37B 		.ascii	"{\305\343{\254\227\031G\177\237O\324]9|v\013\332\317"
 355      AC971947 
ARM GAS  C:\Users\RAKIBU~1\AppData\Local\Temp\ccQDf0xG.s 			page 28


 355      7F9F4FD4 
 355      5D397C76 
 355      0BDACF
 356 0afd E3BBACAF 		.ascii	"\343\273\254\257\226\257\233B\016\336,\2077Ip\213\023"
 356      96AF9B42 
 356      0EDE2C87 
 356      3749708B 
 356      13
 357 0b0e F2533871 		.ascii	"\362S8q=\241s\223\342\361x\006\216\216o\340X\373\012"
 357      3DA17393 
 357      E2F17806 
 357      8E8E6FE0 
 357      58FB0A
 358 0b21 E403C85B 		.ascii	"\344\003\310[\220\227 \323 c /@\006A^\203\214\222#4"
 358      909720D3 
 358      2063202F 
 358      4006415E 
 358      838C9223 
 359 0b36 7643EFE0 		.ascii	"vC\357\340:\0162B\216\311\240\377\004\327!\220)r\264"
 359      3A0E3242 
 359      8EC9A0FF 
 359      04D72190 
 359      2972B4
 360 0b49 06FD395C 		.ascii	"\006\3759\\\337\203|$\307i\320\007\340:A\216\321p?L"
 360      DF837C24 
 360      C769D007 
 360      E03A418E 
 360      D1703F4C 
 361 0b5d 8EE0708D 		.ascii	"\216\340p\215\307|\357\331r\230[\315\015\371jf\367-"
 361      C77CEFD9 
 361      72985BCD 
 361      0DF96A66 
 361      F72D
 362 0b6f 7C2A7AAD 		.ascii	"|*z\255\277\301\346\312\200J\352?\314UR\273\365\015"
 362      BFC1E6CA 
 362      804AEA3F 
 362      CC5552BB 
 362      F50D
 363 0b81 85CF450B 		.ascii	"\205\317E\013\317\337g\27548w^\361\336\267\311\341S"
 363      CFDF67BD 
 363      3438775E 
 363      F1DEB7C9 
 363      E153
 364 0b93 F2166E30 		.ascii	"\362\026n0\007\0370\030\346\023\324\354\026\356\335"
 364      071F3018 
 364      E613D4EC 
 364      16EEDD
 365 0ba2 617C526A 		.ascii	"a|Rj\341Z\255\223Y\324\015_\010\317\344\370\006A\216"
 365      E15AAD93 
 365      59D40D5F 
 365      08CFE4F8 
 365      06418E
 366 0bb5 EFE4EBEC 		.ascii	"\357\344\353\354\236\365\272\344\3266\302\303oY\337"
 366      9EF5BAE4 
 366      D636C2C3 
 366      6F59DF
 367 0bc4 6FF8AAE7 		.ascii	"o\370\252\347\275i\264\356\015\377\016\362\221\273n"
ARM GAS  C:\Users\RAKIBU~1\AppData\Local\Temp\ccQDf0xG.s 			page 29


 367      BD69B4EE 
 367      0DFF0EF2 
 367      91BB6E
 368 0bd3 3DEF1689 		.ascii	"=\357\026\211\341\351\257Z\257z\206'\3770Y\\\334\343"
 368      E1E9AF5A 
 368      AF7A8627 
 368      FF30595C 
 368      DCE3
 369 0be5 80DFD04F 		.ascii	"\200\337\320O\220\3207^qP@\256\356V_\007\224\212\335"
 369      90D0375E 
 369      715040AE 
 369      EE565F07 
 369      948ADD
 370 0bf8 FFDFBC11 		.ascii	"\377\337\274\021b\221\024\262\2567\005\273\"8_\230\016"
 370      629114B2 
 370      AE3705BB 
 370      22385F98 
 370      0E
 371 0c09 8593B4EB 		.ascii	"\205\223\264\353%\315YW[\227\035\337\036\021\240\324"
 371      25CD5957 
 371      5B971DDF 
 371      1E11A0D4 
 372 0c19 1EA561D6 		.ascii	"\036\245a\326\036\301\025\300\223\235;\222l\360\007"
 372      1EC115C0 
 372      939D3B92 
 372      6CF007
 373 0c28 F6E56EEC 		.ascii	"\366\345n\354)-U\341D\007\366?p\236\324\032\355q:Ul"
 373      292D55E1 
 373      4407F63F 
 373      709ED41A 
 373      ED713A55 
 374 0c3d 13477643 		.ascii	"\023GvC\363@?\311\256,\336\203\335.G\023\014\315^4\336"
 374      F3403FC9 
 374      AE2CDE83 
 374      DD2E4713 
 374      0CCD5E34 
 375 0c52 DBC08D4C 		.ascii	"\333\300\215L<\307\206M\367\244\257\245\344l\227\203"
 375      3CC7864D 
 375      F7A4AFA5 
 375      E46C9783 
 376 0c62 676FA823 		.ascii	"go\250#\177\260\374\030\314\346\266\370\220q\350t\353"
 376      7FB0FC18 
 376      CCE6B6F8 
 376      9071E874 
 376      EB
 377 0c73 E4DC3BD6 		.ascii	"\344\334;\326\333\315\376\231\004P\374;f\221}\351\237"
 377      DBCDFE99 
 377      0450FC3B 
 377      66917DE9 
 377      9F
 378 0c84 9D091749 		.ascii	"\235\011\027I\375n(\203\035\220\212] \031 ;\261\271"
 378      FD6E2883 
 378      1D908A5D 
 378      2019203B 
 378      B1B9
 379 0c96 D7DFFFE4 		.ascii	"\327\337\377\344\203\021\341\3354PB\311\376\346S\016"
 379      8311E1DD 
ARM GAS  C:\Users\RAKIBU~1\AppData\Local\Temp\ccQDf0xG.s 			page 30


 379      345042C9 
 379      FEE6530E 
 380 0ca6 F26232FF 		.ascii	"\362b2\377\363\342^`\371\257\030\231\227\035\367\225"
 380      F3E25E60 
 380      F9AF1899 
 380      971DF795 
 381 0cb6 D0F5A33D 		.ascii	"\320\365\243=\000\316\222rL|\2466\253sg\222\354\371"
 381      00CE9272 
 381      4C7CA636 
 381      AB736792 
 381      ECF9
 382 0cc8 1CEFB1C8 		.ascii	"\034\357\261\310\361>1\307\373h\216\263\267\224\366"
 382      F13E31C7 
 382      FB688EB3 
 382      B794F6
 383 0cd7 DBF2E04E 		.ascii	"\333\362\340N\213~y\277\010\336O\301\263\232\353\313"
 383      8B7E79BF 
 383      08DE4FC1 
 383      B39AEBCB 
 384 0ce7 16E00322 		.ascii	"\026\340\003\"\230\\\177\345\341\341\011\377\205n\010"
 384      985C7FE5 
 384      E1E109FF 
 384      856E08
 385 0cf6 FF363C3A 		.ascii	"\3776<:\326\307k\251gt\254\347\206\220\010\317\215\321"
 385      D6C76BA9 
 385      6774ACE7 
 385      869008CF 
 385      8DD1
 386 0d08 3171B19E 		.ascii	"1q\261\236A\353\002\227\372x\256Y\343\353\271. \360"
 386      41EB0297 
 386      FA78AE59 
 386      E3EBB92E 
 386      20F0
 387 0d1a 7B6F32A3 		.ascii	"{o2\243\213\215\323ED\204y\204\252V\177\361\325b\215"
 387      8B8DD345 
 387      44847984 
 387      AA567FF1 
 387      D5628D
 388 0d2d B7B742AD 		.ascii	"\267\267B\255\323m\012\217\212[\352\243\213[\037\372"
 388      D36D0A8F 
 388      8A5BEAA3 
 388      8B5B1FFA 
 389 0d3d AB60CA15 		.ascii	"\253`\312\025\033\267),<:8.::\"6\370\273\250M\213\351"
 389      1BB7292C 
 389      3C3A382E 
 389      3A3A2236 
 389      F8BBA84D 
 390 0d53 DDE29098 		.ascii	"\335\342\220\230\310\305\372\310o\365aa\372\260\340"
 390      C8C5FAC8 
 390      6FF56161 
 390      FAB0E0
 391 0d62 E51E5E8B 		.ascii	"\345\036^\213}\274\274\227\377iY0\214\177\026\025\035"
 391      7DBCBC97 
 391      FF695930 
 391      8C7F1615 
 391      1D
 392 0d73 A5FF4C1F 		.ascii	"\245\377L\037\362mxpxTh\304\2460}pd\010pE\351\203ua"
ARM GAS  C:\Users\RAKIBU~1\AppData\Local\Temp\ccQDf0xG.s 			page 31


 392      F26D7870 
 392      785468C4 
 392      A6307D70 
 392      64087045 
 393 0d8b FAF5219B 		.ascii	"\372\365!\233\"\342tq?l\324\307zlP\250L\366\376\370"
 393      22E27471 
 393      3F6CD4C7 
 393      7A6C50A8 
 393      4CF6FEF8 
 394 0d9f 57B517FB 		.ascii	"W\265\027\373Cl0,/\014\310\301\310\337\261\205\352b"
 394      436C302C 
 394      2F0CC8C1 
 394      C8DFB185 
 394      EA62
 395 0db1 F531DFEB 		.ascii	"\3651\337\353u0\246\217\211\331\2641\316ccHL\234\207"
 395      7530A68F 
 395      89D9B431 
 395      CE636348 
 395      4C9C87
 396 0dc4 D7AFFFF7 		.ascii	"\327\257\377\367\201S8\210\314\341Q\341q\237X\267\242"
 396      81533888 
 396      CCE151E1 
 396      719F58B7 
 396      A2
 397 0dd5 FA9D3E34 		.ascii	"\372\235>4.:f\245\227K\350\206\240\037b\327\205G\352"
 397      2E3A66A5 
 397      974BE886 
 397      A01F62D7 
 397      8547EA
 398 0de8 63FC43A2 		.ascii	"c\374C\242\302\"\3641\001K\254\231\216\211\363\024\227"
 398      C222F431 
 398      014BAC99 
 398      8E89F314 
 398      97
 399 0df9 0113B010 		.ascii	"\001\023\260\020X\300\374\250\357\303C\375\242B\276"
 399      58C0FCA8 
 399      EFC343FD 
 399      A242BE
 400 0e08 8DD033B6 		.ascii	"\215\3203\266\245?\357shtddt\224\347\012m\240&p\263"
 400      A53FEF73 
 400      68746464 
 400      7494E70A 
 400      6DA02670 
 401 0e1d 27791848 		.ascii	"'y\030H\\tdR\027\036\363'\235~cxD\364w\233\364\237["
 401      5C746452 
 401      171EF327 
 401      9D7E6378 
 401      44F4779B 
 402 0e34 A3111F66 		.ascii	"\243\021\037fL\"E\350\206\320\350\030\275\356\373\345"
 402      4C2245E8 
 402      86D0E818 
 402      BDEEFBE5 
 403 0e44 914064A3 		.ascii	"\221@d\243\321\004j\227\012_j\225\276\201+\264\330W"
 403      D1046A97 
 403      0A5F6A95 
 403      BE812BB4 
 403      D857
ARM GAS  C:\Users\RAKIBU~1\AppData\Local\Temp\ccQDf0xG.s 			page 32


 404 0e56 A355AEF4 		.ascii	"\243U\256\364]\247\305\032\215\026kAVh\265xm\220\006"
 404      5DA7C51A 
 404      8D166B41 
 404      5668B578 
 404      6D9006
 405 0e69 6BBE58A7 		.ascii	"k\276X\247\324h\374\264\024\357C\377zc\277\325Z!\010"
 405      D468FCB4 
 405      14EF43FF 
 405      7A63BFD5 
 405      5A2108
 406 0e7c 9E0CF0D3 		.ascii	"\236\014\360\323*\203\002\001\255\321\372\200x\003\362"
 406      2A830201 
 406      ADD1FA80 
 406      7803F2
 407 0e8b F7DAFF61 		.ascii	"\367\332\377a\015\307\306E\222\322\011'N9\230\025]\234"
 407      0DC7C645 
 407      92D20927 
 407      4E399815 
 407      5D9C
 408 0e9d 32744348 		.ascii	"2tCH\214KtlH\004\004|Mt\350\277\255\212\211\216\014"
 408      8C4B746C 
 408      4804047C 
 408      4D74E8BF 
 408      AD8A898E 
 409 0eb2 08D2FED3 		.ascii	"\010\322\376\323\\\364\004\012q\377,*\234\335\223\220"
 409      5CF4040A 
 409      71FF2C2A 
 409      9CDD9390 
 410 0ec2 D36C710F 		.ascii	"\323lq\017\273\320\350E\300\200n=\214\350\302cc\234"
 410      BBD0E845 
 410      C0806E3D 
 410      8CE8C263 
 410      639C
 411 0ed4 4222FE3D 		.ascii	"B\"\376=\344\207X\310u\004\024\267\275\031\340\244\203"
 411      E48758C8 
 411      750414B7 
 411      BD19E0A4 
 411      83
 412 0ee5 2288D3AD 		.ascii	"\"\210\323\255\\\021\344\267V\033\260\362g\202\254\337"
 412      5C11E4B7 
 412      561BB0F2 
 412      6782ACDF 
 413 0ef5 1C4742EC 		.ascii	"\034GB\354\251\011\014\012\010\362\324@\214=\003L\271"
 413      A9090C0A 
 413      08F2D440 
 413      8C3D034C 
 413      B9
 414 0f06 8F8C0D8F 		.ascii	"\217\214\015\217\325}\027JR\347J\234\372\322\262v\026"
 414      D57D174A 
 414      52E74A9C 
 414      FAD2B276 
 414      16
 415 0f17 88EBFB2A 		.ascii	"\210\353\373**\202s\222zm1\264\200\272\265)\312\302"
 415      2A827392 
 415      7A6D31B4 
 415      80BAB529 
 415      CAC2
ARM GAS  C:\Users\RAKIBU~1\AppData\Local\Temp\ccQDf0xG.s 			page 33


 416 0f29 73076ED0 		.ascii	"s\007n\320&(H\263Zk\257\365\013\362\323\376\316\317"
 416      262848B3 
 416      5A6BAFF5 
 416      0BF2D3FE 
 416      CECF
 417 0f3b F79FB126 		.ascii	"\367\237\261&\210$T#\015}n\277b\355J\2375k\375\276\320"
 417      88245423 
 417      0D7D6EBF 
 417      62ED4A9F 
 417      356BFDBE 
 418 0f50 923B6F76 		.ascii	"\222;ovg\232]f\277\302\177\345Rq\326\337\214\363\227"
 418      679A5D66 
 418      BFC27FE5 
 418      5271D6DF 
 418      8CF397
 419 0f63 E396DA11 		.ascii	"\343\226\332\021\026\030!Wo~\306\307\2160\320\031\177"
 419      16182157 
 419      6F7EC6C7 
 419      8E30D019 
 419      7F
 420 0f74 11E16F89 		.ascii	"\021\341o\211\360V\221g\265A\353\264\344\306\233\334"
 420      F0569167 
 420      B541EBB4 
 420      E4C69BDC 
 421 0f84 98E7BC54 		.ascii	"\230\347\274T\344i6\347o\002\3713\020\326\004h\225\232"
 421      E46936E7 
 421      6F02F933 
 421      10D60468 
 421      959A
 422 0f96 55ABB576 		.ascii	"U\253\265vk\327\254!WA"
 422      6BD7AC21 
 422      5741
 423 0fa0 A355C36D 		.ascii	"\243U\303m\200O\020\321\254\326\033\227\232\240u\254"
 423      804F10D1 
 423      ACD61B97 
 423      9AA075AC 
 424 0fb0 E6562DDB 		.ascii	"\346V-\333\274\231U\333\372e^\3137o&\365\246\325ht\353"
 424      BC9955DB 
 424      FA655ECB 
 424      376F26F5 
 424      A6D56874 
 425 0fc5 6017F3D5 		.ascii	"`\027\363\325\257\267%>\255\372\3326\300W\363\245\257"
 425      AFB7253E 
 425      ADFADA36 
 425      C057F3A5 
 425      AF
 426 0fd6 1FD17C56 		.ascii	"\037\321|V}\355\354\273ru\240\346+\023\346?\001w\315"
 426      7DEDECBB 
 426      7275A0E6 
 426      2B13E63F 
 426      0177CD
 427 0fe9 8194     		.ascii	"\201\224"
 428              		.text
 429              		.section	.gnu.lto_.symtab.eb29b023,"",%progbits
 430 0000 73745F6C 		.ascii	"st_lld_init\000"
 430      6C645F69 
 430      6E697400 
ARM GAS  C:\Users\RAKIBU~1\AppData\Local\Temp\ccQDf0xG.s 			page 34


 431 000c 00       		.ascii	"\000"
 432 000d 00       		.ascii	"\000"
 433 000e 00       		.ascii	"\000"
 434 000f 00000000 		.ascii	"\000\000\000\000\000\000\000\000"
 434      00000000 
 435 0017 C8000000 		.ascii	"\310\000\000\000"
 436 001b 73745F6C 		.ascii	"st_lld_serve_interrupt\000"
 436      6C645F73 
 436      65727665 
 436      5F696E74 
 436      65727275 
 437 0032 00       		.ascii	"\000"
 438 0033 00       		.ascii	"\000"
 439 0034 00       		.ascii	"\000"
 440 0035 00000000 		.ascii	"\000\000\000\000\000\000\000\000"
 440      00000000 
 441 003d CA000000 		.ascii	"\312\000\000\000"
 442 0041 56656374 		.ascii	"VectorB0\000"
 442      6F724230 
 442      00
 443 004a 00       		.ascii	"\000"
 444 004b 00       		.ascii	"\000"
 445 004c 00       		.ascii	"\000"
 446 004d 00000000 		.ascii	"\000\000\000\000\000\000\000\000"
 446      00000000 
 447 0055 CC000000 		.ascii	"\314\000\000\000"
 448 0059 63685379 		.ascii	"chSysTimerHandlerI\000"
 448      7354696D 
 448      65724861 
 448      6E646C65 
 448      724900
 449 006c 00       		.ascii	"\000"
 450 006d 02       		.ascii	"\002"
 451 006e 00       		.ascii	"\000"
 452 006f 00000000 		.ascii	"\000\000\000\000\000\000\000\000"
 452      00000000 
 453 0077 CE000000 		.ascii	"\316\000\000\000"
 454 007b 6E766963 		.ascii	"nvicEnableVector\000"
 454      456E6162 
 454      6C655665 
 454      63746F72 
 454      00
 455 008c 00       		.ascii	"\000"
 456 008d 02       		.ascii	"\002"
 457 008e 00       		.ascii	"\000"
 458 008f 00000000 		.ascii	"\000\000\000\000\000\000\000\000"
 458      00000000 
 459 0097 D3000000 		.ascii	"\323\000\000\000"
 460 009b 5F706F72 		.ascii	"_port_irq_epilogue\000"
 460      745F6972 
 460      715F6570 
 460      696C6F67 
 460      756500
 461 00ae 00       		.ascii	"\000"
 462 00af 02       		.ascii	"\002"
 463 00b0 00       		.ascii	"\000"
 464 00b1 00000000 		.ascii	"\000\000\000\000\000\000\000\000"
ARM GAS  C:\Users\RAKIBU~1\AppData\Local\Temp\ccQDf0xG.s 			page 35


 464      00000000 
 465 00b9 D5000000 		.ascii	"\325\000\000\000"
 466              		.text
 467              		.section	.gnu.lto_.opts,"",%progbits
 468 0000 272D666D 		.ascii	"'-fmath-errno' '-fsigned-zeros' '-ftrapping-math' '"
 468      6174682D 
 468      6572726E 
 468      6F272027 
 468      2D667369 
 469 0033 2D666E6F 		.ascii	"-fno-trapv' '-fno-openmp' '-fno-openacc' '-mcpu=cor"
 469      2D747261 
 469      70762720 
 469      272D666E 
 469      6F2D6F70 
 470 0066 7465782D 		.ascii	"tex-m4' '-mthumb' '-O2' '-fomit-frame-pointer' '-fa"
 470      6D342720 
 470      272D6D74 
 470      68756D62 
 470      2720272D 
 471 0099 6C69676E 		.ascii	"lign-functions=16' '-ffunction-sections' '-fdata-se"
 471      2D66756E 
 471      6374696F 
 471      6E733D31 
 471      36272027 
 472 00cc 6374696F 		.ascii	"ctions' '-fno-common' '-flto'\000"
 472      6E732720 
 472      272D666E 
 472      6F2D636F 
 472      6D6D6F6E 
 473              		.text
 474              		.comm	__gnu_lto_v1,1,1
 475              		.comm	__gnu_lto_slim,1,1
 476              		.ident	"GCC: (GNU Tools for Arm Embedded Processors 7-2017-q4-major) 7.2.1 20170904 (release) [ARM
ARM GAS  C:\Users\RAKIBU~1\AppData\Local\Temp\ccQDf0xG.s 			page 36


DEFINED SYMBOLS
                            *ABS*:00000000 hal_st_lld.c
                            *COM*:00000001 __gnu_lto_v1
                            *COM*:00000001 __gnu_lto_slim

NO UNDEFINED SYMBOLS
