ARM GAS  C:\Users\RAKIBU~1\AppData\Local\Temp\cc4IXzPi.s 			page 1


   1              		.cpu cortex-m4
   2              		.eabi_attribute 20, 1
   3              		.eabi_attribute 21, 1
   4              		.eabi_attribute 23, 3
   5              		.eabi_attribute 24, 1
   6              		.eabi_attribute 25, 1
   7              		.eabi_attribute 26, 1
   8              		.eabi_attribute 30, 2
   9              		.eabi_attribute 34, 1
  10              		.eabi_attribute 18, 4
  11              		.file	"hal_pal_lld.c"
  12              		.section	.gnu.lto_.profile.eb29907d,"",%progbits
  13 0000 789C6363 		.ascii	"x\234cc```\001bF\006\177_\000\001c\000\250"
  13      60606001 
  13      6246067F 
  13      5F000163 
  13      00A8
  14              		.text
  15              		.section	.gnu.lto_.icf.eb29907d,"",%progbits
  16 0000 789C6363 		.ascii	"x\234cc``\340c@\000&\206\246\206\326M|\214\027\346\\"
  16      6060E063 
  16      40002686 
  16      A686D64D 
  16      7C8C17E6 
  17 0015 DEC0CB00 		.ascii	"\336\300\313\000\000'?\005["
  17      00273F05 
  17      5B
  18              		.text
  19              		.section	.gnu.lto_.jmpfuncs.eb29907d,"",%progbits
  20 0000 789C6363 		.ascii	"x\234cc``\020g@\000& fdfddd\257\237\303\314\000\304"
  20      60601067 
  20      40002620 
  20      66646664 
  20      6464AF9F 
  21 0018 8C40CCC4 		.ascii	"\214@\314\304\000\000!\215\003\213"
  21      0000218D 
  21      038B
  22              		.text
  23              		.section	.gnu.lto_.inline.eb29907d,"",%progbits
  24 0000 789C6363 		.ascii	"x\234cc``0c@\000&\006\006f&F\020\305\300\266@\036D1"
  24      60603063 
  24      40002606 
  24      06662646 
  24      10C5C0B6 
  25 0018 30329C63 		.ascii	"02\234c8\310\310\310\310\244\300\010\224\314\273\264"
  25      38C8C8C8 
  25      C8A4C008 
  25      94CCBBB4 
  26 0028 529841E2 		.ascii	"R\230A\342\302b&&\006\261'_\030Y\300\272\000\267I\010"
  26      C2622626 
  26      06B1275F 
  26      1859C0BA 
  26      00B74908 
  27 003c 45       		.ascii	"E"
  28              		.text
  29              		.section	.gnu.lto_.pureconst.eb29907d,"",%progbits
  30 0000 789C6363 		.ascii	"x\234cc```\005b&\006\006F)\000\000\256\000)"
ARM GAS  C:\Users\RAKIBU~1\AppData\Local\Temp\cc4IXzPi.s 			page 2


  30      60606005 
  30      62260606 
  30      46290000 
  30      AE0029
  31              		.text
  32              		.section	.gnu.lto__pal_lld_init.eb29907d,"",%progbits
  33 0000 789C6363 		.ascii	"x\234cc``\250\003b{ \226\006bFf\006F\246\011\347\030"
  33      6060A803 
  33      627B2096 
  33      06624666 
  33      0646A609 
  34 0016 181A3998 		.ascii	"\030\0329\230\030\031A\214\006\016F\206z&\306z\306\036"
  34      1819418C 
  34      060E4686 
  34      7A26C67A 
  34      C61E
  35 0028 E629CC8C 		.ascii	"\346)\314\214\207\332\237\355d\322\\\336\000\004\007"
  35      87DA9FED 
  35      64D25CDE 
  35      000407
  36 0037 A64F626B 		.ascii	"\246Obkkh\225\230\303\314\3000\015\210A\200q3\243&\003"
  36      6B689598 
  36      C3CCC030 
  36      0D884180 
  36      7133A326 
  37 004c 50D9A38D 		.ascii	"P\331\243\215\377\246\362\262\261@\304\031\2670\262"
  37      FFA6F2B2 
  37      B140C419 
  37      B730B2
  38 005b 31300219 		.ascii	"10\002\031\353/\261\036h\370\367\277\275\341\300\225"
  38      EB2FB11E 
  38      68F8F7BF 
  38      BDE1C095 
  39 006b C58C5BDD 		.ascii	"\305\214[\335\230\030\030:\200\362@K\032\0160t23\201"
  39      9818183A 
  39      80F2404B 
  39      1A0E3074 
  39      323381
  40 007e 58CD0718 		.ascii	"X\315\007\030\33616)\200\265\200@\0073#H\030\250\324"
  40      DE313629 
  40      80B58040 
  40      07332348 
  40      18A8D4
  41 0091 564F4F1F 		.ascii	"VOO\037\210\22232\2232\363\213\215\014\214\365\363\213"
  41      88923332 
  41      9332F38B 
  41      8D0C8CF5 
  41      F38B
  42 00a3 F5331273 		.ascii	"\3653\022s\364\013\362\213J\212\365\203C|\215\215\364"
  42      F40BF28B 
  42      4A8AF583 
  42      437C8D8D 
  42      F4
  43 00b4 7D7C5CF4 		.ascii	"}|\\\364\335\003<\375\313\214@R\361\005@\234\223\223"
  43      DD033CFD 
  43      CB8C4052 
  43      F105409C 
ARM GAS  C:\Users\RAKIBU~1\AppData\Local\Temp\cc4IXzPi.s 			page 3


  43      9393
  44 00c6 A297CC00 		.ascii	"\242\227\314\000\000\005\202>h"
  44      0005823E 
  44      68
  45              		.text
  46              		.section	.gnu.lto__pal_lld_setgroupmode.eb29907d,"",%progbits
  47 0000 789CA557 		.ascii	"x\234\245WkPU\327\025\336\353\354s\037\334\007$h\214"
  47      6B5055D7 
  47      15DEEBEC 
  47      731FDC07 
  47      24688C
  48 0013 2251342A 		.ascii	"\"Q4*\032\225\013\230\211\257\324G\246\235&\035\020"
  48      1A950B98 
  48      89AFD447 
  48      A69D261D 
  48      10
  49 0024 6DFAA3BF 		.ascii	"m\372\243\277\332\232hG\247R\030\260N3\343\264\027\301"
  49      DA9A6847 
  49      A75218B0 
  49      4E33E3B4 
  49      17C1
  50 0036 8B98586D 		.ascii	"\213\230Xm\023uz\275\246$`\224\351$\352\204\004\301"
  50      13757ABD 
  50      A6246094 
  50      E924EA84 
  50      04C1
  51 0048 3C10D4A0 		.ascii	"<\020\324\240\025\014\306\232\200\217h\022\261\020Q"
  51      150CC69A 
  51      808F6812 
  51      B11051
  52 0057 248A2F1E 		.ascii	"$\212/\036]k\355s\270\017i\035\006\306\263\334g\235"
  52      5D6BED73 
  52      B80F691D 
  52      06C6B3DC 
  52      679D
  53 0069 EF5B7B7F 		.ascii	"\357[{\177k\255}\316\276V!\304\326X!\012\360\377\017"
  53      6BAD7DCE 
  53      BE5621C4 
  53      D658210A 
  53      F0FF0F
  54 007c F1821801 		.ascii	"\361\202\030\001\332\226\006!\362\354\032H5\220\232"
  54      DA960621 
  54      F2EC1A48 
  54      35909A
  55 008b BE215178 		.ascii	"\276!Qx\035.\262.]\263\324\305\341]T\335\014\274\263"
  55      1D2EB22E 
  55      5DB3D4C5 
  55      E15D54DD 
  55      0CBCB3
  56 009e 68567E66 		.ascii	"hV~f\343gV\260+\212\315\034\330\301\245\006Q\232\203"
  56      E36756B0 
  56      2B8ACD1C 
  56      D8C1A506 
  56      519A83
  57 00b1 814E063A 		.ascii	"\201N\006:L\267\323\034\270\264\350sN|\356.\257\021"
  57      4CB7D31C 
  57      B8B4E873 
ARM GAS  C:\Users\RAKIBU~1\AppData\Local\Temp\cc4IXzPi.s 			page 4


  57      4E7CEE2E 
  57      AF11
  58 00c3 0870ABC9 		.ascii	"\010p\253\311\017\331\243\001h\340\265\203\370\263&"
  58      0FD9A301 
  58      68E0B583 
  58      F8B326
  59 00d2 758BD566 		.ascii	"u\213\325f\217r8]\356h\300[a\374\275&\337\220PS\330"
  59      8F72385D 
  59      EE68C05B 
  59      61FCBD26 
  59      DF905053 
  60 00e7 52A94DD9 		.ascii	"R\251M\331\355\305\277\352\355\235V\237w\375\310\000"
  60      EDC5BFEA 
  60      ED9D569F 
  60      77FDC800 
  61 00f7 22B61928 		.ascii	"\"\266\031(x\037\246 \252\261`_@\276*\003\022@\307\333"
  61      781FA620 
  61      AAB1605F 
  61      40BE2A03 
  61      1240C7DB 
  62 010b 1BF5FE6F 		.ascii	"\033\365\376o\243\351V\203\004\274\255m\350;\340\220"
  62      A3E95683 
  62      04BCAD6D 
  62      E83BE090 
  63 011b 0B40E0B8 		.ascii	"\013@\340\270\347hW\213=q\227\327\273\316[\335]*\275"
  63      E768578B 
  63      3D7197D7 
  63      BBCE5BDD 
  63      5D2ABD
  64 012e 130252C2 		.ascii	"\023\002R\302\207 1 |\000\361P\016\361\002]\002* \021"
  64      87203120 
  64      7C00F150 
  64      0EF1025D 
  64      022A2011 
  65 0142 E17DEFEC 		.ascii	"\341}\357\354+\262\313\2370\365\313\335\205~\207A=\263"
  65      2BB2CB9F 
  65      30F5CBDD 
  65      857E8741 
  65      3DB3
  66 0154 237657BE 		.ascii	"#vW\276\367\371\200\324\341@$Y\027P\311\344\037\336"
  66      F7F980D4 
  66      E1402459 
  66      1750C9E4 
  66      1FDE
  67 0166 DFF5BA53 		.ascii	"\337\365\272S\376\214\311\027\256\225\3570\311\027v"
  67      FE8CC917 
  67      AE95EF30 
  67      C91776
  68 0175 C49532D9 		.ascii	"\304\2252\331\002U\221d\213\200\203\220H\214\327\362"
  68      02559164 
  68      8B808390 
  68      488CD7F2 
  69 0185 CA2E4A99 		.ascii	"\312.J\231\301\354K\035\035\007\034\023K\324\324\201"
  69      C1EC4B1D 
  69      1D071C13 
  69      4BD4D481 
  70 0195 916FE57B 		.ascii	"\221o\345{\353\274z@Z\341\243p>\375!\274\254\357\344"
ARM GAS  C:\Users\RAKIBU~1\AppData\Local\Temp\cc4IXzPi.s 			page 5


  70      EBBC7A40 
  70      5AE1A370 
  70      3EFD21BC 
  70      ACEFE4
  71 01a8 DFECF245 		.ascii	"\337\354\362E\246\376e\363_\213c\014\352\361x\277\267"
  71      A6FE65F3 
  71      5F8B630C 
  71      EAF178BF 
  71      B7
  72 01b9 BA208188 		.ascii	"\272 \201\210\237\014H\274\376\372\221zM\376\222\211"
  72      9F0C48BC 
  72      FEFA917A 
  72      4DFE9289 
  73 01c9 DBDBF7DC 		.ascii	"\333\333\367\334p\032\304\232 \261z@b\313W\371\177\267"
  73      701AC49A 
  73      20B17A40 
  73      62CB57F9 
  73      7FB7
  74 01db CA5F31B1 		.ascii	"\312_1\261\271n\317\225h\203xot?\261f@\342\226\236&"
  74      B96ECF95 
  74      6883786F 
  74      743FB166 
  74      40E2969E 
  75 01f0 AF55FE96 		.ascii	"\257U\376\226\211\015_\267\004\300 v\006\211\207\007"
  75      890D5FB7 
  75      04C02076 
  75      06898707 
  76 0200 246EBA7E 		.ascii	"$n\272~\347-]f2\261l\313\306\373Q\006\261-H<: \361\233"
  76      E72D5D66 
  76      32B16CCB 
  76      C6FB5106 
  76      B12D483C 
  77 0218 FDBD5BDD 		.ascii	"\375\275[\335V\035>\203\211p\004\257Z\274\016\341\365"
  77      561D3E83 
  77      897004AF 
  77      5ABC0EE1 
  77      F5
  78 0229 295E1FC3 		.ascii	")^\037\303D\325ZP\007V\240\"\\*\336\035%sy\226\300'"
  78      44D55A50 
  78      0756A022 
  78      5C2ADE1D 
  78      25737996 
  79 023f BB4E6BC6 		.ascii	"\273Nk\306,\327\002\303K\373\213pl\340\005~\277\371"
  79      2CD702C3 
  79      4BFB8B70 
  79      6CE0057E 
  79      BFF9
  80 0251 55906B98 		.ascii	"U\220k\230z\371\376\255-f\375n\226Ho\251W#\342\277\006"
  80      7AF9FEAD 
  80      2D66FD6E 
  80      96486FA9 
  80      5723E2BF 
  81 0266 246E6D6D 		.ascii	"$nmm\331\257\313W\230\270\271\316w\305,\302\351 \261"
  81      D9AFCB57 
  81      98B8B9CE 
  81      77C52CC2 
  81      E920B1
ARM GAS  C:\Users\RAKIBU~1\AppData\Local\Temp\cc4IXzPi.s 			page 6


  82 0279 7E40624F 		.ascii	"~@bO\353\376\177:\344Z&~|\374f\241\271\330\303o\367"
  82      EBFE7F3A 
  82      E45A267E 
  82      7CFC66A1 
  82      B9D8C36F 
  83 028e 134FFEDF 		.ascii	"\023O\376\337\224|\216)h\300\353\004^\3071\025\224\005"
  83      947C8E29 
  83      68C0EB04 
  83      5EC73115 
  83      9405
  84 02a0 CC4523E6 		.ascii	"\314E#\346B\010\307\377\312X$m\357)K\265\267\267\257"
  84      4208C7FF 
  84      CA58246D 
  84      EF294BB5 
  84      B7B7AF
  85 02b3 101B7DF4 		.ascii	"\020\033}\364\331\362\372\330\237\003\366\265M##\311"
  85      D9F2FAD8 
  85      9F03F6B5 
  85      4D2323C9 
  86 02c3 E8642C64 		.ascii	"\350d,d\254dld\354h\354Q4r\320\310I\306E\267n2\321d"
  86      AC646C64 
  86      EC68EC51 
  86      3472D0C8 
  86      49C645B7 
  87 02db 62C83C42 		.ascii	"b\310<B\346Q2\261d\206\221\031N\34612#\310<Nf$\231Q"
  87      E65132B1 
  87      64869119 
  87      4EE63132 
  87      23C83C4E 
  88 02f3 64E2C88C 		.ascii	"d\342\310\214&C\333\313\366\004\2311d\306\222I 3\216"
  88      2643DBCB 
  88      F6049931 
  88      64C69249 
  88      20338E
  89 0306 CC78324F 		.ascii	"\314x2O\222\231@f\"\231Id\022\311L&3\205\314Sd\246\222"
  89      92994066 
  89      22994964 
  89      12C94C26 
  89      3385CC53 
  90 031d 9946663A 		.ascii	"\231Ff:o\366$A\311\361\010JO\262\240\004\245\010JQ\252"
  90      6FF62441 
  90      C9F1084A 
  90      4FB2A004 
  90      A5084A51 
  91 0332 A0043D03 		.ascii	"\240\004=\003\264\247g2f\026cf3f\016c\346\012J\344\263"
  91      B4A76732 
  91      66166366 
  91      33660E63 
  91      E60A4AE4 
  92 0347 4071E609 		.ascii	"@q\346\011J\346|A\351\\ (\241\013\005\245\3649\240\367"
  92      4AE67C41 
  92      E95C2028 
  92      A10B05A5 
  92      F439A0F7 
  93 035b 511ACF95 		.ascii	"Q\032\317\225\316\021\026q\204\014\216\260\230#/\341"
  93      CE111671 
  93      840C8EB0 
ARM GAS  C:\Users\RAKIBU~1\AppData\Local\Temp\cc4IXzPi.s 			page 7


  93      98232FE1 
  94 036b B984D880 		.ascii	"\271\204\330\200\375{\316\351\255\026ER\303A~\265h\203"
  94      FD7BCEE9 
  94      AD164552 
  94      C3417EB5 
  94      6883
  95 037d FC6EDFF9 		.ascii	"\374n\337\371\212l*\247_\316\364\313g\350\305\332\271"
  95      8A6C2AA7 
  95      5FCEF4CB 
  95      67E8C5DA 
  95      B9
  96 038e 6FB78BDE 		.ascii	"o\267\213\336\2216\220p\012{\241\005\326%p\333c,D\021"
  96      91369070 
  96      0A7BA105 
  96      D62570DB 
  96      632C4411 
  97 03a2 ABD3D75E 		.ascii	"\253\323\327^\261O*\032(\332\221\276\333\3251D\263\203"
  97      B14F2A1A 
  97      28DA91BE 
  97      DBD53144 
  97      B383
  98 03b4 065F208D 		.ascii	"\006_ \215\203\0373@\263\020\207\240\362\303\237\371"
  98      831F3340 
  98      B31087A0 
  98      F2C39FF9 
  99 03c4 EC2A36C0 		.ascii	"\354*6\300\351\320\330G(\366,\025\273\247\242\334\240"
  99      E9D0D847 
  99      28F62C15 
  99      BBA7A2DC 
  99      A0
 100 03d5 69181BA6 		.ascii	"i\030\033\246E\304\232\215\376\360\205\325\022y\266"
 100      45C49A8D 
 100      FEF085D5 
 100      1279B6
 101 03e4 226FAA34 		.ascii	"\"o\2524\027&\325\302\216\225Vu\273\324\302,\360\357"
 101      1726D5C2 
 101      8E955675 
 101      BBD4C22C 
 101      F0EF
 102 03f6 C885CD41 		.ascii	"\310\205\315A\\x\260C\024l\216\012\266\263\362\242\201"
 102      5C78B043 
 102      146C8E0A 
 102      B6B3F2A2 
 102      81
 103 0407 D355B09B 		.ascii	"\323U\260\233\033\327\337\226*\230\015\316D\006\233"
 103      1BD7DF96 
 103      2A980DCE 
 103      44069B
 104 0416 8B3804BD 		.ascii	"\2138\004\275\327y\363=\253R\031\003_\206\306\376\224"
 104      D779F33D 
 104      AB521903 
 104      5F86C6FE 
 104      94
 105 0427 62CFA5FB 		.ascii	"b\317\245\373\342\262h\366`e\220\261m}\315I\0331p?\301"
 105      E2B268F6 
 105      606590B1 
 105      6D7DCD49 
ARM GAS  C:\Users\RAKIBU~1\AppData\Local\Temp\cc4IXzPi.s 			page 8


 105      1B31703F 
 106 043c 57BCFF8A 		.ascii	"W\274\377\212\360[\203\237B\254R\013h\\A\277LUc^a\212"
 106      F05B839F 
 106      42AC520B 
 106      685C41BF 
 106      4C55635E 
 107 0452 1AB3F464 		.ascii	"\032\263\364d5\346\034z\324\230k\225\244\306\330\033"
 107      35E61C7A 
 107      D4986B95 
 107      A4C6D81B 
 108 0462 7E395D2D 		.ascii	"~9]-\265\276r\255Z\253\005]\\\202\313Pp\266\3660\030"
 108      B5BE72AD 
 108      5AAB055D 
 108      5C82CB50 
 108      70B6F630 
 109 0477 5E5CCCDE 		.ascii	"^\\\314\336\253\225w\335j\371\002\232\324\313\240\013"
 109      AB9577DD 
 109      6AF9029A 
 109      D4CBA00B 
 110 0487 A6FBE5B3 		.ascii	"\246\373\345\263\232\360\3134w\325\333\215\320\005I"
 110      9AF0CB34 
 110      77D5DB8D 
 110      D00549
 111 0496 D80A5AD5 		.ascii	"\330\012Z\325\365\213X\376\305\356{%M\350\362`\005\265"
 111      F58B58FE 
 111      C5EE7B25 
 111      4DE8F260 
 111      05B5
 112 04a8 6676A5BB 		.ascii	"fv\245\2737\226\240'\031\313\242\265e\371\345\"wUI+"
 112      3796A027 
 112      19CBA2B5 
 112      65F9E522 
 112      7755492B 
 113 04bc 3A5230B5 		.ascii	":R0\265\232\277\223 \031\356ff\245\222`\255\231}K\334"
 113      9ABF9320 
 113      19EE6666 
 113      A59260AD 
 113      997D4BDC 
 114 04d0 FE770E01 		.ascii	"\376w\016\001j\327\305\206D\263A{*\2135z\325\370%\376"
 114      6AD7C586 
 114      44B3417B 
 114      2A8B357A 
 114      D5F825FE 
 115 04e4 4B0D2D82 		.ascii	"K\015-\202\015\213\320\254\212\340\3675E)\220\015q\241"
 115      0D8BD0AC 
 115      8AE0F735 
 115      4529900D 
 115      71A1
 116 04f6 5F7E1BE8 		.ascii	"_~\033\350pV\201:|E\026\005\232\307\305\262\251\312"
 116      7056813A 
 116      7C451605 
 116      9AC7C5B2 
 116      A9CA
 117 0508 D06BEC73 		.ascii	"\320k\354s\312\327<\005\332t\360\217\012e\207\251\361"
 117      CAD73C05 
 117      DA74F08F 
 117      0A6587A9 
ARM GAS  C:\Users\RAKIBU~1\AppData\Local\Temp\cc4IXzPi.s 			page 9


 117      F1
 118 0519 94F53658 		.ascii	"\224\3656X\327YX&\225s>\372\203\274\006\342\315W+\330"
 118      D7595826 
 118      95733EFA 
 118      83BC06E2 
 118      CD572BD8 
 119 052d 79F00028 		.ascii	"y\360\000(L\224Zh\377\236\260\341\2368g\256\241\325"
 119      4C945A68 
 119      FF9EB0E1 
 119      9E3867AE 
 119      A1D5
 120 053f 08E4C0CE 		.ascii	"\010\344\300\316Fhx\364\005\350\017F?A\321\027(\332"
 120      466878F4 
 120      05E80F46 
 120      3F41D117 
 120      28DA
 121 0551 BB07D72A 		.ascii	"\273\007\327*\2103\264\305\354\330b\347!\236\264\204"
 121      8833B4C5 
 121      ECD862E7 
 121      219EB484 
 122 0561 C55988B8 		.ascii	"\305Y\210\270`\234\343\024g!\"j\252Z\317\346\307(\210"
 122      609CE314 
 122      6721226A 
 122      AA5ACFE6 
 122      C72888
 123 0574 2BB4F124 		.ascii	"+\264\361$\177\034>\252\251?j-\2067\363\360T\205_J\224"
 123      7F1C3EAA 
 123      A93F6A2D 
 123      8637F3F0 
 123      54855F4A 
 124 0589 F11C5CA0 		.ascii	"\361\034\\\240\016\300gg*\252*\334\236w\275\005y\364"
 124      0EC06767 
 124      2AAA2ADC 
 124      9E77BD05 
 124      79F4
 125 059b C8015F43 		.ascii	"\310\001_C1l\345\323\026\\\004\017\315\336\353\273k"
 125      316CE5D3 
 125      165C040F 
 125      CDDEEBBB 
 125      6B
 126 05ac D4C06DE4 		.ascii	"\324\300m\344\244\273\277*\3218\037\372\311y\307w\314"
 126      A4BBBF2A 
 126      D1381FFA 
 126      C979C777 
 126      CC
 127 05bd A99C31EC 		.ascii	"\251\2341\354'n\315\351\215M\\\232\210E\024\377^<d\031"
 127      276ECDE9 
 127      8D4D5C9A 
 127      884514FF 
 127      5E3C6419 
 128 05d1 9782CBF8 		.ascii	"\227\202\313\370\206:0F\251<g\252|d\220\262\276\345"
 128      863A3046 
 128      A93C67AA 
 128      7C6490B2 
 128      BEE5
 129 05e3 7840F1BE 		.ascii	"x@\361\2763e\025\031\353}\324(F\267\257\325\220\025"
 129      33651519 
ARM GAS  C:\Users\RAKIBU~1\AppData\Local\Temp\cc4IXzPi.s 			page 10


 129      EB7DD428 
 129      46B7AFD5 
 129      9015
 130 05f5 8B13A05F 		.ascii	"\213\023\240_\311j2`\303\330\237<$Y\227\203\313h!Y\303"
 130      C96A3260 
 130      C3D89F3C 
 130      24599783 
 130      CB682159 
 131 060a 94ACF3A6 		.ascii	"\224\254\363\246\254\341\203\224u\205\343i\024\357?"
 131      ACE18394 
 131      7585E369 
 131      14EF3F
 132 0619 2C8B5E5B 		.ascii	",\213^[\206\210\307X\331p%\242\322\0201\202\375)C\022"
 132      8688C758 
 132      D97025A2 
 132      D2103182 
 132      FD294312 
 133 062d D11A9CB4 		.ascii	"\321\032\234\264\215D\214\240\227Msm\327\316\247\325"
 133      8D448CA0 
 133      974D736D 
 133      D7CEA7D5 
 134 063d 1C337953 		.ascii	"\0343yS\010~\333YD\251\033w<\002N\3266\2749K\001h\023"
 134      087EDB59 
 134      44A91B77 
 134      3C024ED6 
 134      36BC394B 
 135 0654 1D3BBE7D 		.ascii	"\035;\276}\217K\275\033m\360}?\336*NY\371\015\201Yi"
 135      8F4BBD1B 
 135      6DF07D3F 
 135      DE2A4E59 
 135      F90D8159 
 136 0669 2B31B2F2 		.ascii	"+1\262\362\370 \263r\225\027\310\347\272v\263\330fi"
 136      F820B372 
 136      9517C8E7 
 136      BA76B3D8 
 136      6669
 137 067b 47AA1D13 		.ascii	"G\252\035\023\222\247Q8\001\372\303\363\024\307\376"
 137      92A75138 
 137      01FAC3F3 
 137      14C7FE
 138 068a 792A4FAD 		.ascii	"y*O\255\003\346\351O\017\313\323\265\3402\256S\236\342"
 138      03E6E94F 
 138      0FCBD3B5 
 138      E032AE53 
 138      9EE2
 139 069c 58A12D44 		.ascii	"X\241-D\341US\341\350A*\354\340\320:\205\276\021\251"
 139      E15553E1 
 139      E8412AEC 
 139      E0D03A85 
 139      BE11A9
 140 06af 30FE0185 		.ascii	"0\376\001\205O\340\004\350\017W8\206\375CS\330\031\\"
 140      4FE004E8 
 140      0F573886 
 140      FD4353D8 
 140      195C
 141 06c1 C60FA470 		.ascii	"\306\017\244p\014+\264\253\232\263\302\366ZC\341\330"
 141      0C2BB4AB 
ARM GAS  C:\Users\RAKIBU~1\AppData\Local\Temp\cc4IXzPi.s 			page 11


 141      9AB3C2F6 
 141      5A43E1D8 
 142 06d1 412ABCC9 		.ascii	"A*\274\311\241-\024\372\226\331\331\246\302\004\356"
 142      A12D14FA 
 142      96D9D9A6 
 142      C204EE
 143 06e0 ECB1E1DB 		.ascii	"\354\261\341\333s\034\373\223\224\236\273\003\352Y\363"
 143      731CFB93 
 143      949EBB03 
 143      EA59F3
 144 06ef 303D5DC1 		.ascii	"0=]\301Io\223\236q\254'J|7\312\324s\317\3243~\220z\356"
 144      496F939E 
 144      71AC274A 
 144      7C37CAD4 
 144      73CFD433 
 145 0707 0443DF8D 		.ascii	"\004C\337\215\324\363$\353\031\037\256g\002\373\207"
 145      D4F324EB 
 145      191FAE67 
 145      02FB87
 146 0716 A6E75E70 		.ascii	"\246\347^p\322\373\244g\202\332\210\027\376an\304\220"
 146      D2FBA467 
 146      82DA8817 
 146      FE616EC4 
 146      90
 147 0727 9DE7109D 		.ascii	"\235\347\020\235.Se\267\331\227\023\007\251\262;\330"
 147      2E5365B7 
 147      D9971307 
 147      A9B23BD8 
 148 0737 F23D917D 		.ascii	"\362=\221}9\351\201\276\304\363\013~\300&\205\367\345"
 148      39E981BE 
 148      C4F30B7E 
 148      C02685F7 
 148      E5
 149 0748 64F60FAD 		.ascii	"d\366\017\255/{\203\313\350#\335\223Y\2413Da\257\251"
 149      2F7B83CB 
 149      E823DD93 
 149      59A13344 
 149      61AFA9
 150 075b 70CA2015 		.ascii	"p\312 \025z\265\376\226\317\323\"\024>\365\200\302\251"
 150      7AB5FE96 
 150      CFD32214 
 150      3EF580C2 
 150      A9
 151 076c 3801FAC3 		.ascii	"8\001\372\303\025Nc\377\320\024\256\013.#_C\205\323"
 151      154E63FF 
 151      D014AE0B 
 151      2E235F43 
 151      85D3
 152 077e 58A1CB38 		.ascii	"X\241\3138[\252Sn\343\012u\372K\2433\341\324\220\363"
 152      5BAA536E 
 152      E30A75FA 
 152      4BA333E1 
 152      D490F3
 153 0791 2A9F1CD3 		.ascii	"*\237\034\323\324[\373\314\236d\003\025zn\320\361\214"
 153      D45BFBCC 
 153      9E640315 
 153      7A6ED0F1 
ARM GAS  C:\Users\RAKIBU~1\AppData\Local\Temp\cc4IXzPi.s 			page 12


 153      8C
 154 07a2 58A099AD 		.ascii	"X\240\231\255\341\026\3455F\330\016_}\243\361\303\""
 154      E116E535 
 154      46D80E5F 
 154      7DA3F1C3 
 154      22
 155 07b3 1DBFF161 		.ascii	"\035\277\361aa\371\240\232\256P\347\033W+\324\"\374"
 155      61F9A09A 
 155      AE50E71B 
 155      572BD422 
 155      FC
 156 07c4 64F20F87 		.ascii	"d\362\017\207\360c\375\"\005ko\\"
 156      F063FD22 
 156      056B6F5C 
 157 07d0 A56019F8 		.ascii	"\245`\031\370Q\012\207\361q8C\301n-Q\250\305\270!\302"
 157      510A87F1 
 157      713843C1 
 157      6E2D51A8 
 157      C5B821C2 
 158 07e4 517C205E 		.ascii	"Q| ^L\250m\276M_\374F\301\226\250O\314\007\205'\366"
 158      4CA86DBE 
 158      4D5FFC46 
 158      C196A84F 
 158      CC078527 
 159 07f9 3BD42706 		.ascii	";\324'\006`\275\026\302\342c\367\022\326\026\255~3]"
 159      60BD16C2 
 159      E263F712 
 159      D616AD7E 
 159      335D
 160 080b C3B3FBDE 		.ascii	"\303\263\373\3367l\352\027\260\240_U\200\017\360\033"
 160      376CEA17 
 160      B0A05F55 
 160      800FF01B 
 161 081b F7A3A424 		.ascii	"\367\243\244$\017\376{y\305\312\227Vf\345\246&\317\360"
 161      0FFE7B79 
 161      C5CA9756 
 161      66E5A626 
 161      CFF0
 162 082d 64E57A56 		.ascii	"d\345zV,]\345\311\316\312Y\235\353y\361\027\3513R=i"
 162      2C5DE5C9 
 162      CECA599D 
 162      EB79F117 
 162      E933523D 
 163 0842 693FF6FC 		.ascii	"i?\366\374t\361\013\031kR\351\321\257\263\361Z\265j"
 163      74F10B19 
 163      6B52E9D1 
 163      AFB3F15A 
 163      B56A
 164 0854 59D2CB42 		.ascii	"Y\322\313B'\224\236\2714\367wzf\326\262\345\362\245"
 164      27949EB9 
 164      34F7777A 
 164      66D6B2E5 
 164      F2A5
 165 0866 95ABF5A5 		.ascii	"\225\253\365\245\253V\347X\262\377\220\275,\307\226"
 165      AB56E758 
 165      B2FF90BD 
 165      2CC796
ARM GAS  C:\Users\RAKIBU~1\AppData\Local\Temp\cc4IXzPi.s 			page 13


 166 0875 959BBD7C 		.ascii	"\225\233\275|\371\262\034k\326\352W\262\227\347X\010"
 166      F9B21C6B 
 166      D6EA57B2 
 166      97E75808 
 167 0885 92A3653E 		.ascii	"\222\243e>\255e\246j\231)v\002\022\365\277g\341\026"
 167      AD65A66A 
 167      99297602 
 167      12F5BF67 
 167      E116
 168 0897 67       		.ascii	"g"
 169              		.text
 170              		.section	.gnu.lto_.symbol_nodes.eb29907d,"",%progbits
 171 0000 789C6363 		.ascii	"x\234cc``P\003b\006\246\007L\365\014\014\023\31610\000"
 171      60605003 
 171      6206A607 
 171      4CF50C0C 
 171      13CE3130 
 172 0015 A95D0D8E 		.ascii	"\251]\015\216@\221\207L\365\214(\"\014\000\307S\011"
 172      4091874C 
 172      F58C2822 
 172      0C00C753 
 172      09
 173 0026 A5       		.ascii	"\245"
 174              		.text
 175              		.section	.gnu.lto_.refs.eb29907d,"",%progbits
 176 0000 789C6363 		.ascii	"x\234cc```\004b\006\000\000D\000\010"
 176      60606004 
 176      62060000 
 176      440008
 177              		.text
 178              		.section	.gnu.lto_.decls.eb29907d,"",%progbits
 179 0000 789CAD56 		.ascii	"x\234\255V}LSW\024\177\367\335\026\312\243\210A\\\310"
 179      7D4C5357 
 179      147FF7DD 
 179      16CAA388 
 179      415CC8
 180 0013 F40F4208 		.ascii	"\364\017B\010\366\037\371r\231\313\262-\331\204\251"
 180      F61FF972 
 180      99CBB22D 
 180      D984A9
 181 0022 190E5235 		.ascii	"\031\016R5\213[\223\212\264J3\240\214\226-\376\265G"
 181      8B5B938A 
 181      B44A33A0 
 181      8C962DFE 
 181      B547
 182 0034 8B53FC86 		.ascii	"\213S\374\2069'\324m\016\320\014t\200\021QD\245\002"
 182      3927D46D 
 182      0ED00C74 
 182      80115144 
 182      A502
 183 0046 0A8228E2 		.ascii	"\012\202(\342D\305\017\230\212\237\250|(\0022\330\271"
 183      44C50F98 
 183      8A9FA87C 
 183      280232D8 
 183      B9
 184 0057 EFBEF695 		.ascii	"\357\276\366\225\217&\333\334MO\337=\347\375\356\371"
 184      8F26DBDC 
ARM GAS  C:\Users\RAKIBU~1\AppData\Local\Temp\cc4IXzPi.s 			page 14


 184      4D4FDF3D 
 184      E7FDEEF9 
 185 0067 9D7BCEB9 		.ascii	"\235{\316\271\357=\017\206av{3\214\225e\230\006\230"
 185      EF3D0F86 
 185      61767B33 
 185      8C956598 
 185      0698
 186 0079 8FC1C070 		.ascii	"\217\301\300p=\005B\256\203 \257@F\031:\000\306\310"
 186      3D0542AE 
 186      8320AF40 
 186      46193A00 
 186      C6C8
 187 008b 10C37088 		.ascii	"\020\303p\210\2314\274\340&1\257\024u$b'\216\231\200"
 187      9934BCE0 
 187      2631AF14 
 187      75246227 
 187      8E9980
 188 009e F316717E 		.ascii	"\363\026q~ \376\023x\252A\346\200|\016\362B\214\305"
 188      20FE1378 
 188      AA41E680 
 188      7C0EF242 
 188      8CC5
 189 00b0 03E43E48 		.ascii	"\003\344>H/\310#\220' = \317D\236\251\342\331\201Q]"
 189      2FC82390 
 189      27203D20 
 189      CF449EA9 
 189      E2D98151 
 190 00c5 FB966F30 		.ascii	"\373\226o0\213\310\264h_\351\250O\350\001\236\016\305"
 190      8BC8B468 
 190      5FE9A84F 
 190      E8019E0E 
 190      C5
 191 00d6 B70C3A84 		.ascii	"\267\014:\204\260\003w1\263l7\336\204\221\037\207d\240"
 191      B0037731 
 191      B36C37DE 
 191      84911F87 
 191      64A0
 192 00e8 F636E7DD 		.ascii	"\3666\347\335\231\006\252?\207\002]T?\252\226\215\355"
 192      9906AA3F 
 192      87025D54 
 192      3FAA968D 
 192      ED
 193 00f9 E8F4C18B 		.ascii	"\350\364\301\213\004\2577\033\212\366\223\205s8DR\347"
 193      04AF371B 
 193      8AF69385 
 193      73384452 
 193      E7
 194 010a 0BA6D2EE 		.ascii	"\013\246\322\356\312!\037j\"\210\326m}\205\236x\011"
 194      CA211F6A 
 194      2288D66D 
 194      7D859E78 
 194      09
 195 011b 99B31DD7 		.ascii	"\231\263\035\327^\335\230\2068\325\006\236\267\360{"
 195      5EDD9886 
 195      38D5069E 
 195      B7F07B
 196 012a ACBCD722 		.ascii	"\254\274\327\"\006U\240\331\3500\232\315\240\023HE\326"
ARM GAS  C:\Users\RAKIBU~1\AppData\Local\Temp\cc4IXzPi.s 			page 15


 196      0655A0D9 
 196      E8309ACD 
 196      A0134845 
 196      D6
 197 013b 94A35006 		.ascii	"\224\243P\006\035\003c%\030\367\221X\355\365\266\017"
 197      1D036325 
 197      18F79158 
 197      EDF5B60F 
 198 014b 72FB783E 		.ascii	"r\373x>\020\035G\034\252BX\300\300\276\347p4\372\242"
 198      101D471C 
 198      AA4258C0 
 198      C0BEE770 
 198      34FAA2
 199 015e C2EC7C0F 		.ascii	"\302\354|\017\\\215\004\216*[\327i\326\035\207\335="
 199      5C8D048E 
 199      2A5BD769 
 199      D61D87DD 
 199      3D
 200 016f 4765D099 		.ascii	"Ge\320\231u<\317\242j\3408)q\000%%\331\325z0\232\003"
 200      753CCFA2 
 200      6AE03829 
 200      71002525 
 200      D9D57A30 
 201 0185 A7D67FE4 		.ascii	"\247\326\177\344\024\026<\315\354\352\364\246Y\013\000"
 201      14163CCD 
 201      ECEAF4A6 
 201      590B00
 202 0194 F5B6A5BC 		.ascii	"\365\266\245\274\301\007\027\322bl\331QS#\303\305T)"
 202      C10717D2 
 202      626CD951 
 202      5323C3C5 
 202      5429
 203 01a6 C8CD5E2F 		.ascii	"\310\315^/\307\245b\231r\266\227q\370 UZ{\316\375\344"
 203      C7A56299 
 203      72B69771 
 203      F820555A 
 203      7BCEFDE4 
 204 01ba 4DEB301D 		.ascii	"M\3530\035\324\323c/\355\276\324#K\"*\2762\354\205\017"
 204      D4D3632F 
 204      EDBED423 
 204      4B222ABE 
 204      32EC850F 
 205 01ce 51E8DEE1 		.ascii	"Q\350\336\341W=\244\020!\244\020\330\245\014!\264\014"
 205      573DA410 
 205      21A410D8 
 205      A50C21B4 
 205      0C
 206 01df D54D67F7 		.ascii	"\325Mg\367)q\245\000fK\362FF|\0359\332n\345\345*\006"
 206      2971A500 
 206      664BF246 
 206      467C1D39 
 206      DA6EE5E5 
 207 01f5 D543E40D 		.ascii	"\325C\344\015d;\347a;!\342v\232\300\330\350R\207\220"
 207      643BE761 
 207      3B21E276 
 207      9AC0D8E8 
 207      528790
ARM GAS  C:\Users\RAKIBU~1\AppData\Local\Temp\cc4IXzPi.s 			page 16


 208 0208 1FD7931C 		.ascii	"\037\327\223\0345C\216\316I9\012\021St2\373\372=\016"
 208      35438ECE 
 208      49390A11 
 208      537432FB 
 208      FA3D0E
 209 021b D7510E4B 		.ascii	"\327Q\016K\313\017\375n9.\272\347\250\214\254\023\352"
 209      CB0FFD6E 
 209      392EBAE7 
 209      A88CAC13 
 209      EA
 210 022c D0021C17 		.ascii	"\320\002\034\027$\216fG\035,\203\371\307\025\270Y \221"
 210      248E6647 
 210      1D2C83F9 
 210      C715B859 
 210      2091
 211 023e 0DFC76B8 		.ascii	"\015\374v\270m\032\232\021\034\254\312&\253\267\203"
 211      6D1A9A11 
 211      1CACCA26 
 211      ABB783
 212 024d 20562A0D 		.ascii	" V*\015\203.\241\031\304\003j\003\302?P0\272\214\202"
 212      832EA119 
 212      C4036A03 
 212      C23F5030 
 212      BA8C82
 213 0260 859ECF27 		.ascii	"\205\236\317'Q\331/\264\207\333\372\356\362\374F\245"
 213      51D92FB4 
 213      87DBFAEE 
 213      F2FC46A5 
 214 0270 40D70A74 		.ascii	"@\327\012td\2013\3140\342\"b\266\023\377hV.o\267`\001"
 214      648133CC 
 214      30E22262 
 214      B613FF68 
 214      562E6FB7 
 215 0286 7C764A70 		.ascii	"|vJp=a\025\267r\313\306\301A# F\334\005=m\262\372\232"
 215      3D6115B7 
 215      72CBC6C1 
 215      41232046 
 215      DC053D6D 
 216 029d C7E51C0A 		.ascii	"\307\345\034\012\016\366WQ\267m6\277\002+\337\020.\364"
 216      0EF65751 
 216      B76D36BF 
 216      022BDF10 
 216      2EF4
 217 02af DE69F07B 		.ascii	"\336i\360{\015\371K\3555.\010p;`\233\226!DA\330\317"
 217      0DF94BED 
 217      352E0870 
 217      3B609B96 
 217      214441D8 
 218 02c4 B847E710 		.ascii	"\270G\347\0204\364*\217d\256\031!h\222\221v\310\310"
 218      34F42A8F 
 218      64AE1921 
 218      68929176 
 218      C8C8
 219 02d6 15C8C855 		.ascii	"\025\310\310U1#4\346\363\266\200\014XAP\343\203F\315"
 219      312334E6 
 219      F3B6800C 
 219      584150E3 
ARM GAS  C:\Users\RAKIBU~1\AppData\Local\Temp\cc4IXzPi.s 			page 17


 219      8346CD
 220 02e9 C772CABD 		.ascii	"\307r\312\275\374\301i\206{\247\3148\217.\015\354G\033"
 220      FCC16986 
 220      7BA7CC38 
 220      8F2E0DEC 
 220      471B
 221 02fb 38B3F6F2 		.ascii	"8\263\366\362a%\336\212\205\216\354j*\265(p\016U\362"
 221      6125DE8A 
 221      858EEC6A 
 221      2AB52870 
 221      0E55F2
 222 030e AA9E37CA 		.ascii	"\252\2367\312)P\001\352\317\315%Mr\274\223\336\253\332"
 222      295001EA 
 222      CFCD254D 
 222      72BC93DE 
 222      ABDA
 223 0320 5FD2CAE2 		.ascii	"_\322\312\342\335T9P\331\263\011\341B\252\364\256/5"
 223      DD543950 
 223      D9B309E1 
 223      42AAF4AE 
 223      2F35
 224 0332 E3FD746E 		.ascii	"\343\375tn\353\277\371\320\213zP\201\272\255\345\227"
 224      EBBFF9D0 
 224      8B7A5081 
 224      BAADE597 
 225 0342 EB0A7A74 		.ascii	"\353\012zt\354\344\260\014\376z7\207\305\007\005\254"
 225      ECE4B00C 
 225      FE7A3787 
 225      C50705AC 
 226 0352 72738BF5 		.ascii	"rs\213\365\202\034\012\000cF\260\212\\\362\371L+o\277"
 226      821C0A00 
 226      6346B08A 
 226      5CF2F94C 
 226      2B6FBF
 227 0365 972716E2 		.ascii	"\227'\026\342\024\024\3426\244\266\033R<>\265\025\210"
 227      1414E236 
 227      A4B61B52 
 227      3C3EB515 
 227      88
 228 0376 5682C06B 		.ascii	"V\202\300kf\345\361\366L,\240oND\337@\023\341\303oJ"
 228      66E5F1F6 
 228      4C2CA06F 
 228      4E44DF40 
 228      13E1C36F 
 229 038b F05B53C3 		.ascii	"\360[S\303#$t\237\013\272s\"\272c\222\363\232\331\022"
 229      2324749F 
 229      0BBA7322 
 229      BA6392F3 
 229      9AD912
 230 039e BC7622BC 		.ascii	"\274v\"\274\306\005.\035\024\250`\027 \356\0127\273"
 230      C6052E1D 
 230      14A86017 
 230      20EE0A37 
 230      BB
 231 03af C583F214 		.ascii	"\305\203\362\024\332\342\031\024\361>H/\310#\220\207"
 231      DAE21914 
 231      F13E482F 
ARM GAS  C:\Users\RAKIBU~1\AppData\Local\Temp\cc4IXzPi.s 			page 18


 231      C8239087 
 232 03bf 200F40FA 		.ascii	" \017@\372@\036\203<\001\351q\036$\302\336\350\302~"
 232      401E833C 
 232      01E9711E 
 232      24C2DEE8 
 232      C27E
 233 03d1 7422FB11 		.ascii	"t\"\373\021ikb\223\345\371\011M\326=\376dPW\267\\kp"
 233      696B6293 
 233      E5F9094D 
 233      D63DFE64 
 233      5057B75C 
 234 03e7 67CA1AB8 		.ascii	"g\312\032\270d\251\325\205\370\336\324\304\256Yz\344"
 234      64A9D585 
 234      F8DED4C4 
 234      AE597AE4 
 235 03f7 92D43FA7 		.ascii	"\222\324?\247N\252\3039\234\261Q\033G\341\327\241\275"
 235      4EAAC339 
 235      9CB1511B 
 235      47E1D7A1 
 235      BD
 236 0408 EBA64EAA 		.ascii	"\353\246N\252\000\207\376\2627\017\226\313q\205\320"
 236      0087FEB2 
 236      370F96CB 
 236      7185D0
 237 0417 5FECC98A 		.ascii	"_\354\311\212\275'<\221j\206\370\034\330\355A\236\003"
 237      BD273C91 
 237      6A86F81C 
 237      D8ED419E 
 237      03
 238 0428 2F6071BF 		.ascii	"/`q\277\364@#\233wS\015\364\034\212\360_\013\002\261"
 238      F440239B 
 238      77530DF4 
 238      1C8AF05F 
 238      0B02B1
 239 043b FC5452D2 		.ascii	"\374TR\322\213\225\033\235/@\201Z:\254\003H)\006\001"
 239      8B951B9D 
 239      2F40815A 
 239      3AAC0348 
 239      290601
 240 044e D82359BB 		.ascii	"\330#Y\273\356\373\340Z\032\367\325\007'\237x\"\245"
 240      EEFBE05A 
 240      1AF7D507 
 240      279F7822 
 240      A5
 241 045f CACD5234 		.ascii	"\312\315R4\004\261H\253\351\356^\016\005W\365\220\227"
 241      04B148AB 
 241      E9EE5E0E 
 241      0557F590 
 241      97
 242 0470 F320DC78 		.ascii	"\363 \334x)\355\017p\344\002Vr\360\353\006\262}\360"
 242      29ED0F70 
 242      E4025672 
 242      F0EB06B2 
 242      7DF0
 243 0482 6699C072 		.ascii	"f\231\300ro(\263\334\333\335\033z\304\355\033\272\355"
 243      6F28B3DC 
 243      DBDD1B7A 
ARM GAS  C:\Users\RAKIBU~1\AppData\Local\Temp\cc4IXzPi.s 			page 19


 243      C4ED1BBA 
 243      ED
 244 0493 A8BF8574 		.ascii	"\250\277\205t\315+\250\335\260\304S-\274\030\210\025"
 244      CD2BA8DD 
 244      B0C4532D 
 244      BC188815 
 245 04a3 788A9B8B 		.ascii	"x\212\233\213Fd8\227\362\014\324\335/P\270\343\031s"
 245      46643897 
 245      F20CD4DD 
 245      2F50B8E3 
 245      1973
 246 04b5 CB33FC0E 		.ascii	"\3133\374\016\251\326(\260\3745\211eT`9v\352D\265w\007"
 246      A9D628B0 
 246      FC358965 
 246      54603976 
 246      EA44B577 
 247 04ca 1C79F2C1 		.ascii	"\034y\362\3017\235~\353!\372\017W\"\202>\346\030\210"
 247      379D7EEB 
 247      21FA0F57 
 247      22823EE6 
 247      1888
 248 04dc DAC1CAD2 		.ascii	"\332\301\312\322\213\010%\212c\011rZX\321\007\353\360"
 248      8B08258A 
 248      6309725A 
 248      58D107EB 
 248      F0
 249 04ed 2BFC4407 		.ascii	"+\374D\007\310\325+\275O\351\034\203~\017\322\211\313"
 249      C8D52BBD 
 249      4FE91C83 
 249      7E0FD289 
 249      CB
 250 04fe 3A6A6225 		.ascii	":jb%2\227%\223be\234\267\235AI\233Db\223]\356\336\\"
 250      32972593 
 250      62659CB7 
 250      9D41499B 
 250      4462935D 
 251 0515 A2EC8407 		.ascii	"\242\354\204\007\031\203V0\314vE\262\360\024.>\220\333"
 251      19835630 
 251      CC7645B2 
 251      F0142E3E 
 251      90DB
 252 0527 E585F365 		.ascii	"\345\205\363e\364Y\275yl\207<`\247\320\342V~:\213V\276"
 252      F459BD79 
 252      6C873C60 
 252      A7D0E256 
 252      7E3A8B56 
 253 053c E17C5D32 		.ascii	"\341|]2\310\312\006\300\177\212\214\272\253\357\267"
 253      C8CA06C0 
 253      7F8A8CBA 
 253      ABEFB7
 254 054b B47B04ED 		.ascii	"\264{\004\355\341\313:\341\033`+\316\252}\310\363\234"
 254      E1CB3AE1 
 254      1B602BCE 
 254      AA7DC8F3 
 254      9C
 255 055c 8C809085 		.ascii	"\214\200\220\205u\226\001\246\360\237\301v\"\304\263"
 255      759601A6 
ARM GAS  C:\Users\RAKIBU~1\AppData\Local\Temp\cc4IXzPi.s 			page 20


 255      F09FC176 
 255      22C4B3
 256 056b 1D409DC9 		.ascii	"\035@\235\311\006\301\342'{\255\337\373\342\247\224"
 256      06C1E227 
 256      7BADDFFB 
 256      E2A794
 257 057a F54843F5 		.ascii	"\365HC\365\006N\306\322j\021\377`\033\313\335Z\340!"
 257      064EC6D2 
 257      6A11FF60 
 257      1BCBDD5A 
 257      E021
 258 058c D848F77C 		.ascii	"\330H\367|\307\012\306s\355g~\247@\322\272\353\2511"
 258      C70AC673 
 258      ED677EA7 
 258      40D2BAEB 
 258      A931
 259 059e E3C1F063 		.ascii	"\343\301\360c\017\2671g\0111o`\305\240\273\263.\331"
 259      0FB73167 
 259      09316F60 
 259      C5A0BBB3 
 259      2ED9
 260 05b0 7C21E83D 		.ascii	"|!\350=\020t#y\031@\203\302\247\013\240\320:)\350u\023"
 260      10742379 
 260      194083C2 
 260      A70BA0D0 
 260      3A29E875 
 261 05c5 83DEC806 		.ascii	"\203\336\310\0061\357\205\206\206\301/!\321\260\312"
 261      31EF8586 
 261      86C12F21 
 261      D1B0CA
 262 05d4 60344586 		.ascii	"`4E\206\317\0133\232\302\022\343\223\302R\215ifS\330"
 262      CF0B339A 
 262      C212E393 
 262      C2528D69 
 262      6653D8
 263 05e7 D2654BE6 		.ascii	"\322eK\346E\206\305\304D\205-\214[\034\373u$\271\245"
 263      4586C5C4 
 263      44852D8C 
 263      5B1CFB75 
 263      24B9A5
 264 05fa 4D05494A 		.ascii	"M\005IJ\322\205&(\026~\272<pAD\004#\373\360cu\014\247"
 264      D2852628 
 264      167EBA3C 
 264      70414404 
 264      23FBF063 
 265 0611 D5A61B52 		.ascii	"\325\246\033R\314\363\"\265\346\325\011\357j\004\227"
 265      CCF322B5 
 265      E6D509EF 
 265      6A0497
 266 0620 2673BACE 		.ascii	"&s\272\316`\324\230\215\306$\223fMJz\2400\013\214OK"
 266      60D4988D 
 266      C6249366 
 266      4D4A7AA0 
 266      300B8C4F 
 267 0635 0ED427AF 		.ascii	"\016\324'\257\322\353tz\235f~hx`dx\304\374\257\336\322"
 267      D2EB747A 
 267      9D667E68 
ARM GAS  C:\Users\RAKIBU~1\AppData\Local\Temp\cc4IXzPi.s 			page 21


 267      78606478 
 267      C4FCAFDE 
 268 064a 807D6E8A 		.ascii	"\200}n\2121E?W\037\277\312\2401\244$$\245\353\364\232"
 268      31453F57 
 268      1FBFCAA0 
 268      31A42424 
 268      A5EBF49A 
 269 065e E478F095 		.ascii	"\344x\360\225\242\327hu\372\325\361\351If\255ym\252"
 269      A2D76875 
 269      FAD5F1E9 
 269      4966AD79 
 269      6DAA
 270 0670 DE149AC8 		.ascii	"\336\024\232\310(\034|_\374\257|\246\265&\215\326d\326"
 270      281C7C5F 
 270      FCAF7CA6 
 270      B5268DD6 
 270      64D6
 271 0682 81732091 		.ascii	"\201s \221\307\304.\370D-\373h\251Z\215>C\213\344\011"
 271      C7C42EF8 
 271      442DFB68 
 271      A95A8D3E 
 271      438BE409 
 272 0696 49FAF834 		.ascii	"I\372\3704q\257\021ok\315\012\307\004\233\364\346\177"
 272      71AF116F 
 272      6BCD0AC7 
 272      049BF4E6 
 272      7F
 273 06a7 9B4E9339 		.ascii	"\233N\2239\031\342_\223j0\002\023\216\215R\343\305Q"
 273      19E25F93 
 273      6A300213 
 273      8E8D52E3 
 273      C551
 274 06b9 6A79DCF2 		.ascii	"jy\334\362\270(\265g\354\322\270\350\350(\265G\354\262"
 274      B828B567 
 274      ECD2B8E8 
 274      E828B547 
 274      ECB2
 275 06cb 1571D16A 		.ascii	"\025q\321j\371\222\330\250h5I\364\"\245\264Jk\346\014"
 275      F992D8A8 
 275      683549F4 
 275      22A5B44A 
 275      6BE60C
 276 06de 46E2DBA0 		.ascii	"F\342\333\240\323\232\337\177\215Z&2J\352(9\336\364"
 276      D39ADF7F 
 276      8D5A2632 
 276      4AEA2839 
 276      DEF4
 277 06f0 256CCA60 		.ascii	"%l\312`L6\352\364Z\263\217\003\2415\244\030^\213!\201"
 277      4C36EAF4 
 277      5AB38F03 
 277      A135A418 
 277      5E8B2181 
 278 0704 99E9F405 		.ascii	"\231\351\364\005\231Z\223fLO%\034\177\003\362}\017\352"
 278      995A9366 
 278      4C4F251C 
 278      7F03F27D 
 278      0FEA
ARM GAS  C:\Users\RAKIBU~1\AppData\Local\Temp\cc4IXzPi.s 			page 22


 279              		.text
 280              		.section	.gnu.lto_.symtab.eb29907d,"",%progbits
 281 0000 5F70616C 		.ascii	"_pal_lld_init\000"
 281      5F6C6C64 
 281      5F696E69 
 281      7400
 282 000e 00       		.ascii	"\000"
 283 000f 00       		.ascii	"\000"
 284 0010 00       		.ascii	"\000"
 285 0011 00000000 		.ascii	"\000\000\000\000\000\000\000\000"
 285      00000000 
 286 0019 04010000 		.ascii	"\004\001\000\000"
 287 001d 5F70616C 		.ascii	"_pal_lld_setgroupmode\000"
 287      5F6C6C64 
 287      5F736574 
 287      67726F75 
 287      706D6F64 
 288 0033 00       		.ascii	"\000"
 289 0034 00       		.ascii	"\000"
 290 0035 00       		.ascii	"\000"
 291 0036 00000000 		.ascii	"\000\000\000\000\000\000\000\000"
 291      00000000 
 292 003e 0A010000 		.ascii	"\012\001\000\000"
 293              		.text
 294              		.section	.gnu.lto_.opts,"",%progbits
 295 0000 272D666D 		.ascii	"'-fmath-errno' '-fsigned-zeros' '-ftrapping-math' '"
 295      6174682D 
 295      6572726E 
 295      6F272027 
 295      2D667369 
 296 0033 2D666E6F 		.ascii	"-fno-trapv' '-fno-openmp' '-fno-openacc' '-mcpu=cor"
 296      2D747261 
 296      70762720 
 296      272D666E 
 296      6F2D6F70 
 297 0066 7465782D 		.ascii	"tex-m4' '-mthumb' '-O2' '-fomit-frame-pointer' '-fa"
 297      6D342720 
 297      272D6D74 
 297      68756D62 
 297      2720272D 
 298 0099 6C69676E 		.ascii	"lign-functions=16' '-ffunction-sections' '-fdata-se"
 298      2D66756E 
 298      6374696F 
 298      6E733D31 
 298      36272027 
 299 00cc 6374696F 		.ascii	"ctions' '-fno-common' '-flto'\000"
 299      6E732720 
 299      272D666E 
 299      6F2D636F 
 299      6D6D6F6E 
 300              		.text
 301              		.comm	__gnu_lto_v1,1,1
 302              		.comm	__gnu_lto_slim,1,1
 303              		.ident	"GCC: (GNU Tools for Arm Embedded Processors 7-2017-q4-major) 7.2.1 20170904 (release) [ARM
ARM GAS  C:\Users\RAKIBU~1\AppData\Local\Temp\cc4IXzPi.s 			page 23


DEFINED SYMBOLS
                            *ABS*:00000000 hal_pal_lld.c
                            *COM*:00000001 __gnu_lto_v1
                            *COM*:00000001 __gnu_lto_slim

NO UNDEFINED SYMBOLS
