ARM GAS  C:\Users\RAKIBU~1\AppData\Local\Temp\ccgipF7f.s 			page 1


   1              		.cpu cortex-m4
   2              		.eabi_attribute 20, 1
   3              		.eabi_attribute 21, 1
   4              		.eabi_attribute 23, 3
   5              		.eabi_attribute 24, 1
   6              		.eabi_attribute 25, 1
   7              		.eabi_attribute 26, 1
   8              		.eabi_attribute 30, 2
   9              		.eabi_attribute 34, 1
  10              		.eabi_attribute 18, 4
  11              		.file	"hal_pal.c"
  12              		.section	.gnu.lto_.profile.eb29b82d,"",%progbits
  13 0000 789C6363 		.ascii	"x\234cc```\001bF\006\015\031\000\000\344\000P"
  13      60606001 
  13      6246060D 
  13      190000E4 
  13      0050
  14              		.text
  15              		.section	.gnu.lto_.icf.eb29b82d,"",%progbits
  16 0000 789C6363 		.ascii	"x\234cc``\020a@\000f\206y\373\236\335gb\\1s\326t~\246"
  16      60601061 
  16      40006686 
  16      79FB9EDD 
  16      67625C31 
  17 0019 D7AFB65E 		.ascii	"\327\257\266^\343e\000\000`\334\0112"
  17      E3650000 
  17      60DC0932 
  18              		.text
  19              		.section	.gnu.lto_.jmpfuncs.eb29b82d,"",%progbits
  20 0000 789C6363 		.ascii	"x\234cc``hf@\000f\006FF\306\3729@\212\211\221\221\031"
  20      60606866 
  20      40006606 
  20      4646C6FA 
  20      39408A89 
  21 0017 C4006246 		.ascii	"\304\000bF&\030\207q\0163\023\033\003\003\343\001\026"
  21      26188771 
  21      0E33131B 
  21      0303E301 
  21      16
  22 0028 460620FE 		.ascii	"F\006 \376\017\004\374\014h|F\306)\314\214\323Z\017"
  22      0F04FC0C 
  22      687C46C6 
  22      29CC8CD3 
  22      5A0F
  23 003a 9D67EF66 		.ascii	"\235g\357f\006\352ed`\334\314(\003\024z\275g\303\015"
  23      06EA6564 
  23      60DCCC28 
  23      03147ABD 
  23      67C30D
  24 004d 56881044 		.ascii	"V\210\020D\335\026F\031\246JF\014\323\000\214y&%"
  24      DD164619 
  24      A64A460C 
  24      D3008C79 
  24      2625
  25              		.text
  26              		.section	.gnu.lto_.inline.eb29b82d,"",%progbits
  27 0000 789C6363 		.ascii	"x\234cc``\370\316\200\000\314\014\014\234\034\214\314"
ARM GAS  C:\Users\RAKIBU~1\AppData\Local\Temp\ccgipF7f.s 			page 2


  27      6060F8CE 
  27      8000CC0C 
  27      0C9C1C8C 
  27      CC
  28 0011 0C0A8C20 		.ascii	"\014\012\214 &\210t\000\223\012\034l\037\364\030\330"
  28      26887400 
  28      930A1C6C 
  28      1FF418D8 
  29 0021 16C83331 		.ascii	"\026\310310\276`g\201\220 \202\003\314\344\000\021\002"
  29      30BE6067 
  29      81902082 
  29      03CCE400 
  29      1102
  30 0033 60A600C8 		.ascii	"`\246\000\310\030F\006>^F\026F\240N\210!\012HF1p3]\340"
  30      1846063E 
  30      5E461646 
  30      A04E8821 
  30      0A484631 
  31 004b 87180564 		.ascii	"\207\030\005d\240\030\302\262@\236\007j\022\363\016"
  31      A018C2B2 
  31      409E076A 
  31      12F30E
  32 005a 710106A0 		.ascii	"q\001\006\240\2352 \276\002X^\001d2\023\003\2670\212"
  32      9D3220BE 
  32      02585E01 
  32      64321303 
  32      B7308A
  33 006d FBA04673 		.ascii	"\373\240Fs\002\345\210s\036\320R\011\220I,\274@\357"
  33      02E58873 
  33      1ED05209 
  33      90492CBC 
  33      40EF
  34 007f 4EF00341 		.ascii	"N\360\003A\006\000\373F \246"
  34      0600FB46 
  34      20A6
  35              		.text
  36              		.section	.gnu.lto_.pureconst.eb29b82d,"",%progbits
  37 0000 789C6363 		.ascii	"x\234cc```\007bf\006)F)&I\000\001\274\000a"
  37      60606007 
  37      62660629 
  37      46292649 
  37      0001BC00 
  38              		.text
  39              		.section	.gnu.lto_palReadBus.eb29b82d,"",%progbits
  40 0000 789C9591 		.ascii	"x\234\225\221MK[Q\020\206\347\275ssr\323\032\377\200"
  40      4D4B5B51 
  40      1086E7BD 
  40      737372D3 
  40      1AFF80
  41 0013 2EB2904A 		.ascii	".\262\220J\240\344\226\366?\3707\212f\243 (\206Bw\236"
  41      A0E496F6 
  41      3FF8378A 
  41      66A32028 
  41      8642779E 
  42 0027 C48F5AB4 		.ascii	"\304\217Z\264 \342\007\204\253d\241\024\012\242b\332"
  42      20E20784 
  42      AB64A114 
ARM GAS  C:\Users\RAKIBU~1\AppData\Local\Temp\ccgipF7f.s 			page 3


  42      0AA262DA 
  43 0037 B4A9DADB 		.ascii	"\264\251\332\333\024\334\331V\027\242\340\252]\265\024"
  43      14DCD956 
  43      17A2E0AA 
  43      5DB514
  44 0046 A9A5CB62 		.ascii	"\251\245\313b;s\242\220E7\302\275sf\316\231y\346\235"
  44      3B73A290 
  44      4537C2BD 
  44      7366CE99 
  44      79E69D
  45 0059 730C113D 		.ascii	"s\014\021=\366\210\356\312\332!?\230\340\315~$*\006"
  45      F688EECA 
  45      DA213F98 
  45      E0CD7E24 
  45      2A06
  46 006b 1EA08E0D 		.ascii	"\036\240\216\015@\243\036F1\303\363\214\303\361\315"
  46      40A31E46 
  46      31C3F38C 
  46      C3F1CD
  47 007a 88A73992 		.ascii	"\210\2479\2224_\302\213\203\362\327v\015\201\214\204"
  47      345FC28B 
  47      83F2D776 
  47      0D818C84 
  48 008a 3FCEF7AB 		.ascii	"?\316\367\253m\331\347\326\226l\2744gV\252\237m*b\217"
  48      6DD9E7D6 
  48      966CBC34 
  48      6756AA9F 
  48      6D2A628F 
  49 009e 1625BD8A 		.ascii	"\026%\275\212Nl\243S{\274DV\222'\016\227&\231\263 \361"
  49      4E6CA353 
  49      7BBC4456 
  49      92270E97 
  49      2699B320 
  50 00b3 4F7FBE38 		.ascii	"O\177\2768k\357^s\205\277W\331vE\314x\005n-\224-B\015"
  50      6BEF5E73 
  50      85BF57D9 
  50      7645CC78 
  50      056E2D94 
  51 00ca DD9AFF65 		.ascii	"\335\232\377e\353r!m\374\012\223\262\005\371\032\206"
  51      EB72216D 
  51      FC0A93B2 
  51      05F91A86 
  52 00da 20CEC651 		.ascii	" \316\306Q\"\266\227\177\237\330\370l\015\313=)O\312"
  52      22B6977F 
  52      9FD8F86C 
  52      0DCB3D29 
  52      4FCA
  53 00ec 7C1693F0 		.ascii	"|\026\223\360\305\230\204zFM\022\312\012H\345\321\224"
  53      C598847A 
  53      464D12CA 
  53      0A48E5D1 
  53      94
  54 00fd 3064561B 		.ascii	"0dV\033\323S\011\305\033\213\351;J\365o\317>\030E\227"
  54      D35309C5 
  54      1B8BE93B 
  54      4AF56FCF 
  54      3E184597 
ARM GAS  C:\Users\RAKIBU~1\AppData\Local\Temp\ccgipF7f.s 			page 4


  55 0111 D993A68B 		.ascii	"\331\223\246\213\023\215OI\035\226\235\346\235\306\301"
  55      138D4F49 
  55      1D969DE6 
  55      9DC6C1
  56 0120 BEA960A5 		.ascii	"\276\251`\245h\255\315D\234,s\022ot@\275\227\351\271"
  56      68ADCD44 
  56      9C2C7312 
  56      6F7440BD 
  56      97E9B9
  57 0133 1384EB76 		.ascii	"\023\204\353v\326\035\005\250\243\202\005\025Jx\213"
  57      D61D05A8 
  57      A3820515 
  57      4A788B
  58 0142 50D88D7A 		.ascii	"P\330\215z\252\011\346Vp\352\177\340[\322\035;W\340"
  58      AA09E656 
  58      70EA7FE0 
  58      5BD21D3B 
  58      57E0
  59 0154 E35ABD96 		.ascii	"\343Z\275\226\026\360xQ\217nc\327\201ur\3549p\351\032"
  59      16F07851 
  59      8F6E63D7 
  59      817572EC 
  59      3970E91A 
  60 0168 ECDF4862 		.ascii	"\354\337Hb\033\3369\222\247\244\330\221\306~M\242\211"
  60      1BDE3992 
  60      A7A4D891 
  60      C67E4DA2 
  60      89
  61 0179 4A884C01 		.ascii	"J\210L\001\266\322\315\215\350i\274wt\367T\215&\375"
  61      B6D2CD8D 
  61      E869BC77 
  61      74F7548D 
  61      26FD
  62 018b CF353D70 		.ascii	"\3175=p\015\014\235\243\224\271\332\321\213\232\222"
  62      0D0C9DA3 
  62      94B9DAD1 
  62      8B9A92
  63 019a A9E42544 		.ascii	"\251\344%D\320\235\\.\224/\337?\32070T\270\177\357A"
  63      D09D5C2E 
  63      942FDF3F 
  63      D0373054 
  63      B87FEF41 
  64 01ae 385408FB 		.ascii	"8T\010\373{\007\303\302H^\327\207\303\275\203\271<q"
  64      7B07C3C2 
  64      485ED787 
  64      C3BD83B9 
  64      3C71
  65 01c0 DFA3C23F 		.ascii	"\337\243\302?+K\317\224"
  65      2B4BCF94 
  66              		.text
  67              		.section	.gnu.lto_palWriteBus.eb29b82d,"",%progbits
  68 0000 789C9552 		.ascii	"x\234\225R\337KTQ\020>\337\235\273w\177\270\273\332"
  68      DF4B5451 
  68      103EDF9D 
  68      BB777FB8 
  68      BBDA
  69 0012 5BA00F3E 		.ascii	"[\240\017>d\342C\336\320?(t_\024\004\243-z\364\356\252"
ARM GAS  C:\Users\RAKIBU~1\AppData\Local\Temp\ccgipF7f.s 			page 5


  69      64E243DE 
  69      D03F2874 
  69      5F1404A3 
  69      2D7AF4EE 
  70 0027 6B618144 		.ascii	"ka\201D\256\260]eQ\322\010\"\243\037\233\273f\267\255"
  70      AEB05D65 
  70      51D20822 
  70      A31F9BBB 
  70      66B7AD
  71 003a B4404B7D 		.ascii	"\264@K}\220\212 (\360!\250\014$z\220\265\231s\335\324"
  71      908A2028 
  71      F021A80C 
  71      247A90B5 
  71      9973DDD4 
  72 004e E8C5C3BD 		.ascii	"\350\305\303\275s\316\314\231\371\346\2333c)\245J\244"
  72      73CECC99 
  72      F9E69B33 
  72      6329A54A 
  72      A4
  73 005f 543BEFF5 		.ascii	"T;\357\365\374\203\024\214\2217J\245B\006 \007'\004"
  73      FC83148C 
  73      91374AA5 
  73      42062007 
  73      2704
  74 0071 D567A00F 		.ascii	"\325g\240\017W\350:\241<\2649g\264\3148\274\274\261"
  74      57E83AA1 
  74      3CB43967 
  74      B4CC38BC 
  74      BCB1
  75 0083 6D2BE30C 		.ascii	"m+\343\014\036w9<\313\277,\334G\013{\255\015\314\272"
  75      1E77393C 
  75      CBBF2CDC 
  75      470B7BAD 
  75      0DCCBA
  76 0096 344C2E01 		.ascii	"4L.\001&\253?Wr_\342\242\032hdupm,C\324\002\305\347"
  76      26AB3F57 
  76      725FE2A2 
  76      1A686475 
  76      706D2C43 
  77 00ae F75BB73F 		.ascii	"\367[\267?\306\233o:N\332\361v\246\3109\341\022\341"
  77      C69B6F3A 
  77      4EDAF176 
  77      A6C839E1 
  77      12E1
  78 00c0 118801F1 		.ascii	"\021\210\001\361\020\015x\200\006\305&\205\002\232\331"
  78      100D7880 
  78      06C52685 
  78      029AD9
  79 00cf 7DBC32B9 		.ascii	"}\2742\271TC\247t\350\364\202\233\330\213\\\236\326"
  79      5443A774 
  79      E8F4829B 
  79      D88B5C9E 
  79      D6
  80 00e0 91261EFF 		.ascii	"\221&\036\377\033i*\314\241Y\334?\337\253\214\306,3"
  80      1B692ACC 
  80      A159DC3F 
  80      DFAB8CC6 
ARM GAS  C:\Users\RAKIBU~1\AppData\Local\Temp\ccgipF7f.s 			page 6


  80      2C33
  81 00f2 5F658B22 		.ascii	"_e\213\",\010\203\325\331\3418\265i\310\017\253\323"
  81      2C0883D5 
  81      D9E138B5 
  81      69C80FAB 
  81      D3
  82 0103 33B1A629 		.ascii	"3\261\246)\215\371\353\206\225s\274\201F\227\002(\035"
  82      8DF9EB86 
  82      9573BC81 
  82      46970228 
  82      1D
  83 0114 8695B58F 		.ascii	"\206\225\265\217\210y4i4\306|\302\230\274\211\351\356"
  83      88793469 
  83      34C67CC2 
  83      98BC89E9 
  83      EE
  84 0125 7AC0732A 		.ascii	"z\300s*\273C\216\267Q\377c\373\323\261Z@\250\030L\312"
  84      BB438EB7 
  84      51FF63FB 
  84      D3B15A40 
  84      A8184CCA 
  85 0139 2211A688 		.ascii	"\"\021\246\210\000\213\240%\"(jHDXD\204E(\012\251;\246"
  85      008BA025 
  85      22286A48 
  85      44584484 
  85      45280AA9 
  86 014f 740A7589 		.ascii	"t\012u\211isG\034O]&CN\375\236\372\212t%\363\255\020"
  86      6973471C 
  86      4F5D2643 
  86      4EFD9EFA 
  86      8A7425F3 
  87 0165 95CC3932 		.ascii	"\225\31492r\0041\025\303\276.\035\313\016\226\337\006"
  87      72043115 
  87      C3BE2E1D 
  87      CB0E96DF 
  87      06
  88 0176 E5F14997 		.ascii	"\345\361I\2278_^Y\264\362\230Hq\007\271\266p\216\242"
  88      385F5E59 
  88      B4F29848 
  88      7107B9B6 
  88      708EA2
  89 0189 58909AA4 		.ascii	"X\220\232\244O\303\327\336\301\276\343\214\350\253\010"
  89      4FC3D7DE 
  89      C1BEE38C 
  89      E8AB08
  90 0198 9E228F51 		.ascii	"\236\"\217Q\335Yx\260\031\270\177'\003\037\331\324\311"
  90      DD5978B0 
  90      19B87F27 
  90      031FD9D4 
  90      C9
  91 01a9 E860B2C0 		.ascii	"\350`\262\300\221\320k\360L\243C\320\313>z\266\212\276"
  91      91D06BF0 
  91      4CA343D0 
  91      CB3E7AB6 
  91      8ABE
  92 01bb 87B6BEB5 		.ascii	"\207\266\276\265<^#\324\203\250\303s\206a\237\255\252"
  92      3C5E23D4 
ARM GAS  C:\Users\RAKIBU~1\AppData\Local\Temp\ccgipF7f.s 			page 7


  92      83A8C373 
  92      86619FAD 
  92      AA
  93 01cc 4F5093B0 		.ascii	"OP\223\260\016\261\012q\375>\253}\277\2606\007\304\366"
  93      0EB10A71 
  93      FD3EAB7D 
  93      BFB03607 
  93      C4F6
  94 01de BB6A8BE9 		.ascii	"\273j\213\351\360\260\332D\272Q\367\214\337\227\255"
  94      F0B0DA44 
  94      BA51F78C 
  94      DF97AD
  95 01ed 07AB891C 		.ascii	"\007\253\211\034\251\232(^\350j\014\251\346\245\256"
  95      A99A285E 
  95      E86A0CA9 
  95      E6A5AE
  96 01fc A69CD548 		.ascii	"\246\234\325H\007;\020\373_\007\342\234\013\213{\250"
  96      073B10FB 
  96      5F07E29C 
  96      0B8B7BA8 
  97 020c 1B856221 		.ascii	"\033\205b!\306\250\003)\271\252\305\222F%\177\336J\023"
  97      C6A80329 
  97      B9AAC592 
  97      46257FDE 
  97      4A13
  98 021e 93B7F0F7 		.ascii	"\223\267\360\367\262\016\257`\217\362\200s\306\327\260"
  98      B20EAF60 
  98      8FF28073 
  98      C6D7B0
  99 022d 85FE77A4 		.ascii	"\205\376w\244\363\273W\341\317\242\222\201\201\214\011"
  99      F3BB57E1 
  99      CFA29281 
  99      818C09
 100 023c 933AD9DA 		.ascii	"\223:\331\332j\363\227\350\352\356\354\356M\266\235"
 100      6AF397E8 
 100      EAEEECEE 
 100      4DB69D
 101 024b 6EB77B93 		.ascii	"n\267{\223vWG\217\235<\227\220\375\314\331\216\236\326"
 101      7657478F 
 101      9D3C9790 
 101      FDCCD98E 
 101      9ED6
 102 025d 84A2CE0B 		.ascii	"\204\242\316\013I\263\263\373|\022\027\377\000w\255"
 102      49B3B3FB 
 102      7C1217FF 
 102      0077AD
 103 026c 2E16     		.ascii	".\026"
 104              		.text
 105              		.section	.gnu.lto_palSetBusMode.eb29b82d,"",%progbits
 106 0000 789C9592 		.ascii	"x\234\225\222MOSA\024\206\317;\347\366\336\026\204\265"
 106      4D4F5341 
 106      1486CF3B 
 106      E7F6DE16 
 106      84B5
 107 0012 892CBA30 		.ascii	"\211,\27206]\330\253\362#\374\031\004\252\011\020H\211"
 107      365DD8AB 
 107      F223FC19 
ARM GAS  C:\Users\RAKIBU~1\AppData\Local\Temp\ccgipF7f.s 			page 8


 107      04AA0910 
 107      4889
 108 0024 8DEB0E85 		.ascii	"\215\353\016\205\026\014&\022\201\222\324\033\323\205"
 108      160C2612 
 108      8192D41B 
 108      D385
 109 0032 D5C4C428 		.ascii	"\325\304\304(\001\221\002\352\265\013W|\004V\020\320"
 109      019102EA 
 109      B50B577C 
 109      045610D0 
 110 0042 8526269A 		.ascii	"\205&&\232J l\345\343\314\200\013\3351\2713s\346\316"
 110      4A206CE5 
 110      E3CC800B 
 110      DD31B933 
 110      73E6CE
 111 0055 799F79E7 		.ascii	"y\237y\347d\\\"\352UD7e\276\"\035LP\343kD\203Q\005\230"
 111      645C22EA 
 111      55443765 
 111      BE221D4C 
 111      50E36B44 
 112 006d 40474139 		.ascii	"@GA9\205\034\036\362$\243>\362\243\246\222/\264\264"
 112      851C1EF2 
 112      24A33EF2 
 112      A3A6922F 
 112      B4B4
 113 007f 707AD32B 		.ascii	"pz\323+\352\302\345\200\211J\322M\303,\222\222\2651"
 113      EAC2E580 
 113      894AD24D 
 113      C32C9292 
 113      B531
 114 0091 FC26E031 		.ascii	"\374&\3401\016\030pdy\260Z\376\336j\226\012qY\0266\246"
 114      0E187064 
 114      79B05AFE 
 114      DE6A960A 
 114      71591636 
 115 00a6 8BCC4990 		.ascii	"\213\314I\220\304\333\373/w[\023U\255\363:\\y\306\372"
 115      C4DBFB2F 
 115      775B1355 
 115      ADF33A5C 
 115      79C6FA
 116 00b9 6AC08C79 		.ascii	"j\300\214y\260\000\361\026m\230C\033\311/\302;$$\375"
 116      B000F116 
 116      6D98431B 
 116      C92FC23B 
 116      2424FD
 117 00cc 70B63AD1 		.ascii	"p\266:\321\314\327\255\364\353\336\334\223\246s\351"
 117      CCD7ADF4 
 117      EBDEDC93 
 117      A673E9
 118 00db 9FAA953A 		.ascii	"\237\252\225:X\370_\352\020jH\230\374o3\307S-\256S\371"
 118      58F85FEA 
 118      106A4898 
 118      FC6F33C7 
 118      532DAE53 
 119 00f0 6B178B70 		.ascii	"k\027\213p\011\022\274\336\214\204\372\370dD\207\215"
 119      0912BCDE 
 119      8C84FAF8 
ARM GAS  C:\Users\RAKIBU~1\AppData\Local\Temp\ccgipF7f.s 			page 9


 119      6444878D 
 120 0100 E7F8723B 		.ascii	"\347\370r;\246D\026a\031\\G\006/b\"\027\306\201\007"
 120      A6441661 
 120      195C4706 
 120      2F622217 
 120      C68107
 121 0113 0BA351D1 		.ascii	"\013\243Q\321KmtH\017X\231h(\244_\310/\376\374\2356"
 121      4B6D7448 
 121      0F589968 
 121      28A45FC8 
 121      2FFEFC9D 
 122 0128 D4322B39 		.ascii	"\3242+9\257T\250\257{\346\326l\355.\327W?\273\025<\035"
 122      AF54A8AF 
 122      7BE6D66C 
 122      ED2ED757 
 122      3FBB153C 
 123 013d 94D2C503 		.ascii	"\224\322\305\003\216\226\331\305\222X4{\007c\217\267"
 123      8E96D9C5 
 123      9258347B 
 123      07638FB7 
 124 014d E0BFD2E3 		.ascii	"\340\277\322\343v+\206eT0eK\212\367\360-:v\006\346\013"
 124      762B8665 
 124      5430654B 
 124      8AF7F02D 
 124      3A7606E6 
 125 0162 919AF0C1 		.ascii	"\221\232\360\301\222\314-\361\361_\222s!R3BKR\206\364"
 125      92CC2DF1 
 125      F15F9273 
 125      21523342 
 125      4B5286F4 
 126 0176 C99286F6 		.ascii	"\311\222\206\366\2138CE\304\227\000\251\201b\334VU\344"
 126      8B384345 
 126      C49700A9 
 126      8162DC56 
 126      55E4
 127 0188 B55A63C7 		.ascii	"\265Zc\307\313\035\351h\300\227J\306\000\352\310\221"
 127      CB1DE968 
 127      C0974AC6 
 127      00EAC891 
 128 0198 54C6A67B 		.ascii	"T\306\246{\001\267\320\036\362\225\245G\226a\037\317"
 128      01B7D01E 
 128      F295A547 
 128      96611FCF 
 129 01a8 A8A4492D 		.ascii	"\250\244I-\345\210k\251\224/_\272\273\247\253'\223\275"
 129      E5886BA9 
 129      942F5FBA 
 129      BBA7AB27 
 129      93BD
 130 01ba 75A3DDCF 		.ascii	"u\243\335\317d\375\356\316>?{/m\346\216\201\316\276"
 130      64FDEECE 
 130      3E3F7B2F 
 130      6DE68E81 
 130      CEBE
 131 01cc 549AB8EB 		.ascii	"T\232\270\353~\326\351\317\334\271{\012\376m\315\234"
 131      7ED6E9CF 
 131      DCB97B0A 
 131      FE6DCD9C 
ARM GAS  C:\Users\RAKIBU~1\AppData\Local\Temp\ccgipF7f.s 			page 10


 132              		.text
 133              		.section	.gnu.lto_.symbol_nodes.eb29b82d,"",%progbits
 134 0000 789C6363 		.ascii	"x\234cc``\010\004b\006\246\007L\365\014\014\023\316"
 134      60600804 
 134      6206A607 
 134      4CF50C0C 
 134      13CE
 135 0012 313000A9 		.ascii	"10\000\251]\015\216@\221\207L\365\214\250\"\217\230"
 135      5D0D8E40 
 135      91874CF5 
 135      8CA8228F 
 135      98
 136 0023 EA995044 		.ascii	"\352\231PD\030\2372\3253\203E\030\030\032\032\034\030"
 136      189F32D5 
 136      33834518 
 136      181A1A1C 
 136      18
 137 0034 18989998 		.ascii	"\030\230\231\230\031\226<\374\307\310\000\000w\376\025"
 137      19963CFC 
 137      C7C80000 
 137      77FE15
 138 0043 23       		.ascii	"#"
 139              		.text
 140              		.section	.gnu.lto_.refs.eb29b82d,"",%progbits
 141 0000 789C6363 		.ascii	"x\234cc```\004b\006\000\000D\000\010"
 141      60606004 
 141      62060000 
 141      440008
 142              		.text
 143              		.section	.gnu.lto_.decls.eb29b82d,"",%progbits
 144 0000 789CAD58 		.ascii	"x\234\255X{P\024G\032\237\236\336\205eX\300\003\357"
 144      7B501447 
 144      1A9F9EDE 
 144      856558C0 
 144      03EF
 145 0012 CABB5016 		.ascii	"\312\273P\026\225\240\356\345\022@\270K\254\253\344"
 145      95A0EEE5 
 145      1240B84B 
 145      ACABE4
 146 0021 2A317A49 		.ascii	"*1zI\356\364\2600\271\224u\334m\010\254\221:`=v\271"
 146      EEF4B030 
 146      B99475DC 
 146      6D08AC91 
 146      3A603D76 
 147 0036 BAFC7503 		.ascii	"\272\374u\003\213\212o1>A\003\212\242(\242&\210 \362"
 147      8B8A6F31 
 147      3E41038A 
 147      A228A226 
 147      8820F2
 148 0049 707D8010 		.ascii	"p}\200\020\024QQ\214\017|\340[\302\303 /\341\276\356"
 148      1451518C 
 148      0F7CE05B 
 148      C2C3202F 
 148      E1BEEE
 149 005c 9ED91956 		.ascii	"\236\331\031V&&W\231\242\267\247{\276\376~\277\357\327"
 149      26265799 
 149      A2B7A77B 
ARM GAS  C:\Users\RAKIBU~1\AppData\Local\Temp\ccgipF7f.s 			page 11


 149      BEFE7EBF 
 149      EFD7
 150 006e 5F77CFE0 		.ascii	"_w\317\340\301q\334\203\000\216\233\2019.\027q\3340"
 150      C171DC83 
 150      008E9B81 
 150      392E1771 
 150      DC30
 151 0080 5C3AE83B 		.ascii	"\\:\350;\002\005\272\2701\320\347\204\332\037jr\221"
 151      0205BAB8 
 151      31D0E784 
 151      DA1F6A72 
 151      91
 152 0091 67BF84FB 		.ascii	"g\277\204\373\361P^\202\362k\251_}E\360\034\347K\306"
 152      F1505E82 
 152      F26BA95F 
 152      7D45F01C 
 152      E74BC6
 153 00a4 4019CBB1 		.ascii	"@\031\313\261\361\304\317\000\324\223\240\314\201\342"
 153      F1C4CF00 
 153      D493A0CC 
 153      81E2
 154 00b2 07ED97A1 		.ascii	"\007\355\227\241\374\006J?\264k\240\274\002\367\257"
 154      FC064A3F 
 154      B46BA0BC 
 154      02F7AF
 155 00c1 2286E109 		.ascii	"\"\206\341\011u;\324\002\324\336P\220\204K\3527\334"
 155      753BD402 
 155      D4DE5090 
 155      844BEA37 
 155      DC
 156 00d2 30DF04BC 		.ascii	"0\337\004\274\237A\375\261\012S\346]\245\302\034\220"
 156      9F41FDB1 
 156      0A53E65D 
 156      A5C21C90 
 157 00e2 7009C62B 		.ascii	"p\011\306+n\370\327%\016z\216\341\021\\\302\341\011"
 157      6EF8D725 
 157      0E7A8EE1 
 157      115CC2E1 
 157      09
 158 00f3 B4AF700C 		.ascii	"\264\257p\014w\274\204\377\266\033\376\273R\274\356"
 158      77BC84FF 
 158      B61BFEBB 
 158      52BCEE
 159 0102 F8FE1A31 		.ascii	"\370\376\0321\313\370S\241\230\020\323\331\023)\270"
 159      CBF853A1 
 159      9810D3D9 
 159      1329B8
 160 0111 E0CEA52D 		.ascii	"\340\316\245-\201\372\223\033\336\032\214\316\244\357"
 160      81FA931B 
 160      DE1A8CCE 
 160      A4EF
 161 011f DB849762 		.ascii	"\333\204\227b\344/ \0354;\033\262n\372Bs\254\200\202"
 161      E42F201D 
 161      343B1BB2 
 161      6EFA4273 
 161      AC8082
 162 0132 A09955FE 		.ascii	"\240\231U\376\270N\317\236\032\2409\234\277o\261\001"
ARM GAS  C:\Users\RAKIBU~1\AppData\Local\Temp\ccgipF7f.s 			page 12


 162      B84ECF9E 
 162      1AA0399C 
 162      BF6FB101 
 163 0142 F3880CBC 		.ascii	"\363\210\014\274R[\260\233\014\234$ 2\325~\320\265\367"
 163      525BB09B 
 163      0C9C2420 
 163      32D57ED0 
 163      B5F7
 164 0154 61599F0F 		.ascii	"aY\237\017\353\"\026G\312{\0071\366\244\367\367\332"
 164      EB221647 
 164      CA7B0731 
 164      F6A4F7F7 
 164      DA
 165 0165 8E078614 		.ascii	"\216\007\206\024\212\3542\374\235Ce\010\313\024\232"
 165      8AEC32FC 
 165      9D436508 
 165      CB149A
 166 0174 56766DF3 		.ascii	"Vvm\363\304\257\021;\376Z\313\300e_$\2302D1M\314u\210"
 166      C4AF113B 
 166      FE5ACBC0 
 166      655F2498 
 166      3244314D 
 167 018b 5EEF71A8 		.ascii	"^\357q\250\030\005\242\257P \207*\220\211\370>\204B"
 167      1805A2AF 
 167      5020872A 
 167      9089F83E 
 167      8442
 168 019d 38540A9D 		.ascii	"8T\012\235\007\2413\2378\254>\275\341\017\033\273D1"
 168      07A1339F 
 168      38AC3EBD 
 168      E10F1BBB 
 168      4431
 169 01af 081D4602 		.ascii	"\010\035F\002*G\230\332@\314\223\004\006Q\260-s\253"
 169      2A4798DA 
 169      40CC9304 
 169      0651B02D 
 169      73AB
 170 01c1 07DE8928 		.ascii	"\007\336\211(Fyv\333q^\013\243Z\033\243\350\305\023"
 170      467976DB 
 170      715E0BA3 
 170      5A1BA3E8 
 170      C513
 171 01d3 0B449147 		.ascii	"\013D\221GU\200Q\251`\000$\003I?\326\223\351\203\227"
 171      558051A9 
 171      60002403 
 171      493FD693 
 171      E98397
 172 01e6 5379F8DB 		.ascii	"Sy\370\333}\351\305\336Z G5A.\324\233J\317\221@\234"
 172      7DE9C5DE 
 172      5A204735 
 172      412ED49B 
 172      4ACF9140 
 173 01fb 00724401 		.ascii	"\000rD\001\251\222A\316wv\255\363\305\027\331\034\310"
 173      A99241CE 
 173      7776ADF3 
 173      C517D91C 
 173      C8
ARM GAS  C:\Users\RAKIBU~1\AppData\Local\Temp\ccgipF7f.s 			page 13


 174 020c B3E5CF66 		.ascii	"\263\345\317fk\337\360\232V\037|\215=\333\320\264\177"
 174      6BDFF09A 
 174      561F7C8D 
 174      3DDBD0B4 
 174      7F
 175 021d BA00E88E 		.ascii	"\272\000\350\216\037\024\"\014hOok\365f\316\306A\363"
 175      1F14220C 
 175      684F6F6B 
 175      F566CEC6 
 175      41F3
 176 022f 465A71AD 		.ascii	"FZq\255\017\276\305\234-_\343t\352\360}\326\310\333"
 176      0FBEC59C 
 176      2D5FE374 
 176      EAF07DD6 
 176      C8DB
 177 0241 98B9488F 		.ascii	"\230\271H\217\277e\215\202\325\253\366\011\270\2235"
 177      BF658D82 
 177      D5ABF609 
 177      B89335
 178 0250 9A3ABEDE 		.ascii	"\232:\276\336\354\315\262g\0144\217\017?\251\366c\036"
 178      ECCDB267 
 178      0C348F0F 
 178      3FA9F663 
 178      1E
 179 0261 79C268D7 		.ascii	"y\302h\327\205~/\334\315L\267\367\017t\220\364\231H"
 179      857E2FDC 
 179      CD4CB7F7 
 179      0F7490F4 
 179      9948
 180 0273 D207AB92 		.ascii	"\322\007\253\222g\"K\236\252\372\223\371F\334\307\304"
 180      67224B9E 
 180      AAFA93F9 
 180      46DCC7C4 
 181 0283 2CCA1A1C 		.ascii	",\312\032\034\364\223\305\\\345\020\365&\0165\000\363"
 181      F493C55C 
 181      E510F526 
 181      0E3500F3 
 182 0293 53249C73 		.ascii	"S$\234s\020\316D)\2343\320\331\250\312\212\211\353\027"
 182      10CE4429 
 182      9C33D0D9 
 182      A8CA8A89 
 182      EB17
 183 02a5 91193B0B 		.ascii	"\221\031;\013b6)bN\224\264\254\314\374\346\266\200\323"
 183      62362962 
 183      4E94B4AC 
 183      CCFCE6B6 
 183      80D3
 184 02b7 31C5486B 		.ascii	"1\305Hk\\\333\255\211qA\033\243(\374\030\315\212f\300"
 184      5CDBAD89 
 184      71411BA3 
 184      28FC18CD 
 184      8A66C0
 185 02ca 38AF609C 		.ascii	"8\257`\234\225',\255w\353a\003^NAt=;\0174\373\242\200"
 185      95272CAD 
 185      77EB6103 
 185      5E4E4174 
 185      3D3B0F34 
ARM GAS  C:\Users\RAKIBU~1\AppData\Local\Temp\ccgipF7f.s 			page 14


 186 02e1 E0605326 		.ascii	"\340`S&\031\275\012\012\342\225\251\341P\013\012 \036"
 186      19BD0A0A 
 186      E295A9E1 
 186      500B0A20 
 186      1E
 187 02f2 D06500BC 		.ascii	"\320e\000\274\204\202\3217(\230.\223\255\204U\365\351"
 187      8482D137 
 187      28982E93 
 187      AD8455F5 
 187      E9
 188 0303 FB61D95D 		.ascii	"\373a\331]\267Dq\211\221\302]\00482\300E3\224\270\230"
 188      B7447189 
 188      91C25D04 
 188      3832C045 
 188      3394B898 
 189 0317 1CE8B2BF 		.ascii	"\034\350\262\277\377\302F\261:\015S\343\323\243\032"
 189      FFC246B1 
 189      3A0D53E3 
 189      D3A31A
 190 0326 37105429 		.ascii	"7\020T)\224\253\331\002\254Mb\304IQ\260\005\252\253"
 190      94ABD902 
 190      AC4D62C4 
 190      4951B005 
 190      AAAB
 191 0338 713E2816 		.ascii	"q>(\026Pp\360X\023s\333\234\355\237\347\020k\303\350"
 191      5070F058 
 191      1373DB9C 
 191      ED9FE710 
 191      6BC3E8
 192 034b 4AA807BF 		.ascii	"J\250\007\277\327\320X%\275F\220\000\267=\331\276\251"
 192      D7D05825 
 192      BD469000 
 192      B73DD9BE 
 192      A9
 193 035c 940541FF 		.ascii	"\224\005A\377Z\333z5\261\206\\\025\221N\255\010\261"
 193      5ADB7A35 
 193      B1865C15 
 193      914EAD08 
 193      B1
 194 036d 268AB482 		.ascii	"&\212\264\202\"W@\221\253\222\"\214\363\251\354q\251"
 194      22574091 
 194      AB92228C 
 194      F3A9EC71 
 194      A9
 195 037e 3082588D 		.ascii	"0\202X\215$\215\032\016\255.\366\032\013NS\265\235r"
 195      248D1A0E 
 195      AD2EF61A 
 195      0B4E53B5 
 195      9D72
 196 0390 233CAA12 		.ascii	"#<\252\022\330\237%p\372\321\363\007\214\370\024\235"
 196      D89F2570 
 196      FAD1F307 
 196      8CF8149D 
 197 03a0 3BD456BF 		.ascii	";\324V\2777\315\200\233X\343\213\206\242z=nf\215\362"
 197      37CD809B 
 197      58E38B86 
 197      A27A3D6E 
ARM GAS  C:\Users\RAKIBU~1\AppData\Local\Temp\ccgipF7f.s 			page 15


 197      668DF2
 198 03b3 DD454D3C 		.ascii	"\335EM<\276\314\032\205e\035K\021\276\305\032\235\213"
 198      BECC1A85 
 198      651D4B11 
 198      BEC51A9D 
 198      8B
 199 03c4 F6DAF103 		.ascii	"\366\332\361\003v\237\335}\345\236\027\363m\202\346"
 199      769FDD7D 
 199      E59E17F3 
 199      6D82E6
 200 03d3 CAC69C6F 		.ascii	"\312\306\234o\014l\255T\223\325\321\273\345\326j\036"
 200      0C6CAD54 
 200      93D5D1BB 
 200      E5D66A1E 
 201 03e3 77525BE3 		.ascii	"wR[\343\262F\307i=(\016W@\260\211T[\305t\207X};KR\276"
 201      B246C769 
 201      3D280E57 
 201      40B08954 
 201      5BC57487 
 202 03fd 0694BF03 		.ascii	"\006\224\277\003Zv\202\246#\265,FLzb\356|!K\254\206"
 202      5A7682A6 
 202      23B52C46 
 202      4C7A62EE 
 202      7C214BAC 
 203 0412 FC26D637 		.ascii	"\374&\3267\335\255o w\363\376_)\346\267F7\237\254Xw"
 203      DDAD6F20 
 203      77F3FE5F 
 203      29E6B746 
 203      379FAC58 
 204 0427 A9ACDBDC 		.ascii	"\251\254\333\334\255\017<\343\334\031\250\230\237t7"
 204      AD0F3CE3 
 204      DC19A898 
 204      9F7437
 205 0436 AF55992B 		.ascii	"\257U\231++\003\246\354>X\334\243\017;\245\225\321\015"
 205      2B03A6EC 
 205      3E58DCA3 
 205      0F3BA595 
 205      D10D
 206 0448 79F01866 		.ascii	"y\360\030f\355!\224\036(\337Bi\207\362\010\312\023("
 206      ED21941E 
 206      28DF4269 
 206      87F208CA 
 206      1328
 207 045a 1D50BAA0 		.ascii	"\035P\272\240|\347Z9\004\275N\205~\302\035\375\270\022"
 207      7CE75A39 
 207      04BD4E85 
 207      7EC21DFD 
 207      B812
 208 046c 9A945559 		.ascii	"\232\224UY\3764\253:G.\005\346\352\252z\016\356\216"
 208      FE34AB3A 
 208      472E05E6 
 208      EAAA7A0E 
 208      EE8E
 209 047e 3A072A95 		.ascii	":\007*\225\232T\300\017F\007V\253t_%\352\355\321E\225"
 209      9A54C00F 
 209      460756AB 
 209      745F25EA 
ARM GAS  C:\Users\RAKIBU~1\AppData\Local\Temp\ccgipF7f.s 			page 16


 209      EDD14595 
 210 0492 9DC3A21A 		.ascii	"\235\303\242\032\312\026\230\371u\310\347\272\321E\245"
 210      CA1698F9 
 210      75C8E7BA 
 210      D145A5
 211 04a1 E6905FD5 		.ascii	"\346\220_\325\015\275\305z\334\3036\273\312\222\355"
 211      0DBDC57A 
 211      DCC336BB 
 211      CA92ED
 212 04b0 159EC814 		.ascii	"\025\236\310\024 -\374M\036d\341\367\303\340^e\007#"
 212      202DFC4D 
 212      1E64E1F7 
 212      C3E05E65 
 212      0723
 213 04c2 C16BCC06 		.ascii	"\301k\314\006\352\203I\370\177'\004\270l.*\352\304\306"
 213      EA8349F8 
 213      7F2704B8 
 213      6C2E2AEA 
 213      C4C6
 214 04d4 25AEA391 		.ascii	"%\256\243\221B+\253s\000\031%\022`{p\361\206;>\330\241"
 214      422BAB73 
 214      00192512 
 214      607B70F1 
 214      863B3ED8 
 215 04e9 A3BC2FDE 		.ascii	"\243\274/\336\255|\344\211\214&\215\241h\010\270(\243"
 215      AD7CE489 
 215      8C268DA1 
 215      6808B828 
 215      A3
 216 04fa E52335B8 		.ascii	"\345#5\270\274\203\034\251O\341\301\240\022\037\330"
 216      BC831CA9 
 216      4FE1C1A0 
 216      121FD8
 217 0509 318481BB 		.ascii	"1\204\201\273kZ\020[\230F\262a\227\267d\372\261\205"
 217      6B5A105B 
 217      9846B261 
 217      97B764FA 
 217      B185
 218 051b D94A1E3F 		.ascii	"\331J\036?\376\374\3225_\274B7\342\255g\316\263o=s\330"
 218      FEFCD235 
 218      5FBC4237 
 218      E2AD67CE 
 218      B36F3D73 
 219 0530 C1F5B0F1 		.ascii	"\301\365\260\361\364Y\204\3272\276\227\272\316`\255"
 219      F45984D7 
 219      32BE97BA 
 219      CE60AD
 220 053f 978085BC 		.ascii	"\227\200\205\274\211\214\241\333\220\203\017Di\274\353"
 220      898CA1DB 
 220      90830F44 
 220      69BCEB
 221 054e 2560D94B 		.ascii	"%`\331K\017\207\010\343\005\274\200\322y\027\3439\354"
 221      0F8708E3 
 221      05BC80D2 
 221      7917E339 
 221      EC
 222 055f 48D1EFC9 		.ascii	"H\321\357\311\251[\010\273C\200\211l\013\364\\\310\301"
ARM GAS  C:\Users\RAKIBU~1\AppData\Local\Temp\ccgipF7f.s 			page 17


 222      A95B08BB 
 222      4380896C 
 222      0BF45CC8 
 222      C1
 223 0570 03DB572C 		.ascii	"\003\333W,\027s\235\210Fy\014\242\314\340G\315\312\021"
 223      17739D88 
 223      46790CA2 
 223      CCE047CD 
 223      CA11
 224 0582 F32902EC 		.ascii	"\363)\002\3540\225\234X\223\311\\\014\244\026\361\301"
 224      30959C58 
 224      93C95C0C 
 224      A416F1C1 
 225 0592 68299425 		.ascii	"h)\224%\274z\247\035*bk\002,G\256\011B\240\275TZ\023"
 225      BC7AA71D 
 225      2A626B02 
 225      2C47AE09 
 225      42A0BD54 
 226 05a8 84712AEF 		.ascii	"\204q*\357\206>\"o\211y\335\024\226\266\344%\247dT\256"
 226      863E226F 
 226      8979DD14 
 226      96B6E425 
 226      A76454AE 
 227 05bc 6C4D809C 		.ascii	"lM\200\234}\005\335\2171\336\246\247r\326d\014n\025"
 227      7D05DD8F 
 227      31DEA6A7 
 227      72D6640C 
 227      6E15
 228 05ce 508069D4 		.ascii	"P\200i\324 \320\012\340\376\3748zJi\262/\007\303e\212"
 228      20D00AE0 
 228      FEFC387A 
 228      4A69B22F 
 228      07C3658A 
 229 05e2 B4242A8A 		.ascii	"\264$*\2127<p\262\224\017\220\00024\001\270g\274\303"
 229      373C70B2 
 229      940F9000 
 229      323401B8 
 229      67BCC3
 230 05f5 D8D2BB79 		.ascii	"\330\322\273y\035\006uZ\257\344\325i\275\212'\011Gk"
 230      1D06755A 
 230      AFE4D569 
 230      BD8A2709 
 230      476B
 231 0607 30DED550 		.ascii	"0\336\325P0\250\303\273X`=\307\356\344\031\264\022\345"
 231      30A8C3BB 
 231      58603DC7 
 231      EEE419B4 
 231      12E5
 232 0619 735EFB6D 		.ascii	"s^\373m\361\015\366\266\270\032d\317\344\335\336\026"
 232      F10DF6B6 
 232      B81A64CF 
 232      E4DDDE16 
 233 0629 492F001D 		.ascii	"I/\000\035:RQ\345}\015N:\370\032@c(W\204\330/\324\244"
 233      3A5251E5 
 233      7D0D4E3A 
 233      F81A4063 
 233      285784D8 
ARM GAS  C:\Users\RAKIBU~1\AppData\Local\Temp\ccgipF7f.s 			page 18


 234 0640 D0F6B07C 		.ascii	"\320\366\260|!\326\017\275<\253$S\322\220\207 W\017"
 234      21D60FBD 
 234      3CAB2453 
 234      D2908720 
 234      570F
 235 0652 2FF9E065 		.ascii	"/\371\340e\277\364Or\200\324^\331s\006'_\034\263g|\224"
 235      BFF44F72 
 235      80D45ED9 
 235      7306275F 
 235      1CB3677C 
 236 0667 71AC8B57 		.ascii	"q\254\213W\300TC\236\341\312\271\036\273H)A\"ij\316"
 236      C054439E 
 236      E1CAB91E 
 236      BB482941 
 236      22696ACE 
 237 067b 3F5C5664 		.ascii	"?\\Vdl\205\243\036V\021\307\2552$\322\265z\275\351\360"
 237      6C85A31E 
 237      5611C7AD 
 237      3224D2B5 
 237      7ABDE9F0 
 238 068f 5303FE8A 		.ascii	"S\003\376\212\316\001:u'\247\031\351x6A(IG7\2523\005"
 238      CE013A75 
 238      27A719E9 
 238      78364128 
 238      494737AA 
 239 06a5 CD8671EB 		.ascii	"\315\206q\353h68\3041<\315X\371\015\212C\033\370q\360"
 239      683638C4 
 239      313CCD58 
 239      F90D8A43 
 239      1BF871F0 
 240 06b9 BB9ED731 		.ascii	"\273\236\3271\2205\205\315%\372\027s\305\334V\261\372"
 240      903585CD 
 240      25FA1773 
 240      C5DC56B1 
 240      FA
 241 06ca C95EBCF8 		.ascii	"\311^\274\370\350\"X\222\350-b\206\326)\263\003\267"
 241      E8225892 
 241      E82D6286 
 241      D629B303 
 241      B7
 242 06db F0BB966F 		.ascii	"\360\273\226oEh\015\177\015\030m\344_\204\321;68\352"
 242      45680D7F 
 242      0D186DE4 
 242      5F84D13B 
 242      3638EA
 243 06ee BD711B23 		.ascii	"\275q\033#\263\260\346\254\323\223\222!\210\214\314"
 243      B3B0E6AC 
 243      D3939221 
 243      888CCC
 244 06fd 9D4BD78F 		.ascii	"\235K\327\217{\270\010f\363\264spw\3179\235\232\341"
 244      7BB80866 
 244      F3B47370 
 244      77CF399D 
 244      9AE1
 245 070f C7BF5011 		.ascii	"\307\277P\021\334L\011n\222\011^i\353\315\021$\202\315"
 245      DC4C096E 
 245      92095E69 
ARM GAS  C:\Users\RAKIBU~1\AppData\Local\Temp\ccgipF7f.s 			page 19


 245      EBCD1124 
 245      82CD
 246 0721 D9465884 		.ascii	"\331FX\204i\"yw\0053\224\245\020\314r'\370\005%\370"
 246      69227977 
 246      053394A5 
 246      10CC7227 
 246      F80525F8 
 247 0735 F4EACD2E 		.ascii	"\364\352\315.xCa\004\017\326Ve\010\224\014\311=Fp\375"
 247      78436104 
 247      0FD65665 
 247      08940CC9 
 247      3D4670FD 
 248 0749 9EDC7CA3 		.ascii	"\236\334|\243\213`.#\330\265\240\242\313\250Ip+%\270"
 248      8B602E23 
 248      D8B5A0A2 
 248      CBA84970 
 248      2B25B8
 249 075c 452638FC 		.ascii	"E&8\374\370\352\177$~u\343]\364\300\010\345(\364r\334"
 249      F8EA7F24 
 249      7E75E35D 
 249      F4C008E5 
 249      28F472DC 
 250 0770 E9E5517A 		.ascii	"\351\345Qz\217\266;>\367\303\303\332\364\2067\256\310"
 250      8FB63B3E 
 250      F7C3C3DA 
 250      F48637AE 
 250      C8
 251 0781 F37069BA 		.ascii	"\363pi\272\235\321\373\372\322\211=\314\220l\234\371"
 251      9DD1FBFA 
 251      D2893DCC 
 251      906C9CF9 
 252 0791 AC33F56E 		.ascii	"\2543\365n\377\003\017M\316;)\347\0352\347\365k\373"
 252      FF030F4D 
 252      CE3B29E7 
 252      1D32E7F5 
 252      6BFB
 253 07a3 F690596F 		.ascii	"\366\220Yo\245\013\362\225\241}w\305\014\201Z\241m\012"
 253      A50BF295 
 253      A17D77C5 
 253      0C815AA1 
 253      6D0A
 254 07b5 E96D3CFB 		.ascii	"\351m<\373\336E\005\224\354\341\374\301!?y\253\310\370"
 254      DE450594 
 254      ECE1FCC1 
 254      213F79AB 
 254      C8F8
 255 07c7 9E1310ED 		.ascii	"\236\023\020\355\242\273\305\201\333"
 255      A2BBC581 
 255      DB
 256 07d0 1947755A 		.ascii	"\031GuZ\366n\307\036\332M\207,\\P>\204\205\014\327\220"
 256      F66EC71E 
 256      DA4D872C 
 256      5C503E84 
 256      850CD790 
 257 07e4 E71C3DA8 		.ascii	"\347\034=\250\220\356\026\251e\233\326\351G\0375\332"
 257      90EE16A9 
 257      659BD6E9 
ARM GAS  C:\Users\RAKIBU~1\AppData\Local\Temp\ccgipF7f.s 			page 20


 257      471F35DA 
 258 07f4 572BDA43 		.ascii	"W+\332CG\265<\336\375\304\210\327zP\355/\264\244\227"
 258      47B53CDE 
 258      FDC488D7 
 258      7A50ED2F 
 258      B4A497
 259 0807 49E7A937 		.ascii	"I\347\2517\231\212\353k\253\274\330yz\221<\336\322\320"
 259      998AEB6B 
 259      ABBCD879 
 259      7A913CDE 
 259      D2D0
 260 0819 BD4EC079 		.ascii	"\275N\300y\314\366iG\343S#\263%~\006j\027\346 \202."
 260      CCF66947 
 260      E35323B3 
 260      257E066A 
 260      17E62082 
 261 082e 4A3B28F4 		.ascii	"J;(\364+\252|\305\303\266\006\347\003\372\222\247_\254"
 261      2BAA7CC5 
 261      C3B606E7 
 261      03FA92A7 
 261      5FAC
 262 0840 E77B2BFA 		.ascii	"\347{+\372\215\270\220z\322\025:vu\350\220)\020\201"
 262      8DB8907A 
 262      D2153A76 
 262      75E89029 
 262      1081
 263 0852 3912F2E5 		.ascii	"9\022\362\345\1775\000UH\200bI}\270\262`W\027;\376K"
 263      7F350055 
 263      48806249 
 263      7DB8B260 
 263      57173BFE 
 264 0867 BAE1DE40 		.ascii	"\272\341\336@k\032\256\230'\342q\034\212\010Da\344\314"
 264      6B1AAE98 
 264      27E2711C 
 264      8A084461 
 264      E4CC
 265 0879 02894A29 		.ascii	"\002\211J)\336A\020\250\204\001V\3267\265\370\372\257"
 265      DE4110A8 
 265      840156D6 
 265      37B5F8FA 
 265      AF
 266 088a 924E9FB7 		.ascii	"\222N\237\267\020\365\275\017\236\357\345\011\2772\336"
 266      10F5BD0F 
 266      9EEFE509 
 266      BF32DE
 267 0899 5F6649AC 		.ascii	"_fI\254\367o\252\355\363\022$\337\031\317\363}\356\352"
 267      F76FAAED 
 267      F31224DF 
 267      19CFF37D 
 267      EEEA
 268 08ab B277D4AE 		.ascii	"\262w\324\256\017}\237\353\241\212\363\225hB\236\330"
 268      0F7D9FEB 
 268      A18AF395 
 268      68429ED8 
 269 08bb 584D779A 		.ascii	"XMw\232\2457\323\305\324\205p8\227\363\376h?$\035\354"
 269      A537D3C5 
 269      D4857038 
ARM GAS  C:\Users\RAKIBU~1\AppData\Local\Temp\ccgipF7f.s 			page 21


 269      97F3FE68 
 269      3F241DEC 
 270 08cf 28AAC145 		.ascii	"(\252\301E\320\363\017\370\314<\314O \237.\335\355O"
 270      D0F30FF8 
 270      CC3CCC4F 
 270      209F2EDD 
 270      ED4F
 271 08e1 BDF17EA6 		.ascii	"\275\361~\246\277\243\260\262D\257)x\245,\370^\306\261"
 271      BFA3B0B2 
 271      44AF2978 
 271      A52CF85E 
 271      C6B1
 272 08f3 FD61FE6E 		.ascii	"\375a\376n\275{\374\312KD\025%Y)\223,9\261\361;\301"
 272      BD7BFCCA 
 272      4B441525 
 272      5929932C 
 272      39B1F13B 
 273 0908 3D244DEB 		.ascii	"=$M\353\316\225;\206\214RH7^H\315\255N\015\202\017#"
 273      CE953B86 
 273      8C524837 
 273      5E48CDAD 
 273      4E0D820F 
 274 091d 160EEC3F 		.ascii	"\026\016\354?\252\201\025R8Gh8y;J\316\362\352C\227,"
 274      AA811552 
 274      38476838 
 274      793B4ACE 
 274      F2EA4397 
 275 0932 3C2504A7 		.ascii	"<%\004\247t\350:\351\232(;\273}\247/\256\222r\357r\352"
 275      74E83AE9 
 275      9A283BBB 
 275      7DA72FAE 
 275      9272EF72 
 276 0947 10CF72CF 		.ascii	"\020\317r\317\227l\017\367Z\362\244<\355\240\377\346"
 276      976C0FF7 
 276      5AF2A43C 
 276      EDA0FFE6 
 277 0957 B85F7654 		.ascii	"\270_vT\372\337\227\0174\277tnk\367\322T\252FV\352\004"
 277      FADF970F 
 277      34BF746E 
 277      6BF7D254 
 277      AA4656EA 
 278 096c 534A743C 		.ascii	"SJt<\271mtW\3528\204p\214\316H-\215\275F\216}\2073\275"
 278      B96D7457 
 278      EA388470 
 278      8CCE482D 
 278      8DBD468E 
 279 0984 FC19A534 		.ascii	"\374\031\2454\255\2072\323\213<$\245.\215gJ\235\224"
 279      AD8732D3 
 279      8B3C24A5 
 279      2E8D674A 
 279      9D94
 280 0996 9482AD50 		.ascii	"\224\202\255P5\360\250\244T\035?\201\323%\306\330\376"
 280      35F0A8A4 
 280      541D3F81 
 280      D325C6D8 
 280      FE
 281 09a7 39212424 		.ascii	"9!$$\024\376b\347\305\177\022o\265\205\207E\204Zm\241"
ARM GAS  C:\Users\RAKIBU~1\AppData\Local\Temp\ccgipF7f.s 			page 22


 281      14FE62E7 
 281      C57F126F 
 281      B5858745 
 281      845A6DA1 
 282 09bb F3621242 		.ascii	"\363b\022Bm\311\261\2446\317\217I\010\2115\274\373\227"
 282      6DC9B1A4 
 282      36CF8F49 
 282      088935BC 
 282      FB97
 283 09cd 0F83DE99 		.ascii	"\017\203\336\231<\231\023\314\346\224\370${D\270\331"
 283      3C9913CC 
 283      E694F824 
 283      7B44B8D9 
 284 09dd 3E37F6F7 		.ascii	">7\366\367\321t\230\315\236\022\027o\215\266[\255\011"
 284      D17498CD 
 284      9E12176F 
 284      8DB65BAD 
 284      09
 285 09ee B6E84F93 		.ascii	"\266\350O\223R\202\350]PLrb\220%\361\023K\\\234%.\372"
 285      5282E85D 
 285      504C7262 
 285      9025F113 
 285      4B5C9C25 
 286 0a04 F590B0A0 		.ascii	"\365\220\260\240\360\260\311\257\377\353\267\321\320"
 286      F0B0C9AF 
 286      FFEBB7D1 
 286      D0
 287 0a11 FF6A9235 		.ascii	"\377j\2225\311\362\252%\346\223\370\350\370\244\330"
 287      C9F2AA25 
 287      E693F8E8 
 287      F8A4D8
 288 0a20 8494384B 		.ascii	"\204\2248Ktb\014\370J\262D\233\343,scR\022\354f\373"
 288      74620CF8 
 288      4AB2449B 
 288      E32C7363 
 288      5212EC66 
 289 0a35 67F32DB6 		.ascii	"g\363-\266\220y\234A\306\373\333O\212g\373\314\026m"
 289      90799C41 
 289      C6FBDB4F 
 289      8A67FBCC 
 289      166D
 290 0a47 B6D9E3C0 		.ascii	"\266\331\343\3009\200\030\343\255\363\255\311v\"\210"
 290      398018E3 
 290      ADF3ADC9 
 290      762288
 291 0a56 D9FEA696 		.ascii	"\331\376\246\226$\304\304\026:\373\203\231\021\341\241"
 291      24C4C416 
 291      3AFB8399 
 291      11E1A1
 292 0a65 33664C0B 		.ascii	"3fL\013}w\326\373\221\377\016\227U2'$\304\201+\017b"
 292      7D77D6FB 
 292      91FF0E97 
 292      55322724 
 292      C4812B0F 
 293 0a7a 151FA77B 		.ascii	"\025\037\247{\373\217Q3\3643\"\337\371s\224n\352\354"
 293      FB8F5133 
 293      F43322DF 
ARM GAS  C:\Users\RAKIBU~1\AppData\Local\Temp\ccgipF7f.s 			page 23


 293      F973946E 
 293      EAEC
 294 0a8c A828F411 		.ascii	"\250(\364\021zO\037\233`\211I\226$\234\374\232\331n"
 294      7A4F1F9B 
 294      60894996 
 294      249CFC9A 
 294      D96E
 295 0a9e 906FB0CD 		.ascii	"\220o\260\315b\177\343G\302\332\354\211 \313\247\363"
 295      627FE347 
 295      C2DAEC89 
 295      20CBA7F3 
 296 0aae E3AD808A 		.ascii	"\343\255\200\212#\247E\341\367\247E\351g}8kZ\224g\344"
 296      23A745E1 
 296      F7A745E9 
 296      677D386B 
 296      5A9467E4 
 297 0ac2 EC59D3A7 		.ascii	"\354Y\323\247O\213\362\210\374`\316\254\351Q\372\231"
 297      4F8BF288 
 297      FC60CEAC 
 297      E951FA99 
 298 0ad2 91D3A647 		.ascii	"\221\323\246G\021F\357\031\225Qf\273\300\242\216\217"
 298      1146EF19 
 298      955166BB 
 298      C0A28E8F 
 299 0ae2 33DB3DAC 		.ascii	"3\333=\254s\347\002\007#!d\236\033c\263O1\333\377\372"
 299      73E70207 
 299      2321649E 
 299      1B63B34F 
 299      31DBFFFA 
 300 0af6 D30A2E6B 		.ascii	"\323\012.k\375\262V\234\222\245+\353\346q\372\367#\247"
 300      FDB2569C 
 300      92A52BEB 
 300      E671FAF7 
 300      23A7
 301 0b08 A6D80CF1 		.ascii	"\246\330\014\361\326Dk\234\005\370Bo\224%&\016\372&"
 301      D6446B9C 
 301      05F8426F 
 301      9425260E 
 301      FA26
 302 0b1a FEA0B4E5 		.ascii	"\376\240\264\345\274\241\372(9\336n\201!>p?\333b\207"
 302      BCA1FA28 
 302      39DE6E81 
 302      213E703F 
 302      DB6287
 303 0b2d BB99E0ED 		.ascii	"\273\231\340\355\347\362\224\231!\354O\223\255)\363"
 303      E7F29499 
 303      21EC4F93 
 303      AD29F3
 304 0b3c 09868FD9 		.ascii	"\011\206\217\331<7%)\326l\016\231\022\021\376;\203\334"
 304      3C372529 
 304      D66C0E99 
 304      1211FE3B 
 304      83DC
 305 0b4e D2C5CE8B 		.ascii	"\322\305\316\213IV?\213\010\033\321z\355\177\275\333"
 305      49563F8B 
 305      081BD17A 
 305      ED7FBDDB 
ARM GAS  C:\Users\RAKIBU~1\AppData\Local\Temp\ccgipF7f.s 			page 24


 306 0b5e B46F     		.ascii	"\264o"
 307              		.text
 308              		.section	.gnu.lto_.symtab.eb29b82d,"",%progbits
 309 0000 70616C52 		.ascii	"palReadBus\000"
 309      65616442 
 309      757300
 310 000b 00       		.ascii	"\000"
 311 000c 00       		.ascii	"\000"
 312 000d 00       		.ascii	"\000"
 313 000e 00000000 		.ascii	"\000\000\000\000\000\000\000\000"
 313      00000000 
 314 0016 19010000 		.ascii	"\031\001\000\000"
 315 001a 70616C57 		.ascii	"palWriteBus\000"
 315      72697465 
 315      42757300 
 316 0026 00       		.ascii	"\000"
 317 0027 00       		.ascii	"\000"
 318 0028 00       		.ascii	"\000"
 319 0029 00000000 		.ascii	"\000\000\000\000\000\000\000\000"
 319      00000000 
 320 0031 1E010000 		.ascii	"\036\001\000\000"
 321 0035 70616C53 		.ascii	"palSetBusMode\000"
 321      65744275 
 321      734D6F64 
 321      6500
 322 0043 00       		.ascii	"\000"
 323 0044 00       		.ascii	"\000"
 324 0045 00       		.ascii	"\000"
 325 0046 00000000 		.ascii	"\000\000\000\000\000\000\000\000"
 325      00000000 
 326 004e 23010000 		.ascii	"#\001\000\000"
 327 0052 5F70616C 		.ascii	"_pal_lld_setgroupmode\000"
 327      5F6C6C64 
 327      5F736574 
 327      67726F75 
 327      706D6F64 
 328 0068 00       		.ascii	"\000"
 329 0069 02       		.ascii	"\002"
 330 006a 00       		.ascii	"\000"
 331 006b 00000000 		.ascii	"\000\000\000\000\000\000\000\000"
 331      00000000 
 332 0073 29010000 		.ascii	")\001\000\000"
 333              		.text
 334              		.section	.gnu.lto_.opts,"",%progbits
 335 0000 272D666D 		.ascii	"'-fmath-errno' '-fsigned-zeros' '-ftrapping-math' '"
 335      6174682D 
 335      6572726E 
 335      6F272027 
 335      2D667369 
 336 0033 2D666E6F 		.ascii	"-fno-trapv' '-fno-openmp' '-fno-openacc' '-mcpu=cor"
 336      2D747261 
 336      70762720 
 336      272D666E 
 336      6F2D6F70 
 337 0066 7465782D 		.ascii	"tex-m4' '-mthumb' '-O2' '-fomit-frame-pointer' '-fa"
 337      6D342720 
 337      272D6D74 
ARM GAS  C:\Users\RAKIBU~1\AppData\Local\Temp\ccgipF7f.s 			page 25


 337      68756D62 
 337      2720272D 
 338 0099 6C69676E 		.ascii	"lign-functions=16' '-ffunction-sections' '-fdata-se"
 338      2D66756E 
 338      6374696F 
 338      6E733D31 
 338      36272027 
 339 00cc 6374696F 		.ascii	"ctions' '-fno-common' '-flto'\000"
 339      6E732720 
 339      272D666E 
 339      6F2D636F 
 339      6D6D6F6E 
 340              		.text
 341              		.comm	__gnu_lto_v1,1,1
 342              		.comm	__gnu_lto_slim,1,1
 343              		.ident	"GCC: (GNU Tools for Arm Embedded Processors 7-2017-q4-major) 7.2.1 20170904 (release) [ARM
ARM GAS  C:\Users\RAKIBU~1\AppData\Local\Temp\ccgipF7f.s 			page 26


DEFINED SYMBOLS
                            *ABS*:00000000 hal_pal.c
                            *COM*:00000001 __gnu_lto_v1
                            *COM*:00000001 __gnu_lto_slim

NO UNDEFINED SYMBOLS
