ARM GAS  C:\Users\RAKIBU~1\AppData\Local\Temp\ccveBGvN.s 			page 1


   1              		.cpu cortex-m4
   2              		.eabi_attribute 20, 1
   3              		.eabi_attribute 21, 1
   4              		.eabi_attribute 23, 3
   5              		.eabi_attribute 24, 1
   6              		.eabi_attribute 25, 1
   7              		.eabi_attribute 26, 1
   8              		.eabi_attribute 30, 2
   9              		.eabi_attribute 34, 1
  10              		.eabi_attribute 18, 4
  11              		.file	"memstreams.c"
  12              		.section	.gnu.lto_.profile.e8103cd2,"",%progbits
  13 0000 789C6363 		.ascii	"x\234cc```\001bF\206\000K\000\001Q\000\225"
  13      60606001 
  13      62468600 
  13      4B000151 
  13      0095
  14              		.text
  15              		.section	.gnu.lto_.icf.e8103cd2,"",%progbits
  16 0000 789C6363 		.ascii	"x\234cc``Pc@\0006\206UG\327\317ae\374\276\257{\017\017"
  16      60605063 
  16      40003686 
  16      5547D7CF 
  16      6165FCBE 
  17 0018 D3F3A6F6 		.ascii	"\323\363\246\366&ff0\311\362\277\363\3644&\326\265\277"
  17      26666630 
  17      C9F2BFF3 
  17      F43426D6 
  17      B5BF
  18 002a 7F7EE162 		.ascii	"\177~\341b\000\000P\025\021}"
  18      00005015 
  18      117D
  19              		.text
  20              		.section	.gnu.lto_.jmpfuncs.e8103cd2,"",%progbits
  21 0000 789C8D4E 		.ascii	"x\234\215NA\012\2000\014K\332n\036\367^O\373\310^\342"
  21      410A8030 
  21      0C4BDA6E 
  21      1EF75E4F 
  21      FBC85EE2 
  22 0014 C99FB946 		.ascii	"\311\237\271F\004\305\203\030\010M\240\011\251\0006"
  22      04C58318 
  22      084DA009 
  22      A90036
  23 0023 DC2830D2 		.ascii	"\334(0\322\373p$)H\233\344\"\305\341\226\327\253\255"
  23      FB702429 
  23      489BE422 
  23      C5E196D7 
  23      ABAD
  24 0035 24B80791 		.ascii	"$\270\007\221<\022-\323\337\336\237-q\266\274_~\264"
  24      3C122DD3 
  24      DFDE9F2D 
  24      71B6BC5F 
  24      7EB4
  25 0047 466855CB 		.ascii	"FhU\313x\351\327\030\021\023\360\01519"
  25      78E9D718 
  25      1113F00D 
  25      3139
ARM GAS  C:\Users\RAKIBU~1\AppData\Local\Temp\ccveBGvN.s 			page 2


  26              		.text
  27              		.section	.gnu.lto_.inline.e8103cd2,"",%progbits
  28 0000 789C6363 		.ascii	"x\234cc``hdd\200\003V\006\006^\036Ff\006\005F\006f\007"
  28      60606864 
  28      64800356 
  28      06065E1E 
  28      46660605 
  29 0018 30990026 		.ascii	"0\231\000&\025\270\330\326\3511p\334\322cb`|\301\316"
  29      15B8D8D6 
  29      E93170DC 
  29      D2636260 
  29      7CC1CE
  30 002b 02214104 		.ascii	"\002!A\004\007\230\311\301\300\262@\236\207\201\361"
  30      0798C9C1 
  30      C0B2409E 
  30      8781F1
  31 003a 2EBB0013 		.ascii	".\273\000\023\230d`\332\305/\0012\220\221\201\207\033"
  31      986460DA 
  31      C52F0132 
  31      90918187 
  31      1B
  32 004b 6A1EC4A4 		.ascii	"j\036\304\244\006F\250\201\314\323\305\031\330\377\252"
  32      0646A881 
  32      CCD3C519 
  32      D8FFAA
  33 005a 61319079 		.ascii	"a1\220y\2218n\003\231\030\004%\031YP\014dR\000\371\000"
  33      91386E03 
  33      99180425 
  33      1959500C 
  33      645200F9 
  34 006f 6C2A3750 		.ascii	"l*7P\033\003\307\007\234\316d\272\300\317\0032Z\006"
  34      1B03C707 
  34      9CCE64BA 
  34      C0CF0332 
  34      5A06
  35 0081 C455000B 		.ascii	"\304U\000\013*\200\0045@F\263\360200O\360\003Af\204"
  35      2A800435 
  35      4046B3F0 
  35      3230304F 
  35      F0034166 
  36 0096 2DD060A0 		.ascii	"-\320`\240\201%,\014\034\354\214\014L\254\035\352\014"
  36      81252C0C 
  36      1CEC8C0C 
  36      4CAC1DEA 
  36      0C
  37 00a7 DC2BDC98 		.ascii	"\334+\334\230\300\021\000\000I\0135\372"
  37      C0110000 
  37      490B35FA 
  38              		.text
  39              		.section	.gnu.lto_.pureconst.e8103cd2,"",%progbits
  40 0000 789C6363 		.ascii	"x\234cc``\340\006bV\006)F)&)f)\026)\000\004\023\000"
  40      6060E006 
  40      62560629 
  40      46292629 
  40      66291629 
  41 0018 A3       		.ascii	"\243"
  42              		.text
ARM GAS  C:\Users\RAKIBU~1\AppData\Local\Temp\ccveBGvN.s 			page 3


  43              		.section	.gnu.lto__put.e8103cd2,"",%progbits
  44 0000 789C9552 		.ascii	"x\234\225R\337K\024Q\024\276\337=\2633\256\232QO=\354"
  44      DF4B1451 
  44      14BEDF3D 
  44      B333AE9A 
  44      514F3DEC 
  45 0014 830F89F8 		.ascii	"\203\017\211\370\320\216\245\021A\3751*\202\013.J\333"
  45      D08EA511 
  45      41FD312A 
  45      820B2E4A 
  45      DB
  46 0025 735E5DD3 		.ascii	"s^]\323,\011\241\334t\031dI\244(\242\304\325\312\264"
  46      2C09A1DC 
  46      74196449 
  46      A428A2C4 
  46      D5CAB4
  47 0038 2635F3D7 		.ascii	"&5\363\327\226\225\202\370\340\203\341R\366\213\250"
  47      969582F8 
  47      E083E152 
  47      F68BA8
  48 0047 7CB4CE9D 		.ascii	"|\264\316\235\331\320\350E\207\3353\367\2369\347\373"
  48      D9D0E845 
  48      87DD33F7 
  48      9E39E7FB 
  49 0057 BEF3DD6B 		.ascii	"\276\363\335k\012!\276\220\020g\370}\222\377\010\010"
  49      0A21BE90 
  49      1067F87D 
  49      92FF0808 
  50 0067 C8AE5742 		.ascii	"\310\256WB4\347Ii|\020B\345\323\355\014\277\012\011"
  50      34E74969 
  50      7C1042E5 
  50      D3ED0CBF 
  50      0A09
  51 0079 869F3700 		.ascii	"\206\2377\000\275Py\020M\222\0144\241\223\256\023\336"
  51      BD507910 
  51      4D920C34 
  51      A193AE13 
  51      DE
  52 008a B43E70E8 		.ascii	"\264>p\350\0129$`\360\366{&\371\276Ho\201b\336\016\214"
  52      0A392460 
  52      F0F67B26 
  52      F9BE486F 
  52      8162DE0E 
  53 009f C7C75076 		.ascii	"\307\307PvK\361\343\336H\230}\351E\025tH\212\004\227"
  53      4BF1E3DE 
  53      48987DE9 
  53      45157448 
  53      8A0497
  54 00b2 A711C210 		.ascii	"\247\021\302\020B\232}\030e\\\374.\263\334eQ%\004\257"
  54      429A7D18 
  54      655CFC2E 
  54      B3DC6551 
  54      2504AF
  55 00c5 AFFDFAE4 		.ascii	"\257\375\372\344\312\322\001\245Z\224\273\320O\352\250"
  55      CAD201A5 
  55      5A94BBD0 
  55      4FEAA8
ARM GAS  C:\Users\RAKIBU~1\AppData\Local\Temp\ccveBGvN.s 			page 4


  56 00d4 438411D0 		.ascii	"C\204\021\320\356FN\011<D)\227;mw6\210Ny\255\363[3S"
  56      EE464E09 
  56      3C442997 
  56      3B6D7736 
  56      884E79AD 
  57 00ec 7F5B3FB7 		.ascii	"\177[?\267\222*tX\355#\277\265\"\204r\335h\010<F\251"
  57      922A7458 
  57      ED23BFB5 
  57      228472DD 
  57      68083C46 
  58 0101 AEFEF16D 		.ascii	"\256\376\361my>H\247\275\316\273#\351\271\302\222~\257"
  58      793E48A7 
  58      BDCEBB23 
  58      E9B9C292 
  58      7EAF
  59 0113 33DB73F8 		.ascii	"3\333s\370f\\\315(\303\241\000F\377%\326\017\227\257"
  59      665CCD28 
  59      C3A10046 
  59      FF25D60F 
  59      97AF
  60 0125 0F6E771F 		.ascii	"\017nw\0370\015<A\211\036\210\347\030\203)\300\213\373"
  60      300D3C41 
  60      891E88E7 
  60      188329C0 
  60      8BFB
  61 0137 6F03AEDA 		.ascii	"o\003\256\332\376\335\256\334\265#+?3\207\212\300\234"
  61      FEDDAEDC 
  61      B5232B3F 
  61      33878AC0 
  61      9C
  62 0148 A6D48138 		.ascii	"\246\324\2018X\206\016\001\2755u\2608\310 \364,\005"
  62      58860E01 
  62      BD3575B0 
  62      38C820F4 
  62      2C05
  63 015a F084894B 		.ascii	"\360\204\211K\214\307v+Wt\260]\274\212\273\"\213\226"
  63      8CC7762B 
  63      5774B05D 
  63      BC8ABB22 
  63      8B96
  64 016c D4506799 		.ascii	"\324Pg\231f\321\234I\012\212M\264\214~\274:i\352\\\222"
  64      66D19C49 
  64      0A8A4DB4 
  64      8C7EBC3A 
  64      69EA5C92 
  65 0180 C0A21217 		.ascii	"\300\242\022\027'^[\372\000\002\336Hc\023\231i3\205"
  65      275E5BFA 
  65      0002DE48 
  65      63139969 
  65      3385
  66 0192 BE663E81 		.ascii	"\276f>\201b\207\362\270\011\343z\004\376\266\324\276"
  66      6287F2B8 
  66      09E37A04 
  66      FEB6D4BE 
  67 01a2 B25660DF 		.ascii	"\262V`\337S\376\247 \236\"\205n=\207\3003\330\036\366"
  67      53FEA720 
  67      9E22856E 
ARM GAS  C:\Users\RAKIBU~1\AppData\Local\Temp\ccveBGvN.s 			page 5


  67      3D87C033 
  67      D81EF6
  68 01b5 6CD84796 		.ascii	"l\330G\226\373\204r=(m\005\2363\324\006ZW'+s\"\031\315"
  68      FB84723D 
  68      286D059E 
  68      33D4065A 
  68      57272B73 
  69 01cc 73B0838F 		.ascii	"s\260\203\217\217\357\030\017\346M\321\023\317MA\373"
  69      8FEF180F 
  69      E64DD113 
  69      CF4D41FB 
  70 01dc E2B230E1 		.ascii	"\342\2620\341qiLLz\262\343N[o\300\3072\030N\3631Cr\366"
  70      71694C4C 
  70      7AB2E34E 
  70      5B6FC0C7 
  70      32184EF3 
  71 01f4 ACCEEDB6 		.ascii	"\254\316\355\266\310\372\317\242T\221\243{\014Li2\274"
  71      C8FACFA2 
  71      5491A37B 
  71      0C4C6932 
  71      BC
  72 0205 60E82415 		.ascii	"`\350$\025\370\002{\343\226\017\032\330\223\300c\332"
  72      F8027BE3 
  72      960F1AD8 
  72      93C063DA 
  73 0215 87E91D1F 		.ascii	"\207\351\035\037^\372\332\022m\360Qr@\303\355\013\203"
  73      5EFADA12 
  73      6DF05172 
  73      40C3ED0B 
  73      83
  74 0226 F95A0C9F 		.ascii	"\371Z\014\237?f\030\201\271\226.#'u\2174\263;4s\260"
  74      3F661881 
  74      B9962E23 
  74      27758F34 
  74      B33B3473 
  75 023b 19DBB3D7 		.ascii	"\031\333\263\327\310\335\233\257\220\"I\026\347\266"
  75      C8DD9BAF 
  75      90224916 
  75      E7B6
  76 0249 607163D6 		.ascii	"`qc\326IO\037\324\224\022\0270\217\220\334\254\331\355"
  76      494F1FD4 
  76      94121730 
  76      8F90DCAC 
  76      D9ED
  77 025b 8A84C002 		.ascii	"\212\204\300\002B\264\232]\004\337Ch\024v\367x8l\363"
  77      42B49A5D 
  77      04DF4368 
  77      1476F778 
  77      386CF3
  78 026e AFA62E52 		.ascii	"\257\246.R\035i\210\235(\257\260\033bv]U\275]\037\251"
  78      1D69889D 
  78      28AFB01B 
  78      62765D55 
  78      BD5D1FA9 
  79 0282 B663E7CF 		.ascii	"\266c\347\317\325VEcv\2646\232[\206k\204\2144\242\232"
  79      D5564563 
  79      76B4369A 
ARM GAS  C:\Users\RAKIBU~1\AppData\Local\Temp\ccveBGvN.s 			page 6


  79      5B866B84 
  79      8C34A29A 
  80 0296 A2B1C63F 		.ascii	"\242\261\306?\236\277O\301"
  80      9EBF4FC1 
  81              		.text
  82              		.section	.gnu.lto__get.e8103cd2,"",%progbits
  83 0000 789C9552 		.ascii	"x\234\225R[KTQ\024\336\337\331g\316\\\032\213z\020\202"
  83      5B4B5451 
  83      14DEDFD9 
  83      67CE5C1A 
  83      8B7A1082 
  84 0014 217C48C4 		.ascii	"!|H\304\007=\226F\017\365GzT\021\034pP\232\036#\267"
  84      073D9646 
  84      0FF5477A 
  84      54111C70 
  84      509A1E23 
  85 0029 8E39693E 		.ascii	"\2169i>\010\246\345p\220!\221.\022%\315X\215\267\223"
  85      08A6E570 
  85      9021912E 
  85      1225CD58 
  85      8DB793
  86 003c A6693965 		.ascii	"\246i9e\245t\201\"\012\245\024\214\212|\012m\255s\206"
  86      A5748122 
  86      0AA5148C 
  86      8A7C0A6D 
  86      AD7386
  87 004f 327AC9CD 		.ascii	"2z\311\315\314\276\254\263\276\357[\353\333\333\020"
  87      CCBEACB3 
  87      BEEF5BEB 
  87      DBDB10
  88 005e 424C4B21 		.ascii	"BLK!\216\323z\204\376\360\010h\235O\204h\362i\232\376"
  88      8ED37A84 
  88      FEF00868 
  88      9D4F8468 
  88      F2699AFE 
  89 0072 49081590 		.ascii	"I\010\025\220W\263\264\004%t7\256\003\274Q>\210FM\352"
  89      57B3B404 
  89      257437AE 
  89      03BC513E 
  89      88464DEA 
  90 0086 684487BC 		.ascii	"hD\207\274 \361\254\345\226%\317KK\012\350t\374\232"
  90      20F1ACE5 
  90      9625CF4B 
  90      4B0AE874 
  90      FC9A
  91 0098 4D7CDCCD 		.ascii	"M|\334\315G\240\200\216\003c\261Q\024_Q4\354\213\031"
  91      47A0808E 
  91      0363B151 
  91      145F5134 
  91      EC8B19
  92 00ab A32FB5A0 		.ascii	"\243/\265\240\374\226\324D\017\245\247\020\302m\204"
  92      FC96D444 
  92      0FA5A710 
  92      C26D84
  93 00ba 583D8D62 		.ascii	"X=\215bJ~\221]\352\364\312\012\010\332w\375X\263\265"
  93      4A7E915D 
  93      EAF4CA0A 
ARM GAS  C:\Users\RAKIBU~1\AppData\Local\Temp\ccveBGvN.s 			page 7


  93      08DA77FD 
  93      58B3B5
  94 00cd A201A59A 		.ascii	"\242\001\245\232\225=\337/\325AKJ\014Cn\007RH\340\016"
  94      953DDF2F 
  94      D5414B4A 
  94      0C436E07 
  94      5248E00E 
  95 00e1 8A38FFFB 		.ascii	"\2128\377\373\227\245\307~y\324\301\016\016\247\036"
  95      97A5C77E 
  95      79D4C10E 
  95      0EA71E
  96 00f0 050BFB1D 		.ascii	"\005\013\373\035\354f\357\276\31315\253t\213J\276\373"
  96      EC66EFBE 
  96      CB3135AB 
  96      748B4ABE 
  96      FB
  97 0101 379E07A5 		.ascii	"7\236\007\245[\255\327\227\245<\346@\307\273\222\023"
  97      5BADD797 
  97      A53CE640 
  97      C7BB9213 
  98 0111 7A0EBAD1 		.ascii	"z\016\272\321\233\337\024S\227\030\352A\306\205\226"
  98      9BDF1453 
  98      9718EA41 
  98      C68596
  99 0120 8750F61B 		.ascii	"\207P\366\033\370ah\263;\317\3201\202B\334C!7E\275\214"
  99      F86168B3 
  99      3BCFD031 
  99      8242DC43 
  99      213745BD 
 100 0135 C210A095 		.ascii	"\302\020\240\225\3037\237{l\265\271\025W\366\372\376"
 100      C3379F7B 
 100      6CB5B915 
 100      57F6FAFE 
 101 0145 B1D4CBBD 		.ascii	"\261\324\313\275y\240\242\015\215'I\223W\347\311\303"
 101      79A0A20D 
 101      8D274993 
 101      57E7C9C3 
 102 0155 478326CD 		.ascii	"G\203&\315\007n' \030\032\344\200\020\347\210\223lW"
 102      076E2720 
 102      181AE480 
 102      10E78893 
 102      6C57
 103 0167 B668A323 		.ascii	"\266h\243#\355b\266XAsr\253\243\230\225X7!}b\025\315"
 103      ED62B658 
 103      417372AB 
 103      A3989558 
 103      37217D62 
 104 017d 99CFD7A6 		.ascii	"\231\317\327\246\014\216%$\250\270\236\263\223O\275"
 104      0C8E2524 
 104      A8B89EB3 
 104      934FBD
 105 018c 7C11BAD3 		.ascii	"|\021\272\323\330\350dv\306H\242\257\211n\242\300\222"
 105      D8E86476 
 105      C648A2AF 
 105      896EA2C0 
 105      92
 106 019d 3E02618C 		.ascii	">\002a\214=\240o\213\361W\357v\2317\224\373\311\217"
ARM GAS  C:\Users\RAKIBU~1\AppData\Local\Temp\ccveBGvN.s 			page 8


 106      3DA06F8B 
 106      F157EF76 
 106      993794FB 
 106      C98F
 107 01af 7124D1CD 		.ascii	"q$\321\315\275\010L\300t\270\347J\\fm\207T\266C\005"
 107      BD084CC0 
 107      74B8E74A 
 107      5C666D87 
 107      54B64305 
 108 01c3 A6BA4F54 		.ascii	"\246\272OT\313hy3U\221+2\301\375\321h\243k\244\267F"
 108      CB687933 
 108      55912B32 
 108      C1FDD168 
 108      A36BA4B7 
 109 01d8 8D395D0C 		.ascii	"\2159]\014\306\274n\202\334\221\226\027\223\216\026"
 109      C6BC6E82 
 109      DC919617 
 109      938E16
 110 01e7 7362CA29 		.ascii	"sb\312);f\265\276\366\270\\:\321\261\036)\374l?\341"
 110      3B66B5BE 
 110      F6B85C3A 
 110      D1B11E29 
 110      FC6C3FE1 
 111 01fb C602DB5D 		.ascii	"\306\002\333]\362\376\343R\362\000\335;!\361\200\365"
 111      F2FEE352 
 111      F200DD3B 
 111      21F180F5 
 112 020b 304DEC8E 		.ascii	"0M\354\216\363\371\216\357#\354{\200EzZ\263\351\323"
 112      F3F98EEF 
 112      23EC7B80 
 112      457A5AB3 
 112      E9D3
 113 021d 2EA3C735 		.ascii	".\243\3075(\035\237\037\0120\251\037\300\014\241Iu\261"
 113      281D9F1F 
 113      0A30A91F 
 113      C00CA149 
 113      75B1
 114 022f 1D9CF35F 		.ascii	"\035\234\363_-\2250\362\341\037\347fa\0227\263|\213"
 114      2D9530F2 
 114      E11FE766 
 114      611237B3 
 114      7C8B
 115 0241 BF4DD7BA 		.ascii	"\277M\327\272ZA\226g\363\364\334\253X\207&\022\322\240"
 115      5A419667 
 115      F3F4DCAB 
 115      58872612 
 115      D2A0
 116 0253 D886A3B3 		.ascii	"\330\206\243\263b\245f\366p\025\032\316`\016!\355\315"
 116      62A566F6 
 116      70151ACE 
 116      600E21ED 
 116      CD
 117 0264 EA7BF23C 		.ascii	"\352{\362<(3k\013\240w\005\306\221[\207JKM\372U\327"
 117      28336B0B 
 117      A07705C6 
 117      915B874A 
 117      4B4DFA55 
ARM GAS  C:\Users\RAKIBU~1\AppData\Local\Temp\ccveBGvN.s 			page 9


 118 0279 86ABC2F5 		.ascii	"\206\253\302\365\321\303e\345f}\324\254\255\2543\353"
 118      D1C365E5 
 118      667DD4AC 
 118      ADAC33EB 
 119 0289 C25566F4 		.ascii	"\302Uf\364\324\311\232\312H\324\214\324Dr\333\322j\241"
 119      D4C99ACA 
 119      48D48CD4 
 119      4472DBD2 
 119      6AA1
 120 029b 851B6424 		.ascii	"\205\033d$\332\200\252_i\222E\310"
 120      DA80AA5F 
 120      699245C8 
 121              		.text
 122              		.section	.gnu.lto__reads.e8103cd2,"",%progbits
 123 0000 789C9552 		.ascii	"x\234\225R\337KTA\024\236o\346\336\273ws\263\367\360"
 123      DF4B5441 
 123      149E6FE6 
 123      DEBB7773 
 123      B3F7F0
 124 0013 41281105 		.ascii	"A(\021\005\275\375X\010\372\371\332s\377\201\212\340"
 124      BDFD5808 
 124      FAF9DA73 
 124      FF818AE0 
 125 0023 829BD2F6 		.ascii	"\202\233\322\366\276\343\2575\323\007#]eYbcQ\211\210"
 125      BEE3AF35 
 125      D307235D 
 125      65596263 
 125      518988
 126 0036 8ACCD2AC 		.ascii	"\212\314\322\254nZ\226\232F\245\021\004\005eE)FE\031"
 126      6E5A969A 
 126      46A51104 
 126      05654529 
 126      464519
 127 0049 946B67E6 		.ascii	"\224kg\346nY>\351e\357\354\2313\347\373\346;\337\271"
 127      6E593EE9 
 127      65EFEC99 
 127      33E7FBE6 
 127      3BDFB9
 128 005c 1663ACD8 		.ascii	"\026c\254\330`\354\020\375\007\351\205\311\300\333\247"
 128      60EC10FD 
 128      07E985C9 
 128      C0DBA7
 129 006b 19ABB339 		.ascii	"\031\253\2639\027\335\305Ln2~lc2 `xi\003P\201\264\301"
 129      17DDC54C 
 129      6E327E6C 
 129      63322060 
 129      78690350 
 130 0082 A25C1888 		.ascii	"\242\\\030\210\242Mt\010<n\274\224\024\255\")\030\014"
 130      A24D7408 
 130      3C6EBC94 
 130      14AD2229 
 130      180C
 131 0094 DA7E9E4A 		.ascii	"\332~\236J\274\311U[ \237\266\013\213c\375\201\242>"
 131      BCC9555B 
 131      209FB60B 
 131      8B63FD81 
 131      A23E
ARM GAS  C:\Users\RAKIBU~1\AppData\Local\Temp\ccveBGvN.s 			page 10


 132 00a6 29EBA5DB 		.ascii	")\353\245\333\365\345\300\331\206\246\303I\301Y\234"
 132      F5E5C0D9 
 132      86A6C349 
 132      C1599C
 133 00b5 AAFB9187 		.ascii	"\252\373\221\207+\310Sw_E\021\325>\235\232m\367\211"
 133      2BC85377 
 133      5F4511D5 
 133      3E9D9A6D 
 133      F789
 134 00c7 2018C5A7 		.ascii	" \030\305\247\277\315\273\274\260G\343\346\322BnO\012"
 134      BFCDBBBC 
 134      B047E3E6 
 134      D2426E4F 
 134      0A
 135 00d8 8101887F 		.ascii	"\201\001\210\177\201\224b\270\206B*\377\331:\033\367"
 135      819462B8 
 135      86422AFF 
 135      D93A1BF7 
 136 00e8 8B3D1A7A 		.ascii	"\213=\032z\352}_\006Y\350\303\036\0155p}-\324`\030\324"
 136      EA7D5F06 
 136      59E8C31E 
 136      0D35707D 
 136      2DD46018 
 137 00fd D065D911 		.ascii	"\320e\331\021\317\025{5tn2\335\356\373sk\257\206r\014"
 137      CF157B35 
 137      746E32DD 
 137      EEFB736B 
 137      AF86720C 
 138 0111 AD857286 		.ascii	"\255\205r\206\033(T\365_?\315N\372\305~\215=?\320?\021"
 138      1B2854F5 
 138      5F3FCD4E 
 138      FAC57E8D 
 138      3D3FD03F 
 139 0126 28486BEC 		.ascii	"(Hk\354\263.3!\335\306\374\24401\374?\\=T\375\372r\246"
 139      B32E3321 
 139      DDC6FCA4 
 139      3031FC3F 
 139      5C3D54FD 
 140 013d 73B365E0 		.ascii	"s\263e\340&\012\224\031\344\301-X\014\024\\|b\2722\263"
 140      260A9419 
 140      E4C12D58 
 140      0C145C7C 
 140      62BA32B3 
 141 0151 D22CDDE9 		.ascii	"\322,\335\351%\364\366\265a\013\350N\213\253E\250\305"
 141      25F4F6B5 
 141      610BE84E 
 141      8BAB45A8 
 141      C5
 142 0162 50EA4DB5 		.ascii	"P\352M\265Xj\353S\213\255%\371\241\354\310\201\212\003"
 142      586AEB53 
 142      8BAD25F9 
 142      A1ECC881 
 142      8A03
 143 0174 50FD3176 		.ascii	"P\3751v\202\310il\322e-$\234\242\006\227\275C}j~\222"
 143      82C8696C 
 143      D2652D24 
 143      9CA20697 
ARM GAS  C:\Users\RAKIBU~1\AppData\Local\Temp\ccveBGvN.s 			page 11


 143      BD437D6A 
 144 018a AB2B9580 		.ascii	"\253+\225\200\204\360\263\217\250\037\372\360+\250R"
 144      84F0B38F 
 144      A81FFAF0 
 144      2BA852
 145 0199 09011218 		.ascii	"\011\001\022\030o\032y\344Ss4uw\303#ScV\012g\352\244"
 145      6F1A79E4 
 145      53733475 
 145      77C32353 
 145      63560A67 
 146 01af 94D4968F 		.ascii	"\224\324\226\2170\270\255\332\241\263\231\346\347/s"
 146      30B8ADDA 
 146      A1B399E6 
 146      E72F73
 147 01be 9C0BD23B 		.ascii	"\234\013\322;\342p\221B\247\352\211\341\016\034M=^\342"
 147      E2709142 
 147      A7EA89E1 
 147      0E1C4D3D 
 147      5EE2
 148 01d0 31F30D52 		.ascii	"1\363\015R\215h*e\013F5UCw\254\305\364\270\004\011%"
 148      8D682A65 
 148      0B463555 
 148      4377ACC5 
 148      F4B80409 
 149 01e5 46F6168D 		.ascii	"F\366\026\215\323\243\301\277\271\034mq\013}\033\335"
 149      D3A3C1BF 
 149      B91C6D71 
 149      0B7D1BDD 
 150 01f5 C5D95E97 		.ascii	"\305\331^\227\366\351V\311\025\252\320\207\306_'\274"
 150      F6E956C9 
 150      15AAD087 
 150      C65F27BC 
 151 0205 612684ED 		.ascii	"a&\204\355Y\2209\342\021\031\033\022j\340\256\026\312"
 151      599039E2 
 151      11191B12 
 151      6AE0AE16 
 151      CA
 152 0216 95D07B9E 		.ascii	"\225\320{\236\320d\354\234\317\3432\211N\011]@,\225"
 152      D064EC9C 
 152      CFE33289 
 152      4E095D40 
 152      2C95
 153 0228 ABE74C04 		.ascii	"\253\347L\004\203\203\013/|\321ei'\205\035W\035b\014"
 153      83830B2F 
 153      7CD16569 
 153      27851D57 
 153      1D620C
 154 023b 51961001 		.ascii	"Q\226\020\001]O\331\354LV\016z$\326\272\004\225(\323"
 154      5D4FD9EC 
 154      4C560E7A 
 154      24D6BA04 
 154      9528D3
 155 024e EEAF9AF6 		.ascii	"\356\257\232\366\300\323\022\217\301c!\210\225\355u"
 155      C0D3128F 
 155      C1632188 
 155      95ED75
 156 025d E6A4CEAD 		.ascii	"\346\244\316\255\237v|\225v\002\016q\261E\3626\335\266"
ARM GAS  C:\Users\RAKIBU~1\AppData\Local\Temp\ccveBGvN.s 			page 12


 156      9F767C95 
 156      76020E71 
 156      B145F236 
 156      DDB6
 157 026f D5A3B6E9 		.ascii	"\325\243\266\351\340;l\032\000\2476\204\030z%\350\343"
 157      E03B6C1A 
 157      00A73684 
 157      187A25E8 
 157      E3
 158 0280 83329A6C 		.ascii	"\2032\232l\331YZ\352\320\257\242*T\036\252\211\354\332"
 158      D9595AEA 
 158      D0AFA22A 
 158      541EAA89 
 158      ECDA
 159 0292 B1DBA989 		.ascii	"\261\333\251\2118Ue\325Nu\250\334\211\034?VY\026\216"
 159      385565D5 
 159      4E75A8DC 
 159      891C3F56 
 159      59168E
 160 02a5 38E1CA70 		.ascii	"8\341\312p6,\255`<T\313\313kqT\204#\265\277\001'P]\233"
 160      362CAD60 
 160      3C54CBCB 
 160      6B715484 
 160      23B5BF01 
 161              		.text
 162              		.section	.gnu.lto__writes.e8103cd2,"",%progbits
 163 0000 789C9552 		.ascii	"x\234\225R[KTQ\024\336k\257s\231q&\373\003>\010%\242"
 163      5B4B5451 
 163      14DE6BAF 
 163      73997126 
 163      FB033E08 
 164 0016 D09C2E03 		.ascii	"\320\234.\003\205\025\275\3667T\004\007\234\224\246"
 164      8515BDF6 
 164      37540407 
 164      9C94A6
 165 0025 F7D9DEC6 		.ascii	"\367\331\336\306\314\036\214t\262\341\020\023C\315C"
 165      CC1E8C74 
 165      B2E11013 
 165      43CD43
 166 0034 84456679 		.ascii	"\204EfyIOjS*\032\245BT\364PYh\223\021QD\341\324\332"
 166      494F6A53 
 166      2A1AA542 
 166      54F45059 
 166      68931151 
 167 004c FB1CB47C 		.ascii	"\373\034\264|\322\303\2345k\257\275\276o\177\353\333"
 167      D2C39C35 
 167      6BAFBDBE 
 167      6F7FEBDB 
 168 005c C7608C55 		.ascii	"\307`\214Uh\214\235\240\3770\275\2403\340\335\363\214"
 168      688C9DA0 
 168      FF30BDA0 
 168      33E0DDF3 
 168      8C
 169 006d 35FB38C7 		.ascii	"5\3738\307\276J&\212\264\237{\230\010\"hnY\003\220\211"
 169      BE4A268A 
 169      B49F7B98 
 169      0822686E 
ARM GAS  C:\Users\RAKIBU~1\AppData\Local\Temp\ccveBGvN.s 			page 13


 169      59039089 
 170 0081 F0018B73 		.ascii	"\360\001\213s\324 \016\347\261\007\341Y\333-\033\273"
 170      D4200EE7 
 170      B107E159 
 170      DB2D1BBB 
 171 0091 D046061A 		.ascii	"\320F\006\032-\277\316\245\336\025\313%@)-\363k\271"
 171      2DBFCEA5 
 171      DE15CB25 
 171      40292DF3 
 171      6BB9
 172 00a3 81604556 		.ascii	"\201`EV\210\026\341\\\032;~\265\265\375\244\215\234"
 172      8816E15C 
 172      1A3B7EB5 
 172      B5FDA48D 
 172      9C
 173 00b4 25A97B00 		.ascii	"%\251{\000J\340\016\224\310\263\357B\005\365.\314-u"
 173      4AE00E94 
 173      C8B3EF42 
 173      05F52ECC 
 173      2D75
 174 00c6 9B180646 		.ascii	"\233\030\006F\371\305\357\237\034^~M\341\362\031\024"
 174      F9C5EF9F 
 174      1C5E7E4D 
 174      E1F21914 
 175 00d6 7B6D4418 		.ascii	"{mD\030\004\374\027H%\006\367\240\234\332\177w-%\375"
 175      04FC1748 
 175      2506F7A0 
 175      9CDA7F77 
 175      2D25FD
 176 00e9 7858412F 		.ascii	"xXA/|\314\026\300\203N]WP\015\356o\205j\014\206\024"
 176      7CCC16C0 
 176      834E5D57 
 176      500DEE6F 
 176      856A0C86 
 177 00fe 745DF424 		.ascii	"t]\364$\213\261JA\337\317f\272M\017\372:\253\240\034"
 177      8BB14A41 
 177      DFCF66BA 
 177      4D0FFA3A 
 177      ABA01C
 178 0111 86B74239 		.ascii	"\206\267B9\203\021(\227\375\337\276,\315\372\361\230"
 178      83112897 
 178      FDDFBE2C 
 178      CDFAF198 
 179 0121 C2DE181C 		.ascii	"\302\336\030\034\230\011\226e\0246\227\324S\302i+\265"
 179      98099665 
 179      143697D4 
 179      53C2692B 
 179      B5
 180 0132 5187D1FF 		.ascii	"Q\207\321\377\341\362\241\356\267\267\013\275\273\014"
 180      E1F2A1EE 
 180      B7B70BBD 
 180      BB0C
 181 0140 0D1E4099 		.ascii	"\015\036@\2314\203<\030\003\203\001%\375\317uG\024\376"
 181      34833C18 
 181      03830125 
 181      FDCF7547 
 181      14FE
ARM GAS  C:\Users\RAKIBU~1\AppData\Local\Temp\ccveBGvN.s 			page 14


 182 0152 7408A7B0 		.ascii	"t\010\247\260\014\331\361\300n\240#\015.\003\312\240"
 182      0CD9F1C0 
 182      6EA0230D 
 182      2E03CAA0 
 183 0162 51307519 		.ascii	"Q0u\031\014\2714e\360)E~\220n\004@\346A\220\3431v\226"
 183      0CB93465 
 183      F029457E 
 183      906E0440 
 183      E64190E3 
 184 0179 B8E9D684 		.ascii	"\270\351\326\204\303:I7e\255\016\373\000-\351\314,\227"
 184      C33A4937 
 184      65AD0EFB 
 184      002DE9CC 
 184      2C97
 185 018b 27CAF353 		.ascii	"'\312\363S\350g\253\3202\274\262\032\226\245\024\002"
 185      E867ABD0 
 185      32BCB21A 
 185      96A51402 
 186 019b E94BB64F 		.ascii	"\351K\266O<5\3455\352j\270\321\211\271\234\221\206+"
 186      3C35E535 
 186      EA6AB8D1 
 186      89B99C91 
 186      862B
 187 01ad CD42089A 		.ascii	"\315B\010\232\312G\030\030\227\323\320\336b\307\213"
 187      CA471818 
 187      97D3D0DE 
 187      62C78B
 188 01bc 3701EBA6 		.ascii	"7\001\353\246p\26788\220\206^9\022\203\207`)\352\351"
 188      70B73838 
 188      90865E39 
 188      12838760 
 188      29EAE9
 189 01cf 90CBCC77 		.ascii	"\220\313\314wH5\241\250\244+0\251\250Z\373\022\227u"
 189      4835A1A8 
 189      A42B30A9 
 189      A85AFB12 
 189      9775
 190 01e1 970B4928 		.ascii	"\227\013I(1\262eh\233\237\014o\324\002\312\341N\372"
 190      31B26568 
 190      9B9F0C6F 
 190      D402CAE1 
 190      4EFA
 191 01f3 34FA2ABD 		.ascii	"4\372*\275Y\373\217\252Q\311\025\352P\233\332\206\023"
 191      59FB8FAA 
 191      51C915EA 
 191      509BDA86 
 191      13
 192 0204 EE5DA6D0 		.ascii	"\356]\246\320\347Z\220\257r\211\264\035\0115aJ\011\345"
 192      E75A90AF 
 192      7289B41D 
 192      0935614A 
 192      09E5
 193 0216 52E82357 		.ascii	"R\350#W\250\235X\361\204\352D'\205\346!\221.V\327L\004"
 193      A89D58F1 
 193      84EA4427 
 193      85E62191 
 193      2E56D74C 
ARM GAS  C:\Users\RAKIBU~1\AppData\Local\Temp\ccveBGvN.s 			page 15


 194 022b 4343F957 		.ascii	"CC\371Wf|]\370l\364'\345\204\220\2038S\315ARcc\221+"
 194      667C5DF8 
 194      6CF427E5 
 194      84908338 
 194      53CD4152 
 195 0243 E8F31197 		.ascii	"\350\363\021\227\304\330\226\240}\322\264\307\233\246"
 195      C4D896A0 
 195      7DD2B4C7 
 195      9BA6
 196 0251 3D71B524 		.ascii	"=q\265$\023\340\262\230D\344\315\272xN\325\266O;\275"
 196      13E0B298 
 196      44E4CDBA 
 196      784ED5B6 
 196      4F3BBD
 197 0264 493B0316 		.ascii	"I;\003\026q\2615\362vd\301\243\366\321\306\017 p\200"
 197      71B135F2 
 197      7664C1A3 
 197      F6D1C60F 
 197      207080
 198 0277 D31888BF 		.ascii	"\323\030\210\277^\"}| \215&[\016\204B\026\375j\353#"
 198      5E227D7C 
 198      208D265B 
 198      0E844216 
 198      FD6AEB23 
 199 028b 3591C6D8 		.ascii	"5\221\306\330\301\375\207\254\306\230U_\335`5Dj\254"
 199      C1FD87AC 
 199      C698555F 
 199      DD603544 
 199      6AAC
 200 029d D899D375 		.ascii	"\330\231\323u\325\321\230\025\255\213zi\250\226\361"
 200      D5D19815 
 200      AD8B7A69 
 200      A896F1
 201 02ac 4813AF69 		.ascii	"H\023\257i\202S\030\2155\375\005\221\251]\000"
 201      8253188D 
 201      35FD0591 
 201      A95D00
 202              		.text
 203              		.section	.gnu.lto_msObjectInit.e8103cd2,"",%progbits
 204 0000 789C9D92 		.ascii	"x\234\235\222\337K\024Q\024\307\357w\356\374\222E\351"
 204      DF4B1451 
 204      14C7EF77 
 204      EEFC9245 
 204      E9
 205 0011 A187281F 		.ascii	"\241\207(\037|\0106_v\372\365\320[/\201\375\033\256"
 205      7C08365F 
 205      76FAF5D0 
 205      5B2F81FD 
 205      1BAE
 206 0023 ACB8E0B2 		.ascii	"\254\270\340\262\341\324K\004;\272\332*\025\365\220"
 206      E1D44B04 
 206      3BBADA2A 
 206      15F590
 207 0032 5B2C532C 		.ascii	"[,S,\352\266O\322\206e\371+\247-\255\\\3270\022\022"
 207      EAB64FD2 
 207      8665F92B 
 207      A72DAD5C 
ARM GAS  C:\Users\RAKIBU~1\AppData\Local\Temp\ccveBGvN.s 			page 16


 207      D7301212 
 208 0046 4A25234A 		.ascii	"J%#J\250\010\205L\312:\367\356\006%\275\344e\2069w\346"
 208      A808854C 
 208      CA3AF7EE 
 208      0625BDE4 
 208      65863977 
 209 005b 7C3FE73B 		.ascii	"|?\347;\347\\\2351\326\303\031\253\243\347\036\272\301"
 209      E75C9D31 
 209      D6C319AB 
 209      A3E71EBA 
 209      C1
 210 006c 19944B33 		.ascii	"\031\224K3\214\265\232\012 \002\307\004\213)\210\341"
 210      8CB59A0A 
 210      2002C704 
 210      8B2988E1 
 211 007c 3CBFCC91 		.ascii	"<\277\314\221O\274\033Rj\263\016-\357J\3168\353t\354"
 211      4FBC1B52 
 211      6AB30E2D 
 211      EF4ACE38 
 211      EB74EC
 212 008f 72499EA4 		.ascii	"rI\236\244[,\014\240\226\262f\333s.?\307]\016\250\264"
 212      5B2C0CA0 
 212      96B266DB 
 212      732E3FC7 
 212      5D0EA8B4 
 213 00a3 FD524C2D 		.ascii	"\375RL-W\211\255\202\032\332\256~\236+T\360\303`\024"
 213      5789AD82 
 213      1ADAAE7E 
 213      9E2B54F0 
 213      C36014
 214 00b6 AFCF0FEE 		.ascii	"\257\317\017\356\363g\034\247\315\361\246\373\270\263"
 214      F3671CA7 
 214      CDF1A6FB 
 214      B8B3
 215 00c4 D7E51C83 		.ascii	"\327\345\034\203\340\304\303\035T\3436\252\031\275b"
 215      E0C4C31D 
 215      54E336AA 
 215      19BD62
 216 00d3 B80B3F65 		.ascii	"\270\013?eg\333G\346+\370\021\251\314-\256\255\233e"
 216      67DB47E6 
 216      2BF811A9 
 216      CC2DAEAD 
 216      9B65
 217 00e5 E9F78C94 		.ascii	"\351\367\214\224\252\270\267U\2522\014IiO\353\\\241"
 217      AAB8B755 
 217      AA320C49 
 217      694FEB5C 
 217      A1
 218 00f6 921F95D2 		.ascii	"\222\037\225\322\245\256\376\013jY:smgo\3349\356r\015"
 218      A5AEFE0B 
 218      6A593A73 
 218      6D676FDC 
 218      39EE720D 
 219 010a C35BC51A 		.ascii	"\303[\305\032\303\210\024\177\315\346'T~L\212W\222S"
 219      C388147F 
 219      CDE62754 
 219      7E4C8A57 
ARM GAS  C:\Users\RAKIBU~1\AppData\Local\Temp\ccveBGvN.s 			page 17


 219      9253
 220 011c C3DAEFBA 		.ascii	"\303\332\357\272%\313\032F\377!\035\203_\344\277\271"
 220      25CB1A46 
 220      FF211D83 
 220      5FE4BFB9 
 221 012c B5D95DA9 		.ascii	"\265\331]\251\253\245\026\341>t\006\012n>\327<g\363"
 221      ABA516E1 
 221      3E74060A 
 221      6E3ED73C 
 221      67F3
 222 013e 67C2F1DE 		.ascii	"g\302\361\336f0[\347\243f\323/\252\020nu\210\262&$\201"
 222      66305BE7 
 222      A366D32F 
 222      AA106E75 
 222      88B22624 
 223 0153 75928EE6 		.ascii	"u\222\216\346\340x\254\213+\"\212{l\005m\033\211\261"
 223      E078AC8B 
 223      2B228A7B 
 223      6C056D1B 
 223      89B1
 224 0165 91330247 		.ascii	"\2213\002G%\222\035\371g\206\350/\227\016G\363\305I"
 224      25921DF9 
 224      6786E82F 
 224      970E47F3 
 224      C549
 225 0177 3D8DEBAD 		.ascii	"=\215\353\2554\244\364n\227\353)j\3748\331\022\037_"
 225      34A4F46E 
 225      97EB296A 
 225      FC38D912 
 225      1F5F
 226 0189 245E2EF8 		.ascii	"$^.\370\254~1\300\032\227\033\360\220F\267\234\036\036"
 226      AC7E31C0 
 226      1A971BF0 
 226      9046B79C 
 226      1E1E
 227 019b C0FA1366 		.ascii	"\300\372\023fHX|c|\265*\366\303\2411\033i\221G\357\276"
 227      48587C63 
 227      7CB52AF6 
 227      C3A1311B 
 227      699147EF 
 228 01b0 CD7EECF4 		.ascii	"\315~\354\364\211\002;\\n\342!\235\215|\231\036\357"
 228      89023B5C 
 228      6EE2219D 
 228      8D7C991E 
 228      EF
 229 01c1 1BE80065 		.ascii	"\033\350\000e_\245\3127 \030\217\210O\354\011\304\204"
 229      5FA5CA37 
 229      20188F88 
 229      4FEC09C4 
 229      84
 230 01d2 EBD48757 		.ascii	"\353\324\207W\313F\331\365\177\330T1)m\212\316\3411"
 230      CB46D9F5 
 230      7FD85431 
 230      296D8ACE 
 230      E131
 231 01e4 AC14CD55 		.ascii	"\254\024\315U\322^o\207\246\341\211\244)\202\366T\320"
 231      D25E6F87 
ARM GAS  C:\Users\RAKIBU~1\AppData\Local\Temp\ccveBGvN.s 			page 18


 231      A6E189A4 
 231      2982F654 
 231      D0
 232 01f5 F4126D61 		.ascii	"\364\022ma{\264)I\223\343-\010\232)hk\357\027\267G\233"
 232      7BB42949 
 232      93E32D08 
 232      9A29686B 
 232      EF17B747 
 233 020a 963455D0 		.ascii	"\2264U\320\212\177\017D\003\303\014\251>\241-\335{\021"
 233      8A7F0F44 
 233      03C30CA9 
 233      3EA12DDD 
 233      7B11
 234 021c F22C89D5 		.ascii	"\362,\211\325I}\241sA\277s \020\260\350jh\012\007\303"
 234      497DA173 
 234      41BF7320 
 234      10B0E86A 
 234      680A07C3 
 235 0230 51FBE0FE 		.ascii	"Q\373\340\376CV\324\266\232\352\233\255\346p\320\262"
 235      4356D4B6 
 235      9AEA9BAD 
 235      E670D0B2 
 236 0240 4FB684EA 		.ascii	"O\266\204\352#\266\025\011E\312a\240\201\361\210}B\017"
 236      23B61509 
 236      45CA61A0 
 236      81F1887D 
 236      420F
 237 0252 9E6A6C0C 		.ascii	"\236jl\014\265\250v\370t\210\207\242\366/\010/H\261"
 237      B5A876F8 
 237      748887A2 
 237      F62F082F 
 237      48B1
 238              		.text
 239              		.section	.gnu.lto_vmt.e8103cd2,"",%progbits
 240 0000 789C6363 		.ascii	"x\234cc``\330\000\304\306\014\0200\205\231q\347\316"
 240      6060D800 
 240      C4C60C10 
 240      30859971 
 240      E7CE
 241 0012 37B7D9EB 		.ascii	"7\267\331\353\3776t44<\350\336\301<\233y\0163\3034f"
 241      FF367434 
 241      343CE8DE 
 241      C13C9B79 
 241      0E33C334 
 242 0027 0CB905DB 		.ascii	"\014\271\005\333x\34603Ncf\304\220\370\006\324\3014"
 242      78E63033 
 242      4E6366C4 
 242      90F806D4 
 242      C134
 243 0039 8D990943 		.ascii	"\215\231\011Cb\023P\202y\03233Xb\375\233\235?y\273\201"
 243      62135082 
 243      791A3333 
 243      5862FD9B 
 243      9D3F79BB 
 244 004e 222C8C20 		.ascii	"\",\214 \356\331\373s\2370Ylk\350X\320\0200\207\231"
 244      EED9FB73 
 244      9F30596C 
ARM GAS  C:\Users\RAKIBU~1\AppData\Local\Temp\ccveBGvN.s 			page 19


 244      6BE858D0 
 244      10308799 
 245 0062 752A3303 		.ascii	"u*3\003\343vF\231\251\314\214\214\333\030\353\24723"
 245      E3764699 
 245      A9CC8C8C 
 245      DB18EBA7 
 245      3233
 246 0074 316E0551 		.ascii	"1n\005Q\314\214[@\024\013\343f\306z\006\306\035\214"
 246      CC8C5B40 
 246      140BE366 
 246      C67A06C6 
 246      1D8C
 247 0086 160C867A 		.ascii	"\026\014\206zz\372@\224\234\221\231\224\231_ld`\254"
 247      7AFA4094 
 247      9C919994 
 247      995F6C64 
 247      60AC
 248 0098 9F5FAC9F 		.ascii	"\237_\254\237\221\230\243\237\223\231\244_\\R\224\232"
 248      9198A39F 
 248      9399A45F 
 248      5C52949A 
 249 00a8 985BAC9F 		.ascii	"\230[\254\237\233\232\013e\352%3\000\000\202\321Q\262"
 249      9B9A0B65 
 249      EA253300 
 249      0082D151 
 249      B2
 250              		.text
 251              		.section	.gnu.lto_.symbol_nodes.e8103cd2,"",%progbits
 252 0000 789C6363 		.ascii	"x\234cc``\350\003b\006\246GL\365\014\014\023\31610\000"
 252      6060E803 
 252      6206A647 
 252      4CF50C0C 
 252      13CE3130 
 253 0015 A91D0B0E 		.ascii	"\251\035\013\0166\260\001\305\0363\3253\242\213=d\252"
 253      36B001C5 
 253      1E33D533 
 253      A28B3D64 
 253      AA
 254 0026 6742177B 		.ascii	"gB\027{\300T\317\214.\366\224\251\236\005&\266\253\301"
 254      C054CF8C 
 254      2EF694A9 
 254      9E0526B6 
 254      ABC1
 255 0038 918181F5 		.ascii	"\221\201\201\365\011\023C\203\022\003\0033\3433\246"
 255      09134383 
 255      12030333 
 255      E333A6
 256 0047 7A56B014 		.ascii	"zV\260\024\003CC\203\003P\204\211\215\341I\333\033y"
 256      03434383 
 256      03508489 
 256      8DE149DB 
 256      1B79
 257 0059 666608CD 		.ascii	"ff\010\315\000\000\204;'}"
 257      0000843B 
 257      277D
 258              		.text
 259              		.section	.gnu.lto_.refs.e8103cd2,"",%progbits
ARM GAS  C:\Users\RAKIBU~1\AppData\Local\Temp\ccveBGvN.s 			page 20


 260 0000 789C6363 		.ascii	"x\234cc``\020\000bF\026&VF\026V&f&&&\006&F\006\000\003"
 260      60601000 
 260      62461626 
 260      56461656 
 260      26662626 
 261 001b 51003B   		.ascii	"Q\000;"
 262              		.text
 263              		.section	.gnu.lto_.decls.e8103cd2,"",%progbits
 264 0000 789CAD56 		.ascii	"x\234\255VkP\024\331\025\356\333w^\014/W\255]\267BU"
 264      6B5014D9 
 264      15EEDB77 
 264      5E0C2F57 
 264      AD5DB742 
 265 0015 5897AD22 		.ascii	"X\227\255\"\251Z\036\272\025S\251\375\261)\177l\362"
 265      A95A1EBA 
 265      1553A9FD 
 265      B1297F6C 
 265      F2
 266 0026 C3A42A26 		.ascii	"\303\244*&[e\205\312\010C\243\263af\010\323d\327\374"
 266      5B6585CA 
 266      0843A3B3 
 266      616608D3 
 266      64D7FC
 267 0039 6A101011 		.ascii	"j\020\020\021\024DQ\024\204\370B@\020\003>y*\210\256"
 267      14445114 
 267      84F84240 
 267      10033E79 
 267      2A88AE
 268 004c 22B2C30A 		.ascii	"\"\262\303\012\272\242\020\304\365\021\027D\020\202"
 268      BAA210C4 
 268      F5111744 
 268      1082
 269 005a 88E4DC7B 		.ascii	"\210\344\334{\273g\232af\223Mm\027\207\236{\372\334"
 269      BB679A61 
 269      66934D6D 
 269      17879E7B 
 269      FADC
 270 006c EF3BE7BB 		.ascii	"\357;\347\273\247\357m\035\307q\355\301\034\367\001"
 270      A7EF6D1D 
 270      C771EDC1 
 270      1CF701
 271 007b E63889E7 		.ascii	"\3468\211\347\2709\270\364\340\273\000\246\0033\201"
 271      B839B8F4 
 271      E0BB00A6 
 271      033381
 272 008a 3582B580 		.ascii	"5\202\265\200\265\201u\200\351\021G/\362\334\037~\007"
 272      B5817580 
 272      E911472F 
 272      F2DC1F7E 
 272      07
 273 009b 820583BD 		.ascii	"\202\005\203\275\001\266\014,\034\214\204\374D\216S"
 273      01B60C2C 
 273      1C8C84FC 
 273      448E53
 274 00aa AEB700DF 		.ascii	"\256\267\000\337\010\367\305`K\301\372U\370\004s\235"
 274      08F7C560 
 274      4BC1FA55 
ARM GAS  C:\Users\RAKIBU~1\AppData\Local\Temp\ccveBGvN.s 			page 21


 274      F804739D 
 275 00ba CCA3438C 		.ascii	"\314\243C\214\013R\342^\203!\030c\031\323\337\003\223"
 275      0B52E25E 
 275      83211863 
 275      19D3DF03 
 275      93
 276 00cb 5C3FF281 		.ascii	"\\?\362\201K0\011\2667\\\2029\307\271q\003\275\340\376"
 276      4B3009B6 
 276      375C8239 
 276      C7B97103 
 276      BDE0FE
 277 00de D803B74D 		.ascii	"\330\003\267M\306mQ\345K0\177\012\026\205\026\342\302"
 277      C66D51E5 
 277      4B307F0A 
 277      168516E2 
 277      C2
 278 00ef 74AA4BB8 		.ascii	"t\252K\270\027\354w\341\241\277\027\354\016n\241\026"
 278      17EC77E1 
 278      A1BF17EC 
 278      0E6EA116 
 279 00ff 6A7CB51E 		.ascii	"j|\265\036\004\377\015\037\370\321\360\320\017\356\353"
 279      04FF0D1F 
 279      F8D1F0D0 
 279      0FEEEB
 280 010e 551C0457 		.ascii	"U\034\004WYG\202;\003\367\227`Z\260Y9g\005\237\324@"
 280      5947823B 
 280      03F79760 
 280      5AB05939 
 280      67059FD4 
 281 0123 6097F958 		.ascii	"`\227\371X\313\265<[\377\347`\367\300\206\301\236\310"
 281      CBB53C5B 
 281      FFE760F7 
 281      C086C19E 
 281      C8
 282 0134 5A2B9893 		.ascii	"Z+\230\223`/\300\246\301\306\301\246\3004\262\326\376"
 282      602FC0A6 
 282      C1C6C1A6 
 282      C034B2D6 
 282      FE
 283 0145 AA9EF1BC 		.ascii	"\252\236\361\274vat\"c\270\302\260\015\243\020#\232"
 283      76617422 
 283      63B8C2B0 
 283      0DA31023 
 283      9A
 284 0156 4364FCF4 		.ascii	"Cd\374\364\334t \033\223\307\023;\036\334\321b\236\376"
 284      DC74201B 
 284      93C7133B 
 284      1EDCD162 
 284      9EFE
 285 0168 EE1C6FBC 		.ascii	"\356\034o\274\346\027q\\b\227\341\317\034:\205\260\202"
 285      E617715C 
 285      6297E1CF 
 285      1C3A85B0 
 285      82
 286 0179 53DF3A5E 		.ascii	"S\337:^\255\301\037\222@\376d\365\360\247(\334x\224"
 286      ADC11F92 
 286      40FE64F5 
ARM GAS  C:\Users\RAKIBU~1\AppData\Local\Temp\ccveBGvN.s 			page 22


 286      F0A728DC 
 286      7894
 287 018b 84B54EED 		.ascii	"\204\265N\355\215\310\330\"I<:\207\214\350\014\302\350"
 287      8DC8D822 
 287      493C3A87 
 287      8CE80CC2 
 287      E8
 288 019c 348A2025 		.ascii	"4\212 %\207\220\005\317\222\2444I:$\341e\034Z\031\202"
 288      879005CF 
 288      92A43449 
 288      3A24E165 
 288      1C5A1982 
 289 01b0 A2423874 		.ascii	"\242B8t\026\205\023r\022\205\352Q\010\252C!\004\277"
 289      16851372 
 289      1285EA51 
 289      08AA4321 
 289      04BF
 290 01c2 A2F4587B 		.ascii	"\242\364X{ \256F\224\340^\365h\027v1\214\326,\257\313"
 290      20AE4694 
 290      E05EF568 
 290      1776318C 
 290      D62CAFCB 
 291 01d6 200C8DC0 		.ascii	" \014\215\300p\336\315\000\204\336)\032\274P\220\311"
 291      70DECD00 
 291      84DE291A 
 291      BC5090C9 
 292 01e6 40F3657A 		.ascii	"@\363ezm1\206\362\027\033\221\006\206c\327\367\335\017"
 292      6D3186F2 
 292      171B9106 
 292      8663D7F7 
 292      DD0F
 293 01f8 82E15223 		.ascii	"\202\341R#\012\205ae\375\361\243\301\001\331\004\261"
 293      0A856165 
 293      FDF1A3C1 
 293      01D904B1 
 294 0208 6CB3E4F7 		.ascii	"l\263\344\367+\312\330\014\010M\200\300\241\026\024"
 294      2BCAD80C 
 294      084D80C0 
 294      A11614
 295 0217 40D42077 		.ascii	"@\324 w\010\276{\245\242\212@\255\003e\341\012V\211"
 295      08BE7BA5 
 295      A28A40AD 
 295      0365E10A 
 295      5689
 296 0229 BB8E897B 		.ascii	"\273\216\211{xz\364L\000\316\247\352\362\327\273\247"
 296      787AF44C 
 296      00CEA7EA 
 296      F2D7BBA7 
 297 0239 CE1B9031 		.ascii	"\316\033\2201<\313\205\316\271\240Q;d\274N\316\370\002"
 297      3CCB85CE 
 297      B9A0513B 
 297      64BC4ECE 
 297      F802
 298 024b 385BC1C9 		.ascii	"8[\301\311\212\277|my\303=I\012Em\220\312Ew\361\353"
 298      8ABF7C6D 
 298      79C33D49 
 298      0A456D90 
ARM GAS  C:\Users\RAKIBU~1\AppData\Local\Temp\ccveBGvN.s 			page 23


 298      CA4577F1 
 299 0260 48EDC409 		.ascii	"H\355\304\011<\323\017/J\032\243,D\326\177\021\002\342"
 299      3CD30F2F 
 299      4A1AA32C 
 299      44D67F11 
 299      02E2
 300 0272 BB6F548F 		.ascii	"\273oT\217\362\3522/\315+\263C.\263\203\226\351|\326"
 300      F2EA322F 
 300      CD2BB343 
 300      2EB38396 
 300      E97CD6
 301 0285 59E2CF14 		.ascii	"Y\342\317\024[\004\303}\015\023W\265lh\200\341T\371"
 301      5B04C37D 
 301      0D1357B5 
 301      6C6880E1 
 301      54F9
 302 0297 C54B1A3C 		.ascii	"\305K\032<\313\032\350`\352\315k\2018\025\323Ayz\303"
 302      CB1AE860 
 302      EACD6B81 
 302      3815D341 
 302      797AC3
 303 02aa 6D3F9CC9 		.ascii	"m?\234\311\006\371s\207\277\362\303\271l07:~\017da\203"
 303      06F97387 
 303      BFF2C3B9 
 303      6C30373A 
 303      7E0F6461 
 304 02bf FA0167B9 		.ascii	"\372\001g\271\277\006\336\001\252\265MC|\355\331\333"
 304      BF06DE01 
 304      AAB54D43 
 304      7CEDD9DB 
 305 02cf D6529729 		.ascii	"\326R\227)\000u!\352\27247\325\032\314hyURKYR\031\271"
 305      007521EA 
 305      BA3437D5 
 305      1ACC6879 
 305      55524B59 
 306 02e6 D57B8C30 		.ascii	"\325{\2140\324\261\245\320\203k\370\331\313\323\032"
 306      D4B1A5D0 
 306      836BF8D9 
 306      CBD31A
 307 02f5 E6223A7E 		.ascii	"\346\":~\016\256\222\242\376\223Ax7\345\345\233{\316"
 307      0EAE92A2 
 307      FE934178 
 307      37E5E59B 
 307      7BCE
 308 0307 A607AA9A 		.ascii	"\246\007\252\232\370gE\317\210\312\275\220\304Wn\225"
 308      F86745CF 
 308      88CABD90 
 308      C4576E95 
 309 0317 75728749 		.ascii	"ur\207I\013V\354&H\253\223\245\355\001\247\223I\373"
 309      0B56EC26 
 309      48AB93A5 
 309      ED01A793 
 309      49FB
 310 0329 7CFA59BD 		.ascii	"|\372Y\275\006\2272\216\272\202W{\203Tm\274\342\024"
 310      0697328E 
 310      BA82577B 
 310      83546DBC 
ARM GAS  C:\Users\RAKIBU~1\AppData\Local\Temp\ccveBGvN.s 			page 24


 310      E214
 311 033b 6DE3DBC0 		.ascii	"m\343\333\300\321\347\346\350E>Iny'\351\313\351\271"
 311      D1E7E6E8 
 311      453E496E 
 311      7927E9CB 
 311      E9B9
 312 034d A3C3E58C 		.ascii	"\243\303\345\214\344\314\265\376\031\325\273\362\355"
 312      E4CCB5FE 
 312      19D5BBF2 
 312      ED
 313 035a 8737E9DB 		.ascii	"\2077\351\333\330\017$_\273In\373&\271\343\235\344e"
 313      D80F245F 
 313      BB496EFB 
 313      26B9E39D 
 313      E465
 314 036c EFE334C3 		.ascii	"\357\3434\303\262B2#o\263\264\210!~\011\317\273i\223"
 314      B2423223 
 314      6FB3B488 
 314      217E09CF 
 314      BB6993
 315 037f DC45CBE0 		.ascii	"\334E\313\340\377\015\244a\333\303\324\255\246\356y"
 315      FF0DA461 
 315      DBC3D4AD 
 315      A6EE79
 316 038e 2D05CF55 		.ascii	"-\005\317U-u\217\265\024\004\216d\236\277\033\204G\330"
 316      2D758FB5 
 316      14048E64 
 316      9EBF1B84 
 316      47D8
 317 03a0 E2170FE7 		.ascii	"\342\027\017\347n\327\322\225ns-~\243\363\344\003\346"
 317      6ED7D295 
 317      6E732D7E 
 317      A3F3E403 
 317      E6
 318 03b1 83D70C0D 		.ascii	"\203\327\014\015\262\345\237m\276p\034+-\361O\346\033"
 318      B2E59F6D 
 318      BE701C2B 
 318      2DF14FE6 
 318      1B
 319 03c2 A94FDBCA 		.ascii	"\251O\333\312\253\023l\233\227\340}\232\340\220\222"
 319      AB136C9B 
 319      97E07D9A 
 319      E09092
 320 03d1 60F3A98A 		.ascii	"`\363\251\212\001\244N\360\376\274\004\207]\011\336"
 320      01A44EF0 
 320      FEBC0487 
 320      5D09DE
 321 03e0 7C786ED2 		.ascii	"|xn\322\037\217\373N\260\277`\250\201u,\274 \350\033"
 321      1F8FFB4E 
 321      B0BF60A8 
 321      81752CBC 
 321      20E81B
 322 03f3 964CEE84 		.ascii	"\226L\356\204t#XI\360!\363U\334\335\261=\330w\202\217"
 322      74235849 
 322      F021F355 
 322      DCDDB13D 
 322      D877828F 
ARM GAS  C:\Users\RAKIBU~1\AppData\Local\Temp\ccveBGvN.s 			page 25


 323 0407 69828F94 		.ascii	"i\202\217\224\004\217\035\231\255\366S'\370x^\202O\\"
 323      048F1D99 
 323      ADF65327 
 323      F8785E82 
 323      4F5C
 324 0419 09D6381F 		.ascii	"\011\3268\037\275\340\3614K\320\331X\325\025\204\267"
 324      BDE0F134 
 324      4BD0D958 
 324      D51584B7 
 325 0429 6AE860EC 		.ascii	"j\350`\354U\311\031?\366\222,%\242\015\344\345\351\331"
 325      55C9193F 
 325      F6922C25 
 325      A20DE4E5 
 325      E9D9
 326 043b 4B5246B7 		.ascii	"KRF\267\376\273\007\263\002q!\213\2559>SkT\022f\205"
 326      FEBB07B3 
 326      0271218B 
 326      AD393E53 
 326      6B541266 
 327 0450 3D9086AA 		.ascii	"=\220\206\252\203|\257\370\030\315\367\231\222o\325"
 327      837CAFF8 
 327      18CDF799 
 327      926FD5
 328 045f 8EAAB7D4 		.ascii	"\216\252\267\324\351\216\315K\367\271\222\256\276\266"
 328      E98ECD4B 
 328      F7B992AE 
 328      BEB6
 329 046d 27F7940E 		.ascii	"'\367\224\016\205-\011\013\013\013\017;H\342[\373\266"
 329      852D090B 
 329      0B0B0F3B 
 329      48E25BFB 
 329      B6
 330 047e E1D71D99 		.ascii	"\341\327\035\231R^,\351\013t\035\272t\002-q7\344\025"
 330      525E2CE9 
 330      0B741DBA 
 330      74022D71 
 330      37E415
 331 0491 8AD04CFE 		.ascii	"\212\320L\376s\3714\0330\240E#\020\361-\211x*O\201\236"
 331      73F9341B 
 331      30A04523 
 331      10F12D89 
 331      782A4F81 
 332 04a6 45FF86F6 		.ascii	"E\377\206\366\235Da\350\005\3304\3308\330\024\012\243"
 332      9D4461E8 
 332      05D834D8 
 332      38D8140A 
 332      A3
 333 04b7 E716A3EB 		.ascii	"\347\026\243\353FW\242\210~\350\201'S\244\233H\025J"
 333      4657A288 
 333      7EE88127 
 333      53A49B48 
 333      154A
 334 04c9 96E95F5E 		.ascii	"\226\351_^C\243=\"\241J4\352\031y\031\271B\331;9\262"
 334      43A33D22 
 334      A14A34EA 
 334      197919B9 
 334      42D93B39 
ARM GAS  C:\Users\RAKIBU~1\AppData\Local\Temp\ccveBGvN.s 			page 26


 335 04de 05C3714A 		.ascii	"\005\303qJ\2028\371ut\3476\271j\237\324\232\216I\377"
 335      8238F975 
 335      74E736B9 
 335      6A9FD49A 
 335      8E49FF
 336 04f1 A101EF42 		.ascii	"\241\001\357BP$\020<{g~\261\377\022Y\220,\237\202p>"
 336      5024103C 
 336      7B677EB1 
 336      FF125990 
 336      2C9F8270 
 337 0506 D5008C9D 		.ascii	"\325\000\214\235c\316\035\201\352U{\251\342\343\320"
 337      63CE1D81 
 337      EA557BA9 
 337      E2E3D0
 338 0515 8CABC926 		.ascii	"\214\253\311&\012\276\036\010\302\235\264W\364\335C"
 338      0ABE1E08 
 338      C29DB457 
 338      F4DD43
 339 0524 5B362158 		.ascii	"[6!X\277%\256\025\354(\0129\264Y\002\005`\006\352\004"
 339      BF25AE15 
 339      EC280A39 
 339      B4590205 
 339      6006EA04 
 340 0538 7289FF0E 		.ascii	"r\211\377\016\255\272\212t\254J\242\354U\317hU\225\036"
 340      ADBA8A74 
 340      AC4AA2EC 
 340      55CF6855 
 340      951E
 341 054a 8BF0CA33 		.ascii	"\213\360\3123T%\255\327\306\340h8\351\2124>\034\315"
 341      5425ADD7 
 341      C6E06838 
 341      E98A343E 
 341      1CCD
 342 055c 42ED9BF9 		.ascii	"B\355\233\3710\364\032\356\251p\237[\330\025\204\345"
 342      30F41AEE 
 342      A9709F5B 
 342      D81584E5 
 343 056c 0BEF09B1 		.ascii	"\013\357\011\261\266`+8\271wq*0\221\260\205K\350\252"
 343      B6602B38 
 343      B977712A 
 343      3091B085 
 343      4BE8AA
 344 057f 8EEC57D7 		.ascii	"\216\354W\327\274j\301\260@\326\335\225\275}\006\334"
 344      BC6AC1B0 
 344      40D6DD95 
 344      BD7D06DC 
 345 058f 4365E56B 		.ascii	"Ce\345k\322\262w\007\240\360%\214\303\3716i\222L\230"
 345      D2B27707 
 345      A0F0258C 
 345      C3F93669 
 345      924C98
 346 05a2 9BCEBBB6 		.ascii	"\233\316\273\266mB\350\353%\310\200\022\377\227r\201"
 346      6D42E8EB 
 346      25C88012 
 346      FF977281 
 347 05b2 76F2C9E9 		.ascii	"v\362\311\351;z\365\262g\362\352e\337\302\263\003\037"
 347      3B7AF5B2 
ARM GAS  C:\Users\RAKIBU~1\AppData\Local\Temp\ccveBGvN.s 			page 27


 347      67F2EA65 
 347      DFC2B303 
 347      1F
 348 05c3 EE107CFE 		.ascii	"\356\020|\376BS\213\377\000l\340dsXD!\020b\377\341N"
 348      42538BFF 
 348      006CE064 
 348      73584421 
 348      1062FFE1 
 349 05d8 8C7DD72A 		.ascii	"\214}\327*\027b~\360\362\354&\207\222\2012\005\271<"
 349      17627EF0 
 349      F2EC2687 
 349      92813205 
 349      B93C
 350 05ea BC8CC12B 		.ascii	"\274\214\301+\270\364O\006@jT\366\234\321)\027\373\226"
 350      B8F44F06 
 350      406A54F6 
 350      9CD12917 
 350      FB96
 351 05fc 663F54F3 		.ascii	"f?T\363\230\213w\223\251\246,\310\225s=v%\345.\022)"
 351      988B7793 
 351      A9A62CC8 
 351      95733D76 
 351      25E52E12 
 352 0611 A7C0D39C 		.ascii	"\247\300\323\234\232\200A\330\237\340K\213\343\362\014"
 352      9A8041D8 
 352      9FE04B8B 
 352      E3F20C
 353 0620 56BA695E 		.ascii	"V\272i^n*n\017\306\203l\007\255\316\273=\201\226\227"
 353      6E2A6E0F 
 353      C6836C07 
 353      ADCEBB3D 
 353      819697
 354 0633 49AD8370 		.ascii	"I\255\203p\354\302Ge\333\226\\\251\014}DO\276l\367\022"
 354      ECC24765 
 354      DB965CA9 
 354      0C7D444F 
 354      BE6CF712 
 355 0647 C24FF8BF 		.ascii	"\302O\370\277\225\037D(\213\037\000\274m\374r\230\235"
 355      951F4428 
 355      8B1F00BC 
 355      6DFC7298 
 355      9D
 356 0658 3E549561 		.ascii	">T\225a\300{\264\024\252\256\3149\033,C=y\033\272\011"
 356      C07BB414 
 356      AAAECC39 
 356      1B2C433D 
 356      791BBA09 
 357 066c 3EE4E00C 		.ascii	">\344\340\014'[j\216\033)\307\023)\227\"u\334y8\255"
 357      275B6A8E 
 357      1B29C713 
 357      29972275 
 357      DC7938AD 
 358 0680 C3C50CE9 		.ascii	"\303\305\014\351\371?\016t(H]S\330\005EN\273\355n\250"
 358      F93F0E74 
 358      28485D53 
 358      D805454E 
 358      BBED6EA8 
ARM GAS  C:\Users\RAKIBU~1\AppData\Local\Temp\ccveBGvN.s 			page 28


 359 0694 ED9E503B 		.ascii	"\355\236P;(TOe\343F|\210!\365\015\354\277\251\225\221"
 359      28544F65 
 359      E3467C88 
 359      21F50DEC 
 359      BFA99591 
 360 06a8 5E1EC1D2 		.ascii	"^\036\301\322.\300YD\017\245<7N\236'N>\3059P\270\363"
 360      2EC05944 
 360      0FA53C37 
 360      4E9E274E 
 360      3EC53950 
 361 06be B53FAED2 		.ascii	"\265?\256\322\372<Ckk\277\250B._\001O\2359{+\272\014"
 361      FA3C436B 
 361      6BBFA842 
 361      2E5F014F 
 361      9D397B2B 
 362 06d4 AE937F17 		.ascii	"\256\223\177\027s\246f\027\346\263\223\037\272\023\355"
 362      73A66617 
 362      E6B3931F 
 362      BA13ED
 363 06e3 66CEECB2 		.ascii	"f\316\354\262\276\356y\337&\353\337T\035T{xrP\025\362"
 363      BEEE79DF 
 363      26EBDF54 
 363      1D547B78 
 363      725015F2 
 364 06f7 F24155D8 		.ascii	"\362AU\330~\340\026)\244\014\012\351(\011pI\002ah\247"
 364      7EE01629 
 364      A40C0AE9 
 364      28097049 
 364      026168A7 
 365 070b BB949D9E 		.ascii	"\273\224\235\236\245\354\245\245\354\257l\250\323\341"
 365      A5ECA5A5 
 365      ECAF6CA8 
 365      D3E1
 366 0719 B3AC94EB 		.ascii	"\263\254\224\353'\036o\323\341\0266\250\335\377\315"
 366      271E6FD3 
 366      E11636A8 
 366      DDFFCD
 367 0728 553D6486 		.ascii	"U=d\206\366\221\231\324\223\332Z\036\210\333\331\343"
 367      F69199D4 
 367      93DA5A1E 
 367      88DBD9E3 
 368 0738 83470E38 		.ascii	"\203G\0168\375\310\343bx\214\366\263\304\275i\321V="
 368      FDC8E362 
 368      788CF6B3 
 368      C4BD69D1 
 368      563D
 369 074a D3CA2A8C 		.ascii	"\323\312*\214\015@\007X\\\311\271\341\022?\345t.e\276"
 369      0D400758 
 369      5CC9B9E1 
 369      123FE574 
 369      2E65BE
 370 075d DECD3993 		.ascii	"\336\3159\223A\357tjK%\003ek*z\\\247\2411\177\347\337"
 370      41EF746A 
 370      4B250365 
 370      6B2A7A5C 
 370      A7A1317F 
 371 0773 61AFF950 		.ascii	"a\257\371Pn\201\036w1\376\261\322\361\243:\302\177\010"
ARM GAS  C:\Users\RAKIBU~1\AppData\Local\Temp\ccveBGvN.s 			page 29


 371      6E811E77 
 371      31FEB1D2 
 371      F1A33AC2 
 371      7F08
 372 0785 6A3C48C4 		.ascii	"j<H\304 \333z\177Q\243\026\367\262\210\252=\207\273"
 372      20DB7A7F 
 372      51A316F7 
 372      B288AA3D 
 372      87BB
 373 0797 69014748 		.ascii	"i\001GH\206\207\031K\346\353\302:\254\226\026\022\220"
 373      8687194B 
 373      E6EBC23A 
 373      AC961612 
 373      90
 374 07a8 A5454721 		.ascii	"\245EG!\004\225Su\313\024u\273*O]\322\203\272\203\320"
 374      04955375 
 374      CB1475BB 
 374      2A4F5DD2 
 374      83BA83D0 
 375 07bc 29530DEF 		.ascii	")S\015\357\266\324>\222\262\262\245()\003\223HT\244"
 375      B6D43E92 
 375      B2B2A528 
 375      29039348 
 375      54A4
 376 07ce 088C     		.ascii	"\010\214"
 377 07d0 4A780D19 		.ascii	"Jx\015\031\261W\355\030\3256\377\342\341\313\370\275"
 377      B157ED18 
 377      D536FFE2 
 377      E1CBF8BD 
 378 07e0 4352772B 		.ascii	"CRw+}\203\316\2669\341\353\224\247gR'\373tU\355\354"
 378      7D83CEB6 
 378      39E1EB94 
 378      A7675227 
 378      FB7455ED 
 379 07f5 C4F32748 		.ascii	"\304\363'H\266\202\177\017\246n\035\035m3\252w4B\346"
 379      B6827F0F 
 379      A66E1D1D 
 379      6D33AA77 
 379      3442E6
 380 0808 DED12AE5 		.ascii	"\336\321*\345\035\255\222\356h\336T\237\2741\262X\231"
 380      1DAD92EE 
 380      68DE549F 
 380      BC31B258 
 380      99
 381 0819 9F06F3E3 		.ascii	"\237\006\363\343\336TM\217U\216\301\212\346\246J\366"
 381      DE544D8F 
 381      558EC18A 
 381      E6A64AF6 
 382 0829 59771CBA 		.ascii	"Yw\034\272\257\212\367:u\275z*\310\305\032\012\002o"
 382      AF8AF73A 
 382      75BD7A2A 
 382      C8C51A0A 
 382      026F
 383 083b CD9C7DC1 		.ascii	"\315\234}\301f\327\300\354j6{\177~A\310w\351[K\365="
 383      66D7C0EC 
 383      6A367B7F 
 383      7E41C877 
ARM GAS  C:\Users\RAKIBU~1\AppData\Local\Temp\ccveBGvN.s 			page 30


 383      E95B4BF5 
 384 0850 41F5A583 		.ascii	"A\365\245\203\250\210\210H\3703o\264\304Y\354\216\025"
 384      A8888848 
 384      F8336FB4 
 384      C459EC8E 
 384      15
 385 0861 512B23ED 		.ascii	"Q+#\355\216\310\215\261\211\221\211\226\270H\207\230"
 385      8EC88DB1 
 385      89918996 
 385      B8488798 
 386 0871 2CC45A1D 		.ascii	",\304Z\035\221V\301*\377\2140\033>\376\315\037BWGGs"
 386      9156C12A 
 386      FF8C301B 
 386      3EFECD1F 
 386      42574747 
 387 0886 7E26538A 		.ascii	"~&S\212\305&\376\334$&\230\177\021C\001\034bJ\274\305"
 387      C526FEDC 
 387      2426987F 
 387      1143011C 
 387      624ABCC5 
 388 089a 1E23DAED 		.ascii	"\036#\332\355\211\216\230\015\266\224P\372+46\331\032"
 388      898E980D 
 388      B69450FA 
 388      2B3436D9 
 388      1A
 389 08ab 2A58E384 		.ascii	"*X\343\204\370x!>fUDT\350\212\250\350U\177\371 \006"
 389      F878213E 
 389      66554454 
 389      E88AA8E8 
 389      557FF920 
 390 08c0 FCEFDBEC 		.ascii	"\374\357\333\3546\341}!6\316\022c\261\231\023S\342\205"
 390      36E17D21 
 390      36CE1263 
 390      B1991353 
 390      E285
 391 08d2 186B2C60 		.ascii	"\030k,`\331\204\030S\274\220\020\233\222(\232\304MI"
 391      D9841853 
 391      BC90109B 
 391      92289AC4 
 391      4D49
 392 08e4 82236223 		.ascii	"\202#b#\247\227\351\376\370\203\322969bL\0161\036\260"
 392      A797E9FE 
 392      F883D239 
 392      3639624C 
 392      0E311EB0 
 393 08f8 8143E7B0 		.ascii	"\201C\347\260\374M0\211\361\377'\005\210\026\263\301"
 393      FC4D3089 
 393      F1FF2705 
 393      8816B3C1 
 394 0908 6CF6A05A 		.ascii	"l\366\240Z\025\261\"\"\332M(\302\254\004\340\302\202"
 394      15B12222 
 394      DA4D28C2 
 394      AC04E0C2 
 394      82
 395 0919 DDA1217C 		.ascii	"\335\241!|\272\270\224\204\004!\031\377\325*\342\244"
 395      BAB89484 
 395      042119FF 
ARM GAS  C:\Users\RAKIBU~1\AppData\Local\Temp\ccveBGvN.s 			page 31


 395      D52AE2A4 
 396 0929 14118485 		.ascii	"\024\021\204\205dV\2560\211z\371\256\265:6\230\304\217"
 396      6456AE30 
 396      897AF9AE 
 396      B53A3698 
 396      C48F
 397 093b BC2D95D9 		.ascii	"\274-\225\331n\265\332m\221I\366d\321\021\371\313\337"
 397      6EB5DA6D 
 397      9149F664 
 397      D111F9CB 
 397      DF
 398 094c AD59BDE6 		.ascii	"\255Y\275\346s\342K\262$\012\311\216\310\217W\257\206"
 398      73E24BB2 
 398      240AC98E 
 398      C88F57AF 
 398      86
 399 095d 7845400D 		.ascii	"xE@\015,a\274\366\263d\213(\004[l\0161\326f\026L\366"
 399      2C61BCF6 
 399      B3648B28 
 399      045B6C0E 
 399      31D66616 
 400 0973 84048720 		.ascii	"\204\004\207 \006\254\021\254k\351\022\177\262\346\367"
 400      06AC11AC 
 400      6BE9127F 
 400      B2E6F7
 401 0982 78832046 		.ascii	"x\203 F\177\317\276\000\351\334H\366\344M\014Lc\202"
 401      7FCFBE00 
 401      E9DC48F6 
 401      E44D0C4C 
 401      6382
 402 0994 7ABE2F94 		.ascii	"z\276/\224\231\323\230 \003\235\211\244\353\320\233"
 402      99D39820 
 402      039D89A4 
 402      EBD09B
 403 09a3 68C28E00 		.ascii	"h\302\216\000\253\343\267q\237\012f\361\3276\213\250"
 403      ABE3B771 
 403      9F0A66F1 
 403      D7368BA8 
 404 09b3 837073D2 		.ascii	"\203ps\322&M\242\020\233\240\267\331\305\215\311\366"
 404      264DA210 
 404      9BA0B7D9 
 404      C58DC9F6 
 405 09c3 CF50B43E 		.ascii	"\317P\264>\301\026\352H\022\314\340\261\331R\022\023"
 405      C116EA48 
 405      12CCE0B1 
 405      D9521213 
 406 09d3 3FF9611B 		.ascii	"?\371a\033EL\266\3306@\241\377\001\371f\226\270"
 406      454CB6D8 
 406      3640A1FF 
 406      01F96696 
 406      B8
 407              		.text
 408              		.section	.gnu.lto_.symtab.e8103cd2,"",%progbits
 409 0000 6D734F62 		.ascii	"msObjectInit\000"
 409      6A656374 
 409      496E6974 
 409      00
ARM GAS  C:\Users\RAKIBU~1\AppData\Local\Temp\ccveBGvN.s 			page 32


 410 000d 00       		.ascii	"\000"
 411 000e 00       		.ascii	"\000"
 412 000f 00       		.ascii	"\000"
 413 0010 00000000 		.ascii	"\000\000\000\000\000\000\000\000"
 413      00000000 
 414 0018 18010000 		.ascii	"\030\001\000\000"
 415              		.text
 416              		.section	.gnu.lto_.opts,"",%progbits
 417 0000 272D666D 		.ascii	"'-fmath-errno' '-fsigned-zeros' '-ftrapping-math' '"
 417      6174682D 
 417      6572726E 
 417      6F272027 
 417      2D667369 
 418 0033 2D666E6F 		.ascii	"-fno-trapv' '-fno-openmp' '-fno-openacc' '-mcpu=cor"
 418      2D747261 
 418      70762720 
 418      272D666E 
 418      6F2D6F70 
 419 0066 7465782D 		.ascii	"tex-m4' '-mthumb' '-O2' '-fomit-frame-pointer' '-fa"
 419      6D342720 
 419      272D6D74 
 419      68756D62 
 419      2720272D 
 420 0099 6C69676E 		.ascii	"lign-functions=16' '-ffunction-sections' '-fdata-se"
 420      2D66756E 
 420      6374696F 
 420      6E733D31 
 420      36272027 
 421 00cc 6374696F 		.ascii	"ctions' '-fno-common' '-flto'\000"
 421      6E732720 
 421      272D666E 
 421      6F2D636F 
 421      6D6D6F6E 
 422              		.text
 423              		.comm	__gnu_lto_v1,1,1
 424              		.comm	__gnu_lto_slim,1,1
 425              		.ident	"GCC: (GNU Tools for Arm Embedded Processors 7-2017-q4-major) 7.2.1 20170904 (release) [ARM
ARM GAS  C:\Users\RAKIBU~1\AppData\Local\Temp\ccveBGvN.s 			page 33


DEFINED SYMBOLS
                            *ABS*:00000000 memstreams.c
                            *COM*:00000001 __gnu_lto_v1
                            *COM*:00000001 __gnu_lto_slim

NO UNDEFINED SYMBOLS
