ARM GAS  C:\Users\RAKIBU~1\AppData\Local\Temp\ccc0J5Eq.s 			page 1


   1              		.cpu cortex-m4
   2              		.eabi_attribute 20, 1
   3              		.eabi_attribute 21, 1
   4              		.eabi_attribute 23, 3
   5              		.eabi_attribute 24, 1
   6              		.eabi_attribute 25, 1
   7              		.eabi_attribute 26, 1
   8              		.eabi_attribute 30, 2
   9              		.eabi_attribute 34, 1
  10              		.eabi_attribute 18, 4
  11              		.file	"nullstreams.c"
  12              		.section	.gnu.lto_.profile.eb29d89f,"",%progbits
  13 0000 789C6363 		.ascii	"x\234cc```\001bF\006n6\000\000\224\000\035"
  13      60606001 
  13      6246066E 
  13      36000094 
  13      001D
  14              		.text
  15              		.section	.gnu.lto_.icf.eb29d89f,"",%progbits
  16 0000 789C6363 		.ascii	"x\234cc``Pe@\0006\206\316\336O\235\354\214\353\316o"
  16      60605065 
  16      40003686 
  16      CEDE4F9D 
  16      EC8CEBCE 
  17 0015 DCCEC174 		.ascii	"\334\316\301t\364\335\216\375|\314\353\036|lgfYpo[\005"
  17      F4DD8EFD 
  17      7CCCEB1E 
  17      7C6C6766 
  17      59706F5B 
  18 002a EBDADF3F 		.ascii	"\353\332\337?\277p1\000\000O5\022R"
  18      BF703100 
  18      004F3512 
  18      52
  19              		.text
  20              		.section	.gnu.lto_.jmpfuncs.eb29d89f,"",%progbits
  21 0000 789C458A 		.ascii	"x\234E\212\201\011\000 \014\303\322u\372\230\207\371"
  21      81090020 
  21      0CC3D275 
  21      FA9887F9 
  22 0010 C88E7582 		.ascii	"\310\216u\202`!PB&\260\370\033XRR\246\321.\207\256\341"
  22      60215042 
  22      26B0F81B 
  22      585252A6 
  22      D12E87AE 
  23 0025 193711F1 		.ascii	"\0317\021\361E\372\375\354\252\363\301\001\013\251\007"
  23      45FAFDEC 
  23      AAF3C101 
  23      0BA907
  24 0034 B7       		.ascii	"\267"
  25              		.text
  26              		.section	.gnu.lto_.inline.eb29d89f,"",%progbits
  27 0000 789C6363 		.ascii	"x\234cc``\210e@\000V\006\006f&F\006& \223m\201<\210"
  27      60608865 
  27      40005606 
  27      06662646 
  27      06262093 
  28 0018 6260C410 		.ascii	"b`\304\020a\302\020a\306\020aa`a\006\2120\276`g`\357"
ARM GAS  C:\Users\RAKIBU~1\AppData\Local\Temp\ccc0J5Eq.s 			page 2


  28      61C21061 
  28      C6106161 
  28      6061068A 
  28      30BE6067 
  29 002e 50070B31 		.ascii	"P\007\0131\000\000\355\016\005a"
  29      0000ED0E 
  29      0561
  30              		.text
  31              		.section	.gnu.lto_.pureconst.eb29d89f,"",%progbits
  32 0000 789C6363 		.ascii	"x\234cc``\340\006bV\006\006F\006&\006f\006\026)\000"
  32      6060E006 
  32      62560606 
  32      46062606 
  32      66061629 
  33 0015 01A3003B 		.ascii	"\001\243\000;"
  34              		.text
  35              		.section	.gnu.lto_writes.eb29d89f,"",%progbits
  36 0000 789C5D90 		.ascii	"x\234]\220\317K\002A\024\307\337\233Y\177\004\345?\220"
  36      CF4B0241 
  36      14C7DF9B 
  36      597F04E5 
  36      3F90
  37 0012 870E8178 		.ascii	"\207\016\201xq\303\010\202\352\336_\021\250\004.l*m"
  37      71C30882 
  37      EADE5F11 
  37      A8042E6C 
  37      2A6D
  38 0024 9D9DB4A8 		.ascii	"\235\235\264\250\260\203\221\031\310\036\012\221=t\250"
  38      B0839119 
  38      C81E0A91 
  38      3D74A8
  39 0033 C87E5987 		.ascii	"\310~Y\207=u\011\2032\351^B\207D\350\320\251\262\336"
  39      3D750983 
  39      32E95E42 
  39      8744E8D0 
  39      A9B2DE
  40 0046 2C1E4298 		.ascii	",\036B\230a\276o\346\363\231a\236\033\000\346\020`\232"
  40      61BE6FE6 
  40      F399619E 
  40      1B00E610 
  40      609A
  41 0058 D6619AC8 		.ascii	"\326a\232\310\001Y\376\036`\305\313\020e\020^\2044\303"
  41      0159FE1E 
  41      60C5CB10 
  41      65105E84 
  41      34C3
  42 006a 346EF102 		.ascii	"4n\361\002\307\207\325c\223\347\270I\230B\345G\275\364"
  42      C787D563 
  42      93E7B849 
  42      9842E547 
  42      BDF4
  43 007c EA9325E2 		.ascii	"\352\223%\342\010\225\355\316mu0h\011\221\021\366^m"
  43      0895EDCE 
  43      6D753068 
  43      099111F6 
  43      5E6D
  44 008e E620BB36 		.ascii	"\346 \2736kr\006E\242\253\350\307S\364\313'\3160Hl\243"
ARM GAS  C:\Users\RAKIBU~1\AppData\Local\Temp\ccc0J5Eq.s 			page 3


  44      6B720645 
  44      A2ABE8C7 
  44      53F4CB27 
  44      CE30486C 
  45 00a3 DECC7BF8 		.ascii	"\336\314{\370\004\002\345\235\317w\233\005*\216\327"
  45      0402E59D 
  45      CF779B05 
  45      2A8ED7
  46 00b2 2A73316A 		.ascii	"*s1jr\216\347\310\377\213\264\005x\201\001\302\277r"
  46      728EE7C8 
  46      FF8BB405 
  46      788101C2 
  46      BF72
  47 00c4 CDE2009F 		.ascii	"\315\342\000\237t\324\3557\253\213=\365\273\342\250"
  47      74D4ED37 
  47      AB8B3DF5 
  47      BBE2A8
  48 00d3 0A5EF6AB 		.ascii	"\012^\366\253\012\340\225\243\376\210B\321\307\247\034"
  48      0AE095A3 
  48      FE8842D1 
  48      C7A71C
  49 00e2 B57557CE 		.ascii	"\265uW\316{z\352\223\345\250\014k\375*\003\274\306\200"
  49      7B7AEA93 
  49      E5A80C6B 
  49      FD2A03BC 
  49      C680
  50 00f4 E45F4EBA 		.ascii	"\344_N\272\273CnE~\207~q\203n\240\306\301\321\243\313"
  50      BB436E45 
  50      7E877E71 
  50      836EA0C6 
  50      C1D1A3CB 
  51 0108 16DDDF75 		.ascii	"\026\335\337ua\267-|vQ'\034\0366\210\242\376\011\033"
  51      61B72D7C 
  51      7651271C 
  51      1E3688A2 
  51      FE091B
  52 011b 36E90E4A 		.ascii	"6\351\016JY\033:\230\331?l\240tK\\\312D\241<c\000\341"
  52      591B3A98 
  52      D93F6CA0 
  52      744B5CCA 
  52      44A13C63 
  53 0131 5048A511 		.ascii	"PH\245\021\213kQ-i\204\307\306\325\244\241\306#\272"
  53      8B6B512D 
  53      6984C7C6 
  53      D5A4A1C6 
  53      23BA
  54 0143 AA6B51D5 		.ascii	"\252kQ\325XZ\234\217,\030jbY\327{9\024\003\246\245X"
  54      585A9C8F 
  54      2C186A62 
  54      59D77B39 
  54      1403A6A5 
  55 0158 3485893F 		.ascii	"4\205\211?Q{\205\020"
  55      517B8510 
  56              		.text
  57              		.section	.gnu.lto_reads.eb29d89f,"",%progbits
  58 0000 789C5D90 		.ascii	"x\234]\220\315+DQ\030\306\337\347\234\371R\314?`\026"
  58      CD2B4451 
ARM GAS  C:\Users\RAKIBU~1\AppData\Local\Temp\ccc0J5Eq.s 			page 4


  58      18C6DFE7 
  58      9CF952CC 
  58      3F6016
  59 0013 166A9ACD 		.ascii	"\026j\232\315\\\215\224\302\336\2771#5\267\256\031\271"
  59      5C8D94C2 
  59      DEBF3123 
  59      35B7AE19 
  59      B9
  60 0024 ACE7F898 		.ascii	"\254\347\370\230\020\213\2211JwA\302\022\371\376\252"
  60      108B9131 
  60      4A7741C2 
  60      12F9FEAA 
  61 0034 9B6423C4 		.ascii	"\233d#\3044\033Y\241,h\244XH\206\367\336(M\235\323y"
  61      341B59A1 
  61      2C68A458 
  61      4886F7DE 
  61      284D9DD3 
  62 0049 DE739EDF 		.ascii	"\336s\236\337y{\037\037\021%A\324\316g=oH\202\310]\020"
  62      797B1F1F 
  62      112541D4 
  62      CE673D6F 
  62      4882C85D 
  63 005e 0D0604E0 		.ascii	"\015\006\004\340\010\025\000e\0042\230\224y\211\253"
  63      08150065 
  63      04329894 
  63      7989AB
  64 006d 91354B4E 		.ascii	"\2215KNH\213m\036._\317\347\356\203N\0114p\371\\>\335"
  64      488B6D1E 
  64      2E5FCFE7 
  64      EE834E09 
  64      3470F95C 
  65 0083 AC8DAC28 		.ascii	"\254\215\254(5\244\354\331\233\216\205\341l\247%\005"
  65      35A4ECD9 
  65      9B8E85E1 
  65      6CA72505 
  66 0093 15D8BD89 		.ascii	"\025\330\275\211\0206\020rZl!\302\336\342y)\347\227"
  66      10361072 
  66      5A6C21C2 
  66      DEE27929 
  66      E797
  67 00a5 2D20D6D3 		.ascii	"- \326\323\357O\266\010/\271\334\355\242T\215\226\224"
  67      EF4FB608 
  67      2FB9DCED 
  67      A2548D96 
  67      94
  68 00b6 D886FC0F 		.ascii	"\330\206\374\017\362\025a\007a\266\177N\224\0125\262"
  68      F2156107 
  68      61B67F4E 
  68      940A35B2 
  69 00c6 D545A71E 		.ascii	"\325E\247\036W*\370EO\226\\\324\203\335j\324C\330s\321"
  69      572AF845 
  69      4F965CD4 
  69      83DD6AD4 
  69      43D873D1 
  70 00da 2F952F04 		.ascii	"/\225/\004e\233\213>\234-\346\374\177]\227]T`\277\032"
  70      659B8B3E 
  70      9C2DE6FC 
ARM GAS  C:\Users\RAKIBU~1\AppData\Local\Temp\ccc0J5Eq.s 			page 5


  70      7F5D975D 
  70      5460BF1A 
  71 00ee 15840384 		.ascii	"\025\204\003\204\035\377\335ze\246\316\347q\306\341"
  71      1DFFDD7A 
  71      65A6CEE7 
  71      71C6E1
  72 00fd 290EE123 		.ascii	")\016\341#\016\216V\257\275\266\252|\217*\373m\031\037"
  72      0E8E56AF 
  72      BDB6AA7C 
  72      8F2AFB6D 
  72      191F
  73 010f 5E4134C6 		.ascii	"^A4\306\357\234\234\262i\234iV\3036\22514\377R\204C"
  73      EF9C9CB2 
  73      699C6956 
  73      C3369531 
  73      34FF5284 
  74 0124 F14F85EC 		.ascii	"\361O\205\354\361\245\337\211M\200p\344\246\302\024"
  74      F1A5DF89 
  74      4D8070E4 
  74      A6C214
  75 0133 1C2FF3B1 		.ascii	"\034/\363\261hT\343\325\225\324\023z\332\21455kiSK\306"
  75      6854E3D5 
  75      95D4137A 
  75      DA8C3535 
  75      6B69534B 
  76 0148 0DCDD013 		.ascii	"\015\315\320\023\232\331\337\327\035\3571\265\324\200"
  76      9AD9DFD7 
  76      1DEF31B5 
  76      D480
  77 0156 61FCEA68 		.ascii	"a\374\352h\027\011\275W$z\221\372\001D\230\211?"
  77      1709BD57 
  77      247A91FA 
  77      01449889 
  77      3F
  78              		.text
  79              		.section	.gnu.lto_put.eb29d89f,"",%progbits
  80 0000 789C4D8F 		.ascii	"x\234M\217\311J\003A\024E\337\355j\223,\324\017\320"
  80      C94A0341 
  80      1445DFED 
  80      6A932CD4 
  80      0FD0
  81 0012 2C5C0821 		.ascii	",\\\010!\010\351\220 \230\037\020\177#\011B\032Z#\266"
  81      08E99020 
  81      981F107F 
  81      2309421A 
  81      5A23B6
  82 0025 AE536670 		.ascii	"\256Sfp\300,\002N(\275P4\010n\2428O\320H\026\202DQ\361"
  82      C02C024E 
  82      28BD5034 
  82      086EA238 
  82      4FD04816 
  83 003d 071C5682 		.ascii	"\007\034V\202\340BW!\372**XTQ\367U\335S\365\256\207"
  83      E0425721 
  83      FA2A2A58 
  83      5451F755 
  83      DD53F5AE 
  84 0052 887A4014 		.ascii	"\210z@\024\343\275\223\027\004A+]\023M\3704@\011\351"
ARM GAS  C:\Users\RAKIBU~1\AppData\Local\Temp\ccc0J5Eq.s 			page 6


  84      E3BD9317 
  84      04412B5D 
  84      134DF834 
  84      4009E9
  85 0065 03653464 		.ascii	"\003e4dP\024\363\002\267\371mG\314\012\207m:\227\357"
  85      5014F302 
  85      B7F96D47 
  85      CC0A876D 
  85      3A97EF
  86 0078 B595A776 		.ascii	"\265\225\247vU\002]\\\226\317sg\010nJ\036\356R=\266"
  86      55025D5C 
  86      96CF7367 
  86      086E4A1E 
  86      EE523DB6 
  87 008c 962B0C38 		.ascii	"\226+\0148B\243Ev\357\301\217]\370\325\027\373\010\262"
  87      42A34576 
  87      EFC18F5D 
  87      F8D517FB 
  87      08B2
  88 009e F7BEF650 		.ascii	"\367\276\366P\362\212^\020\353\271\217WW\013\224\245"
  88      F28A5E10 
  88      EBB98F57 
  88      570B94A5 
  89 00ae CC4AB7BA 		.ascii	"\314J\267\272.d\267#\004\016 \376\203|D8D\200\355\316"
  89      2E64B723 
  89      040E20FE 
  89      837C4438 
  89      4480EDCE 
  90 00c2 E4D68B10 		.ascii	"\344\326\213\020}M\364\352\363\262\372\207>\347\205"
  90      7D4DF4EA 
  90      F3B2FA87 
  90      3EE785
  91 00d1 6C75848E 		.ascii	"lu\204\216\243\0374\352GX\201:\341\030\001\345~\334"
  91      A31F34EA 
  91      4758813A 
  91      E11801E5 
  91      7EDC
  92 00e3 692CB479 		.ascii	"i,\264yt\325\0217r\002\017qv\252\334\265\270\262\361"
  92      74D51137 
  92      72020F71 
  92      76AADCB5 
  92      B8B2F1
  93 00f6 3525DDFA 		.ascii	"5%\335\372\006\226\3735\242i\276\347\360\322\245\031"
  93      0696FB35 
  93      A269BEE7 
  93      F0D2A519 
  94 0106 EE9F55CE 		.ascii	"\356\237U\316\2457dW+\305\016E\361K\213\205\213\033"
  94      A5376457 
  94      2BC50E45 
  94      F14B8B85 
  94      8B1B
  95 0118 AF4AAE81 		.ascii	"\257J\256\201p\332\014\306\024\224\227\371H(d\360L\246"
  95      70DA0CC6 
  95      149497F9 
  95      482864F0 
  95      4CA6
  96 012a CC8499B6 		.ascii	"\314\204\231\266#\341\250\221\266\215T\3342,3a\330c"
ARM GAS  C:\Users\RAKIBU~1\AppData\Local\Temp\ccc0J5Eq.s 			page 7


  96      23E1A891 
  96      B68D54DC 
  96      322C3361 
  96      D863
  97 013c A383F121 		.ascii	"\243\203\361!\333\030\036\267\254_\035J\222f\216 \361"
  97      DB181EB7 
  97      AC5F1D4A 
  97      92668E20 
  97      F1
  98 014d 0D618773 		.ascii	"\015a\207s\277"
  98      BF
  99              		.text
 100              		.section	.gnu.lto_get.eb29d89f,"",%progbits
 101 0000 789C4D4F 		.ascii	"x\234MOMKBA\024\275g\346\3652\242~@\271p\021\210\233"
 101      4D4B4241 
 101      14BD67E6 
 101      F532A27E 
 101      40B97011 
 102 0016 376144FF 		.ascii	"7aD\377\240\377\241\022\370\340\225\321\253\265\223"
 102      A0FFA112 
 102      F8E095D1 
 102      ABB593
 103 0025 0615B910 		.ascii	"\006\025\271\020\372\202xD \322\2622\313\202\202\011"
 103      FA827844 
 103      20D2B232 
 103      CB828209 
 104 0035 DA1A7DD0 		.ascii	"\332\032}\320>\252\235\020H\264\265\356D\213\206\271"
 104      3EAA9D10 
 104      48B4B5EE 
 104      448B86B9 
 105 0045 70CECC39 		.ascii	"p\316\3149\347\336\353\022\321'\327\024\327(\027$AT"
 105      E7DEEB12 
 105      D127D714 
 105      D7281724 
 105      4154
 106 0057 EF889663 		.ascii	"\357\210\226c\002\260@\307@E\201\"*rK\342a\3458\222"
 106      02B040C7 
 106      40458122 
 106      2A724BE2 
 106      61E53892 
 107 006b 1B326299 		.ascii	"\0332b\231\303\264\333\336{\033\266\024H0\255_\227\257"
 107      C3B4DBDE 
 107      7B1BB614 
 107      4830AD5F 
 107      97AF
 108 007d 903AD47C 		.ascii	"\220:\324|\314n\344\3567\357\365@$\005\355\260\274\211"
 108      CC6EE4EE 
 108      37EFF540 
 108      2405EDB0 
 108      BC89
 109 008f 384E11B7 		.ascii	"8N\021\267=\316\220b\361S\373\271\332/'A\2147\277:F"
 109      3DCE9062 
 109      F153FBB9 
 109      DA2F2741 
 109      8C37BF3A 
 110 00a4 24EB5A97 		.ascii	"$\353Z\227\264\271\255I=\026I\211s\310\377F~\"\264\220"
 110      B4B9AD49 
ARM GAS  C:\Users\RAKIBU~1\AppData\Local\Temp\ccc0J5Eq.s 			page 8


 110      3D164989 
 110      73C8FF46 
 110      7E22B490 
 111 00b8 B4FAD793 		.ascii	"\264\372\327\223\336\366\220\353\330`\316\273\200K`"
 111      DEF690EB 
 111      D860CEBB 
 111      804B60
 112 00c7 70F4D867 		.ascii	"p\364\330gt\357{U\233\367\032Z\323\202h\215\377y\011"
 112      74EF7B55 
 112      9BF71A5A 
 112      D382688D 
 112      FF7909
 113 00da 6D689DC7 		.ascii	"mh\235\307`T6\364\201\322A\2472b]\234t\363\322\350\016"
 113      605436F4 
 113      81D241A7 
 113      32625D9C 
 113      74F3D2E8 
 114 00ef DA0D041C 		.ascii	"\332\015\004\034\\\376\316\307.X-\373\323\236\247\370"
 114      5CFECEC7 
 114      2E582DFB 
 114      D39EA7F8 
 115 00ff E6F27ED6 		.ascii	"\346\362~\326/\204\351\361\011U\010U>\023\250\300\317"
 115      2F84E9F1 
 115      09550855 
 115      3E13A8C0 
 115      CF
 116 0110 AA707161 		.ascii	"\252pqa&3\033\252\271\245 \370\303^\216\204?\377\003"
 116      26331BAA 
 116      B9A520F8 
 116      C35E8E84 
 116      3FFF03
 117 0123 37CC6414 		.ascii	"7\314d\024"
 118              		.text
 119              		.section	.gnu.lto_nullObjectInit.eb29d89f,"",%progbits
 120 0000 789C4D50 		.ascii	"x\234MP\317KTQ\024>\337;\357\275$IZ\206\272p!\210\233"
 120      CF4B5451 
 120      143EDF3B 
 120      EFBD2449 
 120      5A86BA70 
 121 0017 B9A104FE 		.ascii	"\271\241\004\376\005\376\037\343\0208\360\374AO7n\336"
 121      05FE1FE3 
 121      1038F0FC 
 121      414F376E 
 121      DE
 122 0028 75A6E98D 		.ascii	"u\246\351\215\244\320\302\031c|\311\013&r#\345\217R"
 122      A4D0C219 
 122      637CC90B 
 122      267223E5 
 122      8F52
 123 003a CB1F8F59 		.ascii	"\313\037\217Y\270\322b\242E\253\026\005\005RV\024H\202"
 123      B8D262A2 
 123      45AB1605 
 123      05525614 
 123      4882
 124 004c DAB9A38B 		.ascii	"\332\271\243\213\016\367r\317\271\367\273\337\371\276"
 124      0EF772CF 
 124      B9F7BBDF 
ARM GAS  C:\Users\RAKIBU~1\AppData\Local\Temp\ccc0J5Eq.s 			page 9


 124      F9BE
 125 005a E3125109 		.ascii	"\343\022Q\011D}r\266\311\006\023\254\007o\210&\233,"
 125      447D72B6 
 125      C90613AC 
 125      076F8826 
 125      9B2C
 126 006c C024BA09 		.ascii	"\300$\272\011\024X\0100\315\263\214Z\370e\323\352~\252"
 126      14580830 
 126      CDB38C5A 
 126      F865D3EA 
 126      7EAA
 127 007e 2592B99F 		.ascii	"%\222\271\237\356=]\270\0211QY\266\011\254\242[P\365"
 127      EE3D5DB8 
 127      11315159 
 127      B609ACA2 
 127      5B50F5
 128 0091 BBCF23BE 		.ascii	"\273\317#\276\317\021\003\266\224\277\016*\237[Li\241"
 128      CF1103B6 
 128      94BF0E2A 
 128      9F5B4C69 
 128      A1
 129 00a2 43CAAF8F 		.ascii	"C\312\257\217W\276\331|\013$\371\243\305\372\374\325"
 129      57BED97C 
 129      0B24F9A3 
 129      C5FAFCD5 
 130 00b2 AE275AE7 		.ascii	"\256'Z\347t\262_e\335\0311\343%X\010\361\002\355XC;"
 130      74B25F65 
 130      DD1931E3 
 130      255808F1 
 130      02ED5843 
 131 00c7 C915611D 		.ascii	"\311\025a\035]\006\377i\371\254t\315\265/\032b\003."
 131      5D06FF69 
 131      F9AC74CD 
 131      B52F1A62 
 131      032E
 132 00d9 89787AF6 		.ascii	"\211xz\366\316I\364\331y\250\223?U\034\367\333\"\335"
 132      CE49F4D9 
 132      79A8933F 
 132      551CF7DB 
 132      22DD
 133 00eb E0A92828 		.ascii	"\340\251((\361\240\023\232b\313d\371\204\016\221;\011"
 133      F1A0139A 
 133      62CB64F9 
 133      840E913B 
 133      09
 134 00fc 97D647CD 		.ascii	"\227\326G\315g!,\027jo\257\030m\334\320\263U;\330sc"
 134      67212C17 
 134      6A6FAF18 
 134      6DDCD0B3 
 134      553BD873 
 135 0111 2C4C8AC1 		.ascii	",L\212\301\2705b\273\"\2427E\204y|\037~\370\330\254"
 135      B83562BB 
 135      22A23745 
 135      84797C1F 
 135      7EF8D8AC 
 136 0125 968CF98E 		.ascii	"\226\214\371\216\210\035\274B\214R\3039^C\375O\3464"
 136      881DBC42 
ARM GAS  C:\Users\RAKIBU~1\AppData\Local\Temp\ccc0J5Eq.s 			page 10


 136      8C52C339 
 136      5E43FD4F 
 136      E634
 137 0137 C8F227BB 		.ascii	"\310\362'\273\277[\202S-#rb\203\223\273\277\365\357"
 137      BF5B8253 
 137      2D237262 
 137      8393BBBF 
 137      F5EF
 138 0149 C566D3E0 		.ascii	"\305f\323\340z\304.\266e\256[\227\354\371\352j\001\202"
 138      7AC42EB6 
 138      65AE5B97 
 138      ECF9EA6A 
 138      0182
 139 015b 7E289D27 		.ascii	"~(\235'\014\305\216\320\013\365.\002:B.\3761\203\206"
 139      0CC58ED0 
 139      0BF52E02 
 139      3A422EFE 
 139      318386
 140 016e 61134551 		.ascii	"a\023EQ+v,\242\236TJ\311\312\014f\007\262#~\317\315"
 140      2B762CA2 
 140      9E544AC9 
 140      CA0C6607 
 140      B2237ECF 
 141 0183 5E35E2AB 		.ascii	"^5\342\253\301\264\247\274\354\200\362\307\356\334N"
 141      C1B4A7BC 
 141      EC80F2C7 
 141      EEDC4E
 142 0192 0FF96A78 		.ascii	"\017\371jx\334\363.\363T\206x\330\037\375\007A\217\231"
 142      DCF32EF3 
 142      548678D8 
 142      1FFD0741 
 142      8F99
 143 01a4 FC       		.ascii	"\374"
 144              		.text
 145              		.section	.gnu.lto_vmt.eb29d89f,"",%progbits
 146 0000 789C6363 		.ascii	"x\234cc``\330\000\304&\014\0200\205\231q\347\3167\267"
 146      6060D800 
 146      C4260C10 
 146      30859971 
 146      E7CE37B7 
 147 0014 D9EBFF36 		.ascii	"\331\353\3776t44<\350\236\313<\223y\0163\3034f\014\271"
 147      7434343C 
 147      E89ECB3C 
 147      93790E33 
 147      C334660C 
 148 0029 059B78E6 		.ascii	"\005\233x\34603Ncf\304\220\370\006\324\3014\215\231"
 148      30334E63 
 148      66C490F8 
 148      06D4C134 
 148      8D99
 149 003b 0943621B 		.ascii	"\011Cb\033P\202y\03233Xb\375\233\235?y\273\201\",\214"
 149      5082791A 
 149      33335862 
 149      FD9B9D3F 
 149      79BB8122 
 150 0051 20EED9FB 		.ascii	" \356\331\373s\2370Ylk\350X\320\0200\207\231u*3\003"
 150      739F3059 
ARM GAS  C:\Users\RAKIBU~1\AppData\Local\Temp\ccc0J5Eq.s 			page 11


 150      6C6BE858 
 150      D0103087 
 150      99752A33 
 151 0066 E3764699 		.ascii	"\343vF\231\251\314\214\214\333\030\353\247231n\005Q"
 151      A9CC8C8C 
 151      DB18EBA7 
 151      3233316E 
 151      0551
 152 0078 CC8C5B40 		.ascii	"\314\214[@\024\013\343f\306z\006\306\035\214\026\014"
 152      140BE366 
 152      C67A06C6 
 152      1D8C160C 
 153 0088 467A7AFA 		.ascii	"Fzz\372@\224\234\221\231\224\231_ld`\254\237_\254\237"
 153      40949C91 
 153      9994995F 
 153      6C6460AC 
 153      9F5FAC9F 
 154 009c 9198A39F 		.ascii	"\221\230\243\237\223\231\244_\\R\224\232\230[\254\237"
 154      9399A45F 
 154      5C52949A 
 154      985BAC9F 
 155 00ac 579A9303 		.ascii	"W\232\223\003e\353%3\000\000\276\300R\023"
 155      65EB2533 
 155      0000BEC0 
 155      5213
 156              		.text
 157              		.section	.gnu.lto_.symbol_nodes.eb29d89f,"",%progbits
 158 0000 789C6363 		.ascii	"x\234cc``\310\005b\006\246\007L\365\014\014\023\316"
 158      6060C805 
 158      6206A607 
 158      4CF50C0C 
 158      13CE
 159 0012 313000A9 		.ascii	"10\000\251\035\013\0166\260\001\305\0362\3253\242\213"
 159      1D0B0E36 
 159      B001C51E 
 159      32D533A2 
 159      8B
 160 0023 3D62AA67 		.ascii	"=b\252gB\027{\314T\317\214.\366\224\251\236\005&\266"
 160      42177BCC 
 160      54CF8C2E 
 160      F694A99E 
 160      0526B6
 161 0036 ABC19181 		.ascii	"\253\301\221\201\201\365\011\023C\203\022\003\0033\003"
 161      81F50913 
 161      43831203 
 161      033303
 162 0045 00F2531E 		.ascii	"\000\362S\036P"
 162      50
 163              		.text
 164              		.section	.gnu.lto_.refs.eb29d89f,"",%progbits
 165 0000 789C6363 		.ascii	"x\234cc``\020\000bF\026&VF\026V&\006&F&&&f\006\000\003"
 165      60601000 
 165      62461626 
 165      56461656 
 165      26062646 
 166 001b 3F003B   		.ascii	"?\000;"
 167              		.text
ARM GAS  C:\Users\RAKIBU~1\AppData\Local\Temp\ccc0J5Eq.s 			page 12


 168              		.section	.gnu.lto_.decls.eb29d89f,"",%progbits
 169 0000 789CAD56 		.ascii	"x\234\255V}PT\327\025\177\347\335\375\200e\001'8\211"
 169      7D5054D7 
 169      157FE7DD 
 169      FD806501 
 169      273889
 170 0013 9D613A8C 		.ascii	"\235a:\214Cf\370'\273\200\235\330\351\2643\355\370G"
 170      4366F827 
 170      BB809DD8 
 170      E9B433ED 
 170      F847
 171 0025 DA3F4C67 		.ascii	"\332?Lg\232\2663Lw\272\201\335E7\263\037\206\367h\223"
 171      9AB6334C 
 171      77BA81DD 
 171      4537B31F 
 171      86F76893 
 172 0039 FEF58280 		.ascii	"\376\365\202\200+~AL*\2320q\324\030\211Bc]%~!ZB\014"
 172      2B7E414C 
 172      2A9A3071 
 172      D4188942 
 172      635D257E 
 173 0051 4820A8A8 		.ascii	"H \250\250\021\204\030\014\306P>\224\260\001\324\355"
 173      1184180C 
 173      C6503E94 
 173      B001D4ED 
 174 0061 B9F7BEDD 		.ascii	"\271\367\276\335\367v\263L'\235\336\331\363\336\336"
 174      F776B34C 
 174      279DDED9 
 174      F3DEDE
 175 0070 F3CE39BF 		.ascii	"\363\3169\277\337=\367\334\363\236I\020\204l\253 4\212"
 175      DF3DF7DC 
 175      F39E4910 
 175      846CAB20 
 175      348A
 176 0082 82700504 		.ascii	"\202p\005\004!\212\303\214\272\363(&\024'J\007J'J\027"
 176      218AC38C 
 176      BAF32826 
 176      14274A07 
 176      4A274A17 
 177 0096 4A3B4A54 		.ascii	"J;JT\340\303\210B\320\307\210bB1\243d\240\340O\260\202"
 177      E0C38842 
 177      D0C78862 
 177      4231A364 
 177      A0E04FB0 
 178 00ab 9030CC22 		.ascii	"\2200\314\"\267\177\002e\271\032/\026\233\016Pc%\217"
 178      B77F0265 
 178      B91A2F16 
 178      9B0E5063 
 178      258F
 179 00bd 8C25FCBA 		.ascii	"\214%\374\272t~\306\024~\231I~7T\277v\235\237)\205_"
 179      747EC614 
 179      7E99497E 
 179      3754BF76 
 179      9D9F2985 
 180 00d2 36FA1952 		.ascii	"6\372\031R\370\305|\314)|\236B\037\232\263\027u~4G\217"
 180      F8C57CCC 
 180      297C9E42 
ARM GAS  C:\Users\RAKIBU~1\AppData\Local\Temp\ccc0J5Eq.s 			page 13


 180      1F9AB317 
 180      757E3447 
 181 00e7 51BE4389 		.ascii	"Q\276C\211\250\276\213\352}\251\034\375H\3449\237B\271"
 181      A8BE8BEA 
 181      7DA91CFD 
 181      48E4399F 
 181      42B9
 182 00f9 89F205CA 		.ascii	"\211\362\005\3128J\211\032\203\256\347\001\312\014\312"
 182      384A891A 
 182      83AEE701 
 182      CA0CCA
 183 0108 1CCA34CA 		.ascii	"\034\3124\312\254\300\371\232\325=\240\271H\225\307"
 183      ACC0F99A 
 183      D53DA0B9 
 183      4895C7
 184 0117 37087C56 		.ascii	"7\010|V\375\301\333d\013\201',`\300\351L\357\236/\263"
 184      FDC1DB64 
 184      0B81272C 
 184      60C0E94C 
 184      EF9E2FB3 
 185 012b 70BADC02 		.ascii	"p\272\334\002y8\375G\315Xs\032Ns-\020\005:\23789\237"
 185      7938FD47 
 185      CD58731A 
 185      4E732D10 
 185      053A9F38 
 186 0141 C9E7D479 		.ascii	"\311\347\324y\327\215\241\253\"\021\331\377\356\346"
 186      D78DA1AB 
 186      2211D9FF 
 186      EEE6
 187 014f BE3993ED 		.ascii	"\2769\223\355\210\302G\232O\2006 1\224p\307\203\026"
 187      88C2479A 
 187      4F803620 
 187      319470C7 
 187      8316
 188 0161 03F90535 		.ascii	"\003\371\0055\024\217\266\214\275\004\005\226\203\324"
 188      148FB68C 
 188      BD040596 
 188      83D4
 189 016f AC23DA68 		.ascii	"\254#\332h\253\331\244(\"\234\006\013\234\004\002\037"
 189      ABD9A428 
 189      229C060B 
 189      9C04021F 
 190 017f 828D2624 		.ascii	"\202\215&$\327\202\327\220\242T)\312~\205\254\020`U"
 190      D782D790 
 190      A25429CA 
 190      7E85AC10 
 190      6055
 191 0191 2E14E60A 		.ascii	".\024\346\012p\012\012(8\265\202\023\220\013\307!\227"
 191      700A0A28 
 191      38B58213 
 191      900BC721 
 191      97
 192 01a2 C66F7EE7 		.ascii	"\306o~\347Pg&i\005\006p\253e\352S\022G\210\264\256<"
 192      50672669 
 192      050670AB 
 192      65EA5312 
 192      4788B4AE 
ARM GAS  C:\Users\RAKIBU~1\AppData\Local\Temp\ccc0J5Eq.s 			page 14


 193 01b7 564311DA 		.ascii	"VC\021\332\021\341\214\206\200\200\251!\316\246\206"
 193      11E18C86 
 193      8080A921 
 193      CEA686
 194 01c6 981FBFA0 		.ascii	"\230\037\277\240\030,\252}\350\277\333\367\367\265L"
 194      182CAA7D 
 194      E8BFDBF7 
 194      F7B54C
 195 01d5 89D63A6A 		.ascii	"\211\326:j\277w\243\222\376k8\207\370a|~\014\237\013"
 195      BF77A392 
 195      FE6B3887 
 195      F8617C7E 
 195      0C9F0B
 196 01e8 D0015656 		.ascii	"\320\001VV=xG\343\341\213\315\207\351.\224`\236qd\353"
 196      3D7847E3 
 196      E18BCD87 
 196      E92E9460 
 196      9E7164EB 
 197 01fc 525DC253 		.ascii	"R]\302S}`~\252\315J^g\271\026{\373#\247\322\300R\020"
 197      7D607EAA 
 197      CD4A5E67 
 197      B9167BFB 
 197      23A7D2C0 
 198 0212 8A4717E2 		.ascii	"\212G\027\342\241\341#\344S\242\362\271\200\312\363"
 198      A1E123E4 
 198      53A2F2B9 
 198      80CAF3
 199 0221 A8E4A9E8 		.ascii	"\250\344\251\350\353Yy\372\226\242\344A'R\371\227\226"
 199      EB5979FA 
 199      96A2E441 
 199      2752F997 
 199      96
 200 0232 8A129A09 		.ascii	"\212\022\232\011\252D\234\367\303G\016f\353i\267'\320"
 200      AA449CF7 
 200      C3470E66 
 200      EB69B727 
 200      D0
 201 0243 EE526977 		.ascii	"\356Riw1\332\015\321\003W\322\311c^\000\003\323\227"
 201      31DA0DD1 
 201      0357D2C9 
 201      635E0003 
 201      D397
 202 0255 9A327825 		.ascii	"\2322x%-\303\351\236\323\263\335F>M\303it\352\301-+"
 202      2DC3E99E 
 202      D3B3DD46 
 202      3E4DC369 
 202      74EAC12D 
 203 026a A922CC34 		.ascii	"\251\"\3144<2\360^\206\001\013\233E\017\030\250\256"
 203      3C32F05E 
 203      86010B9B 
 203      450F18A8 
 203      AE
 204 027b B36ECB0B 		.ascii	"\263n\313\013L\345\264B\0170\325G\321HG6\017!\352\000"
 204      4CE5B442 
 204      0F30D547 
 204      D1484736 
 204      0F21EA00 
ARM GAS  C:\Users\RAKIBU~1\AppData\Local\Temp\ccc0J5Eq.s 			page 15


 205 028f 9673809A 		.ascii	"\226s\200\232m-\273,85\361\234\231Q56\275p\302\300U"
 205      6D2DBB2C 
 205      3835F19C 
 205      99513536 
 205      BD70C2C0 
 206 02a4 74C1AFA0 		.ascii	"t\301\257\240\252i\367\320\321,R\313p\305\366\313\037"
 206      AA69F7D0 
 206      D12C52CB 
 206      70C5F6CB 
 206      1F
 207 02b5 5667EA6A 		.ascii	"Vg\352j\357\331\335\3234\035\227\221\304gZ:Lja(\337"
 207      EFD9DDD3 
 207      341D9791 
 207      C4675A3A 
 207      4C6A6128 
 208 02ca 4BED00A6 		.ascii	"K\355\000\246\326\244\246\266\037\225}|\253\357\317"
 208      D6A4A6B6 
 208      1F957D7C 
 208      ABEFCF
 209 02d9 4F870DA4 		.ascii	"O\207\015\244\236c\034\333\371\2601KW}\305\307Y\365"
 209      9E631CDB 
 209      F9B0314B 
 209      577DC5C7 
 209      59F5
 210 02eb 0D22C615 		.ascii	"\015\"\306\025\015\3432,\011r55\310\265\255\227o\232"
 210      0DE3322C 
 210      09723535 
 210      C8B5AD97 
 210      6F9A
 211 02fd 48230769 		.ascii	"H#\007i\353\031Z\324\225\3707?\277\312\016\321\015\004"
 211      EB195AD4 
 211      95F8373F 
 211      BFCA0ED1 
 211      0D04
 212 030f B9A6810C 		.ascii	"\271\246\201\014.\015r=5\310\302\340\327Ui+\376N=\352"
 212      2E0D723D 
 212      35C8C2E0 
 212      D755692B 
 212      FE4E3DEA 
 213 0323 372ACB78 		.ascii	"7*\313x\304O\361y/\333\375\317a\005^/\201\201\237\352"
 213      C44FF179 
 213      2FDBFDCF 
 213      61055E2F 
 213      81819FEA 
 214 0337 C8F5B3FD 		.ascii	"\310\365\263\375\011%\216\317u\265r\223\327\012\032"
 214      09258ECF 
 214      75B57293 
 214      D70A1A
 215 0346 4ED69E1A 		.ascii	"N\326\236\032\316\"#|\363\337\036\333\266\335\310v\272"
 215      CE22237C 
 215      F3DF1EDB 
 215      B6DDC876 
 215      BA
 216 0357 33BEF967 		.ascii	"3\276\371g\006\216\336\341:,,\030\346\333\377\250\375"
 216      068EDEE1 
 216      3A2C2C18 
 216      E6DBFFA8 
ARM GAS  C:\Users\RAKIBU~1\AppData\Local\Temp\ccc0J5Eq.s 			page 16


 216      FD
 217 0368 FC11122B 		.ascii	"\374\021\022+\211[\\7\031\256\332,\352\011v&\020\034"
 217      895B5C37 
 217      19AEDA2C 
 217      EA097626 
 217      101C
 218 037a 65044762 		.ascii	"e\004Gb\004\333\2177\217\200\236\340h\002\301/\342\004"
 218      04DB8F37 
 218      8F809EE0 
 218      6802C12F 
 218      E204
 219 038c AF8E9F9C 		.ascii	"\257\216\237\234\313 cK\023\034\332y\3734\257X<\260"
 219      CB20634B 
 219      131CDA79 
 219      FB34AF58 
 219      3CB0
 220 039e F02527B3 		.ascii	"\360%'\263mV\351\313\216\021\034\343\272\346\341\035"
 220      6D56E9CB 
 220      8E111CE3 
 220      BAE6E11D 
 221 03ae DBB39726 		.ascii	"\333\263\227&\370\025#x'F\360\320\273\217Z\322\365\004"
 221      F8152378 
 221      2746F0D0 
 221      BB8F5AD2 
 221      F504
 222 03c0 BF4A2038 		.ascii	"\277J 8\036'\330:p\367[\221\334\343\004\253Zg/e\221"
 222      1E27D83A 
 222      70F75B91 
 222      DCE304AB 
 222      5A672F65 
 223 03d5 053E9979 		.ascii	"\005>\231y\330\324\226\316\017\311r\232\264\221\372"
 223      D8D496CE 
 223      0FC9729A 
 223      B491FA
 224 03e4 7A333F24 		.ascii	"z3?${Y\307\036\336\027\312$!\003\263m=\262\370\201%"
 224      7B59C71E 
 224      DE17CA24 
 224      2103B36D 
 224      3DB2F881 
 225 03f9 46982FEC 		.ascii	"F\230/\354\216r\273%k\351\035\237d|\377\035\343{x\307"
 225      8E72BB25 
 225      6BE91D9F 
 225      647CFF1D 
 225      E37B78C7 
 226 040d E1A7F474 		.ascii	"\341\247\364t'\023\350N\305\350\232\377y)\264%\003\362"
 226      2713E84E 
 226      C5E89AFF 
 226      7929B425 
 226      03F2
 227 041f F373F2F3 		.ascii	"\363s\362\363\013\362\367Q\373\216\361\315d\262\253"
 227      0BF2F751 
 227      FB8EF1CD 
 227      64B2AB
 228 042e 56A92FA5 		.ascii	"V\251/\245u\001\335X\245\367!G+\310OX\2040\275\012\334"
 228      7501DD58 
 228      A5F72147 
 228      2BC84F58 
ARM GAS  C:\Users\RAKIBU~1\AppData\Local\Temp\ccc0J5Eq.s 			page 17


 228      8430BD0A 
 229 0443 A11F2E16 		.ascii	"\241\037.\026\322\014\300\355d[\273f\332\300\210\243"
 229      D20CC0ED 
 229      645BBB66 
 229      DAC088A3 
 230 0453 2043F806 		.ascii	" C\370\006\015\356Q\203\257U\017,o\370\026+\375\001"
 230      0DEE5183 
 230      AF550F2C 
 230      6FF8162B 
 230      FD01
 231 0465 E4C30CCA 		.ascii	"\344\303\014\312\034\3124\312,\344\2637\223\016\210"
 231      1CCA34CA 
 231      2CE4B337 
 231      930E88
 232 0474 6ED3DD94 		.ascii	"n\323\335\224@EI\224p\2250\221ly\021\342\246\374LN\326"
 232      40454994 
 232      70953091 
 232      6C7911E2 
 232      A6FC4C4E 
 233 0489 127C0B52 		.ascii	"\022|\013R#A=\216\032\340\334\263{\224\216jB\353\017"
 233      23413D8E 
 233      1AE0DCB3 
 233      7B948E6A 
 233      42EB0F
 234 049c 86522782 		.ascii	"\206R'\202E\302\204\267\315\\\334Gr\324U\206\226\\\245"
 234      45C284B7 
 234      CD5CDC47 
 234      72D45586 
 234      965CA5
 235 04af B0E41231 		.ascii	"\260\344\0221\306x\355\265\231\204c\032\321\341\011"
 235      C678EDB5 
 235      9984631A 
 235      D1E109
 236 04be F05D6CD7 		.ascii	"\360]l\327\310\303\266\272\013\006\310)\310oP[\006\303"
 236      C8C3B6BA 
 236      0B06C829 
 236      C86F505B 
 236      06C3
 237 04d0 D32CE7D5 		.ascii	"\323,\347\325\224.`J\027\325\370|\265s\273\330j\347"
 237      942E604A 
 237      17D5F87C 
 237      B573BBD8 
 237      6AE7
 238 04e2 53ADB6AB 		.ascii	"S\255\266\253\361\307\3737*\2308\004\202\217\221\363"
 238      F1C7FB37 
 238      2A983804 
 238      828F91F3 
 239 04f2 7CEA14D3 		.ascii	"|\352\024\323\223\267}\350\204\225\234c\305*^\337\021"
 239      93B77DE8 
 239      84959C63 
 239      C52A5EDF 
 239      11
 240 0503 6E354241 		.ascii	"n5BA\016G\030l4Q\204\307\350\373P\353p\024P-\202d\272"
 240      0E47186C 
 240      345184C7 
 240      E8FB50EB 
 240      7014502D 
ARM GAS  C:\Users\RAKIBU~1\AppData\Local\Temp\ccc0J5Eq.s 			page 18


 241 051a F00859A6 		.ascii	"\360\010Y\246b\2148G#o\366$d\344qBF\242\352K.\312^r"
 241      628C3847 
 241      236FF624 
 241      64E47142 
 241      46A2EA4B 
 242 0532 A7CE9F3D 		.ascii	"\247\316\237=\2271\202M\211\236\233e,\004\000\277\342"
 242      9731824D 
 242      899E9B65 
 242      2C0400BF 
 242      E2
 243 0543 9D0A9B47 		.ascii	"\235\012\233Gc\003\270\036\265\"\277\251\246t\022s\201"
 243      6303B81E 
 243      B522BFA9 
 243      A6741273 
 243      81
 244 0554 B8465463 		.ascii	"\270FTc\210\261\270\354\247\006\000}T\376\234\303\305"
 244      88B1B8EC 
 244      A706007D 
 244      54FE9CC3 
 244      C5
 245 0565 06FF76E4 		.ascii	"\006\377v\344\177t~\\%j`:\227\357q\025\342\217\343\244"
 245      7F747E5C 
 245      256A603A 
 245      97EF7115 
 245      E28FE3A4 
 246 0579 B44542AC 		.ascii	"\264EB\254ANlm\265\216b\027\306\257\005A\250O\363\263"
 246      414E6C6D 
 246      B58E6217 
 246      C6AF0541 
 246      A84FF3B3 
 247 058d 7ED2F356 		.ascii	"~\322\363VS\003\220n\336\\nnz\375]\363\312\275J\377"
 247      5303906E 
 247      DE5C6E6E 
 247      7AFD5DF3 
 247      CABD4AFF 
 248 05a1 287E69EC 		.ascii	"(~i\354!\303\355w\025\305b`\035\255J\214\357\030\376"
 248      21C3ED77 
 248      15C56260 
 248      1DAD4A8C 
 248      EF18FE
 249 05b4 C5EB6BE2 		.ascii	"\305\353k\342(\200\"\216`\270\215\342J\372u\325\320"
 249      2880228E 
 249      60B88DE2 
 249      4AFA75D5 
 249      D0
 250 05c5 1B36926A 		.ascii	"\0336\222j#\213\024Z\334\027\021\325H\367\016\022\345"
 250      238B145A 
 250      DC1711D5 
 250      48F70E12 
 250      E5
 251 05d6 0DDCDE65 		.ascii	"\015\334\336e\254wWk\201\252\223\003\325\260@!\245\367"
 251      AC77576B 
 251      81AA9303 
 251      D5B04021 
 251      A5F7
 252 05e8 4AA6EA3B 		.ascii	"J\246\352;7N\360\240\341\367\032\276\032\351\253\251"
 252      374EF0A0 
ARM GAS  C:\Users\RAKIBU~1\AppData\Local\Temp\ccc0J5Eq.s 			page 19


 252      E1F71ABE 
 252      1AE9ABA9 
 253 05f8 5B2B9C6E 		.ascii	"[+\234nH\362\256e\336o\236\251=nR\275\357\257\210;\323"
 253      48F2AE65 
 253      DE6F9EA9 
 253      3D6E52BD 
 253      EFAF883B 
 254 060d 3637A139 		.ascii	"67\2419O$;ob\316\365\333\027\026\323H\035_\303;\007"
 254      4F243B6F 
 254      62CEF5DB 
 254      1716D348 
 254      1D5FC33B 
 255 0622 228FB258 		.ascii	"\"\217\262X\253\305*R{\355\347\335\341\301\204\227\327"
 255      ABC52A52 
 255      7BEDE7DD 
 255      E1C18497 
 255      D7
 256 0633 8B4FEA5A 		.ascii	"\213O\352Zm\235H[\355fQm\265;\233\026OP*{\221J\327["
 256      6D9D485B 
 256      ED66516D 
 256      B53B9B16 
 256      4F502A7B 
 257 064b D6381734 		.ascii	"\3268\0274\203\220\226\206Pr\032\2660.U\357\275v(\343"
 257      83909686 
 257      50721AB6 
 257      302E55EF 
 257      BD7628E3 
 258 065f E9FD4A7F 		.ascii	"\351\375J\177\007\266\242\335Ob\006\371\261\377\230"
 258      07B6A2DD 
 258      4F6206F9 
 258      B1FF98
 259 066e AF22DE44 		.ascii	"\257\"\336D\004\246\371\263(\300V\361i\241\310f\263"
 259      04A6F9B3 
 259      28C056F1 
 259      69A1C866 
 259      B3
 260 067f E3CFB5DE 		.ascii	"\343\317\265\336[\346\015J\305\205\253\354A\311\276"
 260      5BE60D4A 
 260      C585ABEC 
 260      41C9BE
 261 068e BED467F7 		.ascii	"\276\324g\367y\313\354\222\\\341)\365K\366@\245\317"
 261      79CBEC92 
 261      5CE129F5 
 261      4BF640A5 
 261      CF
 262 069f A7FEB7B9 		.ascii	"\247\376\267\271\322\236{\376\017yk\212\212\204t\247"
 262      D29E7BFE 
 262      0F796B8A 
 262      8A8474A7 
 263 06af B3D21B90 		.ascii	"\263\322\033\220\177\352\224\313]?s\260\010\222\\\351"
 263      7FEA94CB 
 263      5D3F73B0 
 263      08925CE9 
 264 06bf F6061D72 		.ascii	"\366\006\035r0\350\223\034\353\002\225y\354_^i\205?"
 264      30E8931C 
 264      EB029579 
 264      EC5F5E69 
ARM GAS  C:\Users\RAKIBU~1\AppData\Local\Temp\ccc0J5Eq.s 			page 20


 264      853F
 265 06d1 CFE32FF3 		.ascii	"\317\343/\363\270\335\036\267c\265\2550\257\270\260"
 265      B8DD1EB7 
 265      63B5AD30 
 265      AFB8B0
 266 06e0 68F5CB3F 		.ascii	"h\365\313?q\240\376\231@0\340y\306SZ\346ux\003._\245"
 266      71A0FE99 
 266      4030E079 
 266      C6535AE6 
 266      7578032E 
 267 06f6 DBE3F097 		.ascii	"\333\343\360\227b\254\200\307\341t{\312K+}\262S~u\203"
 267      62AC80C7 
 267      E1747BCA 
 267      4B2B7DB2 
 267      537E7583 
 268 070a 47B2AD17 		.ascii	"G\262\255\027\314*\334\237\376\257p\322\253\222\303"
 268      CC2ADC9F 
 268      FEAF70D2 
 268      AB92C3
 269 0719 29C96E8C 		.ascii	")\311n\214\215\030&\311\3737\217Sv\377\217\020\2305"
 269      8D1826C9 
 269      FB378F53 
 269      76FF8F10 
 269      9835
 270 072b C73A972B 		.ascii	"\307:\227+\011j\265\255\330V\244\001\312\350U\216X\344"
 270      096AB5AD 
 270      D856A401 
 270      CAE8558E 
 270      58E4
 271 073d 2F7E996C 		.ascii	"/~\231l\250\2241\221\010\276\252\330)\233\325\273\321"
 271      A8943191 
 271      08BEAAD8 
 271      299BD5BB 
 271      D1
 272 074e 2FAD73CA 		.ascii	"/\255s\312\277L\2657\256\240\337\037\014\3307\004+d"
 272      BF4CB537 
 272      AEA0DF1F 
 272      0CD83704 
 272      2B64
 273 0760 C9FEABDF 		.ascii	"\311\376\253\337\255]\263\366\025\252\333\340\365y*"
 273      AD5DB3F6 
 273      15AADBE0 
 273      F5792A
 274 076f 24FB736B 		.ascii	"$\373sk\326\240},a\006\3342\267\361\257\025^\331\223"
 274      D6A07D2C 
 274      6106DC32 
 274      B7F1AF15 
 274      5ED993
 275 0782 ED0D4872 		.ascii	"\355\015Hri\300\345q\006\313\313%\217\234\371<\356\351"
 275      69C0E571 
 275      06CBCB25 
 275      8F9CF93C 
 275      EEE9
 276 0794 0B6C4FFF 		.ascii	"\013lO\377\270\366\367d\235G.\376\241\225\260^\260h"
 276      B8F6F764 
 276      9D472EFE 
 276      A195B05E 
ARM GAS  C:\Users\RAKIBU~1\AppData\Local\Temp\ccc0J5Eq.s 			page 21


 276      B068
 277 07a6 414C0C45 		.ascii	"AL\014E\372\301A\\\202\221\222\224\262\250\362\267e"
 277      FAC1415C 
 277      82919294 
 277      B2A8F2B7 
 277      65
 278 07b7 2F795CF2 		.ascii	"/y\\\362o\002^\371?bCY\020"
 278      6F025EF9 
 278      3F624359 
 278      10
 279              		.text
 280              		.section	.gnu.lto_.symtab.eb29d89f,"",%progbits
 281 0000 6E756C6C 		.ascii	"nullObjectInit\000"
 281      4F626A65 
 281      6374496E 
 281      697400
 282 000f 00       		.ascii	"\000"
 283 0010 00       		.ascii	"\000"
 284 0011 00       		.ascii	"\000"
 285 0012 00000000 		.ascii	"\000\000\000\000\000\000\000\000"
 285      00000000 
 286 001a 0B010000 		.ascii	"\013\001\000\000"
 287              		.text
 288              		.section	.gnu.lto_.opts,"",%progbits
 289 0000 272D666D 		.ascii	"'-fmath-errno' '-fsigned-zeros' '-ftrapping-math' '"
 289      6174682D 
 289      6572726E 
 289      6F272027 
 289      2D667369 
 290 0033 2D666E6F 		.ascii	"-fno-trapv' '-fno-openmp' '-fno-openacc' '-mcpu=cor"
 290      2D747261 
 290      70762720 
 290      272D666E 
 290      6F2D6F70 
 291 0066 7465782D 		.ascii	"tex-m4' '-mthumb' '-O2' '-fomit-frame-pointer' '-fa"
 291      6D342720 
 291      272D6D74 
 291      68756D62 
 291      2720272D 
 292 0099 6C69676E 		.ascii	"lign-functions=16' '-ffunction-sections' '-fdata-se"
 292      2D66756E 
 292      6374696F 
 292      6E733D31 
 292      36272027 
 293 00cc 6374696F 		.ascii	"ctions' '-fno-common' '-flto'\000"
 293      6E732720 
 293      272D666E 
 293      6F2D636F 
 293      6D6D6F6E 
 294              		.text
 295              		.comm	__gnu_lto_v1,1,1
 296              		.comm	__gnu_lto_slim,1,1
 297              		.ident	"GCC: (GNU Tools for Arm Embedded Processors 7-2017-q4-major) 7.2.1 20170904 (release) [ARM
ARM GAS  C:\Users\RAKIBU~1\AppData\Local\Temp\ccc0J5Eq.s 			page 22


DEFINED SYMBOLS
                            *ABS*:00000000 nullstreams.c
                            *COM*:00000001 __gnu_lto_v1
                            *COM*:00000001 __gnu_lto_slim

NO UNDEFINED SYMBOLS
