ARM GAS  C:\Users\RAKIBU~1\AppData\Local\Temp\ccEGaYN7.s 			page 1


   1              		.cpu cortex-m4
   2              		.eabi_attribute 20, 1
   3              		.eabi_attribute 21, 1
   4              		.eabi_attribute 23, 3
   5              		.eabi_attribute 24, 1
   6              		.eabi_attribute 25, 1
   7              		.eabi_attribute 26, 1
   8              		.eabi_attribute 30, 2
   9              		.eabi_attribute 34, 1
  10              		.eabi_attribute 18, 4
  11              		.file	"nvic.c"
  12              		.section	.gnu.lto_.profile.eb29b672,"",%progbits
  13 0000 789C6363 		.ascii	"x\234cc```\001bF\006)1\000\000\302\000<"
  13      60606001 
  13      62460629 
  13      310000C2 
  13      003C
  14              		.text
  15              		.section	.gnu.lto_.icf.eb29b672,"",%progbits
  16 0000 789C6363 		.ascii	"x\234cc``\220b@\000\026\206\035[N\235bc\234\266c\346"
  16      60609062 
  16      40001686 
  16      1D5B4E9D 
  16      62639CB6 
  17 0016 036EA647 		.ascii	"\003n\246G\007g\357\341g^\364z\357\013f\006\000\245"
  17      0767EFE1 
  17      675EF47A 
  17      EF0B6606 
  17      00A5
  18 0028 A60C41   		.ascii	"\246\014A"
  19              		.text
  20              		.section	.gnu.lto_.jmpfuncs.eb29b672,"",%progbits
  21 0000 789C6363 		.ascii	"x\234cc``\320a@\000\026\006&FF\346\3729\314\014 \314"
  21      6060D061 
  21      40001606 
  21      264646E6 
  21      FA39CC0C 
  22 0016 0804209A 		.ascii	"\010\004 \232\011Y\220\031*\310\000\000\237-\007\005"
  22      09599019 
  22      2AC80000 
  22      9F2D0705 
  23              		.text
  24              		.section	.gnu.lto_.inline.eb29b672,"",%progbits
  25 0000 789C4D8C 		.ascii	"x\234M\214\321\021\2000\014B!\215i\364\307\021\352\004"
  25      D1118030 
  25      0C42218D 
  25      69F4C711 
  25      EA04
  26 0012 2ED9453A 		.ascii	".\331E:\222\2438\202\261\236U>\270\343\036`\000*>)\260"
  26      92A33882 
  26      B19E553E 
  26      B8E31E60 
  26      002A3E29 
  27 0027 CC146E8C 		.ascii	"\314\024n\214p\233\332\271\303Z\021\310\261*\"y\020"
  27      709BDAB9 
  27      C35A11C8 
  27      B12A2279 
ARM GAS  C:\Users\RAKIBU~1\AppData\Local\Temp\ccEGaYN7.s 			page 2


  27      10
  28 0038 07E199EC 		.ascii	"\007\341\231\354\225\244\255<\225\240\332O\004\223\222"
  28      95A4AD3C 
  28      95A0DA4F 
  28      049392
  29 0047 FD25C5EE 		.ascii	"\375%\305\356w\020J\310\366N\007\034S\\\2260\015\244"
  29      77104AC8 
  29      F64E071C 
  29      535C9630 
  29      0DA4
  30              		.text
  31              		.section	.gnu.lto_.pureconst.eb29b672,"",%progbits
  32 0000 789C6363 		.ascii	"x\234cc``\340\004b\026\006)F)&)f)\000\002\304\000\202"
  32      6060E004 
  32      62160629 
  32      46292629 
  32      66290002 
  33              		.text
  34              		.section	.gnu.lto_nvicEnableVector.eb29b672,"",%progbits
  35 0000 789C9D53 		.ascii	"x\234\235SAO\023A\024\236o\337\356\266\326\322\273\261"
  35      414F1341 
  35      149E6FDF 
  35      EEB6D6D2 
  35      BBB1
  36 0012 510E2684 		.ascii	"Q\016&\204KW$1\036\274\030\023\017&\\\374\007\332\013"
  36      4B572431 
  36      1EBC1813 
  36      0F265CFC 
  36      07DA0B
  37 0025 4DA425D4 		.ascii	"M\244%\324\020oL[lA9\220\000%iVS\"(\211\301\332\000"
  37      106F4C5B 
  37      6C413990 
  37      00256956 
  37      53222889 
  38 003c 2A88BAD6 		.ascii	"*\210\272\326\"\020\243FB\274+D\022\214\0049i\002\350"
  38      2210A346 
  38      42BC2B44 
  38      128C0439 
  38      6902E8
  39 004f 9BDD269A 		.ascii	"\233\335&\232\250\007\235\354\274\235y\357{\357}\337"
  39      A8079DEC 
  39      BC9D79EF 
  39      7BEF7DDF 
  40 005f CCAE2984 		.ascii	"\314\256)\2048KB\234\344\367A\236 \001\255\377\265\020"
  40      384B429C 
  40      E4F7419E 
  40      2001ADFF 
  40      B510
  41 0071 29BF06A8 		.ascii	")\277\006\250\205\364Cti\350B\037\015\022*\271\2173"
  41      85F44374 
  41      69E8421F 
  41      0D122AB9 
  41      8F33
  42 0083 5AE36DC9 		.ascii	"Z\343m\311\303\031\336> \307\035\330\234\236\347\251"
  42      C319DE3E 
  42      20C71DD8 
  42      9C9EE7A9 
ARM GAS  C:\Users\RAKIBU~1\AppData\Local\Temp\ccEGaYN7.s 			page 3


  43 0093 0626D1C8 		.ascii	"\006&\321\310\250\267\335\367l\272F6\001:o\277\274*"
  43      A8B7DDF7 
  43      6CBA4636 
  43      013A6FBF 
  43      BC2A
  44 00a5 AC86D456 		.ascii	"\254\206\324VC=ow\345`>D\307!x\275\366\362f\277\257"
  44      433D6F77 
  44      E5603E44 
  44      C72178BD 
  44      F6F266BF 
  45 00ba 614CCAB4 		.ascii	"aL\312\264t\252\243$\217\330D\270\017\342\202\230F\030"
  45      74AAA324 
  45      8FD844B8 
  45      0FE28298 
  45      4618
  46 00cc 53080B76 		.ascii	"S\010\013v\011<@\003\303\357\244\327?\023\235pS?,\276"
  46      093C4003 
  46      C3EFA4D7 
  46      3F139D70 
  46      533F2CBE 
  47 00e0 1F346AA9 		.ascii	"\0374j\251kc\265\324\207\177H\235A\203\213/\357\015"
  47      6B63B5D4 
  47      877F489D 
  47      41838B2F 
  47      EF0D
  48 00f2 D599BAC7 		.ascii	"\325\231\272\307\025\2630\005xQZ6\034\271\367='\235"
  48      15B33005 
  48      78515A36 
  48      1CB9F73D 
  48      279D
  49 0104 955B183E 		.ascii	"\225[\030>\023\004\347\350\2322\304\306\320\2251\330"
  49      1304E7E8 
  49      9A32C4C6 
  49      D09531D8 
  50 0114 98265421 		.ascii	"\230&T!?\024\023!z\270\010\237\216tD/ij\225q\304\006"
  50      3F141321 
  50      7AB8089F 
  50      8E74442F 
  50      696A9571 
  51 012a D2DBB9DD 		.ascii	"\322\333\271\335R@\325.\020\012d\262+\263\225\205\347"
  51      5240D52E 
  51      100A64B2 
  51      2BB39585 
  51      E7
  52 013b D0D8F7EB 		.ascii	"\320\330\367\353\331\230\320\361\2109n\240\262r\365"
  52      D998D0F1 
  52      88396EA0 
  52      B272F5
  53 014a 1B291087 		.ascii	"\033)\020\207\363W*o|*\354sEN\215l~\015z[Y\311\310\020"
  53      F3572A6F 
  53      7C2AEC73 
  53      454E8D6C 
  53      7E0D7A5B 
  54 0162 BB263F0D 		.ascii	"\273&?\015\254\372\212\270\221\342;(\036\262\311\217"
  54      ACFA8AB8 
  54      91E23B28 
  54      1EB2C98F 
ARM GAS  C:\Users\RAKIBU~1\AppData\Local\Temp\ccEGaYN7.s 			page 4


  55 0172 C7AC768E 		.ascii	"\307\254v\216+\251\204\371\276\324H\300\232\220\335"
  55      2BA984F9 
  55      BED448C0 
  55      9A90DD
  56 0181 29596FD3 		.ascii	")Yo\323><A\021C\356\355p\360\335\362\364d\250\251\244"
  56      3E3C4111 
  56      43EEED70 
  56      F0DDF2F4 
  56      64A8A9A4 
  57 0195 82C5B84D 		.ascii	"\202\305\270M\001<\205U \277{s\016\232\230\243b\274"
  57      013C8555 
  57      20BF7B73 
  57      0E9A98A3 
  57      62BC
  58 01a7 93BD5E1E 		.ascii	"\223\275^\036\327<\322\304aN\034\030\275;S\247h\030"
  58      D73CD2C4 
  58      614E1C18 
  58      BD3B53A7 
  58      6818
  59 01b9 388C672E 		.ascii	"8\214g.\351\314v\266\327\360@\272\007Z\032\235\335\011"
  59      E9CC76B6 
  59      D7F040BA 
  59      075A1A9D 
  59      DD09
  60 01cb 7ACA0C54 		.ascii	"z\312\014T<\320Vv\311\347\201\014\245\246\272\220\365"
  60      3CD05676 
  60      C9E7810C 
  60      A5A6BA90 
  60      F5
  61 01dc 7B08E039 		.ascii	"{\010\3409\302\\\277&\337\250\311\377\027q\373Qu\305"
  61      C25CBF26 
  61      DFA8C9FF 
  61      1771FB51 
  61      75C5
  62 01ee E177719D 		.ascii	"\341wq\2356\0051\257\304\351\256\270\027J\234\341\365"
  62      360531AF 
  62      C4E9AEB8 
  62      174A9CE1 
  62      F5
  63 01ff 9A28CFE1 		.ascii	"\232(\317\341\277\272-\270\335\264\277t[\374\331m\311"
  63      BFBA2DB8 
  63      DDB4BF74 
  63      5BFCD96D 
  63      C9
  64 0210 EBB68974 		.ascii	"\353\266\211t\261\324\347\366r\177\216\036f\312_\012"
  64      B1D4E7F6 
  64      727F8E1E 
  64      66CA5F0A 
  65 0220 17688E44 		.ascii	"\027h\216D,~\242\255\261\013\261D\362\330\321f+\221"
  65      2C7EA2AD 
  65      B10BB144 
  65      F2D8D166 
  65      2B91
  66 0232 B45ACF5F 		.ascii	"\264Z\317_\264\332\023\035\227\222V4\321\326\226\210"
  66      B4DA131D 
  66      97925634 
  66      D1D69688 
ARM GAS  C:\Users\RAKIBU~1\AppData\Local\Temp\ccEGaYN7.s 			page 5


  67 0242 5BA7CEB5 		.ascii	"[\247\316\265\234n\271l\305;c\321HT \256\267w\304\022"
  67      9C6EB96C 
  67      C53B63D1 
  67      485420AE 
  67      B777C412 
  68 0256 3F00328F 		.ascii	"?\0002\217\035["
  68      1D5B
  69              		.text
  70              		.section	.gnu.lto_nvicDisableVector.eb29b672,"",%progbits
  71 0000 789C9551 		.ascii	"x\234\225QMk\023Q\024}\347\335\371\210\375\310Z0h\027"
  71      4D6B1351 
  71      147DE7DD 
  71      F988FDC8 
  71      5A306817 
  72 0014 42E92663 		.ascii	"B\351&c,\350Z\004w\335\370\0174\233\006mF\214\024w}"
  72      2CE85A04 
  72      77DDF80F 
  72      349B066D 
  72      468C1477 
  73 0029 69DA69AB 		.ascii	"i\332i\253\025\012m#\204AR\214X\020\255\222TM\375\032"
  73      150A6D23 
  73      8441528C 
  73      5810AD92 
  73      544DFD1A 
  74 003d C78A14AD 		.ascii	"\307\212\024\255bQ\177\200)\"\026\212\212\013\205Z\275"
  74      62517F80 
  74      2922168A 
  74      8A0B855A 
  74      BD
  75 004e 6FC685E0 		.ascii	"o\306\205\340\312\313\2747\367\276w\356=\347\335k\011"
  75      CACBBC37 
  75      F7BE77EE 
  75      3DE7DD6B 
  75      09
  76 005f 214E4821 		.ascii	"!NH!\016\362\177\027/\220\200\234z)D1!\001\355\250\004"
  76      0EF27F17 
  76      2F90809C 
  76      7A294431 
  76      2101EDA8 
  77 0074 C490C410 		.ascii	"\304\220\304\020&i\206\020\216}h\312\236\253\212-\270"
  77      26698610 
  77      8E7D68CA 
  77      9EAB8A2D 
  77      B8
  78 0085 D8B03C35 		.ascii	"\330\260<5\272\323'!\312\274\264\241\216\036F\275\036"
  78      BAD32721 
  78      CABCB4A1 
  78      8E1E46BD 
  78      1E
  79 0096 B9E9D379 		.ascii	"\271\351\323y\362\01108\374\262Zi%u(\321\305\341O5S"
  79      F2093038 
  79      FCB25A69 
  79      257528D1 
  79      C5E14F35 
  80 00ab 4ED20108 		.ascii	"N\322\001\010\366\327\237_\236\262\273\257(5\254\202"
  80      F6D79F5F 
  80      9EB2BBAF 
ARM GAS  C:\Users\RAKIBU~1\AppData\Local\Temp\ccEGaYN7.s 			page 6


  80      2835AC82 
  81 00bb 1735527B 		.ascii	"\0275R{}\"\334\006qA,\"\205\006R\202\217\004\356\240"
  81      7D22DC06 
  81      71412C22 
  81      85065282 
  81      8F04EEA0 
  82 00cf 5BE3DFDF 		.ascii	"[\343\337\337\332\236\355\264\214\230\020wa\011\260"
  82      DA9EEDB4 
  82      8C981077 
  82      6109B0
  83 00de B3B06606 		.ascii	"\263\260f\006j\373\327\230\012\326kx{\204\025\373dH"
  83      6AFBD798 
  83      0AD66B78 
  83      7B8415FB 
  83      6448
  84 00f0 BD116FA6 		.ascii	"\275\021o\246\201(]\214s\022?I\005b\202\244\366J\201"
  84      81285D8C 
  84      73123F49 
  84      056282A4 
  84      F64A81
  85 0103 F884D296 		.ascii	"\370\204\322\226\267Z\237\227\272X\205P!\255x\272v\243"
  85      B75A9F97 
  85      BA588550 
  85      21AD78BA 
  85      76A3
  86 0115 D9A9151B 		.ascii	"\331\251\025\033\330\203&k`\330Wo\302\214A2\006\255"
  86      D883266B 
  86      60D8576F 
  86      C28C4132 
  86      06AD
  87 0127 D496B63A 		.ascii	"\324\226\266:4\310\204\211\245\030\364\331[\261c\220"
  87      34C88489 
  87      A518F4D9 
  87      5BB16390 
  88 0137 EE5663F9 		.ascii	"\356Vc\371\231\227\210\021\300=\244\270>\203\3027\347"
  88      99978811 
  88      C03DA4B8 
  88      3E83C237 
  88      E7
  89 0148 7E449518 		.ascii	"~D\225\030Q\036\015_\331\032aE\355h\314m~\357\210C\025"
  89      511E0D5F 
  89      D91A6145 
  89      ED68CC6D 
  89      7EEF8843 
  90 015d 9654928F 		.ascii	"\226T\222\217\352\033\323-\273\212KEnyu\267O6\036p_"
  90      EA1BD32D 
  90      BB8A4B45 
  90      6E7975B7 
  90      4F361E70 
  91 0172 EE339D4E 		.ascii	"\3563\235Nx:Y\234ks\256\253\221\242\352\362)\201\207"
  91      783A599C 
  91      6B73AEAB 
  91      91A2EAF2 
  91      298187
  92 0185 A862361A 		.ascii	"\250b6\032\006_\276[[\254'3\013\372\262:\350\323\016"
  92      065FBE5B 
  92      5BAC2733 
ARM GAS  C:\Users\RAKIBU~1\AppData\Local\Temp\ccEGaYN7.s 			page 7


  92      0BFAB23A 
  92      E8D30E
  93 0198 3C82C3EA 		.ascii	"<\202\303\352\243A\005\310\260F\255\346\333\307\371"
  93      A34105C8 
  93      B046ADE6 
  93      DBC7F9
  94 01a7 96FD47CE 		.ascii	"\226\375G\316\377\220\265\341qD\206\177\311\362>\265"
  94      FF90B5E1 
  94      7144867F 
  94      C9F23EB5 
  95 01b7 23D46446 		.ascii	"#\324dFD\366\004\231\277\337\332\016\201e\256\271\211"
  95      44F60499 
  95      BFDFDA0E 
  95      8165AEB9 
  95      89
  96 01c8 E1EAB50B 		.ascii	"\341\352\265\013\210\306\250m\234k\361TX`o:\355\360"
  96      88C6A86D 
  96      9C6BF154 
  96      58606F3A 
  96      EDF0
  97 01da 97EDCF1D 		.ascii	"\227\355\317\035\317\271\205\375\373z\035\267\340\364"
  97      CFB985FD 
  97      FB7A1DB7 
  97      E0F4
  98 01e8 1F3BE99C 		.ascii	"\037;\351\234rO\237)8Yw`\300\315;\207\216\366\035\356"
  98      724F9F29 
  98      38597760 
  98      C0CD3B87 
  98      8EF61DEE 
  99 01fc 3BEBE407 		.ascii	";\353\344\007s\331tV \377\033\003 \327K"
  99      73D97456 
  99      20FF1B03 
  99      20D74B
 100              		.text
 101              		.section	.gnu.lto_nvicSetSystemHandlerPriority.eb29b672,"",%progbits
 102 0000 789C6D51 		.ascii	"x\234mQKk\023Q\024>\337=3\223Q\260n\213v\321\205\020"
 102      4B6B1351 
 102      143EDF3D 
 102      339351B0 
 102      6E8B76D1 
 103 0016 BAC9580B 		.ascii	"\272\311X\013.\005u\343\246\033\377A\215B\002m\246$"
 103      2E0575E3 
 103      A61BFF41 
 103      8D42026D 
 103      A624
 104 0028 22EE7A93 		.ascii	"\"\356z\223\264M[ED\323V\302 \263)\265\210T\251\257"
 104      B44D5B45 
 104      44D356C2 
 104      20B329B5 
 104      8854A9AF 
 105 003c D85887AC 		.ascii	"\330X\207\254\334Tm\221B\273\363\201B@Q\233\205\253"
 105      DC546D91 
 105      42BBF381 
 105      4240519B 
 105      85AB
 106 004e EAB96304 		.ascii	"\352\271c\004\027^\356\343\274\276s\277s\216CD\273 "
 106      175EEEE3 
ARM GAS  C:\Users\RAKIBU~1\AppData\Local\Temp\ccEGaYN7.s 			page 8


 106      BCBE73BF 
 106      738E4344 
 106      BB20
 107 0060 3A25EF61 		.ascii	":%\357a9`\202\272\376\212\250\350*\300\010\332\005\215"
 107      396082BA 
 107      FE8AA8E8 
 107      2AC008DA 
 107      058D
 108 0072 298CE12A 		.ascii	")\214\341*W\031\315\312\247\272\352[\324\262\242\371"
 108      5719CDCA 
 108      A7BAEA5B 
 108      D4B2A2F9 
 109 0082 B633A927 		.ascii	"\2663\251'\272\003&\232\223c\026V\320'Q\033\343\367"
 109      BA03269A 
 109      93631656 
 109      D027511B 
 109      E3F7
 110 0094 03BEC201 		.ascii	"\003\276\302\001\003\226\250\337\327k\037\272\214\252"
 110      0396A8DF 
 110      D76B1FBA 
 110      8CAA
 111 00a2 D02B6AF9 		.ascii	"\320+j\371\346Z\303\345\343 \2217Wn\235I.h]\322\321"
 111      E65AC3E5 
 111      E3209137 
 111      576E9D49 
 111      2E685DD2 
 112 00b7 C705D647 		.ascii	"\307\005\326G\002f<\006K><B\017\036\242\207\304Dx\202"
 112      02663C06 
 112      4B3E3C42 
 112      0F1EA287 
 112      C4447882 
 113 00cb A444DF2D 		.ascii	"\244D\337-}\376\302|\"F\276\177\371\256jw\240\355\305"
 113      7DFEC27C 
 113      2246BE7F 
 113      F9AE6A77 
 113      A0EDC5
 114 00de 0EF4E97F 		.ascii	"\016\364\351\177\240u$\343\370\007{\263\007\034+\374"
 114      A07524E3 
 114      F8077BB3 
 114      071C2BFC 
 115 00ee CB16CFE0 		.ascii	"\313\026\317\340\220TN\313\233v\244\367~U\204A\367\316"
 115      90544ECB 
 115      9B76A4F7 
 115      7E558441 
 115      F7CE
 116 0100 AE9B80C0 		.ascii	"\256\233\200\300,e.\241/`\033\346w\242)AICtD\323\254"
 116      2C652EA1 
 116      2F601BE6 
 116      77A22941 
 116      49437444 
 117 0116 8C548EA8 		.ascii	"\214T\216\250\205\322\217\312z\275\001\223\255\306\250"
 117      85D28FCA 
 117      7ABD0193 
 117      ADC6A8
 118 0125 C9872D94 		.ascii	"\311\207-\224\277Mv\014Jl\377\366\303\206\205U!\326"
 118      BF4D760C 
 118      4A6CFFF6 
ARM GAS  C:\Users\RAKIBU~1\AppData\Local\Temp\ccEGaYN7.s 			page 9


 118      C3868555 
 118      21D6
 119 0137 42F3EDCC 		.ascii	"B\363\355\314\266m\202\304=7\321|\2350n'\256\254XoT"
 119      B66D82C4 
 119      3D37D17C 
 119      9D306E27 
 119      AEAC586F 
 120 014c ED3FAADE 		.ascii	"\355?\252\336)\353.1\2656\332o\354\020\267\213\322\367"
 120      29EB2E31 
 120      B536DA6F 
 120      EC10B78B 
 120      D2F7
 121 015e F050C009 		.ascii	"\360P\300\011<\227\022\033\222\311\000n\314,-\355\367"
 121      3C97121B 
 121      92C9006E 
 121      CC2C2DED 
 121      F7
 122 016f EEE9F1A2 		.ascii	"\356\351\361\242\356\015\330\305\032B\314\306\023\021"
 122      EE0DD8C5 
 122      1A42CCC6 
 122      1311
 123 017d E7D69D9F 		.ascii	"\347\326\235\237\363\007\373\227\2153\314\005\274\017"
 123      F307FB97 
 123      8D33CC05 
 123      BC0F
 124 018b 2FE0D5D8 		.ascii	"/\340\325\330\216\247\025\241_8\322W\224\302\325k1\345"
 124      8EA715A1 
 124      5F38D257 
 124      94C2D56B 
 124      31E5
 125 019d 788A530C 		.ascii	"x\212S\014S\237\"\032H\245<\331\351L\366\\\326/\034"
 125      539F221A 
 125      48A53CD9 
 125      E94CF65C 
 125      D62F1C
 126 01b0 3B3AE0F9 		.ascii	";:\340\371\005/34\354\215\372\371\213\005/\355\217\214"
 126      052F3334 
 126      EC8DFAF9 
 126      8B052FED 
 126      8F8C
 127 01c2 F839EFE4 		.ascii	"\3709\357\344\331\301\323\203\227\275\334\245l:\225"
 127      D9C1D383 
 127      97BDDCA5 
 127      6C3A95
 128 01d1 A6446628 		.ascii	"\246Df(w~\370B\336\032\315g\375\337H'\264\222"
 128      777EF842 
 128      DE1ACD67 
 128      FDDF4827 
 128      B492
 129              		.text
 130              		.section	.gnu.lto_nvicClearPending.eb29b672,"",%progbits
 131 0000 789C3551 		.ascii	"x\2345Q\317k\023Q\020\236\357\315n6J\233\263`\260=\010"
 131      CF6B1351 
 131      109EEFCD 
 131      6E364A9B 
 131      B360B03D 
 132 0015 A508596B 		.ascii	"\245\010YkA\317\342\301S/\376\0076\227\006lV\214\024"
ARM GAS  C:\Users\RAKIBU~1\AppData\Local\Temp\ccEGaYN7.s 			page 10


 132      41CFE2C1 
 132      532FFE07 
 132      3697066C 
 132      568C14
 133 0028 6F7D49DA 		.ascii	"o}I\332\244\255\005\013m#\204E\2664\245x\320*i\325\244"
 133      A4AD050B 
 133      6D238445 
 133      B634A578 
 133      D02A69D5 
 134 003d FE58821E 		.ascii	"\376X\202\036DTZ\304\223'+\202\012E\013\202\207\266"
 134      44545AC4 
 134      93272B82 
 134      0A450B82 
 134      87B6
 135 004f 3A6F1787 		.ascii	":o\027\207\367cf\336|\363\276\367\275\004\021\375\006"
 135      F76366DE 
 135      7CF3BEF7 
 135      BD0411FD 
 135      06
 136 0060 D139D98F 		.ascii	"\3219\331\217\313\004\023\324\334;\242bR\001\306\321"
 136      CB0413D4 
 136      DC3BA262 
 136      5201C6D1 
 137 0070 49D0B8C2 		.ascii	"I\320\270\3028fy\201\321\251~m\251\376U-\026\336n;\025"
 137      38667981 
 137      D1A97E6D 
 137      A9FE552D 
 137      16DE6E3B 
 138 0085 3D79CC67 		.ascii	"=y\314g\242\232Lch\242_\252\266&\036\370|\223}\006,"
 138      A29A4C63 
 138      68A25FAA 
 138      B6261EF8 
 138      7C937D06 
 139 009a 097FBDAD 		.ascii	"\011\177\275\255\357\244L\250\320+\341\201^\250\245"
 139      EFA44CA8 
 139      D02BE181 
 139      5EA8A5
 140 00a9 F82C48FC 		.ascii	"\370,H\374/o\226\347\234\276\025\255K:|\331`}\322g\306"
 140      2F6F96E7 
 140      9CBE15AD 
 140      4B3A7CD9 
 140      607DD267 
 141 00be 23B034C4 		.ascii	"#\2604\304\006\322XG\232$Ex\214>S\377\371\341\341bw"
 141      06D25847 
 141      9A244578 
 141      8C3E53FF 
 141      F9E1E162 
 142 00d3 C28A2FC4 		.ascii	"\302\212/\304\023$H\310\323\332\266\035\352\303\277"
 142      132448C8 
 142      D3DAB61D 
 142      EAC3BF
 143 00e2 551D7E6A 		.ascii	"U\035~j`\353\2420\366\331R\262\330l<\313,6\242\0364"
 143      60EBA230 
 143      F6D952B2 
 143      D86C3CCB 
 143      2C36A21E 
 144 00f7 25487997 		.ascii	"%Hy\227\016i\232\225\361\312!}Gy\277r\260\031(\323\261"
ARM GAS  C:\Users\RAKIBU~1\AppData\Local\Temp\ccEGaYN7.s 			page 11


 144      0E699A95 
 144      F1CA217D 
 144      4779BF72 
 144      B01928D3 
 145 010c CEA8B32D 		.ascii	"\316\250\263-w\3157\356\267\272\015m\013=h\011\021)"
 145      77CD37EE 
 145      B7BA0D6D 
 145      0B3D6809 
 145      1129
 146 011e FB59B9EB 		.ascii	"\373Y\271\353\304E\012\247\322Rj\222{\225i;Nr\214|\335"
 146      C4450AA7 
 146      D2526A92 
 146      7B95693B 
 146      4E728C7C 
 147 0133 68EF7719 		.ascii	"h\357w\031\244\015\033\355\010Y\332\253\376GZ\002\226"
 147      A40D1BED 
 147      0859DAAB 
 147      FE475A02 
 147      96
 148 0144 4CE7C3CC 		.ascii	"L\347\303\314\267\010&\200\332d\347\275c\000\211H\225"
 148      B7082680 
 148      DA64E7BD 
 148      63008948 
 148      95
 149 0155 F5A5DD3F 		.ascii	"\365\245\335?]q\250;e\235\222T\363\307\374\216\023\340"
 149      5D71A83B 
 149      659D9254 
 149      F3C7FC8E 
 149      13E0
 150 0167 4E51940F 		.ascii	"NQ\224\017N\370\354\340\251\310\263)\275\015\340\325"
 150      4EF8ECE0 
 150      A9C8B329 
 150      BD0DE0D5 
 151 0177 6C71E9A8 		.ascii	"lq\351\250{OO\024u\257\317I<C\200\305\350O\344\360\343"
 151      7B4F4F14 
 151      75AFCF49 
 151      3C4380C5 
 151      E84FE4F0 
 152 018c F6463335 		.ascii	"\366F35\260f\016\2031\237\217\3409\\\241\032\375\327"
 152      B0660E83 
 152      319F8FE0 
 152      395CA11A 
 152      FDD7
 153 019e 0B0C0821 		.ascii	"\013\014\010!\332E)X\276\205HPcS\3620\221F\021\015f"
 153      DA452958 
 153      BE854850 
 153      6353F230 
 153      9146110D 
 154 01b3 32AE8CEC 		.ascii	"2\256\214\354Hn8\347\025\316\234\036t\275\202;r\371"
 154      486E38E7 
 154      15CE9C1E 
 154      74BD823B 
 154      72F9
 155 01c5 8A7BD5BB 		.ascii	"\212{\325\273v\275\340f\275\321Q/\357\236\2774ta\350"
 155      76BDE066 
 155      BDD1512F 
 155      EF9EBF34 
ARM GAS  C:\Users\RAKIBU~1\AppData\Local\Temp\ccEGaYN7.s 			page 12


 155      7461E8
 156 01d8 869B1FCB 		.ascii	"\206\233\037\313e3YB\376\037\227 \257\357"
 156      65335942 
 156      FE1F9720 
 156      AFEF
 157              		.text
 158              		.section	.gnu.lto_.symbol_nodes.eb29b672,"",%progbits
 159 0000 789C6363 		.ascii	"x\234cc``\360\002b\006\246\007L\365\014\014\023\316"
 159      6060F002 
 159      6206A607 
 159      4CF50C0C 
 159      13CE
 160 0012 313000A9 		.ascii	"10\000\251]\015\216@\221\207L\365\214\250\"\217\230"
 160      5D0D8E40 
 160      91874CF5 
 160      8CA8228F 
 160      98
 161 0023 EA995045 		.ascii	"\352\231PE\0363\3253\243\2100\000\000\356>\023I"
 161      1E33D533 
 161      A3883000 
 161      00EE3E13 
 161      49
 162              		.text
 163              		.section	.gnu.lto_.refs.eb29b672,"",%progbits
 164 0000 789C6363 		.ascii	"x\234cc```\004b\006\000\000D\000\010"
 164      60606004 
 164      62060000 
 164      440008
 165              		.text
 166              		.section	.gnu.lto_.decls.eb29b672,"",%progbits
 167 0000 789CBD59 		.ascii	"x\234\275YkPTG\026\236\276=\300\360v\221\332\230\335"
 167      6B505447 
 167      169EBE3D 
 167      C0F07691 
 167      DA98DD
 168 0013 49AD6B99 		.ascii	"I\255k\231\012?6\200\222\255\244\366G6d\324\225\037"
 168      0A3F3680 
 168      92ADA4F6 
 168      473664D4 
 168      951F
 169 0025 66A921B1 		.ascii	"f\251!\2616\273\324\022\204I$\341\221\005\334\322_{"
 169      36BBD412 
 169      844924E1 
 169      9105DCD2 
 169      5F7B
 170 0037 71308218 		.ascii	"q0\202\030\005AP\300\200\200OT *\250\210\016\250\200"
 170      054150C0 
 170      80804F54 
 170      202AA888 
 170      0EA880
 171 004a BC34281A 		.ascii	"\2744(\032\344)\002\"\"O\025A\204=\375\270\314\345\302"
 171      E4290222 
 171      224F1541 
 171      843DFDB8 
 171      CCE5C2
 172 005d 64B3555B 		.ascii	"d\263U[{\3133wN\367\327\347|}N\367\351\036\264V\251"
 172      7BCB3377 
ARM GAS  C:\Users\RAKIBU~1\AppData\Local\Temp\ccEGaYN7.s 			page 13


 172      4EF7D7E7 
 172      7C7D4EF7 
 172      E91EB456 
 173 0072 541B5E57 		.ascii	"T\033^W\251Z\004\225*\023\251T3\360XA[9\010\250\252"
 173      A95A0495 
 173      2A13A954 
 173      33F05841 
 173      5B3908A8 
 174 0087 32157BD4 		.ascii	"2\025{\324 U \265 \365 7T\363\237\3350\300\021\336\237"
 174      205520B5 
 174      20F52037 
 174      54F39FDD 
 174      30C011DE 
 175 009c 81B880B8 		.ascii	"\201\270\200\270\362\361Z\220\267@>\005\371-`~\003\322"
 175      F2F15A90 
 175      B7403E05 
 175      F92D607E 
 175      03D2
 176 00ae 07DF1F82 		.ascii	"\007\337\037\202\274\000\031\007\301 \213\240]\013\342"
 176      BC001907 
 176      C1208BA0 
 176      5D0BE2
 177 00bd 8C98EFAA 		.ascii	"\214\230\357\252\005|\244A\207\303\002>\224\366%\273"
 177      057CA441 
 177      87C3023E 
 177      94F625BB 
 178 00cd 921F989E 		.ascii	"\222\037\230\236j1b>\020\237\207\362\311\200\016;\013"
 178      6A31623E 
 178      109F87F2 
 178      C9800E3B 
 178      0B
 179 00de FC89ED48 		.ascii	"\374\211\355H\350\377\032\344#\304l\022;\237r{\365\\"
 179      E8FF1AE4 
 179      23C46C12 
 179      3B9F727B 
 179      F55C
 180 00f0 8F41736D 		.ascii	"\217AsmfY\260I\370\376u\001\276d\270\226\333\\(\306"
 180      6659B049 
 180      F8FE7501 
 180      BE64B896 
 180      DB5C28C6 
 181 0104 2918B555 		.ascii	")\030\265U\037\313\307\011\030\275e\207H\266\234\241"
 181      1FCBC709 
 181      18BD6587 
 181      48B69CA1 
 182 0114 A960E0FC 		.ascii	"\251`\340\374\204#k\"\210\343S\203&\204\005\372\375"
 182      84236B22 
 182      88E35383 
 182      268405FA 
 182      FD
 183 0125 70C648BD 		.ascii	"p\306H\275\235\373\011\221=\2320\025:\213\260d\252q"
 183      9DFB0991 
 183      3D9A3015 
 183      3A8BB064 
 183      AA71
 184 0137 F7689E0D 		.ascii	"\367h\236\015~\237\002\177\210-\314$f]\354\220\032\324"
 184      7E9F027F 
ARM GAS  C:\Users\RAKIBU~1\AppData\Local\Temp\ccEGaYN7.s 			page 14


 184      882DCC24 
 184      665DEC90 
 184      1AD4
 185 0149 91FAF407 		.ascii	"\221\372\364\007N\240\272\332\241\245)X\350h~\331\352"
 185      4EA0BADA 
 185      A1A52958 
 185      E8687ED9 
 185      EA
 186 015a 84ECDCE2 		.ascii	"\204\354\334\342Dq\253\230m\024m\327\252\320y\244E\347"
 186      4471AB98 
 186      6D146DD7 
 186      AAD079A4 
 186      45E7
 187 016c 9056854A 		.ascii	"\220V\205J\221\033q]\214\334U\350\0144\236\206\306\303"
 187      911B715D 
 187      8CDC55E8 
 187      0C349E86 
 187      C6C3
 188 017e C49DE9C6 		.ascii	"\304\235\351\306\376\367\367\217\212\342Rt\001\331\241"
 188      FEF7F78F 
 188      8AE25274 
 188      01D9A1
 189 018d 12842906 		.ascii	"\022\204)\006f\367\226\035#p,/)\307\032\027\"\302@("
 189      66F7961D 
 189      23702C2F 
 189      29C71A17 
 189      22C24028 
 190 01a1 CDE8B926 		.ascii	"\315\350\271&X\362q\311\262\217\202e\225\333DQ@e\340"
 190      58F271C9 
 190      B28F8265 
 190      95DB4451 
 190      4065E0
 191 01b4 E3A2D907 		.ascii	"\343\242\331\007\270$/h\005G\027\312\313.\333w\2406"
 191      B8242F68 
 191      054717CA 
 191      CB2EDB77 
 191      A036
 192 01c6 040B012D 		.ascii	"\004\013\001-\242\363G\210}\302\233\010\325g\244\007"
 192      A2F34788 
 192      7DC29B08 
 192      D567A407 
 193 01d6 B1766815 		.ascii	"\261vh\025\330\213C\211\"\015A\263-\002\267!Hv\351?"
 193      D88B4389 
 193      220D41B3 
 193      2D02B721 
 193      4876E93F 
 194 01ea 6E00C9AD 		.ascii	"n\000\311\255\262~\346NzX\332\331\027\3318\326$\230"
 194      B27EE64E 
 194      7A58DAD9 
 194      17D938D6 
 194      2498
 195 01fc 9DC986CC 		.ascii	"\235\311\206\314\343\252\232\355\236%e\236$\342\351"
 195      E3AA9AED 
 195      9E25659E 
 195      24E2E9
 196 020b 6E1AD879 		.ascii	"n\032\330y\312\241\023\265C/\254\347DM\030M|\306\355"
 196      CAA113B5 
ARM GAS  C:\Users\RAKIBU~1\AppData\Local\Temp\ccEGaYN7.s 			page 15


 196      432FACE7 
 196      444D184D 
 196      7CC6ED
 197 021e AE5C01EF 		.ascii	"\256\\\001\357e\313\245\352\350\331r\244\026X\334P\270"
 197      65CBA5EA 
 197      E8D972A4 
 197      1658DC50 
 197      B8
 198 022f 9AB4D58E 		.ascii	"\232\264\325\216\037\271\254\236m\253@\264\361\332\314"
 198      1FB9AC9E 
 198      6DAB40B4 
 198      F1DACC
 199 023e B8C9992D 		.ascii	"\270\311\231-\027\201\254\244\341\272\003\366l\271,"
 199      1781ACA4 
 199      E1BA03F6 
 199      6CB92C
 200 024d 22ABE752 		.ascii	"\"\253\347R{\252\260$\225\344'\321(.\022\320g\277D\327"
 200      7BAAB024 
 200      95E427D1 
 200      282E12D0 
 200      67BF44D7 
 201 0261 206B5721 		.ascii	" kW!k*T\211\226\300\347\025\244f\264\212\022^m\327,"
 201      6B2A5489 
 201      96C0E715 
 201      A466B48A 
 201      125E6DD7 
 202 0276 CB16B33B 		.ascii	"\313\026\263;E\323x\335\362\207gD\021\362)\252\011\016"
 202      45D378DD 
 202      F2876744 
 202      11F229AA 
 202      090E
 203 0288 959B135A 		.ascii	"\225\233\023ZN\026.2\241N\204.\243\016\230D\025ZFf\325"
 203      4E162E32 
 203      A14E842E 
 203      A30E9844 
 203      155A4666 
 204 029d 5E368CF1 		.ascii	"^6\214\361=\313\374\323n\345\\p\264H\246\206\222\271"
 204      3DCBFCD3 
 204      6EE55C70 
 204      B448A686 
 204      92B9
 205 02af 2E919969 		.ascii	".\221\231i.\357s\342d\032_O\027M[E\262\266\000\205\252"
 205      2EEF73E2 
 205      641A5F4F 
 205      174D5B45 
 205      B2B60085 
 206 02c4 CD54AA95 		.ascii	"\315T\252\225Tj)\225\242\027\217\215\030\0170*\311\261"
 206      546A2995 
 206      A2178F8D 
 206      180F302A 
 206      C9B1
 207 02d6 4929B692 		.ascii	"I)\266\222\245_\317Z\"\223\2523[\252SZ\252\247\226\312"
 207      A55FCF5A 
 207      2293AA33 
 207      5BAA535A 
 207      AAA796CA 
 208 02ea 8EA4F9E0 		.ascii	"\216\244\371\340xL\015\215\\\214\371\013\267\323\377"
ARM GAS  C:\Users\RAKIBU~1\AppData\Local\Temp\ccEGaYN7.s 			page 16


 208      784C0D8D 
 208      5C8CF90B 
 208      B7D3FF
 209 02f9 C61C460D 		.ascii	"\306\034F\015f;\015J;7\250\235\023MY\245\016,M\242\226"
 209      663B0D4A 
 209      3B37A89D 
 209      134D59A5 
 209      0E2C4DA2 
 210 030e D82ADF7E 		.ascii	"\330*\337~\206\353\3036\240\247\234|P\202\230\236\350"
 210      86EBC336 
 210      A0A79C7C 
 210      5082989E 
 210      E8
 211 031f 0A7A5FD3 		.ascii	"\012z_\323\221tG\226G\361 \202\206\003SS\261j\234\316"
 211      91744796 
 211      47F12082 
 211      86035353 
 211      B16A9CCE 
 212 0333 98DCBF33 		.ascii	"\230\334\2773]\313k\204\321\212\254\214\236\326\275"
 212      5DCB6B84 
 212      D18AAC8C 
 212      9ED6BD
 213 0342 8E767124 		.ascii	"\216vq$\262t\277\222\016i\307\252\320\035\262\001\221"
 213      B274BF92 
 213      0E69C7AA 
 213      D01DB201 
 213      91
 214 0353 87163581 		.ascii	"\207\0265\201\012\350\374\324\234\263\330%\221\346A"
 214      0AE8FCD4 
 214      9CB3D825 
 214      91E641
 215 0362 143F50D3 		.ascii	"\024?P\323\024\335\002x#\205\337E.\322 \202\356>\324"
 215      14DD0278 
 215      2385DF45 
 215      2ED22082 
 215      EE3ED4
 216 0375 9D6DCB99 		.ascii	"\235m\313\231[\203\376MRW\256\023gN\210\335L\332\231"
 216      5B83FE4D 
 216      5257AE13 
 216      674E88DD 
 216      4CDA99
 217 0388 ACE64C49 		.ascii	"\254\346LI\015\334u7\351\2178\217\361\374\261(\271\320"
 217      0DDC7537 
 217      E98F388F 
 217      F1FCB128 
 217      B9D0
 218 039a 8A618708 		.ascii	"\212a\207\010\366B\372\235t{\213<\333$\236\255\214g"
 218      F642FA9D 
 218      747B8B3C 
 218      DB249EAD 
 218      8C67
 219 03ac C1B6EE63 		.ascii	"\301\266\356c\032\030\255\205\002\213d\325U\313\252"
 219      1A18AD85 
 219      028B64D5 
 219      55CBAA
 220 03bb EB19D3D8 		.ascii	"\353\031\323\330I5>B=\011E'\273\277DnvR\265s\337\266"
 220      49353E42 
ARM GAS  C:\Users\RAKIBU~1\AppData\Local\Temp\ccEGaYN7.s 			page 17


 220      3D094527 
 220      BBBF446E 
 220      7652B573 
 221 03d1 9DE4A60B 		.ascii	"\235\344\246\013&\326i\316\215\226L\211V51W\304KT\310"
 221      26D669CE 
 221      8D964C89 
 221      56353157 
 221      C44B54C8 
 222 03e5 4B8B3CA1 		.ascii	"K\213<\241\246\335\207\232\246\3455\255\003\350\264"
 222      A6DD879A 
 222      A6E535AD 
 222      03E8B4
 223 03f4 33FFC7B2 		.ascii	"3\377\307\262\216^u\304E\314A\373\311\241\006l\366P"
 223      8E5E75C4 
 223      45CC41FB 
 223      C9A1066C 
 223      F650
 224 0406 B0EC34AD 		.ascii	"\260\3544\255u=\340\341\201\331C\027\262\340\242{a\027"
 224      753DE0E1 
 224      81D94317 
 224      B2E0A27B 
 224      6117
 225 0418 4D1DA92D 		.ascii	"M\035\251-\366\346T j\357\036\3647\323\210\364\322T"
 225      F6E65420 
 225      6AEF1EF4 
 225      37D388F4 
 225      D254
 226 042a B449A9D8 		.ascii	"\264I\251\330z5\3761\"\3413\376<\353\373\256M\014\251"
 226      7A35FE31 
 226      22E133FE 
 226      3CEBFBAE 
 226      4D0CA9
 227 043d E5D61FFE 		.ascii	"\345\326\037\376\224\365\342\216\224x\276$\263\311\311"
 227      94F5E28E 
 227      9478BE24 
 227      B3C9C9
 228 044c 73A16DC4 		.ascii	"s\241m\304d\317\364N\022\376\211\201}M\032\236h'\320"
 228      64CFF44E 
 228      12FE8981 
 228      7D4D1A9E 
 228      6827D0
 229 045f AF8C658E 		.ascii	"\257\214e\2168\340\363,\323\025-eq<\323\357\202Z\267"
 229      38E0F32C 
 229      D3152D65 
 229      713CD3EF 
 229      825AB7
 230 0472 EB7C8FE5 		.ascii	"\353|\217\345\0059(%\372\011\3439\235\235yGP.\310\307"
 230      05392825 
 230      FA09E339 
 230      9D9D7947 
 230      502EC8C7 
 231 0486 00EFA7F0 		.ascii	"\000\357\247\360!\312sP\342\231\366d\342W|=\312\017"
 231      21CA7350 
 231      E299F664 
 231      E2577C3D 
 231      CA0F
 232 0498 48177A40 		.ascii	"H\027z@\242S}\2273\3558KR\020\257\334\312\310\267\301"
ARM GAS  C:\Users\RAKIBU~1\AppData\Local\Temp\ccEGaYN7.s 			page 18


 232      A2537D97 
 232      33ED384B 
 232      5210AFDC 
 232      CAC8B7C1 
 233 04ac 5718CBA7 		.ascii	"W\030\313\247;\266\215\363}C6]w\315\350\367N\026Y>\223"
 233      3BB68DF3 
 233      7D43365D 
 233      77CDE8F7 
 233      4E16593E 
 234 04c1 583E652C 		.ascii	"X>e,3\373\307f\234\224,G\001>B\341\317)\313g\022\313"
 234      33FBC766 
 234      9C942C47 
 234      013E42E1 
 234      CF29CB67 
 235 04d7 7D8D45AB 		.ascii	"}\215E\253Y\252~\316\011\012\003n]\232\274\341,7?\376"
 235      59AA7ECE 
 235      090A036E 
 235      5D9ABCE1 
 235      2C373FFE 
 236 04eb 53E6C78B 		.ascii	"S\346\307\213_\266\360Ygc\2624J\233\223\3701\320)\337"
 236      5FB6F059 
 236      6763B234 
 236      4A9B93F8 
 236      31D029DF 
 237 04ff B5AE7CD7 		.ascii	"\265\256|\327\306\364\025n\307\270\232\205a,m[\274\206"
 237      C6F4156E 
 237      C7B89A85 
 237      612C6D5B 
 237      BC86
 238 0511 815F03F5 		.ascii	"\201_\003\365`\301\340\200\306b\030\246\2450\274b<_"
 238      60C1E080 
 238      C66218A6 
 238      A530BC62 
 238      3C5F
 239 0523 5574E438 		.ascii	"Ut\3448+\303\360\022\340\223\024>CyNK<\317\224\215\034"
 239      2BC3F012 
 239      E093143E 
 239      43794E4B 
 239      3CCF948D 
 240 0538 92AA07E1 		.ascii	"\222\252\007\341\331\223\337\225k\207\033\031\217\343"
 240      D993DF95 
 240      6B871B19 
 240      8FE3
 241 0546 A6846A9E 		.ascii	"\246\204j\236\216l\222\253\231\214\341\003\016\370."
 241      8E6C92AB 
 241      998CE103 
 241      0EF82E
 242 0555 EB9412E9 		.ascii	"\353\224\022\351\302\023y\343Qq\221\200\357\263\316"
 242      C21379E3 
 242      51719180 
 242      EFB3CE
 243 0564 571D8989 		.ascii	"W\035\211\2116|$Y\233\035\315ME\016\270\227u\026\367"
 243      367C2459 
 243      9B1DCD4D 
 243      450EB897 
 243      7516F7
 244 0577 5EAF9446 		.ascii	"^\257\224F\222\316\370\202\256\004+<\304Kg\333\303\035"
ARM GAS  C:\Users\RAKIBU~1\AppData\Local\Temp\ccEGaYN7.s 			page 19


 244      92CEF882 
 244      AE042B3C 
 244      C44B67DB 
 244      C31D
 245 0589 4EF82953 		.ascii	"N\370)S\252*\267~\211\247\331\367\332\007\261\277c\203"
 245      AA2AB77E 
 245      89A7D9F7 
 245      DA07B1BF 
 245      6383
 246 059b 624981BE 		.ascii	"bI\201\276\226W\224\205Y\000\263\351\362?]\276\303\350"
 246      96579485 
 246      5900B3E9 
 246      F23F5DBE 
 246      C3E8
 247 05ad 8C8D6A02 		.ascii	"\214\215j\002v\356\2304v8\240\345\354Y\274\334\215\276"
 247      76EE9834 
 247      7638A0E5 
 247      EC59BCDC 
 247      8DBE
 248 05bf 73C4D818 		.ascii	"s\304\330\030\321T\025\217\317\325\327@(+\020z\201\\"
 248      D154158F 
 248      CFD5D740 
 248      282B107A 
 248      815C
 249 05d1 50828051 		.ascii	"P\202\200Q\252\260x6\225\020J\010\320\012r\231e\003"
 249      AAB07836 
 249      95104A08 
 249      D00A7299 
 249      6503
 250 05e3 1A43E123 		.ascii	"\032C\341#\006J>\200[\020\003K\233\024\375\210dhRy&"
 250      064A3E80 
 250      5B10034B 
 250      9B14FD88 
 250      64685279 
 251 05f8 BF02742C 		.ascii	"\277\002t,&qFS\034-E\037M \205\355\212P\206&D\306\220"
 251      26714653 
 251      1C2D451F 
 251      4D2085ED 
 251      8A508626 
 252 060f 82C8B012 		.ascii	"\202\310\260\022\335\370\225\031\035\257\244\035'(\230"
 252      DDF89519 
 252      1DAFA41D 
 252      272898
 253 061e F4CB9818 		.ascii	"\364\313\230\030\005\005\223\255rt\254Q4u\205\246S4"
 253      050593AD 
 253      7274AC51 
 253      347585A6 
 253      5334
 254 0630 59D5BB38 		.ascii	"Y\325\2738zvK\33443I\342\013K\204\213\000\372V\320\242"
 254      7A764BDC 
 254      343349E2 
 254      0B4B848B 
 254      00FA56D0 
 255 0645 9DD41281 		.ascii	"\235\324\022\201\303\216A\373\0047\264[X\216\322A\222"
 255      C38E41FB 
 255      0437B45B 
 255      588ED241 
ARM GAS  C:\Users\RAKIBU~1\AppData\Local\Temp\ccEGaYN7.s 			page 20


 255      92
 256 0656 41D2400E 		.ascii	"A\322@\016\200\244\200d\202$\201\354\001\311\000I\004"
 256      80A48064 
 256      822481EC 
 256      01C90049 
 256      04
 257 0667 D90FB257 		.ascii	"\331\017\262WXN\357`\214\366=\031\355\355J\332\337\230"
 257      584EEF60 
 257      8CF63D19 
 257      EDED4ADA 
 257      DF98
 258 0679 69B342FF 		.ascii	"i\263B\377\274\337%\006\270\020\224\212\027y\263\251"
 258      BCDF2506 
 258      B810948A 
 258      1779B3A9 
 259 0689 F601D73D 		.ascii	"\366\001\327=\242X\355I\216Lt\233\207W:H\321\017\312"
 259      A258ED49 
 259      8E4C749B 
 259      87573A48 
 259      D10FCA
 260 069c D4D5C83C 		.ascii	"\324\325\310<\357Pz\036\231\207\346\251\203\352\207"
 260      EF507A1E 
 260      9987E6A9 
 260      83EA87
 261 06ab 06B86DA9 		.ascii	"\006\270m\251&\242G\312\324\215\312R\027\243L\235(("
 261      26A247CA 
 261      D48DCA52 
 261      17A34C9D 
 261      2828
 262 06bd D05D32F4 		.ascii	"\320]2\3646%:\326\214&\265\371N\307U\204k\350\262\027"
 262      36253AD6 
 262      8C26B5F9 
 262      4EC75584 
 262      6BE8B217 
 263 06d1 B64E1615 		.ascii	"\266N\026\025[\241\305n\013&\011\366\260\333\377$O,"
 263      5BA1C56E 
 263      0B2609F6 
 263      B0DBFF24 
 263      4F2C
 264 06e3 F25093E0 		.ascii	"\362P\223\340w\022\312\002\203\337\011\263\007,\311"
 264      7712CA02 
 264      83DF09B3 
 264      072CC9
 265 06f2 03E515FF 		.ascii	"\003\345\025\377p\262\026;\354\230\375\211B\201\346"
 265      70B2163B 
 265      EC98FD89 
 265      4281E6
 266 0701 AA755070 		.ascii	"\252uPp\240\327nx\223\333W}U+/4qd/\317<j\316\345Ui\230"
 266      A0D76E78 
 266      93DB577D 
 266      552B2F34 
 266      71642FCF 
 267 071c DEECA60E 		.ascii	"\336\354\246\016\224p\335UV]\\yu\031\330\227`t\266X"
 267      9470DD55 
 267      565D5C79 
 267      7519D897 
 267      6074B658 
ARM GAS  C:\Users\RAKIBU~1\AppData\Local\Temp\ccEGaYN7.s 			page 21


 268 0730 200F0BBC 		.ascii	" \017\013\274@\236c\005\362v[O\252\203\262@\036\202"
 268      409E6305 
 268      F2765B4F 
 268      AA83B240 
 268      1E82
 269 0742 20E5D1C0 		.ascii	" \345\321\300\036\021\\\244A\004}\266\361\356s[|\233"
 269      1E115CA4 
 269      41047DB6 
 269      F1EE735B 
 269      7C9B
 270 0754 C61735A7 		.ascii	"\306\0275\247\356\030\260\222N\215\270\237sj\344\365"
 270      EE18B092 
 270      4E8DB89F 
 270      736AE4F5 
 271 0764 160DD9CA 		.ascii	"\026\015\331\312\235\035\023~\302\331\255\336\203\261"
 271      9D1D137E 
 271      C2D9ADDE 
 271      83B1
 272 0772 FC88BFA9 		.ascii	"\374\210\277\251\222\375Zpa\277\026\244\302\351\312"
 272      92FD5A70 
 272      61BF16A4 
 272      C2E9CA
 273 0781 0B676965 		.ascii	"\013gie\343u\204\233\031\267\212\321\302#|,)\344\235"
 273      E375849B 
 273      19B78AD1 
 273      C2237C2C 
 273      29E49D
 274 0794 8957662C 		.ascii	"\211Wf,\307\244P\212I\201@i>K,\\\243\014\311I`y\202"
 274      C7A4508A 
 274      49814069 
 274      3E4B2C5C 
 274      A30CC949 
 275 07ab B22CA22C 		.ascii	"\262,\242,\013%\226\373\017\364\237\022\224s\262\210"
 275      0B2596FB 
 275      0FF49F12 
 275      9473B288 
 276 07bb 4EB876B6 		.ascii	"N\270v\266\222\347\266\232\350\275\323\247klp;#\235"
 276      92E7B69A 
 276      E8BDD3A7 
 276      6B6C703B 
 276      239D
 277 07cd BCE745   		.ascii	"\274\347E"
 278 07d0 8D067731 		.ascii	"\215\006w1\245d0\277\304\221!MDO/}Z\303\357,\032Y\267"
 278      A56430BF 
 278      C491214D 
 278      444F2F7D 
 278      5AC3EF2C 
 279 07e7 2BEF1ECB 		.ascii	"+\357\036\313\037>d\215{\331\330\244\341\321dk\213\323"
 279      1F3E648D 
 279      7BD9D8A4 
 279      E1D1646B 
 279      8BD3
 280 07f9 BD204DD7 		.ascii	"\275 M\327\223\316\266\344l\356\220F9\335s0\201\022"
 280      93CEB6E4 
 280      6CEE9046 
 280      39DD7330 
 280      8112
ARM GAS  C:\Users\RAKIBU~1\AppData\Local\Temp\ccEGaYN7.s 			page 22


 281 080b 3A81523A 		.ascii	":\201R:\201\013\322\004Jc\362\232\260r\272\026\321G"
 281      810BD204 
 281      4A63F29A 
 281      B072BA16 
 281      D147
 282 081d 7B3377F1 		.ascii	"{3w\3614\274G\256\031\023\007\373\035q?#\371dp\252\300"
 282      34BC47AE 
 282      191307FB 
 282      1D713F23 
 282      F96470AA 
 283 0832 090F31A5 		.ascii	"\011\0171\245\264\344b%\237\235'\271\364\237(o\260\307"
 283      B4E46225 
 283      9F9D27B9 
 283      F49F286F 
 283      B0C7
 284 0844 4F59DF54 		.ascii	"OY\337Tb\326i[<\311\224\214\261\266G|\361\273\221<\347"
 284      62D6695B 
 284      3CC9948C 
 284      B1B6477C 
 284      F1BB913C 
 285 0859 7EB7C716 		.ascii	"~\267\307\026\317\260\276\231\304\270\37568\326\212"
 285      CFB0BE99 
 285      C4B8FD36 
 285      38D68A
 286 0868 2A290D29 		.ascii	"*)\015)\271\3668\236)\203\261=\235|\351,\001\365e_J"
 286      B9F6389E 
 286      2983B13D 
 286      9D7CE92C 
 286      01F5655F 
 287 087d 33FFFDE2 		.ascii	"3\377\375\342 \273\216\270\362\353\310\251\347\273\322"
 287      20BB8EB8 
 287      F2EBC8A9 
 287      E7BBD2
 288 088c ECF16E36 		.ascii	"\354\361n6\364ns\354y\216\265\007\325x\342R\261\225"
 288      F46E73EC 
 288      798EB507 
 288      D578E252 
 288      B195
 289 089e C5D0D649 		.ascii	"\305\320\326I\241\255e+\351\333Sy\227\255\2257\346\353"
 289      A1AD652B 
 289      E9DB5379 
 289      97AD9537 
 289      E6EB
 290 08b0 10AD6A1A 		.ascii	"\020\255j\032\255z\032\255:)Z\015\275\0117\354\2257"
 290      AD7A1AAD 
 290      3A295A0D 
 290      BD0937EC 
 290      9537
 291 08c2 608BE8B2 		.ascii	"`\213\350\262\306\326\017p2#\371\254\241\365>\302iL"
 291      C6D60F70 
 291      3223F9AC 
 291      A1F53EC2 
 291      694C
 292 08d4 89ADBD7E 		.ascii	"\211\255\275~\304\006g0e\340X}\2655>\310\224\356\336"
 292      C4066730 
 292      65E0587D 
 292      B5353EC8 
ARM GAS  C:\Users\RAKIBU~1\AppData\Local\Temp\ccEGaYN7.s 			page 23


 292      94EEDE
 293 08e7 C973181F 		.ascii	"\311s\030\037f\312\341\201\234omq>\037\323=\330\300"
 293      66CAE181 
 293      9C6F6D71 
 293      3E1FD33D 
 293      D8C0
 294 08f9 03B4936C 		.ascii	"\003\264\223l\246\227\303\305\267\245\220\220\345\326"
 294      A697C3C5 
 294      B7A59090 
 294      E5D6
 295 0907 FFAC6746 		.ascii	"\377\254gF\203\213(\370\265\242\306\272l[D\357\022\346"
 295      838B28F8 
 295      B5A2C6BA 
 295      6C5B44EF 
 295      12E6
 296 0919 C78DBF73 		.ascii	"\307\215\277s\304\024(\327\355\023\374\260\371^pA\247"
 296      C41428D7 
 296      ED13FCB0 
 296      F95E7041 
 296      A7
 297 092a A022B640 		.ascii	"\240\"\266@\301\223v\005\312W\226\370\212\315\354V\321"
 297      C1937605 
 297      CA5796F8 
 297      8ACDEC56 
 297      D1
 298 093b 00E81A8E 		.ascii	"\000\350\032\216\226&\216\252\344\350\0248\235\033\267"
 298      96268EAA 
 298      E4E81438 
 298      9D1BB7
 299 094a B0D3992C 		.ascii	"\260\323\231,\2753\034=[zNS\364y4\357x\276\003\366\232"
 299      BD331C3D 
 299      5B7A4E53 
 299      F47934EF 
 299      78BE03F6 
 300 095f 68670B2F 		.ascii	"hg\013/\373\017\241\354\367C)o\007\351\003y\002\322"
 300      FB0FA1EC 
 300      F743296F 
 300      07E90379 
 300      02D2
 301 0971 09721FA4 		.ascii	"\011r\037\244\031\344\021\310c\220n\220^\220\036\220"
 301      19E411C8 
 301      63906E90 
 301      5E901E90 
 302 0981 56900190 		.ascii	"V\220\001\220A\220\016\220{ ?\202\264\201<\000\351\232"
 302      41900E90 
 302      7B203F82 
 302      B4813C00 
 302      E99A
 303 0993 3DBEC93D 		.ascii	"=\276\311=bt\263\371\036qY\311\264l\316\274\310A\267"
 303      6274B3F9 
 303      1E7159C9 
 303      B46CCEBC 
 303      C841B7
 304 09a6 851D74C7 		.ascii	"\205\035t\307!\012G9Z\252\216\374\302*\273\243\334\213"
 304      210A4739 
 304      5AAA8EFC 
 304      C22ABBA3 
ARM GAS  C:\Users\RAKIBU~1\AppData\Local\Temp\ccEGaYN7.s 			page 24


 304      DC8B
 305 09b8 30DBBEA5 		.ascii	"0\333\276\245\264\355a\016\002\213Y\215,fg\027\216\231"
 305      B4ED610E 
 305      028B598D 
 305      2C666717 
 305      8E99
 306 09ca CCF6A8CC 		.ascii	"\314\366\250\314\366M%\372\204\022=)C\337X\030-Q\241"
 306      F64D25FA 
 306      84123D29 
 306      43DF5818 
 306      2D51A1
 307 09dd C6B798E1 		.ascii	"\306\267\230\341w\225\360\234y\0277\036\0248\034\350"
 307      7795F09C 
 307      7917371E 
 307      14381CE8 
 308 09ed 3D644E50 		.ascii	"=dNPr\347\031\277'\213\370U\245\361+\363\340\3752x\271"
 308      72E719BF 
 308      278BF855 
 308      A5F12BF3 
 308      E0FD3278 
 309 0a02 126E9A07 		.ascii	"\022n\232\007\357\222\301+\026\206\313\256c\225C\354"
 309      EF92C12B 
 309      1686CBAE 
 309      639543EC 
 310 0a12 3AD6A2BC 		.ascii	":\326\242\274\216\021S\275C\2569F\262C\210\255F\245"
 310      8E1153BD 
 310      43AE3946 
 310      B24388AD 
 310      46A5
 311 0a24 AD12658C 		.ascii	"\255\022e\214kd\236+\225hv\035\223\247\2731\302\234"
 311      6B649E2B 
 311      9568761D 
 311      93A7BB31 
 311      C29C
 312 0a36 EEDB0B2E 		.ascii	"\356\333\013.\016\231\355F\231\355k\013\307L\236m\031"
 312      0E99ED46 
 312      99ED6B0B 
 312      C74C9E6D 
 312      19
 313 0a47 FAD2C26B 		.ascii	"\372\322\302kzN\204e\213\343\207\205\2479K\234T\002"
 313      7A4E8465 
 313      8BE38785 
 313      A7394B9C 
 313      5402
 314 0a59 9EEE8B90 		.ascii	"\236\356\213\220\356\363\034.\035/\250x\316e\257\241"
 314      EEF31C2E 
 314      1D2FA878 
 314      CE65AFA1 
 315 0a69 636F831A 		.ascii	"co\203\032\227\320\232$\264=:\223`\257\274\354I[\036"
 315      97D09A24 
 315      B43D3A93 
 315      60AFBCEC 
 315      495B1E
 316 0a7c 8DC04EFF 		.ascii	"\215\300N\377\177\354z\226\367\351\011kr\031\034\006"
 316      7FEC7A96 
 316      F7E9096B 
 316      72191C06 
ARM GAS  C:\Users\RAKIBU~1\AppData\Local\Temp\ccEGaYN7.s 			page 25


 317 0a8c 8743E6CB 		.ascii	"\207C\346\313`\213t\031\314\355\355\272\242\226_\006"
 317      608B7419 
 317      CCEDEDBA 
 317      A2965F06 
 318 0a9c 87E75C06 		.ascii	"\207\347\\\006G\371ep\224^\0063F'Ni\260\211U\351\234"
 318      47F96570 
 318      945E0633 
 318      46274E69 
 318      B08955E9 
 319 0ab1 BEFAEBFC 		.ascii	"\276\372\353\374\224|\203\374=&y`\027bE\272\217\024"
 319      947C83FC 
 319      3D267960 
 319      176245BA 
 319      8F14
 320 0ac3 ED83F563 		.ascii	"\355\203\365c\251v\270\201a\317\225=Y\311\240\344\007"
 320      A976B881 
 320      61CF953D 
 320      59C9A0E4 
 320      07
 321 0ad4 625B426B 		.ascii	"b[Bk\013\262xl\275\220\216\255qvl5\275(\233\204\237"
 321      0BB2786C 
 321      BD908EAD 
 321      71766C35 
 321      BD289B84 
 322 0ae9 B6D490FA 		.ascii	"\266\324\220\372\204\361\370\260\032\271i\021\300\021"
 322      84F1F8B0 
 322      1AB96911 
 322      C011
 323 0af7 FB8B12F9 		.ascii	"\373\213\022\371?\001\025z\005kkB\300\322\1772\244\213"
 323      3F01157A 
 323      056B6B42 
 323      C0D27F32 
 323      A48B
 324 0b09 607EF85F 		.ascii	"`~\370_\244\031\276k\350{\201\277-MB\370_Q\177S\220"
 324      A419BE6B 
 324      E87B81BF 
 324      2D4D42F8 
 324      5F517F53 
 325 0b1e 9D97CC61 		.ascii	"\235\227\314aV\326\245;H~\362\021\333\317\240\377)\315"
 325      56D6A53B 
 325      487EF211 
 325      DBCFA0FF 
 325      29CD
 326 0b30 F8343DF9 		.ascii	"\3704=\371^H'_Qf\365\204\255\035\267\035\367\237l\347"
 326      5E48275F 
 326      5166F584 
 326      AD1DB71D 
 326      F79F6CE7 
 327 0b44 8FE64DCD 		.ascii	"\217\346M\3159Ug~\312\366\266\376\274\275\3527s\305"
 327      3955677E 
 327      CAF6B6FE 
 327      BCBDEA37 
 327      73C5
 328 0b56 9B26D134 		.ascii	"\233&\3214V\347\231\261\325$\032?@\"vA\317!\225\365"
 328      56E799B1 
 328      D5241A3F 
 328      40227641 
ARM GAS  C:\Users\RAKIBU~1\AppData\Local\Temp\ccEGaYN7.s 			page 26


 328      CF2195F5 
 329 0b6a 68996CE8 		.ascii	"h\231l\350\030\264\374]P\241\030\374\246j\245\273\273"
 329      18B4FC5D 
 329      50A118FC 
 329      A66AA5BB 
 329      BB
 330 0b7b 07FC0BDA 		.ascii	"\007\374\013\332\030\262!$\"j\245\247\227GD\224\307"
 330      18B22124 
 330      226AA5A7 
 330      97474494 
 330      C7
 331 0b8c C6C0508F 		.ascii	"\306\300P\217\257#\"\243\243<\202\"\302\302\"\302=\274"
 331      AF2322A3 
 331      A33C8222 
 331      C2C222C2 
 331      3DBC
 332 0b9e F5EB74EB 		.ascii	"\365\353t\3536{\204\3773$\310=H\363\247\217>Y\252[\261"
 332      367B84FF 
 332      3324C83D 
 332      48F3A78F 
 332      3E59AA5B 
 333 0bb3 42651710 		.ascii	"Be\027\020\260)$<\332ke@\364\347A\177\360\2476\242\242"
 333      B029243C 
 333      DA6B6540 
 333      F4E7417F 
 333      F0A736A2 
 334 0bc8 37058744 		.ascii	"7\005\207D\370GGD\204F\371\177\021\276i)\375\266402"
 334      F8474744 
 334      8446F97F 
 334      11BE6929 
 334      FDB63430 
 335 0bdd 6CA9216C 		.ascii	"l\251!l\203!8\330\020\354\377\256\273\347\322\225\236"
 335      832138D8 
 335      10ECFFAE 
 335      BBE7D295 
 335      9E
 336 0bee 2BDEFDC7 		.ascii	"+\336\375\307;\376\320\376vxD\270\341mC\340\206\020"
 336      3BFED0FE 
 336      767844B8 
 336      E16D43E0 
 336      8610
 337 0c00 FF90F0A0 		.ascii	"\377\220\360\240\320M\301\006\377\260@\260\025n\360"
 337      D04DC106 
 337      FFB040B0 
 337      156EF0
 338 0c0f 0F08367C 		.ascii	"\017\0106|\036\270)4: z\313\327\206(\367\215*\215\344"
 338      1EB82934 
 338      3A207ACB 
 338      D78628F7 
 338      8D2A8DE4 
 339 0c23 EF6FFF53 		.ascii	"\357o\377S\177Q[\242\374\003\242\242\203\30188YD\246"
 339      7F515BA2 
 339      FC03A2A2 
 339      83C13838 
 339      5944A6
 340 0c36 B93A3C70 		.ascii	"\271:<pC\250a\275!(:\"\322\353\277\217\221\352\027\344"
 340      43A861BD 
ARM GAS  C:\Users\RAKIBU~1\AppData\Local\Temp\ccEGaYN7.s 			page 27


 340      21283A22 
 340      D2EBBF8F 
 340      91EA17E4 
 341 0c4a BD2A24CA 		.ascii	"\275*$\312lEKZ\374\014\321~[\242\242\015ak\003\303\203"
 341      6C454B5A 
 341      FC0CD17E 
 341      5BA2A20D 
 341      616B03C3 
 342 0c5f 430D91BE 		.ascii	"C\015\221\276\221!\021\221!\321[\250O]\250!0\322\327"
 342      91211191 
 342      21D15BA8 
 342      4F5DA821 
 342      30D2D7
 343 0c72 100E3CBE 		.ascii	"\020\016<\276\260\325\257\366[\255_\277z\325\357\005"
 343      B0D5AFF6 
 343      5BAD5FBF 
 343      7AD5EF05 
 344 0c82 1F5F5B16 		.ascii	"\037_[\026\350\367\002\242m\370{\266\373\035\265\217"
 344      E8F702A2 
 344      6DF87BB6 
 344      FB1DB58F 
 345 0c92 F787FA59 		.ascii	"\367\207\372Y\325K\355\243\3635\253+\325>~\276z\215"
 345      D54BEDA3 
 345      F335AB2B 
 345      D53E7EBE 
 345      7A8D
 346 0ca4 9E692BA0 		.ascii	"\236i+\240s\265\271\323\023:W\353\325~\037\373\350\275"
 346      73B5B9D3 
 346      133A57EB 
 346      D57E1FFB 
 346      E8BD
 347 0cb6 179A219F 		.ascii	"\027\232!\237\227as4\231\233\207n\235\237\217\237\207"
 347      97617334 
 347      999B876E 
 347      9D9F8F9F 
 347      87
 348 0cc7 2E22D2E0 		.ascii	".\"\322\340\341\303\342\006\210HC@P\330;\0204\333\217"
 348      E1C3E206 
 348      88484340 
 348      50D83B10 
 348      34DB8F
 349 0cda D6FBE802 		.ascii	"\326\373\350\002>\206<\201Uo\275z\335\2725z\354\275"
 349      3E863C81 
 349      556FBD7A 
 349      DDBA357A 
 349      ECBD
 350 0cec 4A8F57C1 		.ascii	"J\217W\301\333w\215^\355\275\306O\257\376p\215\267\336"
 350      DB778D5E 
 350      EDBDC64F 
 350      AFFE708D 
 350      B7DE
 351 0cfe 0ABA00B0 		.ascii	"\012\272\000\260\212\350k\311\207\016>\254\374\326\352"
 351      8AE86BC9 
 351      870E3EAC 
 351      FCD6EA
 352 0d0d FCF4D86F 		.ascii	"\374\364\330o\255/\326\351\340\255\323[y\373\350uz\365"
 352      AD2FD6E9 
ARM GAS  C:\Users\RAKIBU~1\AppData\Local\Temp\ccEGaYN7.s 			page 28


 352      E0ADD35B 
 352      79FBE875 
 352      7AF5
 353 0d1f FA8FFFAC 		.ascii	"\372\217\377\254\007\332\200\320\371~\342\263\012>\275"
 353      07DA80D0 
 353      F97EE2B3 
 353      0A3EBD
 354 0d2e 757A8D9F 		.ascii	"uz\215\237\356C\352\3131 \340\363M\341A\001\001\356"
 354      EE43EACB 
 354      3120E0F3 
 354      4DE14101 
 354      01EE
 355 0d40 EF797979 		.ascii	"\357yyyi$M\035\26410\362\337o\252#w"
 355      69244D1D 
 355      B43130F2 
 355      DF6FAA23 
 355      77
 356              		.text
 357              		.section	.gnu.lto_.symtab.eb29b672,"",%progbits
 358 0000 6E766963 		.ascii	"nvicEnableVector\000"
 358      456E6162 
 358      6C655665 
 358      63746F72 
 358      00
 359 0011 00       		.ascii	"\000"
 360 0012 00       		.ascii	"\000"
 361 0013 00       		.ascii	"\000"
 362 0014 00000000 		.ascii	"\000\000\000\000\000\000\000\000"
 362      00000000 
 363 001c C7000000 		.ascii	"\307\000\000\000"
 364 0020 6E766963 		.ascii	"nvicDisableVector\000"
 364      44697361 
 364      626C6556 
 364      6563746F 
 364      7200
 365 0032 00       		.ascii	"\000"
 366 0033 00       		.ascii	"\000"
 367 0034 00       		.ascii	"\000"
 368 0035 00000000 		.ascii	"\000\000\000\000\000\000\000\000"
 368      00000000 
 369 003d CB000000 		.ascii	"\313\000\000\000"
 370 0041 6E766963 		.ascii	"nvicSetSystemHandlerPriority\000"
 370      53657453 
 370      79737465 
 370      6D48616E 
 370      646C6572 
 371 005e 00       		.ascii	"\000"
 372 005f 00       		.ascii	"\000"
 373 0060 00       		.ascii	"\000"
 374 0061 00000000 		.ascii	"\000\000\000\000\000\000\000\000"
 374      00000000 
 375 0069 CD000000 		.ascii	"\315\000\000\000"
 376 006d 6E766963 		.ascii	"nvicClearPending\000"
 376      436C6561 
 376      7250656E 
 376      64696E67 
 376      00
ARM GAS  C:\Users\RAKIBU~1\AppData\Local\Temp\ccEGaYN7.s 			page 29


 377 007e 00       		.ascii	"\000"
 378 007f 00       		.ascii	"\000"
 379 0080 00       		.ascii	"\000"
 380 0081 00000000 		.ascii	"\000\000\000\000\000\000\000\000"
 380      00000000 
 381 0089 CF000000 		.ascii	"\317\000\000\000"
 382              		.text
 383              		.section	.gnu.lto_.opts,"",%progbits
 384 0000 272D666D 		.ascii	"'-fmath-errno' '-fsigned-zeros' '-ftrapping-math' '"
 384      6174682D 
 384      6572726E 
 384      6F272027 
 384      2D667369 
 385 0033 2D666E6F 		.ascii	"-fno-trapv' '-fno-openmp' '-fno-openacc' '-mcpu=cor"
 385      2D747261 
 385      70762720 
 385      272D666E 
 385      6F2D6F70 
 386 0066 7465782D 		.ascii	"tex-m4' '-mthumb' '-O2' '-fomit-frame-pointer' '-fa"
 386      6D342720 
 386      272D6D74 
 386      68756D62 
 386      2720272D 
 387 0099 6C69676E 		.ascii	"lign-functions=16' '-ffunction-sections' '-fdata-se"
 387      2D66756E 
 387      6374696F 
 387      6E733D31 
 387      36272027 
 388 00cc 6374696F 		.ascii	"ctions' '-fno-common' '-flto'\000"
 388      6E732720 
 388      272D666E 
 388      6F2D636F 
 388      6D6D6F6E 
 389              		.text
 390              		.comm	__gnu_lto_v1,1,1
 391              		.comm	__gnu_lto_slim,1,1
 392              		.ident	"GCC: (GNU Tools for Arm Embedded Processors 7-2017-q4-major) 7.2.1 20170904 (release) [ARM
ARM GAS  C:\Users\RAKIBU~1\AppData\Local\Temp\ccEGaYN7.s 			page 30


DEFINED SYMBOLS
                            *ABS*:00000000 nvic.c
                            *COM*:00000001 __gnu_lto_v1
                            *COM*:00000001 __gnu_lto_slim

NO UNDEFINED SYMBOLS
