ARM GAS  C:\Users\RAKIBU~1\AppData\Local\Temp\cclWmoSj.s 			page 1


   1              		.cpu cortex-m4
   2              		.eabi_attribute 20, 1
   3              		.eabi_attribute 21, 1
   4              		.eabi_attribute 23, 3
   5              		.eabi_attribute 24, 1
   6              		.eabi_attribute 25, 1
   7              		.eabi_attribute 26, 1
   8              		.eabi_attribute 30, 2
   9              		.eabi_attribute 34, 1
  10              		.eabi_attribute 18, 4
  11              		.file	"stm32_isr.c"
  12              		.section	.gnu.lto_.profile.e8101e0f,"",%progbits
  13 0000 789C6363 		.ascii	"x\234cc```\005bF\206\245\214\252\000\002\243\000\330"
  13      60606005 
  13      624686A5 
  13      8CAA0002 
  13      A300D8
  14              		.text
  15              		.section	.gnu.lto_.icf.e8101e0f,"",%progbits
  16 0000 789C6363 		.ascii	"x\234cc``\340c@\000&\206\376%\347W\2603\256\274pt!#"
  16      6060E063 
  16      40002686 
  16      FE25E757 
  16      B033AEBC 
  17 0018 03002B56 		.ascii	"\003\000+V\005\251"
  17      05A9
  18              		.text
  19              		.section	.gnu.lto_.jmpfuncs.e8101e0f,"",%progbits
  20 0000 789C6363 		.ascii	"x\234cc``8\317\310\000\007L@\314\3028\205\231q\353\351"
  20      606038CF 
  20      C800074C 
  20      40CCC238 
  20      859971EB 
  21 0015 03B7D8BB 		.ascii	"\003\267\330\273\231\347030j0nf\224a`<\300\302\250\001"
  21      99E73033 
  21      306A306E 
  21      66946160 
  21      3CC0C2A8 
  22 002a C40C0C20 		.ascii	"\304\014\014 \351\247+\016?\346\202H\2631n\201J\263"
  22      E9A72B0E 
  22      3FE68248 
  22      B3316E81 
  22      4AB3
  23 003c 81A5C1DA 		.ascii	"\201\245\301\332\037\317|\272\213\033\"/\316\270\025"
  23      1FCF7CBA 
  23      8B1B222F 
  23      CEB815
  24 004b 2A2F0ED1 		.ascii	"*/\016\321\216M\375\331\205k\316\261A\324s1n\203\312"
  24      8E4DFDD9 
  24      856BCEB1 
  24      41D47331 
  24      6E83CA
  25 005e 73E1563F 		.ascii	"s\341V?\355\354\304]P\365\234\214\333\241\362\234\270"
  25      EDECC45D 
  25      50F59C8C 
  25      DBA1F29C 
  25      B8
ARM GAS  C:\Users\RAKIBU~1\AppData\Local\Temp\cclWmoSj.s 			page 2


  26 006f D577FDBA 		.ascii	"\325w\375\272\336\307\001Q\317\301\270\003*\317\201"
  26      DEC70151 
  26      CFC1B803 
  26      2ACF81
  27 007e 5BFDC953 		.ascii	"[\375\311S\323W\360@\324\2633\356\204\312\263\343P\217"
  27      D357F040 
  27      D4B333EE 
  27      84CAB3E3 
  27      508F
  28 0090 2680C107 		.ascii	"&\200\301\007\006+#Z\030\002\005PC\005(\200\352m\240"
  28      062B235A 
  28      18020550 
  28      43052880 
  28      EA6DA0
  29 00a3 00AABF80 		.ascii	"\000\252\277\200\002\250\016\007\012\240\272\214\011"
  29      02A80E07 
  29      0AA0BA8C 
  29      09
  30 00b0 DD660600 		.ascii	"\335f\006\000M\273U\224"
  30      4DBB5594 
  31              		.text
  32              		.section	.gnu.lto_.inline.e8101e0f,"",%progbits
  33 0000 789C6363 		.ascii	"x\234cc``hf@\000&\006\006\211k\014\214 \232\201m\201"
  33      60606866 
  33      40002606 
  33      06896B0C 
  33      8C209A81 
  34 0016 3C886260 		.ascii	"<\210b`\346\001\213\023O12\010\236G3\203\211\033$L\014"
  34      E6018B13 
  34      4F313208 
  34      9E473383 
  34      891B244C 
  35 002b C90000AF 		.ascii	"\311\000\000\257K\004\310"
  35      4B04C8
  36              		.text
  37              		.section	.gnu.lto_.pureconst.e8101e0f,"",%progbits
  38 0000 789C6363 		.ascii	"x\234cc```\005b&\006\011F\011\000\000\364\000?"
  38      60606005 
  38      62260609 
  38      46090000 
  38      F4003F
  39              		.text
  40              		.section	.gnu.lto_irqInit.e8101e0f,"",%progbits
  41 0000 789C7DD2 		.ascii	"x\234}\322MH\002A\024\000\340\367vj]\255\350XPt\316"
  41      4D480241 
  41      1400E0F7 
  41      766A5DAD 
  41      E8585074 
  42 0015 8B1BDAA9 		.ascii	"\213\033\332\251:w\213\016u\217\362\242P\030\256\007"
  42      3A778B0E 
  42      758FF2A2 
  42      5018AE07 
  43 0025 6FBB15A6 		.ascii	"o\273\025\246\375\020\006\245\004\213X\227<\004\"e\266"
  43      FD1006A5 
  43      048B5897 
  43      3C042265 
  43      B6
ARM GAS  C:\Users\RAKIBU~1\AppData\Local\Temp\cclWmoSj.s 			page 3


  44 0036 96B5D9A9 		.ascii	"\226\265\331\251B\017]\202:\225\331I\352\036\3643\353"
  44      420F5D82 
  44      3A95D949 
  44      EA1EF433 
  44      EB
  45 0047 04B187F6 		.ascii	"\004\261\207\3661o\34613\337\314a\206\007\200a\016`"
  45      316FE631 
  45      33DFCC61 
  45      86078061 
  45      0E60
  46 0059 848E3D34 		.ascii	"\204\216=4\221\000r\361*\300\202\300!\032\205\" \310"
  46      910072F1 
  46      2AC082C0 
  46      211A8522 
  46      20C8
  47 006b 1CCAB84E 		.ascii	"\034\312\270N\266\010\226\243\257\032\347\334Wh\350"
  47      B60896A3 
  47      AF1AE7DC 
  47      5768E8
  48 007a C978E7B2 		.ascii	"\311x\347\262\022\351V\011@\202\246\021x\210N\240\333"
  48      12E95609 
  48      4082A611 
  48      78884EA0 
  48      DB
  49 008b 9E735FDB 		.ascii	"\236s_\333\035|\013\233\307#\344\001i\221\275k\325\225"
  49      1D7C0B9B 
  49      C723E401 
  49      6991BD6B 
  49      D595
  50 009d AFEFA8A2 		.ascii	"\257\357\250\242\277\354aa\334\016\020\243\353\364\022"
  50      BFEC6161 
  50      DC0E10A3 
  50      EBF412
  51 00ac 458715C2 		.ascii	"E\207\025\302\031\325\222\016\015\214\244\263)\322T"
  51      19D5920E 
  51      0D8CA4B3 
  51      29D254
  52 00bb F4284D6B 		.ascii	"\364(Mk<\332\344OEP\011&\010=\006\363(\033\013\365\314"
  52      3CDAE44F 
  52      45500926 
  52      083D06F3 
  52      281B0BF5 
  53 00d0 55CDB146 		.ascii	"U\315\261FT\302!\217\307\330k\244JH\323\347\372\376"
  53      54C2218F 
  53      C7D86BA4 
  53      4A48D3E7 
  53      FAFE
  54 00e2 E705C6AF 		.ascii	"\347\005\306\257o\222\231v\306mxb\346y\013\2561\276"
  54      6F929976 
  54      C66D7862 
  54      E6790BAE 
  54      31BE
  55 00f4 FA71BF21 		.ascii	"\372q\277!0.`\321\3145\013~\312x\242\262Y\344\031\267"
  55      302E60D1 
  55      CC350B7E 
  55      CA78A2B2 
  55      59E419B7 
ARM GAS  C:\Users\RAKIBU~1\AppData\Local\Temp\cclWmoSj.s 			page 4


  56 0108 E3999997 		.ascii	"\343\231\231\227,x\211\361\312\356A\365\227;\360\334"
  56      2C7889F1 
  56      CAEE41F5 
  56      973BF0DC 
  57 0118 CC9F2CF8 		.ascii	"\314\237,\370\005\343\265\235z\261\215\361.\324\315"
  57      05E3B59D 
  57      7AB18DF1 
  57      2ED4CD
  58 0127 BC6EC12F 		.ascii	"\274n\301/\031\317\337\352\0176\306\373\261\374\307"
  58      19CFDFEA 
  58      0F36C6FB 
  58      B1FCC7
  59 0136 DF7031FD 		.ascii	"\337p1\375\236\302\2467\"F\021}S\372\275\206\\.\221"
  59      9EC2A637 
  59      2246117D 
  59      53FABD86 
  59      5C2E91
  60 0149 36AFCF3F 		.ascii	"6\257\317?\343\017H\356\001\217\030\220D\337\364\254"
  60      E30F48EE 
  60      018F1890 
  60      44DFF4AC 
  61 0159 381F0886 		.ascii	"8\037\010\206$qbr\314\343f\375\350`8,J\2419\217{\312"
  61      24716272 
  61      CCE366FD 
  61      E860382C 
  61      4AA1398F 
  62 016f 2F055D5E 		.ascii	"/\005]^\370\001\035\202\305\274"
  62      F8011D82 
  62      C5BC
  63              		.text
  64              		.section	.gnu.lto_irqDeinit.e8101e0f,"",%progbits
  65 0000 789C7DD2 		.ascii	"x\234}\322MH\002A\024\000\340\367vj]\255\350XP\3405"
  65      4D480241 
  65      1400E0F7 
  65      766A5DAD 
  65      E85850E0 
  66 0015 2F6E68A7 		.ascii	"/nh\247\350\334-:\324=\312\213Ba\270\036\274\355\366"
  66      E8DC2D3A 
  66      D43DCA8B 
  66      4261B81E 
  66      BCEDF6
  67 0028 ABFD1005 		.ascii	"\253\375\020\005\245\004\013Z\227<\004\021e\266\226"
  67      A5040B5A 
  67      973C0411 
  67      65B696
  68 0037 B5D9A942 		.ascii	"\265\331\251B\017\021\004u*1\010\254S\020\024\375\314"
  68      0F110475 
  68      2A3108AC 
  68      531014FD 
  68      CC
  69 0048 3AC19EDA 		.ascii	":\301\236\332\307\374<\346\3157s\230\341\001\300\311"
  69      C7FC3CE6 
  69      CD377398 
  69      E101C0C9 
  70 0058 01F4D0B9 		.ascii	"\001\364\320\271\215v$\200\334r\011`B\340\020\215D\021"
  70      8D762480 
  70      DC720960 
ARM GAS  C:\Users\RAKIBU~1\AppData\Local\Temp\cclWmoSj.s 			page 5


  70      42E0108D 
  70      4411
  71 006a 10640E65 		.ascii	"\020d\016e\\$\253\004\013\321'\215sm)4\364\304M\363"
  71      5C24AB04 
  71      0BD1278D 
  71      736D2934 
  71      F4C44DF3 
  72 007e AC32D3AA 		.ascii	"\2542\323\252\022\2008\355F\340\036\272\200n{\334\375"
  72      128038ED 
  72      46E01EBA 
  72      806E7BDC 
  72      FD
  73 008f 5E6BE2EB 		.ascii	"^k\342\353\330:\356#\017H\223\235\353z]\371\376\211"
  73      D83AEE23 
  73      0F48939D 
  73      EB7A5DF9 
  73      FE89
  74 00a1 2AFADB26 		.ascii	"*\372\333&~\366\333\001b\264N/Qt\230#\234\221M\351P"
  74      7EF6DB01 
  74      62B44E2F 
  74      51749823 
  74      9C914DE9 
  75 00b6 C5E95436 		.ascii	"\305\351T6Ij\212\036\245i\325{\233\374\245\010*\301"
  75      496A8A1E 
  75      A569D57B 
  75      9BFCA508 
  75      2AC1
  76 00c8 38A1C760 		.ascii	"8\241\307`\006e\243PI\237\227\035\013D%\034\362x\200"
  76      0665A350 
  76      499F971D 
  76      0B44251C 
  76      F27880
  77 00db ED2A2135 		.ascii	"\355*!5\2539\377\247YF/.\023\351FFmxh\322\274\005\325"
  77      AB39FFA7 
  77      59462F2E 
  77      13E94646 
  77      6D7868D2 
  78 00f2 189DFFB8 		.ascii	"\030\235\377\270]\022\030\0250g\322\007\013z\304h\274"
  78      5D121815 
  78      3067D207 
  78      0B7AC468 
  78      BC
  79 0103 B892E319 		.ascii	"\270\222\343\031\265\343\261I+\0264\317hqc\273\364G"
  79      B5E3B149 
  79      2B1634CF 
  79      687163BB 
  79      F447
  80 0115 1D7862D2 		.ascii	"\035xb\322g\013z\312hy\275\222k`\264\005u\223\276X\320"
  80      670B7ACA 
  80      6879BD92 
  80      6B60B405 
  80      7593BE58 
  81 012a 33463357 		.ascii	"3F3W\372\235\215\321\016,0\372\212\223\251\367$\326"
  81      FA9D8DD1 
  81      0E2C30FA 
  81      8A93A9F7 
  81      24D6
ARM GAS  C:\Users\RAKIBU~1\AppData\Local\Temp\cclWmoSj.s 			page 6


  82 013c AC11310A 		.ascii	"\254\0211\012\350\273\321/\324\355v\213\264\371\374"
  82      E8BBD12F 
  82      D4ED768B 
  82      B4F9FC
  83 014b 81914050 		.ascii	"\201\221@P\362tz\305\240$\372\207G\305\361`(,\211\003"
  83      F2747AC5 
  83      A024FA87 
  83      47C5F160 
  83      282C8903 
  84 015f 837D5E0F 		.ascii	"\203}^\017\033{\273\"\021Q\012\217y=C\001)\344\366\301"
  84      1B7BBB22 
  84      11510A8F 
  84      793D4301 
  84      29E4F6C1 
  85 0173 2F2092C0 		.ascii	"/ \222\300\355"
  85      ED
  86              		.text
  87              		.section	.gnu.lto_.symbol_nodes.e8101e0f,"",%progbits
  88 0000 789C55CB 		.ascii	"x\234U\313\301\015\200 \014\205\341GI\234K'+\007\006"
  88      C10D8020 
  88      0C85E147 
  88      499C4B27 
  88      2B0706
  89 0013 70088630 		.ascii	"p\010\2060\2369;\003(s\030\213>\023=4_\3637\035\000"
  89      9E393B03 
  89      2873188B 
  89      3E133D34 
  89      5FF3371D 
  90 0028 2C369022 		.ascii	",6\220\"\012\314\033`\254a\262RE\335\257\270]T\356\002"
  90      0ACC1B60 
  90      AC61B252 
  90      45DDAFB8 
  90      5D54EE02 
  91 003c 84305A38 		.ascii	"\2040Z8D\3757x\010R9]7\323Fc}L4\323\326\265\355\376"
  91      44FD3778 
  91      0852395D 
  91      37D34663 
  91      7D4C34D3 
  92 0054 33336D34 		.ascii	"33m4\276w\232i\377\303\005\325#7\007"
  92      BE779A69 
  92      FFC305D5 
  92      233707
  93              		.text
  94              		.section	.gnu.lto_.refs.e8101e0f,"",%progbits
  95 0000 789C6363 		.ascii	"x\234cc```\004b\006\000\000D\000\010"
  95      60606004 
  95      62060000 
  95      440008
  96              		.text
  97              		.section	.gnu.lto_.decls.e8101e0f,"",%progbits
  98 0000 789CAD53 		.ascii	"x\234\255S_l\024E\030\237o\347Z\312\266@5\306`\302\303"
  98      5F6C1445 
  98      189F6FE7 
  98      5ACAB640 
  98      35C660C2 
  99 0015 A52FF0C2 		.ascii	"\245/\360\302]\377\220\240<\020\015\340\237\207\372"
  99      5DFF90A0 
ARM GAS  C:\Users\RAKIBU~1\AppData\Local\Temp\cclWmoSj.s 			page 7


  99      3C100DE0 
  99      9F87FA
 100 0024 E0BFC4B8 		.ascii	"\340\277\304\270\311q\275[\350&w\273p\273gJ\342\303"
 100      C971BD5B 
 100      E82677BB 
 100      70BB674A 
 100      E2C3
 101 0036 5894104B 		.ascii	"X\224\020KRL*\310Qc\305\006!\020lT\012\024J\357\252"
 101      524C2AC8 
 101      5163C506 
 101      21106C54 
 101      0A144AEF 
 102 004b ED557BB5 		.ascii	"\355U{\265\177\224\030\023\3505E#F\036\200\250\215h"
 102      7F941813 
 102      E8354523 
 102      461E80A8 
 102      8D68
 103 005d 727E33B3 		.ascii	"r~3\263{w\212\347\203q\262\263\263\363\233\357\373\375"
 103      7B778AE7 
 103      8371B2B3 
 103      B3F39BEF 
 103      FBFD
 104 006f 7E33F36D 		.ascii	"~3\363m5!\344=\037!#@\310\011\374.`\2438f\260#D\206"
 104      3521E43D 
 104      1F212340 
 104      C809FC2E 
 104      60A33866 
 105 0087 896C1842 		.ascii	"\211l\030B\306\260g\261\347\260\317\220{[\027\310\270"
 105      C6B067B1 
 105      E7B0CF90 
 105      7B5B17C8 
 105      B8
 106 0098 EDD867DD 		.ascii	"\355\330g\335\334IwMq\363s\377\220\327]\2267\347\346"
 106      DC49774D 
 106      71F373FF 
 106      90D75D96 
 106      37E7E6
 107 00ab 4D97E565 		.ascii	"M\227\345e+\350\365P\2706q\362\024\355\242\260V\005"
 107      2BE8F550 
 107      B83671F2 
 107      14EDA2B0 
 107      5605
 108 00bd EE7C1542 		.ascii	"\356|\025B\037\336\274\360\333\012\011\361\210\343\213"
 108      1FDEBCF0 
 108      DB0A09F1 
 108      88E38B
 109 00cc 7F5CADA2 		.ascii	"\177\\\255\242\212\370\036\032\235\034T\002\247\231"
 109      8AF81E1A 
 109      9D1C5402 
 109      A799
 110 00da 6C35AF10 		.ascii	"l5\257\0208\013\324\243\232\353\276\323\277\214n\023"
 110      380BD4A3 
 110      9AEBBED3 
 110      BF8C6E13 
 111 00ea 81B3AF0D 		.ascii	"\201\263\257\015\364r\332\373U\360\341\364\366T\352"
 111      F472DAFB 
 111      55F0E1F4 
ARM GAS  C:\Users\RAKIBU~1\AppData\Local\Temp\cclWmoSj.s 			page 8


 111      F654EA
 112 00f9 FA4A9C3E 		.ascii	"\372J\234>\240\202\277\207*\371o\177\277\272\022\324"
 112      A082BF87 
 112      2AF96F7F 
 112      BFBA12D4 
 113 0109 75FB19EB 		.ascii	"u\373\031\353d}{\331\362'\011\\\2005p\036\326\020\270"
 113      647D7BD9 
 113      F227095C 
 113      8035701E 
 113      D610B8
 114 011c 08EBB8F4 		.ascii	"\010\353\270\364 \004\010|\202\340\307\010\036\347r"
 114      2004087C 
 114      82E0C708 
 114      1EE772
 115 012b E96C6AF3 		.ascii	"\351lj\363\221;\214\371a\010T8\007T\304\340)\257U\245"
 115      913B8CF9 
 115      61085438 
 115      0754C4E0 
 115      29AF55A5 
 116 013f 8193FD6F 		.ascii	"\201\223\375o\036\253\246\347\200;P.\036\375~L\251\244"
 116      1EABA6E7 
 116      803B502E 
 116      1EFD7E4C 
 116      A9A4
 117 0151 71B9B2C6 		.ascii	"q\271\262\306\371\206\361\327\031S`\0305.\2254P\222"
 117      F986F1D7 
 117      19536018 
 117      352E9534 
 117      5092
 118 0163 0F88F263 		.ascii	"\017\210\362c\310\014\217\324\346\341\032\340\341B\275"
 118      C80C8FD4 
 118      E6E11AE0 
 118      E142BD
 119 0172 D83F807C 		.ascii	"\330?\200|\343\310\273\230\027\274\006\022GT\221\203"
 119      E3C8BB98 
 119      17BC0612 
 119      47549183 
 120 0182 1BCA275E 		.ascii	"\033\312'^\012\024\021\305\345P<^\361\270\004P\316*"
 120      0A1411C5 
 120      E5503C5E 
 120      F1B80450 
 120      CE2A
 121 0194 D7A59CD7 		.ascii	"\327\245\234\327d\331\311\217\262<\011)%\261\262\224"
 121      64D9C98F 
 121      B23C0929 
 121      25B1B294 
 122 01a4 7BBC92E2 		.ascii	"{\274\222\342r\321Ti\223\340^\367\225\233\007\316\324"
 122      72D15469 
 122      93E05EF7 
 122      959B07CE 
 122      D4
 123 01b5 2DC03CAE 		.ascii	"-\300<\256\276H\310\301\232\270\270\370\256\237\356"
 123      BE48C8C1 
 123      9AB8B8F8 
 123      AE9FEE
 124 01c4 7603ED95 		.ascii	"v\003\355\225\3452VXJ\257\222U\240\360\002\271\225{"
 124      E5325658 
ARM GAS  C:\Users\RAKIBU~1\AppData\Local\Temp\cclWmoSj.s 			page 9


 124      4AAF9255 
 124      A0F002B9 
 124      957B
 125 01d6 A7565641 		.ascii	"\247VVA=NO\037(\364T\255>\304\217\375\340^V\257\300"
 125      3D4E4F1F 
 125      28F454AD 
 125      3EC48FFD 
 125      E05E56AF 
 126 01eb F607E153 		.ascii	"\366\007\341S\274\214Q\274\014\002\237\301j|\233>)\366"
 126      BC8C51BC 
 126      0C029FC1 
 126      6A7C9B3E 
 126      29F6
 127 01fd EABE770F 		.ascii	"\352\276w\017\3276\364\261\276\005\226\376!\347\277"
 127      D736F4B1 
 127      BE0596FE 
 127      21E7BF
 128 020c 94DBC766 		.ascii	"\224\333\307f0\357Q\021\007\231\322=ex=B\032\026\000"
 128      30EF5111 
 128      0799D23D 
 128      65783D42 
 128      1A1600
 129 021f 46208FDE 		.ascii	"F \217\336\306\240\001\363o|\367\353\317*\315K[\375"
 129      C6A001F3 
 129      6F7CF7EB 
 129      CF2ACD4B 
 129      5BFD
 130 0231 83E36F53 		.ascii	"\203\343oS\227lns\212\245;\031\277q\3164^b\032\377;"
 130      976C6E73 
 130      8AA53B19 
 130      BF71CE34 
 130      5E621AFF 
 131 0246 5356301D 		.ascii	"SV0\035\375z\361}\205\376(\231\262'\316f\300\247\310"
 131      FD7AF17D 
 131      85FE2899 
 131      B227CE66 
 131      C0A7C8
 132 0259 C2E06611 		.ascii	"\302\340f\021\233\\\372`\304W\304>\007\001\336\276<"
 132      9B5CFA60 
 132      C457C43E 
 132      0701DEBE 
 132      3C
 133 026a 7F48A9B8 		.ascii	"\177H\251\270\327I\261\327/\300\335l\377G\275\247\352"
 133      D749B1D7 
 133      2FC0DD6C 
 133      FF47BDA7 
 133      EA
 134 027b D0DF02D6 		.ascii	"\320\337\002\326\3437\371\207\217\014\334`\373U\021"
 134      E337F987 
 134      8F0CDC60 
 134      FB5511
 135 028a 0513257F 		.ascii	"\005\023%\177\023\356\237\0079\341\353\312\374\360-"
 135      13EE9F07 
 135      39E1EBCA 
 135      FCF02D
 136 0299 4ACFD08A 		.ascii	"J\317\320\212\276\016\177ulhEE\013\323\302\302\227\236"
 136      BE0E7F75 
ARM GAS  C:\Users\RAKIBU~1\AppData\Local\Temp\cclWmoSj.s 			page 10


 136      6C684545 
 136      0BD3C2C2 
 136      979E
 137 02ab 85BE5F96 		.ascii	"\205\276_\226\032]\007w\037J\261Q\205\007\300TI}\312"
 137      1A5D0777 
 137      1F4AB151 
 137      8507C054 
 137      497DCA
 138 02be 539F11EA 		.ascii	"S\237\021\352\251\316\201\305\352\2727\212\377\2320"
 138      A9CE81C5 
 138      EABA378A 
 138      FF9A30
 139 02cd EBFD6E04 		.ascii	"\353\375n\004f\241N\004\343\210\301o\025\226\256W\225"
 139      66A14E04 
 139      E388C16F 
 139      1596AE57 
 139      95
 140 02de 074FFF25 		.ascii	"\007O\377%x\316\015\346\343#\201@\020\237H\273\321f"
 140      78CE0DE6 
 140      E3238140 
 140      109F48BB 
 140      D166
 141 02f0 58767363 		.ascii	"XvscK\320\262\203\355\341Xp\227\225p\354\340\263\317"
 141      4BD0B283 
 141      EDE15870 
 141      979570EC 
 141      E0B3CF
 142 0303 B5B634CB 		.ascii	"\265\2664\313\367\343\033::\202\266\023oi\016\031v\""
 142      F7E31B3A 
 142      3A82B613 
 142      6F690E19 
 142      7622
 143 0315 10A979E2 		.ascii	"\020\251y\342\351\347\375[\232\232\210\032\012%\015"
 143      E9E7FD5B 
 143      9A9A881A 
 143      0A250D
 144 0324 D341DCD9 		.ascii	"\323A\334\331\021\331\244\011*\333IF\015Ks,+fk;\315"
 144      11D9A409 
 144      2ADB4946 
 144      0D4B732C 
 144      2B666B3B 
 145 0339 A45F7CF9 		.ascii	"\244_|\371\303\211\270_\217\267\351\321\250\036\325"
 145      C389B85F 
 145      8FB7E9D1 
 145      A81ED5
 146 0348 36061AFD 		.ascii	"6\006\032\375\315\215M\033wo\320\020_oZ\246\276^\017"
 146      CD8D4D1B 
 146      776FD010 
 146      5F6F5AA6 
 146      BE5E0F
 147 035b B7199A61 		.ascii	"\267\031\232aFb\311\250\256\305\303\310e\352Z(\252\357"
 147      4662C9A8 
 147      AEC5C3C8 
 147      65EA5A28 
 147      AAEF
 148 036d 0827634E 		.ascii	"\010'cN\310\331\263K\267\003\355\244\306\323{\351\177"
 148      C8D9B34B 
ARM GAS  C:\Users\RAKIBU~1\AppData\Local\Temp\cclWmoSj.s 			page 11


 148      B703EDA4 
 148      C6D37BE9 
 148      7F
 149 037e D5B3F7D8 		.ascii	"\325\263\367\330Z\310v\242H\216\"\313\214\304\356\247"
 149      5AC876A2 
 149      488E22CB 
 149      8CC4EEA7 
 150 038e 4CC3D9F4 		.ascii	"L\303\331\364\237O\210,G\212\255\272\201$\365\346\313"
 150      9F4F882C 
 150      478AADBA 
 150      8124F5E6 
 150      CB
 151 039f 46649B19 		.ascii	"Fd\233\031n\213\351/\350\021\307J\264\374;k\304\212"
 151      6E8BE92F 
 151      E811C74A 
 151      B4FC3B6B 
 151      C48A
 152 03b1 C72D33F8 		.ascii	"\307-3\370\3303\255[Z;\202<\031\035\335\307\307\255"
 152      D833AD5B 
 152      5A3B823C 
 152      191DDDC7 
 152      C7AD
 153 03c3 865D62F9 		.ascii	"\206]b\371\023\265\355\341\006"
 153      13B5EDE1 
 153      06
 154              		.text
 155              		.section	.gnu.lto_.symtab.e8101e0f,"",%progbits
 156 0000 69727149 		.ascii	"irqInit\000"
 156      6E697400 
 157 0008 00       		.ascii	"\000"
 158 0009 00       		.ascii	"\000"
 159 000a 00       		.ascii	"\000"
 160 000b 00000000 		.ascii	"\000\000\000\000\000\000\000\000"
 160      00000000 
 161 0013 C5000000 		.ascii	"\305\000\000\000"
 162 0017 69727144 		.ascii	"irqDeinit\000"
 162      65696E69 
 162      7400
 163 0021 00       		.ascii	"\000"
 164 0022 00       		.ascii	"\000"
 165 0023 00       		.ascii	"\000"
 166 0024 00000000 		.ascii	"\000\000\000\000\000\000\000\000"
 166      00000000 
 167 002c C7000000 		.ascii	"\307\000\000\000"
 168 0030 6E766963 		.ascii	"nvicEnableVector\000"
 168      456E6162 
 168      6C655665 
 168      63746F72 
 168      00
 169 0041 00       		.ascii	"\000"
 170 0042 02       		.ascii	"\002"
 171 0043 00       		.ascii	"\000"
 172 0044 00000000 		.ascii	"\000\000\000\000\000\000\000\000"
 172      00000000 
 173 004c CC000000 		.ascii	"\314\000\000\000"
 174 0050 6E766963 		.ascii	"nvicDisableVector\000"
 174      44697361 
ARM GAS  C:\Users\RAKIBU~1\AppData\Local\Temp\cclWmoSj.s 			page 12


 174      626C6556 
 174      6563746F 
 174      7200
 175 0062 00       		.ascii	"\000"
 176 0063 02       		.ascii	"\002"
 177 0064 00       		.ascii	"\000"
 178 0065 00000000 		.ascii	"\000\000\000\000\000\000\000\000"
 178      00000000 
 179 006d D0000000 		.ascii	"\320\000\000\000"
 180              		.text
 181              		.section	.gnu.lto_.opts,"",%progbits
 182 0000 272D666D 		.ascii	"'-fmath-errno' '-fsigned-zeros' '-ftrapping-math' '"
 182      6174682D 
 182      6572726E 
 182      6F272027 
 182      2D667369 
 183 0033 2D666E6F 		.ascii	"-fno-trapv' '-fno-openmp' '-fno-openacc' '-mcpu=cor"
 183      2D747261 
 183      70762720 
 183      272D666E 
 183      6F2D6F70 
 184 0066 7465782D 		.ascii	"tex-m4' '-mthumb' '-O2' '-fomit-frame-pointer' '-fa"
 184      6D342720 
 184      272D6D74 
 184      68756D62 
 184      2720272D 
 185 0099 6C69676E 		.ascii	"lign-functions=16' '-ffunction-sections' '-fdata-se"
 185      2D66756E 
 185      6374696F 
 185      6E733D31 
 185      36272027 
 186 00cc 6374696F 		.ascii	"ctions' '-fno-common' '-flto'\000"
 186      6E732720 
 186      272D666E 
 186      6F2D636F 
 186      6D6D6F6E 
 187              		.text
 188              		.comm	__gnu_lto_v1,1,1
 189              		.comm	__gnu_lto_slim,1,1
 190              		.ident	"GCC: (GNU Tools for Arm Embedded Processors 7-2017-q4-major) 7.2.1 20170904 (release) [ARM
ARM GAS  C:\Users\RAKIBU~1\AppData\Local\Temp\cclWmoSj.s 			page 13


DEFINED SYMBOLS
                            *ABS*:00000000 stm32_isr.c
                            *COM*:00000001 __gnu_lto_v1
                            *COM*:00000001 __gnu_lto_slim

NO UNDEFINED SYMBOLS
